I0802 13:34:48.734751714   12731 server_builder.cc:247]      Synchronous server. Num CQs: 1, Min pollers: 1, Max Pollers: 2147483647, CQ timeout (msec): 1000
[INFO] - Server listening on 0.0.0.0:50051
Trace-_2_5	30	0.186000	0.485000	0.016167	0	0	0	0
Trace-_2_5	126	0.368000	1.338000	0.010619	0	0	0	0
Trace-_2_5	255	0.771000	2.713000	0.010639	0	0	0	0
Trace-_2_5	386	1.238000	4.159000	0.010775	0	0	0	0
Trace-_2_5	582	1.866000	6.265000	0.010765	0	0	0	0
Trace-_2_5	629	2.044000	6.707000	0.010663	0	0	0	0
Trace-_2_5	694	2.241000	7.453000	0.010739	0	0	0	0
Trace-_2_5	723	2.359000	7.717000	0.010674	0	0	0	0
Trace-_2_5	967	3.146000	10.383000	0.010737	0	0	0	0
Trace-_2_5	1040	3.436000	11.181000	0.010751	0	0	0	0
Trace-_2_5	1208	4.067000	13.078000	0.010826	0	0	0	0
Trace-_2_5	1229	4.146000	13.274000	0.010801	0	0	0	0
Trace-_2_5	1259	4.256000	13.682000	0.010867	0	0	0	0
Trace-_2_5	1264	4.245000	13.903000	0.010999	0	0	0	0
Trace-_2_5	1397	4.804000	15.104000	0.010812	0	0	0	0
Trace-_2_5	1474	5.006000	16.232000	0.011012	0	0	0	0
Trace-_2_5	1630	5.607000	17.723000	0.010873	0	0	0	0
Trace-_2_5	1636	5.652000	17.851000	0.010911	0	0	0	0
Trace-_2_5	1854	6.613000	20.488000	0.011051	0	0	0	0
Trace-_2_5	1966	7.215000	22.109000	0.011246	0	0	0	0
Trace-_2_5	1972	7.089000	21.836000	0.011073	0	0	0	0
Trace-_2_5	2015	7.342000	22.411000	0.011122	0	0	0	0
Trace-_2_5	2020	7.323000	22.417000	0.011098	0	0	0	0
Trace-_2_5	2044	7.409000	22.697000	0.011104	0	0	0	0
Trace-_2_5	2052	7.428000	22.778000	0.011100	0	0	0	0
Trace-_2_5	2059	7.509000	22.873000	0.011109	0	0	0	0
Trace-_2_5	2155	7.876000	24.347000	0.011298	0	0	0	0
Trace-_2_5	2424	9.109000	27.207000	0.011224	0	0	0	0
Trace-_2_5	2575	9.218000	28.807000	0.011187	0	0	0	0
Trace-_2_5	2771	9.962000	30.592000	0.011040	0	0	0	0
Trace-_2_5	2783	10.029000	30.715000	0.011037	0	0	0	0
Trace-_2_5	2844	10.300000	31.348000	0.011023	0	0	0	0
Trace-_2_5	2867	10.388000	31.663000	0.011044	0	0	0	0
Trace-_2_5	2933	10.715000	32.666000	0.011137	0	0	0	0
Trace-_2_5	3069	11.175000	34.023000	0.011086	0	0	0	0
Trace-_2_5	3096	11.248000	34.423000	0.011119	0	0	0	0
Trace-_2_5	3171	11.612000	35.804000	0.011291	0	0	0	0
Trace-_2_5	3296	11.866000	36.250000	0.010998	0	0	0	0
Trace-_2_5	3436	12.467000	38.046000	0.011073	0	0	0	0
Trace-_2_5	3608	13.033000	40.038000	0.011097	0	0	0	0
Trace-_2_5	3968	14.142000	44.256000	0.011153	0	0	0	0
Trace-_2_5	4106	14.711000	45.470000	0.011074	0	0	0	0
Trace-_2_5	4315	15.666000	48.088000	0.011144	0	0	0	0
Trace-_2_5	4353	15.812000	48.106000	0.011051	0	0	0	0
Trace-_2_5	4378	15.717000	48.403000	0.011056	0	0	0	0
Trace-_2_5	4442	16.205000	49.460000	0.011135	0	0	0	0
Trace-_2_5	4488	16.201000	50.430000	0.011237	0	0	0	0
Trace-_2_5	4753	17.806000	54.871000	0.011544	0	0	0	0
Trace-_2_5	4839	18.123000	54.539000	0.011271	0	0	0	0
Trace-_2_5	4884	18.192000	54.761000	0.011212	0	0	0	0
Trace-_2_5	4918	18.692000	55.404000	0.011266	0	0	0	0
Trace-_2_5	5087	19.384000	57.546000	0.011312	0	0	0	0
Trace-_2_5	5397	20.512000	61.622000	0.011418	0	0	0	0
Trace-_2_5	5460	21.108000	62.092000	0.011372	0	0	0	0
Trace-_2_5	5728	21.787000	64.778000	0.011309	0	0	0	0
Trace-_2_5	5741	21.825000	64.660000	0.011263	0	0	0	0
Trace-_2_5	5853	22.252000	66.203000	0.011311	0	0	0	0
Trace-_2_5	5959	22.801000	67.557000	0.011337	0	0	0	0
Trace-_2_5	6017	22.989000	67.927000	0.011289	0	0	0	0
Trace-_2_5	6331	24.587000	72.079000	0.011385	0	0	0	0
Trace-_2_5	6402	24.772000	72.539000	0.011331	0	0	0	0
Trace-_2_5	6428	24.941000	72.889000	0.011339	0	0	0	0
Trace-_2_5	6584	25.395000	74.009000	0.011241	0	0	0	0
Trace-_2_5	6690	26.815000	76.938000	0.011500	0	0	0	0
Trace-_2_5	6849	27.256000	78.815000	0.011508	0	0	0	0
Trace-_2_5	6985	27.757000	80.021000	0.011456	0	0	0	0
Trace-_2_5	7035	27.826000	80.117000	0.011388	0	0	0	0
Trace-_2_5	7169	28.466000	82.172000	0.011462	0	0	0	0
Trace-_2_5	7254	28.953000	83.053000	0.011449	0	0	0	0
Trace-_2_5	7431	29.389000	84.663000	0.011393	0	0	0	0
Trace-_2_5	7464	29.876000	87.012000	0.011658	0	0	0	0
Trace-_2_5	7469	29.725000	85.291000	0.011419	0	0	0	0
Trace-_2_5	7598	29.973000	87.029000	0.011454	0	0	0	0
Trace-_2_5	7717	29.721000	89.207000	0.011560	0	0	0	0
Trace-_2_5	7938	30.648000	89.785000	0.011311	0	0	0	0
Trace-_2_5	7997	30.817000	90.760000	0.011349	0	0	0	0
Trace-_2_5	8083	31.166000	91.730000	0.011349	0	0	0	0
Trace-_2_5	8100	31.475000	92.856000	0.011464	0	0	0	0
Trace-_2_5	8198	31.940000	93.405000	0.011394	0	0	0	0
Trace-_2_5	8378	32.657000	95.319000	0.011377	0	0	0	0
Trace-_2_5	8652	34.030000	99.055000	0.011449	0	0	0	0
Trace-_2_5	8691	33.959000	98.500000	0.011334	0	0	0	0
Trace-_2_5	8722	34.078000	99.334000	0.011389	0	0	0	0
Trace-_2_5	8736	34.261000	99.586000	0.011399	0	0	0	0
Trace-_2_5	8870	35.293000	101.186000	0.011408	0	0	0	0
Trace-_2_5	8904	35.314000	102.459000	0.011507	0	0	0	0
Trace-_2_5	9062	35.644000	103.148000	0.011382	0	0	0	0
Trace-_2_5	9078	35.933000	103.802000	0.011434	0	0	0	0
Trace-_2_5	9130	35.963000	104.199000	0.011413	0	0	0	0
Trace-_2_5	9176	36.159000	104.883000	0.011430	0	0	0	0
Trace-_2_5	9217	36.615000	105.707000	0.011469	0	0	0	0
Trace-_2_5	9239	36.571000	105.577000	0.011427	0	0	0	0
Trace-_2_5	9249	36.660000	106.253000	0.011488	0	0	0	0
Trace-_2_5	9256	36.647000	105.713000	0.011421	0	0	0	0
Trace-_2_5	9361	36.988000	106.594000	0.011387	0	0	0	0
Trace-_2_5	9509	37.938000	108.322000	0.011392	0	0	0	0
Trace-_2_5	9621	38.121000	109.762000	0.011409	0	0	0	0
Trace-_2_5	9699	38.657000	110.278000	0.011370	0	0	0	0
Trace-_2_5	9749	38.915000	111.396000	0.011426	0	0	0	0
Trace-_2_5	9852	39.222000	112.334000	0.011402	0	0	0	0
Trace-_2_5	9855	39.396000	113.106000	0.011477	0	0	0	0
Trace-_2_5	9952	39.799000	114.050000	0.011460	0	0	0	0
Trace-_2_5	9993	39.983000	114.762000	0.011484	0	0	0	0
Trace-_2_5	10243	40.969000	117.533000	0.011474	0	0	0	0
Trace-_2_5	10262	41.168000	118.447000	0.011542	0	0	0	0
Trace-_2_5	10481	41.785000	119.751000	0.011426	0	0	0	0
Trace-_2_5	10511	42.070000	120.459000	0.011460	0	0	0	0
Trace-_2_5	10916	44.088000	126.062000	0.011548	0	0	0	0
Trace-_2_5	11724	47.181000	134.205000	0.011447	0	0	0	0
Trace-_2_5	11764	47.504000	135.848000	0.011548	0	0	0	0
Trace-_2_5	11843	47.524000	135.830000	0.011469	0	0	0	0
Trace-_2_5	11849	47.869000	136.501000	0.011520	0	0	0	0
Trace-_2_5	11988	48.070000	137.919000	0.011505	0	0	0	0
Trace-_2_5	12212	49.114000	142.000000	0.011628	0	0	0	0
Trace-_2_5	12390	50.367000	143.003000	0.011542	0	0	0	0
Trace-_2_5	12497	50.606000	144.008000	0.011523	0	0	0	0
Trace-_2_5	12516	50.767000	143.643000	0.011477	0	0	0	0
Trace-_2_5	12529	50.729000	144.490000	0.011532	0	0	0	0
Trace-_2_5	12564	50.653000	144.469000	0.011499	0	0	0	0
Trace-_2_5	12583	50.765000	144.917000	0.011517	0	0	0	0
Trace-_2_5	12596	50.503000	144.726000	0.011490	0	0	0	0
Trace-_2_5	12625	50.752000	144.728000	0.011464	0	0	0	0
Trace-_2_5	12711	51.654000	146.809000	0.011550	0	0	0	0
Trace-_2_5	12747	51.412000	146.413000	0.011486	0	0	0	0
Trace-_2_5	12887	52.549000	148.430000	0.011518	0	0	0	0
Trace-_2_5	12892	52.503000	149.934000	0.011630	0	0	0	0
Trace-_2_5	12904	52.492000	148.828000	0.011533	0	0	0	0
Trace-_2_5	12910	52.403000	148.621000	0.011512	0	0	0	0
Trace-_2_5	13027	53.408000	150.538000	0.011556	0	0	0	0
Trace-_2_5	13095	53.305000	150.844000	0.011519	0	0	0	0
Trace-_2_5	13329	54.380000	153.418000	0.011510	0	0	0	0
Trace-_2_5	13609	54.506000	156.403000	0.011493	0	0	0	0
Trace-_2_5	13717	54.935000	157.327000	0.011469	0	0	0	0
Trace-_2_5	13776	55.295000	156.798000	0.011382	0	0	0	0
Trace-_2_5	13856	56.010000	159.943000	0.011543	0	0	0	0
Trace-_2_5	13958	56.789000	161.702000	0.011585	0	0	0	0
Trace-_2_5	14289	58.001000	164.684000	0.011525	0	0	0	0
Trace-_2_5	14547	59.538000	168.195000	0.011562	0	0	0	0
Trace-_2_5	14631	59.933000	169.176000	0.011563	0	0	0	0
Trace-_2_5	14861	61.027000	172.119000	0.011582	0	0	0	0
Trace-_2_5	14878	61.262000	172.782000	0.011613	0	0	0	0
Trace-_2_5	15145	62.159000	174.294000	0.011508	0	0	0	0
Trace-_2_5	15172	62.283000	175.316000	0.011555	0	0	0	0
Trace-_2_5	15184	62.429000	176.367000	0.011615	0	0	0	0
Trace-_2_5	15205	62.237000	175.776000	0.011560	0	0	0	0
Trace-_2_5	15210	62.428000	176.759000	0.011621	0	0	0	0
Trace-_2_5	15235	62.779000	178.147000	0.011693	0	0	0	0
Trace-_2_5	15333	63.203000	179.030000	0.011676	0	0	0	0
Trace-_2_5	15358	63.232000	178.282000	0.011608	0	0	0	0
Trace-_2_5	15532	64.160000	180.526000	0.011623	0	0	0	0
Trace-_2_5	15737	65.640000	184.269000	0.011709	0	0	0	0
Trace-_2_5	15766	65.955000	184.891000	0.011727	0	0	0	0
Trace-_2_5	15795	65.866000	184.167000	0.011660	0	0	0	0
Trace-_2_5	15901	66.406000	186.396000	0.011722	0	0	0	0
Trace-_2_5	16000	66.653000	185.887000	0.011618	0	0	0	0
Trace-_2_5	16074	67.195000	187.593000	0.011671	0	0	0	0
Trace-_2_5	16097	67.644000	188.502000	0.011710	0	0	0	0
Trace-_2_5	16407	67.326000	190.531000	0.011613	0	0	0	0
Trace-_2_5	16452	67.078000	189.826000	0.011538	0	0	0	0
Trace-_2_5	16586	67.995000	192.113000	0.011583	0	0	0	0
Trace-_2_5	16587	68.105000	192.927000	0.011631	0	0	0	0
Trace-_2_5	16700	67.926000	193.251000	0.011572	0	0	0	0
Trace-_2_5	16706	68.213000	193.094000	0.011558	0	0	0	0
Trace-_2_5	16887	68.986000	195.567000	0.011581	0	0	0	0
Trace-_2_5	16895	68.870000	194.057000	0.011486	0	0	0	0
Trace-_2_5	17028	67.747000	195.149000	0.011460	0	0	0	0
Trace-_2_5	17393	69.537000	200.158000	0.011508	0	0	0	0
Trace-_2_5	17561	69.987000	200.849000	0.011437	0	0	0	0
Trace-_2_5	17762	71.215000	204.906000	0.011536	0	0	0	0
Trace-_2_5	17809	71.104000	204.407000	0.011478	0	0	0	0
Trace-_2_5	17898	71.665000	205.392000	0.011476	0	0	0	0
Trace-_2_5	18046	72.462000	207.829000	0.011517	0	0	0	0
Trace-_2_5	18073	72.306000	207.238000	0.011467	0	0	0	0
Trace-_2_5	18182	72.824000	209.173000	0.011504	0	0	0	0
Trace-_2_5	18236	72.797000	209.452000	0.011486	0	0	0	0
Trace-_2_5	18341	73.115000	210.261000	0.011464	0	0	0	0
Trace-_2_5	18361	72.966000	209.869000	0.011430	0	0	0	0
Trace-_2_5	18422	73.564000	211.219000	0.011466	0	0	0	0
Trace-_2_5	18607	73.420000	212.564000	0.011424	0	0	0	0
Trace-_2_5	18833	75.567000	217.466000	0.011547	0	0	0	0
Trace-_2_5	18858	75.064000	216.135000	0.011461	0	0	0	0
Trace-_2_5	18906	74.845000	216.536000	0.011453	0	0	0	0
Trace-_2_5	19093	77.210000	221.114000	0.011581	0	0	0	0
Trace-_2_5	19099	75.817000	219.133000	0.011474	0	0	0	0
Trace-_2_5	19166	76.367000	220.065000	0.011482	0	0	0	0
Trace-_2_5	19339	76.908000	221.725000	0.011465	0	0	0	0
Trace-_2_5	19414	76.993000	222.472000	0.011459	0	0	0	0
Trace-_2_5	19439	77.367000	223.262000	0.011485	0	0	0	0
Trace-_2_5	19479	77.208000	222.622000	0.011429	0	0	0	0
Trace-_2_5	19548	80.935000	227.909000	0.011659	0	0	0	0
Trace-_2_5	19662	78.527000	226.571000	0.011523	0	0	0	0
Trace-_2_5	19703	78.674000	226.650000	0.011503	0	0	0	0
Trace-_2_5	19976	80.285000	230.586000	0.011543	0	0	0	0
Trace-_2_5	20080	80.143000	228.795000	0.011394	0	0	0	0
Trace-_2_5	20086	80.569000	230.578000	0.011480	0	0	0	0
Trace-_2_5	20170	80.723000	232.743000	0.011539	0	0	0	0
Trace-_2_5	20349	81.743000	233.928000	0.011496	0	0	0	0
Trace-_2_5	20441	82.095000	235.660000	0.011529	0	0	0	0
Trace-_2_5	20529	82.553000	235.949000	0.011493	0	0	0	0
Trace-_2_5	20712	83.704000	238.490000	0.011515	0	0	0	0
Trace-_2_5	20805	84.399000	239.502000	0.011512	0	0	0	0
Trace-_2_5	21064	85.766000	245.884000	0.011673	0	0	0	0
Trace-_2_5	21409	87.111000	246.589000	0.011518	0	0	0	0
Trace-_2_5	21521	87.340000	248.095000	0.011528	0	0	0	0
Trace-_2_5	21652	87.826000	250.080000	0.011550	0	0	0	0
Trace-_2_5	21682	87.993000	249.647000	0.011514	0	0	0	0
Trace-_2_5	21786	88.674000	250.197000	0.011484	0	0	0	0
Trace-_2_5	21849	89.251000	252.320000	0.011548	0	0	0	0
Trace-_2_5	21923	89.649000	256.977000	0.011722	0	0	0	0
Trace-_2_5	22085	90.481000	256.024000	0.011593	0	0	0	0
Trace-_2_5	22176	90.430000	255.202000	0.011508	0	0	0	0
Trace-_2_5	22392	91.306000	259.588000	0.011593	0	0	0	0
Trace-_2_5	22566	92.388000	260.817000	0.011558	0	0	0	0
Trace-_2_5	22892	93.370000	262.735000	0.011477	0	0	0	0
Trace-_2_5	22949	94.099000	267.662000	0.011663	0	0	0	0
Trace-_2_5	22965	93.781000	265.049000	0.011541	0	0	0	0
Trace-_2_5	23055	95.141000	261.547000	0.011344	0	0	0	0
Trace-_2_5	23122	95.950000	273.905000	0.011846	0	0	0	0
Trace-_2_5	23426	95.600000	271.060000	0.011571	0	0	0	0
Trace-_2_5	23547	94.942000	274.612000	0.011662	0	0	0	0
Trace-_2_5	23570	94.879000	269.807000	0.011447	0	0	0	0
Trace-_2_5	23606	96.203000	275.064000	0.011652	0	0	0	0
Trace-_2_5	23675	95.470000	271.633000	0.011473	0	0	0	0
Trace-_2_5	23803	96.506000	274.666000	0.011539	0	0	0	0
Trace-_2_5	24070	96.361000	276.020000	0.011467	0	0	0	0
Trace-_2_5	24079	96.287000	276.449000	0.011481	0	0	0	0
Trace-_2_5	24292	96.978000	277.868000	0.011439	0	0	0	0
Trace-_2_5	24302	96.925000	276.737000	0.011387	0	0	0	0
Trace-_2_5	24318	97.666000	279.937000	0.011512	0	0	0	0
Trace-_2_5	24587	99.372000	282.689000	0.011497	0	0	0	0
Trace-_2_5	24623	99.763000	283.125000	0.011498	0	0	0	0
Trace-_2_5	24714	99.956000	284.425000	0.011509	0	0	0	0
Trace-_2_5	24768	100.159000	287.710000	0.011616	0	0	0	0
Trace-_2_5	24796	100.500000	286.284000	0.011546	0	0	0	0
Trace-_2_5	24898	100.693000	288.926000	0.011604	0	0	0	0
Trace-_2_5	24941	100.822000	286.272000	0.011478	0	0	0	0
Trace-_2_5	24956	100.929000	289.172000	0.011587	0	0	0	0
Trace-_2_5	25047	101.604000	289.004000	0.011538	0	0	0	0
Trace-_2_5	25104	102.457000	290.682000	0.011579	0	0	0	0
Trace-_2_5	25136	101.328000	288.296000	0.011469	0	0	0	0
Trace-_2_5	25156	101.937000	289.237000	0.011498	0	0	0	0
Trace-_2_5	25161	101.434000	287.510000	0.011427	0	0	0	0
Trace-_2_5	25230	102.471000	291.936000	0.011571	0	0	0	0
Trace-_2_5	25276	101.894000	292.818000	0.011585	0	0	0	0
Trace-_2_5	25514	103.211000	294.018000	0.011524	0	0	0	0
Trace-_2_5	25706	104.083000	296.258000	0.011525	0	0	0	0
Trace-_2_5	25746	104.964000	297.773000	0.011566	0	0	0	0
Trace-_2_5	25793	104.820000	297.526000	0.011535	0	0	0	0
Trace-_2_5	25807	104.577000	296.323000	0.011482	0	0	0	0
Trace-_2_5	25839	104.964000	297.886000	0.011529	0	0	0	0
Trace-_2_5	25923	105.432000	299.210000	0.011542	0	0	0	0
Trace-_2_5	25955	105.666000	299.546000	0.011541	0	0	0	0
Trace-_2_5	26131	105.260000	299.562000	0.011464	0	0	0	0
Trace-_2_5	26249	106.125000	302.437000	0.011522	0	0	0	0
Trace-_2_5	26476	106.681000	304.802000	0.011512	0	0	0	0
Trace-_2_5	27016	108.499000	309.062000	0.011440	0	0	0	0
Trace-_2_5	27219	109.426000	311.859000	0.011457	0	0	0	0
Trace-_2_5	27327	110.342000	314.351000	0.011503	0	0	0	0
Trace-_2_5	27396	109.620000	315.959000	0.011533	0	0	0	0
Trace-_2_5	27453	109.728000	313.526000	0.011420	0	0	0	0
Trace-_2_5	27479	110.235000	315.810000	0.011493	0	0	0	0
Trace-_2_5	27500	110.503000	316.338000	0.011503	0	0	0	0
Trace-_2_5	27551	110.427000	316.664000	0.011494	0	0	0	0
Trace-_2_5	27667	113.270000	321.835000	0.011632	0	0	0	0
Trace-_2_5	27682	111.492000	319.048000	0.011525	0	0	0	0
Trace-_2_5	27752	112.380000	319.986000	0.011530	0	0	0	0
Trace-_2_5	27788	112.367000	318.661000	0.011468	0	0	0	0
Trace-_2_5	27866	96.623000	284.560000	0.010212	0	0	0	0
Trace-_2_5	28079	112.264000	323.498000	0.011521	0	0	0	0
Trace-_2_5	28089	112.320000	321.371000	0.011441	0	0	0	0
Trace-_2_5	28333	113.363000	325.863000	0.011501	0	0	0	0
Trace-_2_5	28384	113.124000	323.856000	0.011410	0	0	0	0
Trace-_2_5	28549	114.597000	327.922000	0.011486	0	0	0	0
Trace-_2_5	28572	114.385000	328.124000	0.011484	0	0	0	0
Trace-_2_5	28619	114.622000	327.975000	0.011460	0	0	0	0
Trace-_2_5	28620	114.640000	327.362000	0.011438	0	0	0	0
Trace-_2_5	28864	115.618000	336.653000	0.011663	0	0	0	0
Trace-_2_5	28933	116.150000	332.434000	0.011490	0	0	0	0
Trace-_2_5	29048	115.899000	331.066000	0.011397	0	0	0	0
Trace-_2_5	29189	117.308000	335.994000	0.011511	0	0	0	0
Trace-_2_5	29346	118.203000	337.406000	0.011498	0	0	0	0
Trace-_2_5	29411	118.519000	338.793000	0.011519	0	0	0	0
Trace-_2_5	29497	118.333000	337.183000	0.011431	0	0	0	0
Trace-_2_5	29641	119.305000	340.440000	0.011485	0	0	0	0
Trace-_2_5	29698	119.752000	342.094000	0.011519	0	0	0	0
Trace-_2_5	29705	119.139000	339.108000	0.011416	0	0	0	0
Trace-_2_5	29748	120.029000	342.563000	0.011515	0	0	0	0
Trace-_2_5	29852	120.150000	342.681000	0.011479	0	0	0	0
Trace-_2_5	29853	120.635000	343.815000	0.011517	0	0	0	0
Trace-_2_5	29872	119.872000	341.775000	0.011441	0	0	0	0
Trace-_2_5	29879	120.613000	343.793000	0.011506	0	0	0	0
Trace-_2_5	30045	121.172000	345.627000	0.011504	0	0	0	0
Trace-_2_5	30070	120.628000	344.836000	0.011468	0	0	0	0
Trace-_2_5	30082	121.572000	346.798000	0.011528	0	0	0	0
Trace-_2_5	30096	121.412000	346.645000	0.011518	0	0	0	0
Trace-_2_5	30122	120.988000	344.414000	0.011434	0	0	0	0
Trace-_2_5	30208	121.543000	345.247000	0.011429	0	0	0	0
Trace-_2_5	30443	123.058000	352.533000	0.011580	0	0	0	0
Trace-_2_5	30539	123.684000	351.782000	0.011519	0	0	0	0
Trace-_2_5	30617	123.629000	352.389000	0.011510	0	0	0	0
Trace-_2_5	30727	124.374000	356.017000	0.011586	0	0	0	0
Trace-_2_5	30755	124.329000	354.612000	0.011530	0	0	0	0
Trace-_2_5	30824	125.202000	357.470000	0.011597	0	0	0	0
Trace-_2_5	30871	126.184000	357.671000	0.011586	0	0	0	0
Trace-_2_5	30933	125.437000	358.721000	0.011597	0	0	0	0
Trace-_2_5	30951	125.778000	359.187000	0.011605	0	0	0	0
Trace-_2_5	30978	125.628000	358.247000	0.011565	0	0	0	0
Trace-_2_5	30988	125.698000	357.027000	0.011521	0	0	0	0
Trace-_2_5	31042	125.727000	359.111000	0.011569	0	0	0	0
Trace-_2_5	31071	126.004000	359.540000	0.011572	0	0	0	0
Trace-_2_5	31093	126.162000	358.460000	0.011529	0	0	0	0
Trace-_2_5	31286	125.993000	361.002000	0.011539	0	0	0	0
Trace-_2_5	31302	125.905000	359.828000	0.011495	0	0	0	0
Trace-_2_5	31415	127.205000	369.361000	0.011757	0	0	0	0
Trace-_2_5	31426	127.476000	364.324000	0.011593	0	0	0	0
Trace-_2_5	31595	128.402000	367.295000	0.011625	0	0	0	0
Trace-_2_5	31765	128.469000	367.313000	0.011563	0	0	0	0
Trace-_2_5	32197	133.749000	378.137000	0.011744	0	0	0	0
Trace-_2_5	32356	133.254000	377.661000	0.011672	0	0	0	0
Trace-_2_5	32403	132.967000	376.324000	0.011614	0	0	0	0
Trace-_2_5	32413	133.702000	377.982000	0.011661	0	0	0	0
Trace-_2_5	32455	133.184000	375.688000	0.011576	0	0	0	0
Trace-_2_5	32500	133.958000	378.634000	0.011650	0	0	0	0
Trace-_2_5	32628	133.851000	378.686000	0.011606	0	0	0	0
Trace-_2_5	32650	134.344000	380.563000	0.011656	0	0	0	0
Trace-_2_5	33085	135.642000	384.322000	0.011616	0	0	0	0
Trace-_2_5	33107	135.763000	384.545000	0.011615	0	0	0	0
Trace-_2_5	33118	135.781000	384.685000	0.011616	0	0	0	0
Trace-_2_5	34042	139.966000	396.209000	0.011639	0	0	0	0
Trace-_2_5	34247	140.347000	397.295000	0.011601	0	0	0	0
Trace-_2_5	34253	140.115000	397.804000	0.011614	0	0	0	0
Trace-_2_5	34265	140.038000	395.784000	0.011551	0	0	0	0
Trace-_2_5	34296	140.409000	397.218000	0.011582	0	0	0	0
Trace-_2_5	34353	140.247000	398.917000	0.011612	0	0	0	0
Trace-_2_5	34567	141.634000	401.493000	0.011615	0	0	0	0
Trace-_2_5	34694	142.284000	401.666000	0.011577	0	0	0	0
Trace-_2_5	34767	142.795000	404.270000	0.011628	0	0	0	0
Trace-_2_5	34868	144.329000	406.800000	0.011667	0	0	0	0
Trace-_2_5	35000	144.516000	405.879000	0.011597	0	0	0	0
Trace-_2_5	35242	146.126000	410.419000	0.011646	0	0	0	0
Trace-_2_5	35255	146.346000	411.623000	0.011676	0	0	0	0
Trace-_2_5	35327	146.899000	412.919000	0.011688	0	0	0	0
Trace-_2_5	35340	146.329000	411.947000	0.011657	0	0	0	0
Trace-_2_5	35344	146.642000	411.753000	0.011650	0	0	0	0
Trace-_2_5	35360	146.280000	411.089000	0.011626	0	0	0	0
Trace-_2_5	35449	146.830000	411.029000	0.011595	0	0	0	0
Trace-_2_5	35603	147.709000	415.221000	0.011663	0	0	0	0
Trace-_2_5	35615	138.045000	388.009000	0.010895	0	0	0	0
Trace-_2_5	36391	151.476000	424.306000	0.011660	0	0	0	0
Trace-_2_5	36431	151.582000	424.994000	0.011666	0	0	0	0
Trace-_2_5	36820	153.392000	430.991000	0.011705	0	0	0	0
Trace-_2_5	36981	152.854000	428.680000	0.011592	0	0	0	0
Trace-_2_5	37033	153.898000	432.117000	0.011668	0	0	0	0
Trace-_2_5	37072	154.455000	432.824000	0.011675	0	0	0	0
Trace-_2_5	37376	155.633000	437.796000	0.011713	0	0	0	0
Trace-_2_5	37384	155.630000	439.320000	0.011752	0	0	0	0
Trace-_2_5	37706	157.343000	440.933000	0.011694	0	0	0	0
Trace-_2_5	37767	156.990000	438.067000	0.011599	0	0	0	0
Trace-_2_5	37788	157.071000	438.222000	0.011597	0	0	0	0
Trace-_2_5	37800	148.155000	415.854000	0.011001	0	0	0	0
Trace-_2_5	38019	158.639000	443.841000	0.011674	0	0	0	0
Trace-_2_5	38157	158.713000	444.634000	0.011653	0	0	0	0
Trace-_2_5	38223	158.154000	443.803000	0.011611	0	0	0	0
Trace-_2_5	38356	159.359000	445.312000	0.011610	0	0	0	0
Trace-_2_5	38498	159.802000	448.340000	0.011646	0	0	0	0
Trace-_2_5	38587	160.680000	449.687000	0.011654	0	0	0	0
Trace-_2_5	38737	161.998000	452.412000	0.011679	0	0	0	0
Trace-_2_5	38963	162.520000	453.399000	0.011637	0	0	0	0
Trace-_2_5	39013	139.263000	388.063000	0.009947	0	0	0	0
Trace-_2_5	39097	162.756000	454.443000	0.011623	0	0	0	0
Trace-_2_5	39790	165.436000	462.287000	0.011618	0	0	0	0
Trace-_2_5	39810	166.144000	464.173000	0.011660	0	0	0	0
Trace-_2_5	39937	167.001000	466.886000	0.011691	0	0	0	0
Trace-_2_5	39951	167.273000	467.193000	0.011694	0	0	0	0
Trace-_2_5	39997	167.561000	467.026000	0.011677	0	0	0	0
Trace-_2_5	40052	167.758000	469.347000	0.011718	0	0	0	0
Trace-_2_5	40175	169.020000	472.179000	0.011753	0	0	0	0
Trace-_2_5	40273	167.980000	470.065000	0.011672	0	0	0	0
Trace-_2_5	40286	167.429000	467.226000	0.011598	0	0	0	0
Trace-_2_5	40375	166.094000	462.815000	0.011463	0	0	0	0
Trace-_2_5	40393	166.161000	463.294000	0.011470	0	0	0	0
Trace-_2_5	40468	170.087000	474.741000	0.011731	0	0	0	0
Trace-_2_5	40523	169.477000	470.860000	0.011620	0	0	0	0
Trace-_2_5	40563	170.151000	474.553000	0.011699	0	0	0	0
Trace-_2_5	40971	170.790000	475.597000	0.011608	0	0	0	0
Trace-_2_5	40996	160.786000	449.532000	0.010965	0	0	0	0
Trace-_2_5	40998	170.346000	475.071000	0.011588	0	0	0	0
Trace-_2_5	41446	173.149000	483.063000	0.011655	0	0	0	0
Trace-_2_5	41525	173.519000	483.812000	0.011651	0	0	0	0
Trace-_2_5	41748	174.708000	485.999000	0.011641	0	0	0	0
Trace-_2_5	41919	173.967000	483.479000	0.011534	0	0	0	0
Trace-_2_5	42063	175.368000	487.466000	0.011589	0	0	0	0
Trace-_2_5	42419	177.858000	494.562000	0.011659	0	0	0	0
Trace-_2_5	42458	178.283000	496.170000	0.011686	0	0	0	0
Trace-_2_5	42499	178.195000	495.459000	0.011658	0	0	0	0
Trace-_2_5	42623	178.265000	495.379000	0.011622	0	0	0	0
Trace-_2_5	42667	177.774000	500.091000	0.011721	0	0	0	0
Trace-_2_5	42722	179.805000	501.126000	0.011730	0	0	0	0
Trace-_2_5	42875	178.599000	497.373000	0.011601	0	0	0	0
Trace-_2_5	42899	178.520000	497.698000	0.011602	0	0	0	0
Trace-_2_5	42955	179.305000	499.258000	0.011623	0	0	0	0
Trace-_2_5	43018	180.802000	502.845000	0.011689	0	0	0	0
Trace-_2_5	43081	179.968000	502.249000	0.011658	0	0	0	0
Trace-_2_5	43312	181.438000	504.810000	0.011655	0	0	0	0
Trace-_2_5	43440	181.969000	504.623000	0.011617	0	0	0	0
Trace-_2_5	43475	181.319000	504.345000	0.011601	0	0	0	0
Trace-_2_5	43633	182.067000	505.017000	0.011574	0	0	0	0
Trace-_2_5	43638	182.336000	507.721000	0.011635	0	0	0	0
Trace-_2_5	43966	186.050000	516.680000	0.011752	0	0	0	0
Trace-_2_5	43986	184.451000	514.329000	0.011693	0	0	0	0
Trace-_2_5	44026	184.270000	512.953000	0.011651	0	0	0	0
Trace-_2_5	44215	186.371000	517.310000	0.011700	0	0	0	0
Trace-_2_5	44349	187.915000	523.142000	0.011796	0	0	0	0
Trace-_2_5	44573	186.850000	519.496000	0.011655	0	0	0	0
Trace-_2_5	44640	187.052000	519.756000	0.011643	0	0	0	0
Trace-_2_5	44798	185.121000	515.062000	0.011497	0	0	0	0
Trace-_2_5	44833	187.868000	523.148000	0.011669	0	0	0	0
Trace-_2_5	44882	189.366000	524.437000	0.011685	0	0	0	0
Trace-_2_5	45026	189.102000	526.512000	0.011694	0	0	0	0
Trace-_2_5	45207	191.050000	534.683000	0.011827	0	0	0	0
Trace-_2_5	45401	189.813000	526.629000	0.011600	0	0	0	0
Trace-_2_5	45526	190.668000	528.340000	0.011605	0	0	0	0
Trace-_2_5	45632	189.627000	523.413000	0.011470	0	0	0	0
Trace-_2_5	45694	193.068000	533.907000	0.011684	0	0	0	0
Trace-_2_5	45779	193.553000	535.321000	0.011694	0	0	0	0
Trace-_2_5	45868	193.003000	533.568000	0.011633	0	0	0	0
Trace-_2_5	45898	193.048000	537.716000	0.011715	0	0	0	0
Trace-_2_5	45955	191.856000	531.439000	0.011564	0	0	0	0
Trace-_2_5	46009	194.161000	538.993000	0.011715	0	0	0	0
Trace-_2_5	46111	194.207000	538.149000	0.011671	0	0	0	0
Trace-_2_5	46356	194.301000	540.523000	0.011660	0	0	0	0
Trace-_2_5	46443	190.363000	528.760000	0.011385	0	0	0	0
Trace-_2_5	46470	180.746000	509.142000	0.010956	0	0	0	0
Trace-_2_5	46623	196.514000	546.123000	0.011714	0	0	0	0
Trace-_2_5	47114	199.018000	552.417000	0.011725	0	0	0	0
Trace-_2_5	47175	190.220000	528.143000	0.011195	0	0	0	0
Trace-_2_5	47179	95.297000	263.676000	0.005589	0	0	0	0
Trace-_2_5	47273	188.734000	523.656000	0.011077	0	0	0	0
Trace-_2_5	47308	172.544000	481.055000	0.010169	0	0	0	0
Trace-_2_5	47394	199.672000	554.096000	0.011691	0	0	0	0
Trace-_2_5	47419	120.118000	333.724000	0.007038	0	0	0	0
Trace-_2_5	47433	199.077000	553.624000	0.011672	0	0	0	0
Trace-_2_5	47701	200.772000	557.639000	0.011690	0	0	0	0
Trace-_2_5	47893	202.018000	560.922000	0.011712	0	0	0	0
Trace-_2_5	47964	202.031000	561.552000	0.011708	0	0	0	0
Trace-_2_5	48479	203.826000	569.508000	0.011748	0	0	0	0
Trace-_2_5	48668	202.664000	563.523000	0.011579	0	0	0	0
Trace-_2_5	48684	205.090000	570.503000	0.011718	0	0	0	0
Trace-_2_5	48775	205.117000	570.812000	0.011703	0	0	0	0
Trace-_2_5	48794	205.446000	571.563000	0.011714	0	0	0	0
Trace-_2_5	48820	192.980000	535.469000	0.010968	0	0	0	0
Trace-_2_5	48925	204.860000	573.594000	0.011724	0	0	0	0
Trace-_2_5	49001	206.398000	574.379000	0.011722	0	0	0	0
Trace-_2_5	49079	205.692000	572.547000	0.011666	0	0	0	0
Trace-_2_5	49181	205.788000	573.428000	0.011660	0	0	0	0
Trace-_2_5	49304	207.704000	577.951000	0.011722	0	0	0	0
Trace-_2_5	49328	205.650000	575.012000	0.011657	0	0	0	0
Trace-_2_5	49336	194.227000	540.361000	0.010953	0	0	0	0
Trace-_2_5	49388	206.672000	575.207000	0.011647	0	0	0	0
Trace-_2_5	49499	204.208000	568.912000	0.011493	0	0	0	0
Trace-_2_5	49503	99.409000	277.319000	0.005602	0	0	0	0
Trace-_2_5	49504	207.872000	578.319000	0.011682	0	0	0	0
Trace-_2_5	49548	207.428000	576.091000	0.011627	0	0	0	0
Trace-_2_5	49587	208.679000	579.404000	0.011685	0	0	0	0
Trace-_2_5	49627	208.686000	580.416000	0.011696	0	0	0	0
Trace-_2_5	49758	208.978000	580.276000	0.011662	0	0	0	0
Trace-_2_5	49841	198.878000	553.137000	0.011098	0	0	0	0
Trace-_2_5	49844	100.145000	278.408000	0.005586	0	0	0	0
Trace-_2_5	49899	204.769000	569.412000	0.011411	0	0	0	0
Trace-_2_5	49996	209.825000	581.594000	0.011633	0	0	0	0
Trace-_2_5	50397	201.725000	561.037000	0.011132	0	0	0	0
Trace-_2_5	50475	206.205000	574.216000	0.011376	0	0	0	0
Trace-_2_5	50743	212.712000	598.494000	0.011795	0	0	0	0
Trace-_2_5	50773	204.855000	568.847000	0.011204	0	0	0	0
Trace-_2_5	50828	206.823000	574.383000	0.011301	0	0	0	0
Trace-_2_5	50893	207.612000	575.309000	0.011304	0	0	0	0
Trace-_2_5	50920	145.441000	406.730000	0.007988	0	0	0	0
Trace-_2_5	50971	207.321000	573.382000	0.011249	0	0	0	0
Trace-_2_5	50984	106.326000	293.862000	0.005764	0	0	0	0
Trace-_2_5	50988	214.408000	595.852000	0.011686	0	0	0	0
Trace-_2_5	51221	216.509000	604.288000	0.011798	0	0	0	0
Trace-_2_5	51340	216.071000	605.052000	0.011785	0	0	0	0
Trace-_2_5	51387	217.322000	603.190000	0.011738	0	0	0	0
Trace-_2_5	51512	219.303000	606.929000	0.011782	0	0	0	0
Trace-_2_5	51547	210.182000	579.969000	0.011251	0	0	0	0
Trace-_2_5	51550	183.923000	508.182000	0.009858	0	0	0	0
Trace-_2_5	51565	203.420000	563.738000	0.010933	0	0	0	0
Trace-_2_5	52123	221.568000	611.015000	0.011723	0	0	0	0
Trace-_2_5	52364	222.239000	617.827000	0.011799	0	0	0	0
Trace-_2_5	52511	223.805000	618.221000	0.011773	0	0	0	0
Trace-_2_5	52529	209.683000	579.015000	0.011023	0	0	0	0
Trace-_2_5	52672	224.586000	622.306000	0.011815	0	0	0	0
Trace-_2_5	52897	225.040000	624.497000	0.011806	0	0	0	0
Trace-_2_5	52997	224.843000	621.219000	0.011722	0	0	0	0
Trace-_2_5	53071	219.366000	607.323000	0.011444	0	0	0	0
Trace-_2_5	53159	214.839000	597.210000	0.011234	0	0	0	0
Trace-_2_5	53181	199.373000	551.663000	0.010373	0	0	0	0
Trace-_2_5	53232	226.127000	622.850000	0.011701	0	0	0	0
Trace-_2_5	53401	223.055000	616.254000	0.011540	0	0	0	0
Trace-_2_5	53472	205.227000	569.164000	0.010644	0	0	0	0
Trace-_2_5	53516	221.618000	612.631000	0.011448	0	0	0	0
Trace-_2_5	53647	227.201000	626.314000	0.011675	0	0	0	0
Trace-_2_5	53766	221.310000	611.116000	0.011366	0	0	0	0
Trace-_2_5	53820	227.544000	628.187000	0.011672	0	0	0	0
Trace-_2_5	53859	216.491000	598.806000	0.011118	0	0	0	0
Trace-_2_5	54407	230.961000	636.367000	0.011696	0	0	0	0
Trace-_2_5	54444	228.399000	642.521000	0.011802	0	0	0	0
Trace-_2_5	54540	222.849000	616.389000	0.011302	0	0	0	0
Trace-_2_5	54601	215.587000	594.139000	0.010881	0	0	0	0
Trace-_2_5	54623	176.100000	486.933000	0.008914	0	0	0	0
Trace-_2_5	54798	233.116000	642.691000	0.011728	0	0	0	0
Trace-_2_5	54835	232.285000	641.700000	0.011702	0	0	0	0
Trace-_2_5	54864	222.948000	615.047000	0.011210	0	0	0	0
Trace-_2_5	54918	233.503000	645.510000	0.011754	0	0	0	0
Trace-_2_5	54994	232.524000	642.992000	0.011692	0	0	0	0
Trace-_2_5	55073	233.315000	646.768000	0.011744	0	0	0	0
Trace-_2_5	55086	234.286000	646.125000	0.011729	0	0	0	0
Trace-_2_5	55388	226.858000	626.524000	0.011312	0	0	0	0
Trace-_2_5	55543	236.628000	652.721000	0.011752	0	0	0	0
Trace-_2_5	55625	236.111000	652.608000	0.011732	0	0	0	0
Trace-_2_5	55636	208.803000	576.066000	0.010354	0	0	0	0
Trace-_2_5	55688	230.924000	635.548000	0.011413	0	0	0	0
Trace-_2_5	55820	220.982000	610.132000	0.010930	0	0	0	0
Trace-_2_5	55842	208.505000	574.764000	0.010293	0	0	0	0
Trace-_2_5	55931	228.364000	629.623000	0.011257	0	0	0	0
Trace-_2_5	55977	238.336000	655.202000	0.011705	0	0	0	0
Trace-_2_5	56093	237.447000	659.940000	0.011765	0	0	0	0
Trace-_2_5	56268	237.686000	655.397000	0.011648	0	0	0	0
Trace-_2_5	56341	237.695000	656.475000	0.011652	0	0	0	0
Trace-_2_5	56394	225.572000	623.024000	0.011048	0	0	0	0
Trace-_2_5	56441	240.279000	663.455000	0.011755	0	0	0	0
Trace-_2_5	56459	229.493000	633.636000	0.011223	0	0	0	0
Trace-_2_5	56670	211.301000	583.774000	0.010301	0	0	0	0
Trace-_2_5	56746	212.285000	585.806000	0.010323	0	0	0	0
Trace-_2_5	56790	234.840000	647.934000	0.011409	0	0	0	0
Trace-_2_5	56823	242.505000	665.595000	0.011713	0	0	0	0
Trace-_2_5	56851	237.237000	651.721000	0.011464	0	0	0	0
Trace-_2_5	56854	190.489000	525.263000	0.009239	0	0	0	0
Trace-_2_5	56870	220.866000	607.288000	0.010679	0	0	0	0
Trace-_2_5	56933	241.040000	672.994000	0.011821	0	0	0	0
Trace-_2_5	56954	234.951000	646.611000	0.011353	0	0	0	0
Trace-_2_5	56955	214.170000	587.862000	0.010322	0	0	0	0
Trace-_2_5	56995	237.307000	652.091000	0.011441	0	0	0	0
Trace-_2_5	57031	243.007000	666.826000	0.011692	0	0	0	0
Trace-_2_5	57119	241.523000	670.005000	0.011730	0	0	0	0
Trace-_2_5	57731	232.419000	640.596000	0.011096	0	0	0	0
Trace-_2_5	57766	214.303000	590.195000	0.010217	0	0	0	0
Trace-_2_5	58084	235.515000	646.492000	0.011130	0	0	0	0
Trace-_2_5	58151	244.057000	671.877000	0.011554	0	0	0	0
Trace-_2_5	58176	176.245000	483.946000	0.008319	0	0	0	0
Trace-_2_5	58213	246.568000	679.542000	0.011673	0	0	0	0
Trace-_2_5	58247	211.927000	582.534000	0.010001	0	0	0	0
Trace-_2_5	58319	248.614000	686.464000	0.011771	0	0	0	0
Trace-_2_5	58649	223.840000	616.072000	0.010504	0	0	0	0
Trace-_2_5	58853	249.710000	685.765000	0.011652	0	0	0	0
Trace-_2_5	58871	171.160000	470.435000	0.007991	0	0	0	0
Trace-_2_5	58874	238.827000	656.506000	0.011151	0	0	0	0
Trace-_2_5	58955	225.047000	622.790000	0.010564	0	0	0	0
Trace-_2_5	58965	164.558000	452.965000	0.007682	0	0	0	0
Trace-_2_5	59063	244.751000	672.707000	0.011390	0	0	0	0
Trace-_2_5	59230	253.060000	695.427000	0.011741	0	0	0	0
Trace-_2_5	59259	238.154000	655.691000	0.011065	0	0	0	0
Trace-_2_5	59513	254.929000	700.876000	0.011777	0	0	0	0
Trace-_2_5	59713	255.458000	702.827000	0.011770	0	0	0	0
Trace-_2_5	59781	255.967000	703.676000	0.011771	0	0	0	0
Trace-_2_5	59800	242.762000	668.277000	0.011175	0	0	0	0
Trace-_2_5	59923	256.893000	704.788000	0.011762	0	0	0	0
Trace-_2_5	60019	245.093000	674.602000	0.011240	0	0	0	0
Trace-_2_5	60055	243.677000	673.077000	0.011208	0	0	0	0
Trace-_2_5	60057	219.634000	603.913000	0.010056	0	0	0	0
Trace-_2_5	60068	246.969000	679.129000	0.011306	0	0	0	0
Trace-_2_5	60221	244.375000	673.511000	0.011184	0	0	0	0
Trace-_2_5	60250	244.659000	673.718000	0.011182	0	0	0	0
Trace-_2_5	60305	233.752000	643.410000	0.010669	0	0	0	0
Trace-_2_5	60319	166.064000	454.424000	0.007534	0	0	0	0
Trace-_2_5	60347	260.123000	714.934000	0.011847	0	0	0	0
Trace-_2_5	60430	259.382000	713.835000	0.011813	0	0	0	0
Trace-_2_5	60498	256.419000	705.986000	0.011670	0	0	0	0
Trace-_2_5	60565	252.265000	693.025000	0.011443	0	0	0	0
Trace-_2_5	60689	250.449000	687.319000	0.011325	0	0	0	0
Trace-_2_5	60782	260.688000	716.485000	0.011788	0	0	0	0
Trace-_2_5	60809	259.368000	714.080000	0.011743	0	0	0	0
Trace-_2_5	60914	259.567000	712.056000	0.011690	0	0	0	0
Trace-_2_5	60997	262.042000	730.367000	0.011974	0	0	0	0
Trace-_2_5	61091	260.743000	714.561000	0.011697	0	0	0	0
Trace-_2_5	61108	244.710000	672.035000	0.010997	0	0	0	0
Trace-_2_5	61114	235.026000	643.954000	0.010537	0	0	0	0
Trace-_2_5	61208	253.585000	695.911000	0.011370	0	0	0	0
Trace-_2_5	61302	243.144000	668.895000	0.010911	0	0	0	0
Trace-_2_5	61336	220.797000	606.601000	0.009890	0	0	0	0
Trace-_2_5	61423	254.970000	698.809000	0.011377	0	0	0	0
Trace-_2_5	61556	263.225000	727.594000	0.011820	0	0	0	0
Trace-_2_5	61809	252.955000	697.259000	0.011281	0	0	0	0
Trace-_2_5	61844	261.192000	718.931000	0.011625	0	0	0	0
Trace-_2_5	61879	221.799000	610.803000	0.009871	0	0	0	0
Trace-_2_5	61967	251.999000	692.339000	0.011173	0	0	0	0
Trace-_2_5	62116	245.985000	678.738000	0.010927	0	0	0	0
Trace-_2_5	62121	165.721000	456.508000	0.007349	0	0	0	0
Trace-_2_5	62346	253.277000	700.695000	0.011239	0	0	0	0
Trace-_2_5	62430	265.311000	735.599000	0.011783	0	0	0	0
Trace-_2_5	62489	264.808000	731.719000	0.011710	0	0	0	0
Trace-_2_5	62519	265.691000	734.101000	0.011742	0	0	0	0
Trace-_2_5	62571	268.426000	739.478000	0.011818	0	0	0	0
Trace-_2_5	62633	266.855000	739.213000	0.011802	0	0	0	0
Trace-_2_5	62801	268.962000	744.196000	0.011850	0	0	0	0
Trace-_2_5	62817	151.382000	420.253000	0.006690	0	0	0	0
Trace-_2_5	62924	254.257000	695.854000	0.011059	0	0	0	0
Trace-_2_5	63077	269.340000	745.117000	0.011813	0	0	0	0
Trace-_2_5	63180	254.615000	702.611000	0.011121	0	0	0	0
Trace-_2_5	63285	230.016000	637.590000	0.010075	0	0	0	0
Trace-_2_5	63521	273.916000	756.632000	0.011912	0	0	0	0
Trace-_2_5	63522	253.055000	696.957000	0.010972	0	0	0	0
Trace-_2_5	63680	255.599000	701.422000	0.011015	0	0	0	0
Trace-_2_5	63752	234.489000	645.873000	0.010131	0	0	0	0
Trace-_2_5	63977	238.152000	658.914000	0.010299	0	0	0	0
Trace-_2_5	64107	260.448000	719.154000	0.011218	0	0	0	0
Trace-_2_5	64209	252.927000	693.733000	0.010804	0	0	0	0
Trace-_2_5	64414	267.110000	734.859000	0.011408	0	0	0	0
Trace-_2_5	64538	257.483000	703.523000	0.010901	0	0	0	0
Trace-_2_5	64862	257.198000	710.495000	0.010954	0	0	0	0
Trace-_2_5	64880	236.663000	657.525000	0.010134	0	0	0	0
Trace-_2_5	65149	242.824000	666.277000	0.010227	0	0	0	0
Trace-_2_5	65244	281.813000	773.021000	0.011848	0	0	0	0
Trace-_2_5	65272	228.229000	627.347000	0.009611	0	0	0	0
Trace-_2_5	65308	228.862000	626.658000	0.009595	0	0	0	0
Trace-_2_5	65328	226.747000	624.054000	0.009553	0	0	0	0
Trace-_2_5	65385	281.366000	773.027000	0.011823	0	0	0	0
Trace-_2_5	65409	260.245000	715.453000	0.010938	0	0	0	0
Trace-_2_5	65425	208.929000	572.424000	0.008749	0	0	0	0
Trace-_2_5	65678	267.477000	733.947000	0.011175	0	0	0	0
Trace-_2_5	65910	281.914000	785.343000	0.011915	0	0	0	0
Trace-_2_5	66211	276.508000	762.955000	0.011523	0	0	0	0
Trace-_2_5	66216	135.139000	373.744000	0.005644	0	0	0	0
Trace-_2_5	66345	245.723000	676.123000	0.010191	0	0	0	0
Trace-_2_5	66428	261.667000	721.884000	0.010867	0	0	0	0
Trace-_2_5	66443	266.112000	735.892000	0.011076	0	0	0	0
Trace-_2_5	66571	281.780000	777.396000	0.011678	0	0	0	0
Trace-_2_5	66633	284.907000	784.886000	0.011779	0	0	0	0
Trace-_2_5	66641	163.736000	451.941000	0.006782	0	0	0	0
Trace-_2_5	66681	284.323000	789.625000	0.011842	0	0	0	0
Trace-_2_5	66709	266.683000	741.505000	0.011116	0	0	0	0
Trace-_2_5	66712	166.743000	461.706000	0.006921	0	0	0	0
Trace-_2_5	67037	269.725000	743.865000	0.011096	0	0	0	0
Trace-_2_5	67163	285.026000	787.865000	0.011731	0	0	0	0
Trace-_2_5	67199	231.254000	636.734000	0.009475	0	0	0	0
Trace-_2_5	67276	240.644000	667.859000	0.009927	0	0	0	0
Trace-_2_5	67345	244.995000	673.169000	0.009996	0	0	0	0
Trace-_2_5	67386	289.315000	796.437000	0.011819	0	0	0	0
Trace-_2_5	67534	270.840000	742.118000	0.010989	0	0	0	0
Trace-_2_5	67681	249.612000	684.864000	0.010119	0	0	0	0
Trace-_2_5	68037	279.652000	766.744000	0.011270	0	0	0	0
Trace-_2_5	68065	234.317000	644.609000	0.009470	0	0	0	0
Trace-_2_5	68242	266.969000	737.097000	0.010801	0	0	0	0
Trace-_2_5	68284	279.116000	772.125000	0.011308	0	0	0	0
Trace-_2_5	68286	139.940000	382.869000	0.005607	0	0	0	0
Trace-_2_5	68328	273.482000	753.762000	0.011032	0	0	0	0
Trace-_2_5	68329	236.039000	649.399000	0.009504	0	0	0	0
Trace-_2_5	68334	189.937000	525.325000	0.007688	0	0	0	0
Trace-_2_5	68422	273.796000	750.894000	0.010974	0	0	0	0
Trace-_2_5	68461	282.041000	778.449000	0.011371	0	0	0	0
Trace-_2_5	68516	243.712000	669.843000	0.009776	0	0	0	0
Trace-_2_5	68606	292.858000	805.479000	0.011741	0	0	0	0
Trace-_2_5	68678	278.292000	770.335000	0.011217	0	0	0	0
Trace-_2_5	68740	281.880000	779.113000	0.011334	0	0	0	0
Trace-_2_5	68813	247.087000	679.293000	0.009872	0	0	0	0
Trace-_2_5	68918	283.487000	782.929000	0.011360	0	0	0	0
Trace-_2_5	68985	266.336000	736.614000	0.010678	0	0	0	0
Trace-_2_5	69073	281.913000	779.988000	0.011292	0	0	0	0
Trace-_2_5	69316	250.889000	695.500000	0.010034	0	0	0	0
Trace-_2_5	69345	271.382000	748.963000	0.010801	0	0	0	0
Trace-_2_5	69381	278.814000	765.442000	0.011032	0	0	0	0
Trace-_2_5	69386	143.086000	393.078000	0.005665	0	0	0	0
Trace-_2_5	69399	210.533000	581.701000	0.008382	0	0	0	0
Trace-_2_5	69629	278.829000	768.657000	0.011039	0	0	0	0
Trace-_2_5	69704	245.582000	678.015000	0.009727	0	0	0	0
Trace-_2_5	69723	235.735000	652.242000	0.009355	0	0	0	0
Trace-_2_5	70173	281.211000	774.556000	0.011038	0	0	0	0
Trace-_2_5	70290	281.776000	780.067000	0.011098	0	0	0	0
Trace-_2_5	70599	278.044000	767.691000	0.010874	0	0	0	0
Trace-_2_5	70600	146.027000	400.405000	0.005671	0	0	0	0
Trace-_2_5	70623	238.545000	658.807000	0.009329	0	0	0	0
Trace-_2_5	70758	289.723000	800.457000	0.011313	0	0	0	0
Trace-_2_5	70774	301.197000	830.462000	0.011734	0	0	0	0
Trace-_2_5	70818	276.080000	766.421000	0.010822	0	0	0	0
Trace-_2_5	70835	289.215000	798.114000	0.011267	0	0	0	0
Trace-_2_5	70929	255.928000	704.493000	0.009932	0	0	0	0
Trace-_2_5	71057	282.061000	783.098000	0.011021	0	0	0	0
Trace-_2_5	71119	280.755000	776.857000	0.010923	0	0	0	0
Trace-_2_5	71130	281.077000	776.179000	0.010912	0	0	0	0
Trace-_2_5	71150	300.325000	828.980000	0.011651	0	0	0	0
Trace-_2_5	71169	277.275000	768.272000	0.010795	0	0	0	0
Trace-_2_5	71287	269.044000	743.435000	0.010429	0	0	0	0
Trace-_2_5	71333	297.202000	821.752000	0.011520	0	0	0	0
Trace-_2_5	71344	194.372000	535.876000	0.007511	0	0	0	0
Trace-_2_5	71362	292.971000	810.036000	0.011351	0	0	0	0
Trace-_2_5	71378	303.007000	835.661000	0.011708	0	0	0	0
Trace-_2_5	71427	281.230000	777.839000	0.010890	0	0	0	0
Trace-_2_5	71503	288.074000	798.242000	0.011164	0	0	0	0
Trace-_2_5	71603	304.595000	839.109000	0.011719	0	0	0	0
Trace-_2_5	71827	269.990000	746.976000	0.010400	0	0	0	0
Trace-_2_5	71838	220.254000	607.515000	0.008457	0	0	0	0
Trace-_2_5	72112	270.139000	746.806000	0.010356	0	0	0	0
Trace-_2_5	72161	297.434000	818.549000	0.011343	0	0	0	0
Trace-_2_5	72221	290.803000	801.569000	0.011099	0	0	0	0
Trace-_2_5	72358	247.454000	684.680000	0.009462	0	0	0	0
Trace-_2_5	72409	286.809000	790.883000	0.010922	0	0	0	0
Trace-_2_5	72470	286.629000	792.566000	0.010936	0	0	0	0
Trace-_2_5	72535	267.224000	736.997000	0.010161	0	0	0	0
Trace-_2_5	72695	274.075000	755.623000	0.010394	0	0	0	0
Trace-_2_5	72721	243.572000	672.437000	0.009247	0	0	0	0
Trace-_2_5	72771	284.928000	784.154000	0.010776	0	0	0	0
Trace-_2_5	72986	280.863000	772.602000	0.010586	0	0	0	0
Trace-_2_5	72994	222.066000	612.012000	0.008384	0	0	0	0
Trace-_2_5	73066	296.985000	823.293000	0.011268	0	0	0	0
Trace-_2_5	73096	243.404000	672.116000	0.009195	0	0	0	0
Trace-_2_5	73156	275.785000	760.605000	0.010397	0	0	0	0
Trace-_2_5	73476	255.586000	703.101000	0.009569	0	0	0	0
Trace-_2_5	73508	289.943000	802.395000	0.010916	0	0	0	0
Trace-_2_5	73666	299.894000	828.736000	0.011250	0	0	0	0
Trace-_2_5	73702	256.607000	708.716000	0.009616	0	0	0	0
Trace-_2_5	73958	286.330000	788.710000	0.010664	0	0	0	0
Trace-_2_5	74238	285.808000	793.705000	0.010691	0	0	0	0
Trace-_2_5	74313	294.318000	815.469000	0.010973	0	0	0	0
Trace-_2_5	74404	304.271000	841.698000	0.011313	0	0	0	0
Trace-_2_5	74411	269.339000	745.304000	0.010016	0	0	0	0
Trace-_2_5	74538	302.890000	842.511000	0.011303	0	0	0	0
Trace-_2_5	74737	308.964000	853.865000	0.011425	0	0	0	0
Trace-_2_5	74808	276.996000	768.059000	0.010267	0	0	0	0
Trace-_2_5	74855	298.852000	828.983000	0.011075	0	0	0	0
Trace-_2_5	75430	258.919000	716.368000	0.009497	0	0	0	0
Trace-_2_5	75615	306.840000	850.211000	0.011244	0	0	0	0
Trace-_2_5	76093	291.175000	810.583000	0.010653	0	0	0	0
Trace-_2_5	76108	297.352000	824.507000	0.010833	0	0	0	0
Trace-_2_5	76299	266.782000	739.231000	0.009689	0	0	0	0
Trace-_2_5	76342	294.930000	818.573000	0.010722	0	0	0	0
Trace-_2_5	76383	310.523000	856.093000	0.011208	0	0	0	0
Trace-_2_5	76748	305.971000	848.637000	0.011057	0	0	0	0
Trace-_2_5	76750	157.876000	436.633000	0.005689	0	0	0	0
Trace-_2_5	76819	267.390000	741.087000	0.009647	0	0	0	0
Trace-_2_5	77078	272.103000	750.485000	0.009737	0	0	0	0
Trace-_2_5	77298	255.486000	704.529000	0.009114	0	0	0	0
Trace-_2_5	77366	251.051000	698.336000	0.009026	0	0	0	0
Trace-_2_5	77632	304.537000	842.869000	0.010857	0	0	0	0
Trace-_2_5	77648	327.169000	903.088000	0.011631	0	0	0	0
Trace-_2_5	77728	267.234000	739.857000	0.009519	0	0	0	0
Trace-_2_5	77733	250.692000	695.263000	0.008944	0	0	0	0
Trace-_2_5	77771	314.072000	870.755000	0.011196	0	0	0	0
Trace-_2_5	77838	315.751000	876.244000	0.011257	0	0	0	0
Trace-_2_5	77891	298.459000	829.381000	0.010648	0	0	0	0
Trace-_2_5	77933	314.096000	874.401000	0.011220	0	0	0	0
Trace-_2_5	78077	254.757000	706.061000	0.009043	0	0	0	0
Trace-_2_5	78242	306.707000	849.102000	0.010852	0	0	0	0
Trace-_2_5	78467	304.905000	851.884000	0.010857	0	0	0	0
Trace-_2_5	78751	325.146000	899.479000	0.011422	0	0	0	0
Trace-_2_5	79006	315.656000	885.754000	0.011211	0	0	0	0
Trace-_2_5	79026	254.924000	705.088000	0.008922	0	0	0	0
Trace-_2_5	79139	297.712000	822.800000	0.010397	0	0	0	0
Trace-_2_5	79153	253.988000	703.438000	0.008887	0	0	0	0
Trace-_2_5	79360	301.596000	835.813000	0.010532	0	0	0	0
Trace-_2_5	79416	293.664000	813.361000	0.010242	0	0	0	0
Trace-_2_5	79425	254.642000	703.474000	0.008857	0	0	0	0
Trace-_2_5	79489	304.567000	843.606000	0.010613	0	0	0	0
Trace-_2_5	79521	320.604000	888.904000	0.011178	0	0	0	0
Trace-_2_5	79569	256.020000	711.379000	0.008940	0	0	0	0
Trace-_2_5	79591	329.047000	908.640000	0.011416	0	0	0	0
Trace-_2_5	79827	264.200000	730.950000	0.009157	0	0	0	0
Trace-_2_5	79841	257.278000	710.183000	0.008895	0	0	0	0
Trace-_2_5	79956	271.809000	748.159000	0.009357	0	0	0	0
Trace-_2_5	80018	280.792000	772.122000	0.009649	0	0	0	0
Trace-_2_5	80025	256.697000	717.544000	0.008966	0	0	0	0
Trace-_2_5	80150	273.991000	755.176000	0.009422	0	0	0	0
Trace-_2_5	80328	335.653000	923.525000	0.011497	0	0	0	0
Trace-_2_5	80551	267.288000	741.216000	0.009202	0	0	0	0
Trace-_2_5	80774	320.409000	882.287000	0.010923	0	0	0	0
Trace-_2_5	80907	287.654000	794.218000	0.009816	0	0	0	0
Trace-_2_5	81030	265.813000	728.721000	0.008993	0	0	0	0
Trace-_2_5	81068	315.892000	870.788000	0.010741	0	0	0	0
Trace-_2_5	81145	261.406000	722.486000	0.008904	0	0	0	0
Trace-_2_5	81319	320.732000	886.054000	0.010896	0	0	0	0
Trace-_2_5	81377	328.950000	899.768000	0.011057	0	0	0	0
Trace-_2_5	81387	250.270000	686.354000	0.008433	0	0	0	0
Trace-_2_5	81663	281.632000	772.557000	0.009460	0	0	0	0
Trace-_2_5	81716	301.824000	830.622000	0.010165	0	0	0	0
Trace-_2_5	81770	312.726000	865.906000	0.010590	0	0	0	0
Trace-_2_5	81787	261.573000	720.465000	0.008809	0	0	0	0
Trace-_2_5	81892	292.020000	806.894000	0.009853	0	0	0	0
Trace-_2_5	81956	288.799000	793.637000	0.009684	0	0	0	0
Trace-_2_5	81976	261.650000	719.642000	0.008779	0	0	0	0
Trace-_2_5	82035	281.309000	781.592000	0.009528	0	0	0	0
Trace-_2_5	82117	337.577000	936.084000	0.011399	0	0	0	0
Trace-_2_5	82182	293.112000	809.210000	0.009847	0	0	0	0
Trace-_2_5	82562	333.992000	923.731000	0.011188	0	0	0	0
Trace-_2_5	82713	326.842000	900.772000	0.010890	0	0	0	0
Trace-_2_5	82819	321.010000	888.047000	0.010723	0	0	0	0
Trace-_2_5	82829	263.959000	726.719000	0.008774	0	0	0	0
Trace-_2_5	82984	315.235000	869.564000	0.010479	0	0	0	0
Trace-_2_5	83112	327.774000	902.550000	0.010859	0	0	0	0
Trace-_2_5	83236	308.851000	853.514000	0.010254	0	0	0	0
Trace-_2_5	83282	246.470000	678.683000	0.008149	0	0	0	0
Trace-_2_5	83470	296.228000	816.804000	0.009786	0	0	0	0
Trace-_2_5	83481	265.113000	732.708000	0.008777	0	0	0	0
Trace-_2_5	83499	265.031000	730.000000	0.008743	0	0	0	0
Trace-_2_5	83582	331.237000	910.779000	0.010897	0	0	0	0
Trace-_2_5	83933	318.443000	876.398000	0.010442	0	0	0	0
Trace-_2_5	84081	317.524000	876.095000	0.010420	0	0	0	0
Trace-_2_5	84182	318.291000	875.385000	0.010399	0	0	0	0
Trace-_2_5	84301	280.725000	780.378000	0.009257	0	0	0	0
Trace-_2_5	84328	320.720000	884.331000	0.010487	0	0	0	0
Trace-_2_5	84490	338.239000	930.825000	0.011017	0	0	0	0
Trace-_2_5	84507	267.888000	737.666000	0.008729	0	0	0	0
Trace-_2_5	84606	318.935000	879.878000	0.010400	0	0	0	0
Trace-_2_5	84620	268.855000	740.139000	0.008747	0	0	0	0
Trace-_2_5	84684	293.991000	809.328000	0.009557	0	0	0	0
Trace-_2_5	84847	288.688000	793.307000	0.009350	0	0	0	0
Trace-_2_5	84891	305.004000	840.480000	0.009901	0	0	0	0
Trace-_2_5	85289	323.267000	888.147000	0.010413	0	0	0	0
Trace-_2_5	85641	296.824000	814.223000	0.009507	0	0	0	0
Trace-_2_5	85646	183.947000	504.154000	0.005886	0	0	0	0
Trace-_2_5	86028	316.257000	875.956000	0.010182	0	0	0	0
Trace-_2_5	86036	270.906000	747.633000	0.008690	0	0	0	0
Trace-_2_5	86270	339.434000	936.952000	0.010861	0	0	0	0
Trace-_2_5	86403	274.444000	754.593000	0.008733	0	0	0	0
Trace-_2_5	86410	271.652000	748.258000	0.008659	0	0	0	0
Trace-_2_5	86532	342.154000	936.106000	0.010818	0	0	0	0
Trace-_2_5	86562	292.303000	801.997000	0.009265	0	0	0	0
Trace-_2_5	86588	271.270000	755.661000	0.008727	0	0	0	0
Trace-_2_5	86607	342.221000	936.361000	0.010812	0	0	0	0
Trace-_2_5	86619	252.267000	691.934000	0.007988	0	0	0	0
Trace-_2_5	86732	325.980000	891.979000	0.010284	0	0	0	0
Trace-_2_5	87044	299.028000	820.529000	0.009427	0	0	0	0
Trace-_2_5	87099	311.524000	852.157000	0.009784	0	0	0	0
Trace-_2_5	87330	350.117000	965.593000	0.011057	0	0	0	0
Trace-_2_5	87413	346.437000	953.702000	0.010910	0	0	0	0
Trace-_2_5	87445	274.378000	753.417000	0.008616	0	0	0	0
Trace-_2_5	87498	311.511000	854.799000	0.009769	0	0	0	0
Trace-_2_5	87577	346.554000	955.752000	0.010913	0	0	0	0
Trace-_2_5	87692	301.006000	828.738000	0.009451	0	0	0	0
Trace-_2_5	87750	312.404000	857.375000	0.009771	0	0	0	0
Trace-_2_5	87946	314.438000	863.569000	0.009819	0	0	0	0
Trace-_2_5	88001	299.458000	825.841000	0.009384	0	0	0	0
Trace-_2_5	88096	329.708000	907.432000	0.010300	0	0	0	0
Trace-_2_5	88104	274.397000	753.099000	0.008548	0	0	0	0
Trace-_2_5	88313	311.491000	852.417000	0.009652	0	0	0	0
Trace-_2_5	88318	189.252000	518.339000	0.005869	0	0	0	0
Trace-_2_5	88396	331.325000	911.317000	0.010309	0	0	0	0
Trace-_2_5	88418	276.701000	755.516000	0.008545	0	0	0	0
Trace-_2_5	88569	312.294000	853.899000	0.009641	0	0	0	0
Trace-_2_5	88628	297.846000	820.298000	0.009256	0	0	0	0
Trace-_2_5	88722	310.303000	851.296000	0.009595	0	0	0	0
Trace-_2_5	88737	277.430000	763.017000	0.008599	0	0	0	0
Trace-_2_5	88761	344.799000	951.094000	0.010715	0	0	0	0
Trace-_2_5	88803	336.029000	923.692000	0.010402	0	0	0	0
Trace-_2_5	88848	283.373000	779.064000	0.008769	0	0	0	0
Trace-_2_5	88969	355.210000	971.425000	0.010919	0	0	0	0
Trace-_2_5	89009	349.609000	961.693000	0.010804	0	0	0	0
Trace-_2_5	89119	329.299000	907.349000	0.010181	0	0	0	0
Trace-_2_5	89227	306.436000	840.822000	0.009423	0	0	0	0
Trace-_2_5	89488	278.081000	765.596000	0.008555	0	0	0	0
Trace-_2_5	89808	348.352000	957.945000	0.010667	0	0	0	0
Trace-_2_5	89923	313.219000	857.088000	0.009531	0	0	0	0
Trace-_2_5	90180	311.229000	855.364000	0.009485	0	0	0	0
Trace-_2_5	90539	290.441000	798.364000	0.008818	0	0	0	0
Trace-_2_5	90565	345.113000	947.539000	0.010463	0	0	0	0
Trace-_2_5	90635	296.380000	809.392000	0.008930	0	0	0	0
Trace-_2_5	90673	330.773000	907.356000	0.010007	0	0	0	0
Trace-_2_5	90756	358.131000	978.897000	0.010786	0	0	0	0
Trace-_2_5	90998	352.602000	967.447000	0.010632	0	0	0	0
Trace-_2_5	91015	186.858000	511.594000	0.005621	0	0	0	0
Trace-_2_5	91201	300.083000	823.364000	0.009028	0	0	0	0
Trace-_2_5	91290	350.054000	961.818000	0.010536	0	0	0	0
Trace-_2_5	91338	189.058000	518.732000	0.005679	0	0	0	0
Trace-_2_5	91542	287.420000	787.354000	0.008601	0	0	0	0
Trace-_2_5	91552	283.330000	776.105000	0.008477	0	0	0	0
Trace-_2_5	91587	347.689000	951.437000	0.010388	0	0	0	0
Trace-_2_5	91621	356.193000	978.338000	0.010678	0	0	0	0
Trace-_2_5	91656	348.321000	958.315000	0.010456	0	0	0	0
Trace-_2_5	91701	355.373000	977.015000	0.010654	0	0	0	0
Trace-_2_5	91835	288.506000	790.664000	0.008610	0	0	0	0
Trace-_2_5	91932	305.348000	834.920000	0.009082	0	0	0	0
Trace-_2_5	91961	352.863000	966.858000	0.010514	0	0	0	0
Trace-_2_5	92081	298.242000	813.869000	0.008839	0	0	0	0
Trace-_2_5	92219	349.441000	954.356000	0.010349	0	0	0	0
Trace-_2_5	92327	314.543000	867.367000	0.009395	0	0	0	0
Trace-_2_5	92451	354.240000	970.852000	0.010501	0	0	0	0
Trace-_2_5	92582	360.006000	985.513000	0.010645	0	0	0	0
Trace-_2_5	92746	334.885000	915.183000	0.009868	0	0	0	0
Trace-_2_5	93016	359.890000	980.477000	0.010541	0	0	0	0
Trace-_2_5	93072	343.908000	941.277000	0.010113	0	0	0	0
Trace-_2_5	93252	359.381000	989.128000	0.010607	0	0	0	0
Trace-_2_5	93327	309.935000	847.909000	0.009085	0	0	0	0
Trace-_2_5	93383	299.273000	816.813000	0.008747	0	0	0	0
Trace-_2_5	93437	312.253000	854.996000	0.009151	0	0	0	0
Trace-_2_5	93455	360.419000	986.083000	0.010551	0	0	0	0
Trace-_2_5	93602	352.767000	965.251000	0.010312	0	0	0	0
Trace-_2_5	93684	361.851000	989.636000	0.010564	0	0	0	0
Trace-_2_5	93806	317.768000	868.438000	0.009258	0	0	0	0
Trace-_2_5	93822	363.894000	995.219000	0.010608	0	0	0	0
Trace-_2_5	94049	315.815000	863.277000	0.009179	0	0	0	0
Trace-_2_5	94161	360.872000	986.165000	0.010473	0	0	0	0
Trace-_2_5	94185	290.998000	795.584000	0.008447	0	0	0	0
Trace-_2_5	94386	334.778000	912.030000	0.009663	0	0	0	0
Trace-_2_5	94409	289.890000	793.290000	0.008403	0	0	0	0
Trace-_2_5	94691	323.064000	881.845000	0.009313	0	0	0	0
Trace-_2_5	94778	360.590000	984.276000	0.010385	0	0	0	0
Trace-_2_5	94921	340.641000	929.033000	0.009787	0	0	0	0
Trace-_2_5	94974	332.255000	903.155000	0.009509	0	0	0	0
Trace-_2_5	95191	366.580000	1001.197000	0.010518	0	0	0	0
Trace-_2_5	95294	358.950000	978.588000	0.010269	0	0	0	0
Trace-_2_5	95325	363.866000	993.177000	0.010419	0	0	0	0
Trace-_2_5	95348	292.887000	800.845000	0.008399	0	0	0	0
Trace-_2_5	95437	355.929000	970.768000	0.010172	0	0	0	0
Trace-_2_5	95601	299.648000	816.600000	0.008542	0	0	0	0
Trace-_2_5	95602	211.732000	579.454000	0.006061	0	0	0	0
Trace-_2_5	95897	369.685000	1009.060000	0.010522	0	0	0	0
Trace-_2_5	95910	293.777000	800.843000	0.008350	0	0	0	0
Trace-_2_5	96078	320.641000	872.508000	0.009081	0	0	0	0
Trace-_2_5	96094	366.794000	999.932000	0.010406	0	0	0	0
Trace-_2_5	96213	318.324000	866.054000	0.009001	0	0	0	0
Trace-_2_5	96227	294.760000	806.568000	0.008382	0	0	0	0
Trace-_2_5	96457	353.687000	964.118000	0.009995	0	0	0	0
Trace-_2_5	96526	300.596000	816.461000	0.008458	0	0	0	0
Trace-_2_5	96617	330.855000	901.403000	0.009330	0	0	0	0
Trace-_2_5	96680	309.261000	843.091000	0.008720	0	0	0	0
Trace-_2_5	96988	371.545000	1012.265000	0.010437	0	0	0	0
Trace-_2_5	97056	324.919000	881.545000	0.009083	0	0	0	0
Trace-_2_5	97118	307.758000	835.301000	0.008601	0	0	0	0
Trace-_2_5	97175	297.503000	810.228000	0.008338	0	0	0	0
Trace-_2_5	97217	330.476000	899.918000	0.009257	0	0	0	0
Trace-_2_5	97237	372.525000	1013.934000	0.010427	0	0	0	0
Trace-_2_5	97296	343.302000	933.276000	0.009592	0	0	0	0
Trace-_2_5	97432	352.086000	961.419000	0.009868	0	0	0	0
Trace-_2_5	97581	335.167000	911.541000	0.009341	0	0	0	0
Trace-_2_5	97603	371.869000	1019.707000	0.010447	0	0	0	0
Trace-_2_5	97608	209.546000	567.828000	0.005817	0	0	0	0
Trace-_2_5	97739	363.603000	992.954000	0.010159	0	0	0	0
Trace-_2_5	97947	321.659000	873.079000	0.008914	0	0	0	0
Trace-_2_5	97972	363.854000	988.121000	0.010086	0	0	0	0
Trace-_2_5	98152	378.980000	1031.787000	0.010512	0	0	0	0
Trace-_2_5	98202	351.684000	954.630000	0.009721	0	0	0	0
Trace-_2_5	98632	364.904000	998.757000	0.010126	0	0	0	0
Trace-_2_5	98940	339.290000	919.972000	0.009298	0	0	0	0
Trace-_2_5	99159	378.359000	1023.026000	0.010317	0	0	0	0
Trace-_2_5	99202	356.914000	973.385000	0.009812	0	0	0	0
Trace-_2_5	99293	361.134000	977.489000	0.009844	0	0	0	0
Trace-_2_5	99499	339.227000	916.589000	0.009212	0	0	0	0
Trace-_2_5	99604	314.402000	852.188000	0.008556	0	0	0	0
Trace-_2_5	99608	304.175000	828.890000	0.008322	0	0	0	0
Trace-_2_5	99639	368.674000	1001.966000	0.010056	0	0	0	0
Trace-_2_5	99811	384.318000	1041.472000	0.010434	0	0	0	0
Trace-_2_5	99894	376.535000	1020.871000	0.010220	0	0	0	0
Trace-_2_5	99914	305.163000	831.580000	0.008323	0	0	0	0
Trace-_2_5	99951	356.054000	966.542000	0.009670	0	0	0	0
Trace-_1_5	1127	4.912000	13.291000	0.011793	0	0	0	0
Trace-_1_5	3726	16.344000	44.262000	0.011879	0	0	0	0
Trace-_1_5	6195	27.011000	73.322000	0.011836	0	0	0	0
Trace-_1_5	6408	28.275000	76.445000	0.011930	0	0	0	0
Trace-_1_5	6861	30.158000	81.135000	0.011826	0	0	0	0
Trace-_1_5	7510	33.466000	89.925000	0.011974	0	0	0	0
Trace-_1_5	9044	39.660000	106.861000	0.011816	0	0	0	0
Trace-_1_5	10448	45.812000	123.898000	0.011859	0	0	0	0
Trace-_1_5	10652	46.910000	126.682000	0.011893	0	0	0	0
Trace-_1_5	11514	51.132000	136.903000	0.011890	0	0	0	0
Trace-_1_5	11703	51.895000	139.427000	0.011914	0	0	0	0
Trace-_1_5	11863	52.075000	139.609000	0.011768	0	0	0	0
Trace-_1_5	12543	55.303000	149.186000	0.011894	0	0	0	0
Trace-_1_5	14849	65.855000	175.840000	0.011842	0	0	0	0
Trace-_1_5	15563	68.950000	185.144000	0.011896	0	0	0	0
Trace-_1_5	16878	74.910000	201.324000	0.011928	0	0	0	0
Trace-_1_5	18676	93.999000	235.269000	0.012597	0	0	0	0
Trace-_1_5	18772	87.020000	226.174000	0.012048	0	0	0	0
Trace-_1_5	19053	84.664000	227.468000	0.011939	0	0	0	0
Trace-_1_5	19689	87.833000	236.136000	0.011993	0	0	0	0
Trace-_1_5	20672	91.281000	245.244000	0.011864	0	0	0	0
Trace-_1_5	20987	93.841000	250.756000	0.011948	0	0	0	0
Trace-_1_5	22149	98.198000	263.299000	0.011888	0	0	0	0
Trace-_1_5	22792	101.380000	270.944000	0.011888	0	0	0	0
Trace-_1_5	23776	107.164000	284.407000	0.011962	0	0	0	0
Trace-_1_5	24167	108.893000	288.769000	0.011949	0	0	0	0
Trace-_1_5	24188	108.908000	288.937000	0.011945	0	0	0	0
Trace-_1_5	24695	111.480000	294.875000	0.011941	0	0	0	0
Trace-_1_5	27103	123.211000	324.789000	0.011984	0	0	0	0
Trace-_1_5	27537	123.506000	328.989000	0.011947	0	0	0	0
Trace-_1_5	28287	127.627000	338.239000	0.011957	0	0	0	0
Trace-_1_5	29221	131.632000	348.496000	0.011926	0	0	0	0
Trace-_1_5	29258	131.127000	351.380000	0.012010	0	0	0	0
Trace-_1_5	30351	142.052000	370.365000	0.012203	0	0	0	0
Trace-_1_5	30461	140.060000	368.693000	0.012104	0	0	0	0
Trace-_1_5	31184	141.694000	376.029000	0.012058	0	0	0	0
Trace-_1_5	33848	155.167000	411.496000	0.012157	0	0	0	0
Trace-_1_5	38074	173.244000	459.224000	0.012061	0	0	0	0
Trace-_1_5	38427	174.163000	461.107000	0.012000	0	0	0	0
Trace-_1_5	39977	175.934000	472.248000	0.011813	0	0	0	0
Trace-_1_5	40613	186.355000	494.962000	0.012187	0	0	0	0
Trace-_1_5	41447	187.300000	499.093000	0.012042	0	0	0	0
Trace-_1_5	41768	185.791000	498.062000	0.011924	0	0	0	0
Trace-_1_5	42369	190.375000	510.616000	0.012052	0	0	0	0
Trace-_1_5	42580	191.453000	511.163000	0.012005	0	0	0	0
Trace-_1_5	43637	193.709000	515.621000	0.011816	0	0	0	0
Trace-_1_5	43706	193.525000	517.018000	0.011829	0	0	0	0
Trace-_1_5	46535	206.298000	562.352000	0.012084	0	0	0	0
Trace-_1_5	47628	211.453000	567.696000	0.011919	0	0	0	0
Trace-_1_5	48585	201.987000	540.234000	0.011119	0	0	0	0
Trace-_1_5	49038	215.235000	572.900000	0.011683	0	0	0	0
Trace-_1_5	49622	204.085000	542.026000	0.010923	0	0	0	0
Trace-_1_5	49684	157.316000	420.566000	0.008465	0	0	0	0
Trace-_1_5	52109	235.902000	626.611000	0.012025	0	0	0	0
Trace-_1_5	52992	251.432000	650.682000	0.012279	0	0	0	0
Trace-_1_5	53703	238.073000	631.589000	0.011761	0	0	0	0
Trace-_1_5	53746	126.540000	335.612000	0.006244	0	0	0	0
Trace-_1_5	55712	250.502000	666.461000	0.011963	0	0	0	0
Trace-_1_5	55760	228.426000	608.910000	0.010920	0	0	0	0
Trace-_1_5	56346	253.557000	674.174000	0.011965	0	0	0	0
Trace-_1_5	60569	264.532000	706.155000	0.011659	0	0	0	0
Trace-_1_5	61799	246.489000	655.387000	0.010605	0	0	0	0
Trace-_1_5	62839	245.603000	654.580000	0.010417	0	0	0	0
Trace-_1_5	62911	234.753000	622.657000	0.009897	0	0	0	0
Trace-_1_5	63387	288.846000	766.420000	0.012091	0	0	0	0
Trace-_1_5	63788	293.989000	761.486000	0.011938	0	0	0	0
Trace-_1_5	64849	281.248000	746.122000	0.011506	0	0	0	0
Trace-_1_5	66372	261.279000	684.355000	0.010311	0	0	0	0
Trace-_1_5	66997	293.354000	784.073000	0.011703	0	0	0	0
Trace-_1_5	67996	301.290000	796.764000	0.011718	0	0	0	0
Trace-_1_5	68082	247.656000	655.285000	0.009625	0	0	0	0
Trace-_1_5	68550	292.292000	772.692000	0.011272	0	0	0	0
Trace-_1_5	68869	309.182000	819.870000	0.011905	0	0	0	0
Trace-_1_5	69802	260.735000	688.789000	0.009868	0	0	0	0
Trace-_1_5	70263	320.655000	846.803000	0.012052	0	0	0	0
Trace-_1_5	70329	294.997000	779.300000	0.011081	0	0	0	0
Trace-_1_5	71009	275.031000	728.207000	0.010255	0	0	0	0
Trace-_1_5	71065	253.430000	669.536000	0.009421	0	0	0	0
Trace-_1_5	72152	325.057000	861.275000	0.011937	0	0	0	0
Trace-_1_5	78726	302.215000	792.448000	0.010066	0	0	0	0
Trace-_1_5	80465	306.359000	781.522000	0.009713	0	0	0	0
Trace-_1_5	81457	305.181000	802.437000	0.009851	0	0	0	0
Trace-_1_5	82537	340.226000	892.885000	0.010818	0	0	0	0
Trace-_1_5	83113	352.984000	926.353000	0.011146	0	0	0	0
Trace-_1_5	83964	356.327000	932.896000	0.011111	0	0	0	0
Trace-_1_5	83986	196.665000	510.172000	0.006074	0	0	0	0
Trace-_1_5	85805	346.847000	904.146000	0.010537	0	0	0	0
Trace-_1_5	89677	350.707000	914.134000	0.010194	0	0	0	0
Trace-_1_5	90432	328.294000	857.084000	0.009478	0	0	0	0
Trace-_1_5	90517	377.324000	991.597000	0.010955	0	0	0	0
Trace-_1_5	92412	382.554000	1001.960000	0.010842	0	0	0	0
Trace-_1_5	92837	342.690000	904.854000	0.009747	0	0	0	0
Trace-_1_5	93168	381.885000	995.250000	0.010682	0	0	0	0
Trace-_1_5	94658	358.475000	907.698000	0.009589	0	0	0	0
Trace-_1_5	94719	392.033000	1021.305000	0.010782	0	0	0	0
Trace-_1_5	95164	316.454000	820.255000	0.008619	0	0	0	0
Trace-_1_5	95327	390.839000	1030.486000	0.010810	0	0	0	0
Trace-_1_5	99170	402.754000	1050.767000	0.010596	0	0	0	0
Trace-_1_5	99353	336.095000	877.187000	0.008829	0	0	0	0
Trace-_1_5	99622	332.072000	858.004000	0.008613	0	0	0	0
Trace-_1_5	99672	404.879000	1056.053000	0.010595	0	0	0	0
Trace-_1_5	99851	339.046000	880.777000	0.008821	0	0	0	0
Trace-_0_5	627	3.003000	7.674000	0.012239	0	0	0	0
Trace-_0_5	735	3.462000	8.936000	0.012158	0	0	0	0
Trace-_0_5	20104	95.589000	249.155000	0.012393	0	0	0	0
Trace-_0_5	32004	161.124000	404.288000	0.012632	0	0	0	0
Trace-_0_5	33366	161.889000	411.897000	0.012345	0	0	0	0
Trace-_0_5	34807	173.604000	437.582000	0.012572	0	0	0	0
Trace-_0_5	35265	169.234000	433.746000	0.012300	0	0	0	0
Trace-_0_5	36892	178.054000	460.099000	0.012472	0	0	0	0
Trace-_0_5	46225	220.923000	567.334000	0.012273	0	0	0	0
Trace-_0_5	56995	284.396000	713.680000	0.012522	0	0	0	0
Trace-_0_5	58120	282.804000	715.876000	0.012317	0	0	0	0
Trace-_0_5	66707	327.045000	816.402000	0.012239	0	0	0	0
Trace-_0_5	68728	322.800000	790.338000	0.011500	0	0	0	0
Trace-_0_5	71954	351.134000	885.770000	0.012310	0	0	0	0
Trace-_0_5	92306	364.256000	885.075000	0.009588	0	0	0	0
null	0	0.000000	0.001000	inf	0	0	0	0
