Just remind, previous keywords: 2153645
update begin...
[INFO] - Random DB generation: thread 3 completed: (0, 0, 0, 0, 0)
[INFO] - Random DB generation: thread 0 completed: (0, 0, 0, 0, 0)
[INFO] - Random DB generation: thread 2 completed: (0, 0, 0, 0, 0)
[INFO] - Random DB generation: thread 1 completed: (0, 0, 0, 0, 0)
[INFO] - total update time: 3.252 ms
Trace-_2_5	29
Trace-_2_5	29
Trace-_2_5	29
Trace-_2_5	125
Trace-_2_5	125
Trace-_2_5	125
Trace-_2_5	254
Trace-_2_5	254
Trace-_2_5	254
Trace-_2_5	385
Trace-_2_5	385
Trace-_2_5	385
Trace-_2_5	581
Trace-_2_5	581
Trace-_2_5	581
Trace-_2_5	628
Trace-_2_5	628
Trace-_2_5	628
Trace-_2_5	693
Trace-_2_5	693
Trace-_2_5	693
Trace-_2_5	722
Trace-_2_5	722
Trace-_2_5	722
Trace-_2_5	966
Trace-_2_5	966
Trace-_2_5	966
Trace-_2_5	1039
Trace-_2_5	1039
Trace-_2_5	1039
Trace-_2_5	1207
Trace-_2_5	1207
Trace-_2_5	1207
Trace-_2_5	1228
Trace-_2_5	1228
Trace-_2_5	1228
Trace-_2_5	1258
Trace-_2_5	1258
Trace-_2_5	1258
Trace-_2_5	1263
Trace-_2_5	1263
Trace-_2_5	1263
Trace-_2_5	1396
Trace-_2_5	1396
Trace-_2_5	1396
Trace-_2_5	1473
Trace-_2_5	1473
Trace-_2_5	1473
Trace-_2_5	1629
Trace-_2_5	1629
Trace-_2_5	1629
Trace-_2_5	1635
Trace-_2_5	1635
Trace-_2_5	1635
Trace-_2_5	1853
Trace-_2_5	1853
Trace-_2_5	1853
Trace-_2_5	1965
Trace-_2_5	1965
Trace-_2_5	1965
Trace-_2_5	1971
Trace-_2_5	1971
Trace-_2_5	1971
Trace-_2_5	2014
Trace-_2_5	2014
Trace-_2_5	2014
Trace-_2_5	2019
Trace-_2_5	2019
Trace-_2_5	2019
Trace-_2_5	2043
Trace-_2_5	2043
Trace-_2_5	2043
Trace-_2_5	2051
Trace-_2_5	2051
Trace-_2_5	2051
Trace-_2_5	2058
Trace-_2_5	2058
Trace-_2_5	2058
Trace-_2_5	2154
Trace-_2_5	2154
Trace-_2_5	2154
Trace-_2_5	2423
Trace-_2_5	2423
Trace-_2_5	2423
Trace-_2_5	2574
Trace-_2_5	2574
Trace-_2_5	2574
Trace-_2_5	2770
Trace-_2_5	2770
Trace-_2_5	2770
Trace-_2_5	2782
Trace-_2_5	2782
Trace-_2_5	2782
Trace-_2_5	2843
Trace-_2_5	2843
Trace-_2_5	2843
Trace-_2_5	2866
Trace-_2_5	2866
Trace-_2_5	2866
Trace-_2_5	2932
Trace-_2_5	2932
Trace-_2_5	2932
Trace-_2_5	3068
Trace-_2_5	3068
Trace-_2_5	3068
Trace-_2_5	3095
Trace-_2_5	3095
Trace-_2_5	3095
Trace-_2_5	3170
Trace-_2_5	3170
Trace-_2_5	3170
Trace-_2_5	3295
Trace-_2_5	3295
Trace-_2_5	3295
Trace-_2_5	3435
Trace-_2_5	3435
Trace-_2_5	3435
Trace-_2_5	3607
Trace-_2_5	3607
Trace-_2_5	3607
Trace-_2_5	3967
Trace-_2_5	3967
Trace-_2_5	3967
Trace-_2_5	4105
Trace-_2_5	4105
Trace-_2_5	4105
Trace-_2_5	4314
Trace-_2_5	4314
Trace-_2_5	4314
Trace-_2_5	4352
Trace-_2_5	4352
Trace-_2_5	4352
Trace-_2_5	4377
Trace-_2_5	4377
Trace-_2_5	4377
Trace-_2_5	4441
Trace-_2_5	4441
Trace-_2_5	4441
Trace-_2_5	4487
Trace-_2_5	4487
Trace-_2_5	4487
Trace-_2_5	4752
Trace-_2_5	4752
Trace-_2_5	4752
Trace-_2_5	4838
Trace-_2_5	4838
Trace-_2_5	4838
Trace-_2_5	4883
Trace-_2_5	4883
Trace-_2_5	4883
Trace-_2_5	4917
Trace-_2_5	4917
Trace-_2_5	4917
Trace-_2_5	5086
Trace-_2_5	5086
Trace-_2_5	5086
Trace-_2_5	5396
Trace-_2_5	5396
Trace-_2_5	5396
Trace-_2_5	5459
Trace-_2_5	5459
Trace-_2_5	5459
Trace-_2_5	5727
Trace-_2_5	5727
Trace-_2_5	5727
Trace-_2_5	5740
Trace-_2_5	5740
Trace-_2_5	5740
Trace-_2_5	5852
Trace-_2_5	5852
Trace-_2_5	5852
Trace-_2_5	5958
Trace-_2_5	5958
Trace-_2_5	5958
Trace-_2_5	6016
Trace-_2_5	6016
Trace-_2_5	6016
Trace-_2_5	6330
Trace-_2_5	6330
Trace-_2_5	6330
Trace-_2_5	6401
Trace-_2_5	6401
Trace-_2_5	6401
Trace-_2_5	6427
Trace-_2_5	6427
Trace-_2_5	6427
Trace-_2_5	6583
Trace-_2_5	6583
Trace-_2_5	6583
Trace-_2_5	6689
Trace-_2_5	6689
Trace-_2_5	6689
Trace-_2_5	6848
Trace-_2_5	6848
Trace-_2_5	6848
Trace-_2_5	6984
Trace-_2_5	6984
Trace-_2_5	6984
Trace-_2_5	7034
Trace-_2_5	7034
Trace-_2_5	7034
Trace-_2_5	7168
Trace-_2_5	7168
Trace-_2_5	7168
Trace-_2_5	7253
Trace-_2_5	7253
Trace-_2_5	7253
Trace-_2_5	7430
Trace-_2_5	7430
Trace-_2_5	7430
Trace-_2_5	7463
Trace-_2_5	7463
Trace-_2_5	7463
Trace-_2_5	7468
Trace-_2_5	7468
Trace-_2_5	7468
Trace-_2_5	7597
Trace-_2_5	7597
Trace-_2_5	7597
Trace-_2_5	7716
Trace-_2_5	7716
Trace-_2_5	7716
Trace-_2_5	7937
Trace-_2_5	7937
Trace-_2_5	7937
Trace-_2_5	7996
Trace-_2_5	7996
Trace-_2_5	7996
Trace-_2_5	8082
Trace-_2_5	8082
Trace-_2_5	8082
Trace-_2_5	8099
Trace-_2_5	8099
Trace-_2_5	8099
Trace-_2_5	8197
Trace-_2_5	8197
Trace-_2_5	8197
Trace-_2_5	8377
Trace-_2_5	8377
Trace-_2_5	8377
Trace-_2_5	8651
Trace-_2_5	8651
Trace-_2_5	8651
Trace-_2_5	8690
Trace-_2_5	8690
Trace-_2_5	8690
Trace-_2_5	8721
Trace-_2_5	8721
Trace-_2_5	8721
Trace-_2_5	8735
Trace-_2_5	8735
Trace-_2_5	8735
Trace-_2_5	8869
Trace-_2_5	8869
Trace-_2_5	8869
Trace-_2_5	8903
Trace-_2_5	8903
Trace-_2_5	8903
Trace-_2_5	9061
Trace-_2_5	9061
Trace-_2_5	9061
Trace-_2_5	9077
Trace-_2_5	9077
Trace-_2_5	9077
Trace-_2_5	9129
Trace-_2_5	9129
Trace-_2_5	9129
Trace-_2_5	9175
Trace-_2_5	9175
Trace-_2_5	9175
Trace-_2_5	9216
Trace-_2_5	9216
Trace-_2_5	9216
Trace-_2_5	9238
Trace-_2_5	9238
Trace-_2_5	9238
Trace-_2_5	9248
Trace-_2_5	9248
Trace-_2_5	9248
Trace-_2_5	9255
Trace-_2_5	9255
Trace-_2_5	9255
Trace-_2_5	9360
Trace-_2_5	9360
Trace-_2_5	9360
Trace-_2_5	9508
Trace-_2_5	9508
Trace-_2_5	9508
Trace-_2_5	9620
Trace-_2_5	9620
Trace-_2_5	9620
Trace-_2_5	9698
Trace-_2_5	9698
Trace-_2_5	9698
Trace-_2_5	9748
Trace-_2_5	9748
Trace-_2_5	9748
Trace-_2_5	9851
Trace-_2_5	9851
Trace-_2_5	9851
Trace-_2_5	9854
Trace-_2_5	9854
Trace-_2_5	9854
Trace-_2_5	9951
Trace-_2_5	9951
Trace-_2_5	9951
Trace-_2_5	9992
Trace-_2_5	9992
Trace-_2_5	9992
Trace-_2_5	10242
Trace-_2_5	10242
Trace-_2_5	10242
Trace-_2_5	10261
Trace-_2_5	10261
Trace-_2_5	10261
Trace-_2_5	10480
Trace-_2_5	10480
Trace-_2_5	10480
Trace-_2_5	10510
Trace-_2_5	10510
Trace-_2_5	10510
Trace-_2_5	10915
Trace-_2_5	10915
Trace-_2_5	10915
Trace-_2_5	11723
Trace-_2_5	11723
Trace-_2_5	11723
Trace-_2_5	11763
Trace-_2_5	11763
Trace-_2_5	11763
Trace-_2_5	11842
Trace-_2_5	11842
Trace-_2_5	11842
Trace-_2_5	11848
Trace-_2_5	11848
Trace-_2_5	11848
Trace-_2_5	11987
Trace-_2_5	11987
Trace-_2_5	11987
Trace-_2_5	12211
Trace-_2_5	12211
Trace-_2_5	12211
Trace-_2_5	12389
Trace-_2_5	12389
Trace-_2_5	12389
Trace-_2_5	12496
Trace-_2_5	12496
Trace-_2_5	12496
Trace-_2_5	12515
Trace-_2_5	12515
Trace-_2_5	12515
Trace-_2_5	12528
Trace-_2_5	12528
Trace-_2_5	12528
Trace-_2_5	12563
Trace-_2_5	12563
Trace-_2_5	12563
Trace-_2_5	12582
Trace-_2_5	12582
Trace-_2_5	12582
Trace-_2_5	12595
Trace-_2_5	12595
Trace-_2_5	12595
Trace-_2_5	12624
Trace-_2_5	12624
Trace-_2_5	12624
Trace-_2_5	12710
Trace-_2_5	12710
Trace-_2_5	12710
Trace-_2_5	12746
Trace-_2_5	12746
Trace-_2_5	12746
Trace-_2_5	12886
Trace-_2_5	12886
Trace-_2_5	12886
Trace-_2_5	12891
Trace-_2_5	12891
Trace-_2_5	12891
Trace-_2_5	12903
Trace-_2_5	12903
Trace-_2_5	12903
Trace-_2_5	12909
Trace-_2_5	12909
Trace-_2_5	12909
Trace-_2_5	13026
Trace-_2_5	13026
Trace-_2_5	13026
Trace-_2_5	13094
Trace-_2_5	13094
Trace-_2_5	13094
Trace-_2_5	13328
Trace-_2_5	13328
Trace-_2_5	13328
Trace-_2_5	13608
Trace-_2_5	13608
Trace-_2_5	13608
Trace-_2_5	13716
Trace-_2_5	13716
Trace-_2_5	13716
Trace-_2_5	13775
Trace-_2_5	13775
Trace-_2_5	13775
Trace-_2_5	13855
Trace-_2_5	13855
Trace-_2_5	13855
Trace-_2_5	13957
Trace-_2_5	13957
Trace-_2_5	13957
Trace-_2_5	14288
Trace-_2_5	14288
Trace-_2_5	14288
Trace-_2_5	14546
Trace-_2_5	14546
Trace-_2_5	14546
Trace-_2_5	14630
Trace-_2_5	14630
Trace-_2_5	14630
Trace-_2_5	14860
Trace-_2_5	14860
Trace-_2_5	14860
Trace-_2_5	14877
Trace-_2_5	14877
Trace-_2_5	14877
Trace-_2_5	15144
Trace-_2_5	15144
Trace-_2_5	15144
Trace-_2_5	15171
Trace-_2_5	15171
Trace-_2_5	15171
Trace-_2_5	15183
Trace-_2_5	15183
Trace-_2_5	15183
Trace-_2_5	15204
Trace-_2_5	15204
Trace-_2_5	15204
Trace-_2_5	15209
Trace-_2_5	15209
Trace-_2_5	15209
Trace-_2_5	15234
Trace-_2_5	15234
Trace-_2_5	15234
Trace-_2_5	15332
Trace-_2_5	15332
Trace-_2_5	15332
Trace-_2_5	15357
Trace-_2_5	15357
Trace-_2_5	15357
Trace-_2_5	15531
Trace-_2_5	15531
Trace-_2_5	15531
Trace-_2_5	15736
Trace-_2_5	15736
Trace-_2_5	15736
Trace-_2_5	15765
Trace-_2_5	15765
Trace-_2_5	15765
Trace-_2_5	15794
Trace-_2_5	15794
Trace-_2_5	15794
Trace-_2_5	15900
Trace-_2_5	15900
Trace-_2_5	15900
Trace-_2_5	15999
Trace-_2_5	15999
Trace-_2_5	15999
Trace-_2_5	16073
Trace-_2_5	16073
Trace-_2_5	16073
Trace-_2_5	16096
Trace-_2_5	16096
Trace-_2_5	16096
Trace-_2_5	16406
Trace-_2_5	16406
Trace-_2_5	16406
Trace-_2_5	16451
Trace-_2_5	16451
Trace-_2_5	16451
Trace-_2_5	16585
Trace-_2_5	16585
Trace-_2_5	16585
Trace-_2_5	16586
Trace-_2_5	16586
Trace-_2_5	16586
Trace-_2_5	16699
Trace-_2_5	16699
Trace-_2_5	16699
Trace-_2_5	16705
Trace-_2_5	16705
Trace-_2_5	16705
Trace-_2_5	16886
Trace-_2_5	16886
Trace-_2_5	16886
Trace-_2_5	16894
Trace-_2_5	16894
Trace-_2_5	16894
Trace-_2_5	17027
Trace-_2_5	17027
Trace-_2_5	17027
Trace-_2_5	17392
Trace-_2_5	17392
Trace-_2_5	17392
Trace-_2_5	17560
Trace-_2_5	17560
Trace-_2_5	17560
Trace-_2_5	17761
Trace-_2_5	17761
Trace-_2_5	17761
Trace-_2_5	17808
Trace-_2_5	17808
Trace-_2_5	17808
Trace-_2_5	17897
Trace-_2_5	17897
Trace-_2_5	17897
Trace-_2_5	18045
Trace-_2_5	18045
Trace-_2_5	18045
Trace-_2_5	18072
Trace-_2_5	18072
Trace-_2_5	18072
Trace-_2_5	18181
Trace-_2_5	18181
Trace-_2_5	18181
Trace-_2_5	18235
Trace-_2_5	18235
Trace-_2_5	18235
Trace-_2_5	18340
Trace-_2_5	18340
Trace-_2_5	18340
Trace-_2_5	18360
Trace-_2_5	18360
Trace-_2_5	18360
Trace-_2_5	18421
Trace-_2_5	18421
Trace-_2_5	18421
Trace-_2_5	18606
Trace-_2_5	18606
Trace-_2_5	18606
Trace-_2_5	18832
Trace-_2_5	18832
Trace-_2_5	18832
Trace-_2_5	18857
Trace-_2_5	18857
Trace-_2_5	18857
Trace-_2_5	18905
Trace-_2_5	18905
Trace-_2_5	18905
Trace-_2_5	19092
Trace-_2_5	19092
Trace-_2_5	19092
Trace-_2_5	19098
Trace-_2_5	19098
Trace-_2_5	19098
Trace-_2_5	19165
Trace-_2_5	19165
Trace-_2_5	19165
Trace-_2_5	19338
Trace-_2_5	19338
Trace-_2_5	19338
Trace-_2_5	19413
Trace-_2_5	19413
Trace-_2_5	19413
Trace-_2_5	19438
Trace-_2_5	19438
Trace-_2_5	19438
Trace-_2_5	19478
Trace-_2_5	19478
Trace-_2_5	19478
Trace-_2_5	19547
Trace-_2_5	19547
Trace-_2_5	19547
Trace-_2_5	19661
Trace-_2_5	19661
Trace-_2_5	19661
Trace-_2_5	19702
Trace-_2_5	19702
Trace-_2_5	19702
Trace-_2_5	19975
Trace-_2_5	19975
Trace-_2_5	19975
Trace-_2_5	20079
Trace-_2_5	20079
Trace-_2_5	20079
Trace-_2_5	20085
Trace-_2_5	20085
Trace-_2_5	20085
Trace-_2_5	20169
Trace-_2_5	20169
Trace-_2_5	20169
Trace-_2_5	20348
Trace-_2_5	20348
Trace-_2_5	20348
Trace-_2_5	20440
Trace-_2_5	20440
Trace-_2_5	20440
Trace-_2_5	20528
Trace-_2_5	20528
Trace-_2_5	20528
Trace-_2_5	20711
Trace-_2_5	20711
Trace-_2_5	20711
Trace-_2_5	20804
Trace-_2_5	20804
Trace-_2_5	20804
Trace-_2_5	21063
Trace-_2_5	21063
Trace-_2_5	21063
Trace-_2_5	21408
Trace-_2_5	21408
Trace-_2_5	21408
Trace-_2_5	21520
Trace-_2_5	21520
Trace-_2_5	21520
Trace-_2_5	21651
Trace-_2_5	21651
Trace-_2_5	21651
Trace-_2_5	21681
Trace-_2_5	21681
Trace-_2_5	21681
Trace-_2_5	21785
Trace-_2_5	21785
Trace-_2_5	21785
Trace-_2_5	21848
Trace-_2_5	21848
Trace-_2_5	21848
Trace-_2_5	21922
Trace-_2_5	21922
Trace-_2_5	21922
Trace-_2_5	22084
Trace-_2_5	22084
Trace-_2_5	22084
Trace-_2_5	22175
Trace-_2_5	22175
Trace-_2_5	22175
Trace-_2_5	22391
Trace-_2_5	22391
Trace-_2_5	22391
Trace-_2_5	22565
Trace-_2_5	22565
Trace-_2_5	22565
Trace-_2_5	22891
Trace-_2_5	22891
Trace-_2_5	22891
Trace-_2_5	22948
Trace-_2_5	22948
Trace-_2_5	22948
Trace-_2_5	22964
Trace-_2_5	22964
Trace-_2_5	22964
Trace-_2_5	23054
Trace-_2_5	23054
Trace-_2_5	23054
Trace-_2_5	23121
Trace-_2_5	23121
Trace-_2_5	23121
Trace-_2_5	23425
Trace-_2_5	23425
Trace-_2_5	23425
Trace-_2_5	23546
Trace-_2_5	23546
Trace-_2_5	23546
Trace-_2_5	23569
Trace-_2_5	23569
Trace-_2_5	23569
Trace-_2_5	23605
Trace-_2_5	23605
Trace-_2_5	23605
Trace-_2_5	23674
Trace-_2_5	23674
Trace-_2_5	23674
Trace-_2_5	23802
Trace-_2_5	23802
Trace-_2_5	23802
Trace-_2_5	24069
Trace-_2_5	24069
Trace-_2_5	24069
Trace-_2_5	24078
Trace-_2_5	24078
Trace-_2_5	24078
Trace-_2_5	24291
Trace-_2_5	24291
Trace-_2_5	24291
Trace-_2_5	24301
Trace-_2_5	24301
Trace-_2_5	24301
Trace-_2_5	24317
Trace-_2_5	24317
Trace-_2_5	24317
Trace-_2_5	24586
Trace-_2_5	24586
Trace-_2_5	24586
Trace-_2_5	24622
Trace-_2_5	24622
Trace-_2_5	24622
Trace-_2_5	24713
Trace-_2_5	24713
Trace-_2_5	24713
Trace-_2_5	24767
Trace-_2_5	24767
Trace-_2_5	24767
Trace-_2_5	24795
Trace-_2_5	24795
Trace-_2_5	24795
Trace-_2_5	24897
Trace-_2_5	24897
Trace-_2_5	24897
Trace-_2_5	24940
Trace-_2_5	24940
Trace-_2_5	24940
Trace-_2_5	24955
Trace-_2_5	24955
Trace-_2_5	24955
Trace-_2_5	25046
Trace-_2_5	25046
Trace-_2_5	25046
Trace-_2_5	25103
Trace-_2_5	25103
Trace-_2_5	25103
Trace-_2_5	25135
Trace-_2_5	25135
Trace-_2_5	25135
Trace-_2_5	25155
Trace-_2_5	25155
Trace-_2_5	25155
Trace-_2_5	25160
Trace-_2_5	25160
Trace-_2_5	25160
Trace-_2_5	25229
Trace-_2_5	25229
Trace-_2_5	25229
Trace-_2_5	25275
Trace-_2_5	25275
Trace-_2_5	25275
Trace-_2_5	25513
Trace-_2_5	25513
Trace-_2_5	25513
Trace-_2_5	25705
Trace-_2_5	25705
Trace-_2_5	25705
Trace-_2_5	25745
Trace-_2_5	25745
Trace-_2_5	25745
Trace-_2_5	25792
Trace-_2_5	25792
Trace-_2_5	25792
Trace-_2_5	25806
Trace-_2_5	25806
Trace-_2_5	25806
Trace-_2_5	25838
Trace-_2_5	25838
Trace-_2_5	25838
Trace-_2_5	25922
Trace-_2_5	25922
Trace-_2_5	25922
Trace-_2_5	25954
Trace-_2_5	25954
Trace-_2_5	25954
Trace-_2_5	26130
Trace-_2_5	26130
Trace-_2_5	26130
Trace-_2_5	26248
Trace-_2_5	26248
Trace-_2_5	26248
Trace-_2_5	26475
Trace-_2_5	26475
Trace-_2_5	26475
Trace-_2_5	27015
Trace-_2_5	27015
Trace-_2_5	27015
Trace-_2_5	27218
Trace-_2_5	27218
Trace-_2_5	27218
Trace-_2_5	27326
Trace-_2_5	27326
Trace-_2_5	27326
Trace-_2_5	27395
Trace-_2_5	27395
Trace-_2_5	27395
Trace-_2_5	27452
Trace-_2_5	27452
Trace-_2_5	27452
Trace-_2_5	27478
Trace-_2_5	27478
Trace-_2_5	27478
Trace-_2_5	27499
Trace-_2_5	27499
Trace-_2_5	27499
Trace-_2_5	27550
Trace-_2_5	27550
Trace-_2_5	27550
Trace-_2_5	27666
Trace-_2_5	27666
Trace-_2_5	27666
Trace-_2_5	27681
Trace-_2_5	27681
Trace-_2_5	27681
Trace-_2_5	27751
Trace-_2_5	27751
Trace-_2_5	27751
Trace-_2_5	27787
Trace-_2_5	27787
Trace-_2_5	27787
Trace-_2_5	27865
Trace-_2_5	27865
Trace-_2_5	27865
Trace-_2_5	28078
Trace-_2_5	28078
Trace-_2_5	28078
Trace-_2_5	28088
Trace-_2_5	28088
Trace-_2_5	28088
Trace-_2_5	28332
Trace-_2_5	28332
Trace-_2_5	28332
Trace-_2_5	28383
Trace-_2_5	28383
Trace-_2_5	28383
Trace-_2_5	28548
Trace-_2_5	28548
Trace-_2_5	28548
Trace-_2_5	28571
Trace-_2_5	28571
Trace-_2_5	28571
Trace-_2_5	28618
Trace-_2_5	28618
Trace-_2_5	28618
Trace-_2_5	28619
Trace-_2_5	28619
Trace-_2_5	28619
Trace-_2_5	28863
Trace-_2_5	28863
Trace-_2_5	28863
Trace-_2_5	28932
Trace-_2_5	28932
Trace-_2_5	28932
Trace-_2_5	29047
Trace-_2_5	29047
Trace-_2_5	29047
Trace-_2_5	29188
Trace-_2_5	29188
Trace-_2_5	29188
Trace-_2_5	29345
Trace-_2_5	29345
Trace-_2_5	29345
Trace-_2_5	29410
Trace-_2_5	29410
Trace-_2_5	29410
Trace-_2_5	29496
Trace-_2_5	29496
Trace-_2_5	29496
Trace-_2_5	29640
Trace-_2_5	29640
Trace-_2_5	29640
Trace-_2_5	29697
Trace-_2_5	29697
Trace-_2_5	29697
Trace-_2_5	29704
Trace-_2_5	29704
Trace-_2_5	29704
Trace-_2_5	29747
Trace-_2_5	29747
Trace-_2_5	29747
Trace-_2_5	29851
Trace-_2_5	29851
Trace-_2_5	29851
Trace-_2_5	29852
Trace-_2_5	29852
Trace-_2_5	29852
Trace-_2_5	29871
Trace-_2_5	29871
Trace-_2_5	29871
Trace-_2_5	29878
Trace-_2_5	29878
Trace-_2_5	29878
Trace-_2_5	30044
Trace-_2_5	30044
Trace-_2_5	30044
Trace-_2_5	30069
Trace-_2_5	30069
Trace-_2_5	30069
Trace-_2_5	30081
Trace-_2_5	30081
Trace-_2_5	30081
Trace-_2_5	30095
Trace-_2_5	30095
Trace-_2_5	30095
Trace-_2_5	30121
Trace-_2_5	30121
Trace-_2_5	30121
Trace-_2_5	30207
Trace-_2_5	30207
Trace-_2_5	30207
Trace-_2_5	30442
Trace-_2_5	30442
Trace-_2_5	30442
Trace-_2_5	30538
Trace-_2_5	30538
Trace-_2_5	30538
Trace-_2_5	30616
Trace-_2_5	30616
Trace-_2_5	30616
Trace-_2_5	30726
Trace-_2_5	30726
Trace-_2_5	30726
Trace-_2_5	30754
Trace-_2_5	30754
Trace-_2_5	30754
Trace-_2_5	30823
Trace-_2_5	30823
Trace-_2_5	30823
Trace-_2_5	30870
Trace-_2_5	30870
Trace-_2_5	30870
Trace-_2_5	30932
Trace-_2_5	30932
Trace-_2_5	30932
Trace-_2_5	30950
Trace-_2_5	30950
Trace-_2_5	30950
Trace-_2_5	30977
Trace-_2_5	30977
Trace-_2_5	30977
Trace-_2_5	30987
Trace-_2_5	30987
Trace-_2_5	30987
Trace-_2_5	31041
Trace-_2_5	31041
Trace-_2_5	31041
Trace-_2_5	31070
Trace-_2_5	31070
Trace-_2_5	31070
Trace-_2_5	31092
Trace-_2_5	31092
Trace-_2_5	31092
Trace-_2_5	31285
Trace-_2_5	31285
Trace-_2_5	31285
Trace-_2_5	31301
Trace-_2_5	31301
Trace-_2_5	31301
Trace-_2_5	31414
Trace-_2_5	31414
Trace-_2_5	31414
Trace-_2_5	31425
Trace-_2_5	31425
Trace-_2_5	31425
Trace-_2_5	31594
Trace-_2_5	31594
Trace-_2_5	31594
Trace-_2_5	31764
Trace-_2_5	31764
Trace-_2_5	31764
Trace-_2_5	32196
Trace-_2_5	32196
Trace-_2_5	32196
Trace-_2_5	32355
Trace-_2_5	32355
Trace-_2_5	32355
Trace-_2_5	32402
Trace-_2_5	32402
Trace-_2_5	32402
Trace-_2_5	32412
Trace-_2_5	32412
Trace-_2_5	32412
Trace-_2_5	32454
Trace-_2_5	32454
Trace-_2_5	32454
Trace-_2_5	32499
Trace-_2_5	32499
Trace-_2_5	32499
Trace-_2_5	32627
Trace-_2_5	32627
Trace-_2_5	32627
Trace-_2_5	32649
Trace-_2_5	32649
Trace-_2_5	32649
Trace-_2_5	33084
Trace-_2_5	33084
Trace-_2_5	33084
Trace-_2_5	33106
Trace-_2_5	33106
Trace-_2_5	33106
Trace-_2_5	33117
Trace-_2_5	33117
Trace-_2_5	33117
Trace-_2_5	34041
Trace-_2_5	34041
Trace-_2_5	34041
Trace-_2_5	34246
Trace-_2_5	34246
Trace-_2_5	34246
Trace-_2_5	34252
Trace-_2_5	34252
Trace-_2_5	34252
Trace-_2_5	34264
Trace-_2_5	34264
Trace-_2_5	34264
Trace-_2_5	34295
Trace-_2_5	34295
Trace-_2_5	34295
Trace-_2_5	34352
Trace-_2_5	34352
Trace-_2_5	34352
Trace-_2_5	34566
Trace-_2_5	34566
Trace-_2_5	34566
Trace-_2_5	34693
Trace-_2_5	34693
Trace-_2_5	34693
Trace-_2_5	34766
Trace-_2_5	34766
Trace-_2_5	34766
Trace-_2_5	34867
Trace-_2_5	34867
Trace-_2_5	34867
Trace-_2_5	34999
Trace-_2_5	34999
Trace-_2_5	34999
Trace-_2_5	35241
Trace-_2_5	35241
Trace-_2_5	35241
Trace-_2_5	35254
Trace-_2_5	35254
Trace-_2_5	35254
Trace-_2_5	35326
Trace-_2_5	35326
Trace-_2_5	35326
Trace-_2_5	35339
Trace-_2_5	35339
Trace-_2_5	35339
Trace-_2_5	35343
Trace-_2_5	35343
Trace-_2_5	35343
Trace-_2_5	35359
Trace-_2_5	35359
Trace-_2_5	35359
Trace-_2_5	35448
Trace-_2_5	35448
Trace-_2_5	35448
Trace-_2_5	35602
Trace-_2_5	35602
Trace-_2_5	35602
Trace-_2_5	35614
Trace-_2_5	35614
Trace-_2_5	35614
Trace-_2_5	36390
Trace-_2_5	36390
Trace-_2_5	36390
Trace-_2_5	36430
Trace-_2_5	36430
Trace-_2_5	36430
Trace-_2_5	36819
Trace-_2_5	36819
Trace-_2_5	36819
Trace-_2_5	36980
Trace-_2_5	36980
Trace-_2_5	36980
Trace-_2_5	37032
Trace-_2_5	37032
Trace-_2_5	37032
Trace-_2_5	37071
Trace-_2_5	37071
Trace-_2_5	37071
Trace-_2_5	37375
Trace-_2_5	37375
Trace-_2_5	37375
Trace-_2_5	37383
Trace-_2_5	37383
Trace-_2_5	37383
Trace-_2_5	37705
Trace-_2_5	37705
Trace-_2_5	37705
Trace-_2_5	37766
Trace-_2_5	37766
Trace-_2_5	37766
Trace-_2_5	37787
Trace-_2_5	37787
Trace-_2_5	37787
Trace-_2_5	37799
Trace-_2_5	37799
Trace-_2_5	37799
Trace-_2_5	38018
Trace-_2_5	38018
Trace-_2_5	38018
Trace-_2_5	38156
Trace-_2_5	38156
Trace-_2_5	38156
Trace-_2_5	38222
Trace-_2_5	38222
Trace-_2_5	38222
Trace-_2_5	38355
Trace-_2_5	38355
Trace-_2_5	38355
Trace-_2_5	38497
Trace-_2_5	38497
Trace-_2_5	38497
Trace-_2_5	38586
Trace-_2_5	38586
Trace-_2_5	38586
Trace-_2_5	38736
Trace-_2_5	38736
Trace-_2_5	38736
Trace-_2_5	38962
Trace-_2_5	38962
Trace-_2_5	38962
Trace-_2_5	39012
Trace-_2_5	39012
Trace-_2_5	39012
Trace-_2_5	39096
Trace-_2_5	39096
Trace-_2_5	39096
Trace-_2_5	39789
Trace-_2_5	39789
Trace-_2_5	39789
Trace-_2_5	39809
Trace-_2_5	39809
Trace-_2_5	39809
Trace-_2_5	39936
Trace-_2_5	39936
Trace-_2_5	39936
Trace-_2_5	39950
Trace-_2_5	39950
Trace-_2_5	39950
Trace-_2_5	39996
Trace-_2_5	39996
Trace-_2_5	39996
Trace-_2_5	40051
Trace-_2_5	40051
Trace-_2_5	40051
Trace-_2_5	40174
Trace-_2_5	40174
Trace-_2_5	40174
Trace-_2_5	40272
Trace-_2_5	40272
Trace-_2_5	40272
Trace-_2_5	40285
Trace-_2_5	40285
Trace-_2_5	40285
Trace-_2_5	40374
Trace-_2_5	40374
Trace-_2_5	40374
Trace-_2_5	40392
Trace-_2_5	40392
Trace-_2_5	40392
Trace-_2_5	40467
Trace-_2_5	40467
Trace-_2_5	40467
Trace-_2_5	40522
Trace-_2_5	40522
Trace-_2_5	40522
Trace-_2_5	40562
Trace-_2_5	40562
Trace-_2_5	40562
Trace-_2_5	40970
Trace-_2_5	40970
Trace-_2_5	40970
Trace-_2_5	40995
Trace-_2_5	40995
Trace-_2_5	40995
Trace-_2_5	40997
Trace-_2_5	40997
Trace-_2_5	40997
Trace-_2_5	41445
Trace-_2_5	41445
Trace-_2_5	41445
Trace-_2_5	41524
Trace-_2_5	41524
Trace-_2_5	41524
Trace-_2_5	41747
Trace-_2_5	41747
Trace-_2_5	41747
Trace-_2_5	41918
Trace-_2_5	41918
Trace-_2_5	41918
Trace-_2_5	42062
Trace-_2_5	42062
Trace-_2_5	42062
Trace-_2_5	42418
Trace-_2_5	42418
Trace-_2_5	42418
Trace-_2_5	42457
Trace-_2_5	42457
Trace-_2_5	42457
Trace-_2_5	42498
Trace-_2_5	42498
Trace-_2_5	42498
Trace-_2_5	42622
Trace-_2_5	42622
Trace-_2_5	42622
Trace-_2_5	42666
Trace-_2_5	42666
Trace-_2_5	42666
Trace-_2_5	42721
Trace-_2_5	42721
Trace-_2_5	42721
Trace-_2_5	42874
Trace-_2_5	42874
Trace-_2_5	42874
Trace-_2_5	42898
Trace-_2_5	42898
Trace-_2_5	42898
Trace-_2_5	42954
Trace-_2_5	42954
Trace-_2_5	42954
Trace-_2_5	43017
Trace-_2_5	43017
Trace-_2_5	43017
Trace-_2_5	43080
Trace-_2_5	43080
Trace-_2_5	43080
Trace-_2_5	43311
Trace-_2_5	43311
Trace-_2_5	43311
Trace-_2_5	43439
Trace-_2_5	43439
Trace-_2_5	43439
Trace-_2_5	43474
Trace-_2_5	43474
Trace-_2_5	43474
Trace-_2_5	43632
Trace-_2_5	43632
Trace-_2_5	43632
Trace-_2_5	43637
Trace-_2_5	43637
Trace-_2_5	43637
Trace-_2_5	43965
Trace-_2_5	43965
Trace-_2_5	43965
Trace-_2_5	43985
Trace-_2_5	43985
Trace-_2_5	43985
Trace-_2_5	44025
Trace-_2_5	44025
Trace-_2_5	44025
Trace-_2_5	44214
Trace-_2_5	44214
Trace-_2_5	44214
Trace-_2_5	44348
Trace-_2_5	44348
Trace-_2_5	44348
Trace-_2_5	44572
Trace-_2_5	44572
Trace-_2_5	44572
Trace-_2_5	44639
Trace-_2_5	44639
Trace-_2_5	44639
Trace-_2_5	44797
Trace-_2_5	44797
Trace-_2_5	44797
Trace-_2_5	44832
Trace-_2_5	44832
Trace-_2_5	44832
Trace-_2_5	44881
Trace-_2_5	44881
Trace-_2_5	44881
Trace-_2_5	45025
Trace-_2_5	45025
Trace-_2_5	45025
Trace-_2_5	45206
Trace-_2_5	45206
Trace-_2_5	45206
Trace-_2_5	45400
Trace-_2_5	45400
Trace-_2_5	45400
Trace-_2_5	45525
Trace-_2_5	45525
Trace-_2_5	45525
Trace-_2_5	45631
Trace-_2_5	45631
Trace-_2_5	45631
Trace-_2_5	45693
Trace-_2_5	45693
Trace-_2_5	45693
Trace-_2_5	45778
Trace-_2_5	45778
Trace-_2_5	45778
Trace-_2_5	45867
Trace-_2_5	45867
Trace-_2_5	45867
Trace-_2_5	45897
Trace-_2_5	45897
Trace-_2_5	45897
Trace-_2_5	45954
Trace-_2_5	45954
Trace-_2_5	45954
Trace-_2_5	46008
Trace-_2_5	46008
Trace-_2_5	46008
Trace-_2_5	46110
Trace-_2_5	46110
Trace-_2_5	46110
Trace-_2_5	46355
Trace-_2_5	46355
Trace-_2_5	46355
Trace-_2_5	46442
Trace-_2_5	46442
Trace-_2_5	46442
Trace-_2_5	46469
Trace-_2_5	46469
Trace-_2_5	46469
Trace-_2_5	46622
Trace-_2_5	46622
Trace-_2_5	46622
Trace-_2_5	47113
Trace-_2_5	47113
Trace-_2_5	47113
Trace-_2_5	47174
Trace-_2_5	47174
Trace-_2_5	47174
Trace-_2_5	47178
Trace-_2_5	47178
Trace-_2_5	47178
Trace-_2_5	47272
Trace-_2_5	47272
Trace-_2_5	47272
Trace-_2_5	47307
Trace-_2_5	47307
Trace-_2_5	47307
Trace-_2_5	47393
Trace-_2_5	47393
Trace-_2_5	47393
Trace-_2_5	47418
Trace-_2_5	47418
Trace-_2_5	47418
Trace-_2_5	47432
Trace-_2_5	47432
Trace-_2_5	47432
