Trace-_2_5	30	0.161000	0.454000	0.015133	0
Trace-_2_5	126	0.379000	1.338000	0.010619	0
Trace-_2_5	255	0.703000	2.574000	0.010094	0
Trace-_2_5	386	1.111000	3.980000	0.010311	0
Trace-_2_5	582	1.690000	5.938000	0.010203	0
Trace-_2_5	629	1.787000	6.407000	0.010186	0
Trace-_2_5	694	2.013000	7.033000	0.010134	0
Trace-_2_5	723	2.047000	7.342000	0.010155	0
Trace-_2_5	967	2.834000	9.887000	0.010224	0
Trace-_2_5	1040	3.032000	10.678000	0.010267	0
Trace-_2_5	1208	3.551000	12.312000	0.010192	0
Trace-_2_5	1229	3.561000	12.520000	0.010187	0
Trace-_2_5	1259	3.701000	12.804000	0.010170	0
Trace-_2_5	1264	3.701000	12.856000	0.010171	0
Trace-_2_5	1397	4.181000	14.333000	0.010260	0
Trace-_2_5	1474	4.391000	15.056000	0.010214	0
Trace-_2_5	1630	4.926000	16.776000	0.010292	0
Trace-_2_5	1636	4.938000	16.765000	0.010248	0
Trace-_2_5	1854	5.660000	19.191000	0.010351	0
Trace-_2_5	1966	6.137000	20.487000	0.010421	0
Trace-_2_5	1972	6.147000	20.487000	0.010389	0
Trace-_2_5	2015	6.338000	20.992000	0.010418	0
Trace-_2_5	2020	6.212000	20.908000	0.010350	0
Trace-_2_5	2044	6.314000	21.169000	0.010357	0
Trace-_2_5	2052	6.392000	21.353000	0.010406	0
Trace-_2_5	2059	6.379000	21.330000	0.010359	0
Trace-_2_5	2155	6.767000	22.353000	0.010373	0
Trace-_2_5	2424	7.662000	25.281000	0.010429	0
Trace-_2_5	2575	8.181000	26.994000	0.010483	0
Trace-_2_5	2771	8.875000	28.956000	0.010450	0
Trace-_2_5	2783	8.837000	29.037000	0.010434	0
Trace-_2_5	2844	9.083000	29.741000	0.010457	0
Trace-_2_5	2867	9.145000	29.857000	0.010414	0
Trace-_2_5	2933	9.370000	30.684000	0.010462	0
Trace-_2_5	3069	9.826000	31.882000	0.010388	0
Trace-_2_5	3096	9.988000	32.367000	0.010454	0
Trace-_2_5	3171	10.057000	32.902000	0.010376	0
Trace-_2_5	3296	10.688000	34.519000	0.010473	0
Trace-_2_5	3436	11.158000	36.073000	0.010499	0
Trace-_2_5	3608	11.590000	37.761000	0.010466	0
Trace-_2_5	3968	13.032000	41.868000	0.010551	0
Trace-_2_5	4106	13.572000	43.399000	0.010570	0
Trace-_2_5	4315	14.281000	45.532000	0.010552	0
Trace-_2_5	4353	14.435000	46.118000	0.010595	0
Trace-_2_5	4378	14.498000	46.349000	0.010587	0
Trace-_2_5	4442	14.707000	47.119000	0.010608	0
Trace-_2_5	4488	14.972000	47.731000	0.010635	0
Trace-_2_5	4753	15.847000	50.530000	0.010631	0
Trace-_2_5	4839	16.187000	51.204000	0.010582	0
Trace-_2_5	4884	16.406000	51.924000	0.010631	0
Trace-_2_5	4918	16.563000	52.339000	0.010642	0
Trace-_2_5	5087	17.288000	54.194000	0.010653	0
Trace-_2_5	5397	19.580000	59.653000	0.011053	0
Trace-_2_5	5460	19.543000	59.976000	0.010985	0
Trace-_2_5	5728	20.161000	62.263000	0.010870	0
Trace-_2_5	5741	20.210000	61.838000	0.010771	0
Trace-_2_5	5853	20.640000	63.405000	0.010833	0
Trace-_2_5	5959	21.168000	64.485000	0.010821	0
Trace-_2_5	6017	21.204000	65.059000	0.010813	0
Trace-_2_5	6331	22.947000	69.536000	0.010983	0
Trace-_2_5	6402	22.861000	69.071000	0.010789	0
Trace-_2_5	6428	23.079000	69.898000	0.010874	0
Trace-_2_5	6584	23.601000	71.863000	0.010915	0
Trace-_2_5	6690	24.713000	74.646000	0.011158	0
Trace-_2_5	6849	24.923000	75.046000	0.010957	0
Trace-_2_5	6985	25.325000	76.117000	0.010897	0
Trace-_2_5	7035	25.628000	77.619000	0.011033	0
Trace-_2_5	7169	26.254000	78.798000	0.010991	0
Trace-_2_5	7254	26.791000	79.590000	0.010972	0
Trace-_2_5	7431	27.630000	81.684000	0.010992	0
Trace-_2_5	7464	26.950000	81.453000	0.010913	0
Trace-_2_5	7469	26.766000	80.854000	0.010825	0
Trace-_2_5	7598	27.379000	82.812000	0.010899	0
Trace-_2_5	7717	27.740000	83.814000	0.010861	0
Trace-_2_5	7938	28.887000	87.248000	0.010991	0
Trace-_2_5	7997	28.995000	87.183000	0.010902	0
Trace-_2_5	8083	29.249000	88.216000	0.010914	0
Trace-_2_5	8100	29.405000	88.262000	0.010897	0
Trace-_2_5	8198	30.199000	90.246000	0.011008	0
Trace-_2_5	8378	31.058000	93.203000	0.011125	0
Trace-_2_5	8652	32.087000	95.205000	0.011004	0
Trace-_2_5	8691	32.269000	95.459000	0.010984	0
Trace-_2_5	8722	32.379000	95.539000	0.010954	0
Trace-_2_5	8736	32.288000	96.570000	0.011054	0
Trace-_2_5	8870	32.976000	97.355000	0.010976	0
Trace-_2_5	8904	32.917000	97.573000	0.010958	0
Trace-_2_5	9062	32.842000	98.538000	0.010874	0
Trace-_2_5	9078	32.844000	98.873000	0.010891	0
Trace-_2_5	9130	33.034000	99.632000	0.010913	0
Trace-_2_5	9176	33.277000	99.786000	0.010875	0
Trace-_2_5	9217	33.559000	100.761000	0.010932	0
Trace-_2_5	9239	33.585000	100.787000	0.010909	0
Trace-_2_5	9249	33.455000	100.433000	0.010859	0
Trace-_2_5	9256	33.681000	101.140000	0.010927	0
Trace-_2_5	9361	34.021000	102.021000	0.010899	0
Trace-_2_5	9509	34.577000	103.621000	0.010897	0
Trace-_2_5	9621	35.201000	105.706000	0.010987	0
Trace-_2_5	9699	35.585000	106.385000	0.010969	0
Trace-_2_5	9749	35.386000	106.255000	0.010899	0
Trace-_2_5	9852	35.885000	107.253000	0.010886	0
Trace-_2_5	9855	35.875000	107.282000	0.010886	0
Trace-_2_5	9952	36.659000	108.806000	0.010933	0
Trace-_2_5	9993	36.806000	109.246000	0.010932	0
Trace-_2_5	10243	37.752000	111.859000	0.010921	0
Trace-_2_5	10262	37.708000	111.860000	0.010900	0
Trace-_2_5	10481	38.899000	114.843000	0.010957	0
Trace-_2_5	10511	38.732000	114.681000	0.010911	0
Trace-_2_5	10916	40.575000	119.626000	0.010959	0
Trace-_2_5	11724	43.079000	128.213000	0.010936	0
Trace-_2_5	11764	43.157000	128.736000	0.010943	0
Trace-_2_5	11843	43.420000	129.870000	0.010966	0
Trace-_2_5	11849	43.394000	129.100000	0.010895	0
Trace-_2_5	11988	43.824000	130.626000	0.010896	0
Trace-_2_5	12212	44.885000	133.210000	0.010908	0
Trace-_2_5	12390	45.652000	135.700000	0.010952	0
Trace-_2_5	12497	45.861000	136.507000	0.010923	0
Trace-_2_5	12516	46.710000	137.736000	0.011005	0
Trace-_2_5	12529	46.322000	137.002000	0.010935	0
Trace-_2_5	12564	46.311000	137.316000	0.010929	0
Trace-_2_5	12583	46.553000	137.618000	0.010937	0
Trace-_2_5	12596	46.437000	137.920000	0.010950	0
Trace-_2_5	12625	46.572000	137.597000	0.010899	0
Trace-_2_5	12711	47.138000	139.431000	0.010969	0
Trace-_2_5	12747	47.377000	139.969000	0.010981	0
Trace-_2_5	12887	47.582000	141.043000	0.010945	0
Trace-_2_5	12892	47.523000	141.038000	0.010940	0
Trace-_2_5	12904	47.760000	141.025000	0.010929	0
Trace-_2_5	12910	48.104000	141.492000	0.010960	0
Trace-_2_5	13027	47.265000	141.557000	0.010866	0
Trace-_2_5	13095	47.528000	142.105000	0.010852	0
Trace-_2_5	13329	48.348000	144.730000	0.010858	0
Trace-_2_5	13609	49.545000	148.362000	0.010902	0
Trace-_2_5	13717	49.970000	149.251000	0.010881	0
Trace-_2_5	13776	50.182000	150.000000	0.010889	0
Trace-_2_5	13856	50.499000	150.760000	0.010880	0
Trace-_2_5	13958	50.813000	151.811000	0.010876	0
Trace-_2_5	14289	52.494000	156.816000	0.010975	0
Trace-_2_5	14547	53.276000	158.971000	0.010928	0
Trace-_2_5	14631	53.569000	159.664000	0.010913	0
Trace-_2_5	14861	54.763000	162.275000	0.010920	0
Trace-_2_5	14878	54.583000	162.222000	0.010903	0
Trace-_2_5	15145	55.865000	166.216000	0.010975	0
Trace-_2_5	15172	55.561000	165.384000	0.010901	0
Trace-_2_5	15184	56.178000	167.751000	0.011048	0
Trace-_2_5	15205	55.942000	166.752000	0.010967	0
Trace-_2_5	15210	55.891000	166.778000	0.010965	0
Trace-_2_5	15235	55.983000	167.116000	0.010969	0
Trace-_2_5	15333	56.425000	168.277000	0.010975	0
Trace-_2_5	15358	56.444000	168.370000	0.010963	0
Trace-_2_5	15532	57.514000	170.812000	0.010997	0
Trace-_2_5	15737	58.057000	172.848000	0.010984	0
Trace-_2_5	15766	58.208000	173.193000	0.010985	0
Trace-_2_5	15795	58.081000	173.094000	0.010959	0
Trace-_2_5	15901	58.362000	174.023000	0.010944	0
Trace-_2_5	16000	58.599000	175.498000	0.010969	0
Trace-_2_5	16074	59.006000	176.289000	0.010967	0
Trace-_2_5	16097	59.023000	176.115000	0.010941	0
Trace-_2_5	16407	60.056000	179.264000	0.010926	0
Trace-_2_5	16452	60.396000	179.837000	0.010931	0
Trace-_2_5	16586	60.967000	181.413000	0.010938	0
Trace-_2_5	16587	61.207000	182.985000	0.011032	0
Trace-_2_5	16700	61.365000	182.893000	0.010952	0
Trace-_2_5	16706	61.418000	183.498000	0.010984	0
Trace-_2_5	16887	61.319000	184.068000	0.010900	0
Trace-_2_5	16895	61.131000	184.293000	0.010908	0
Trace-_2_5	17028	61.629000	185.508000	0.010894	0
Trace-_2_5	17393	63.388000	189.830000	0.010914	0
Trace-_2_5	17561	64.436000	192.137000	0.010941	0
Trace-_2_5	17762	64.685000	193.805000	0.010911	0
Trace-_2_5	17809	65.167000	195.037000	0.010952	0
Trace-_2_5	17898	65.490000	196.284000	0.010967	0
Trace-_2_5	18046	65.978000	196.778000	0.010904	0
Trace-_2_5	18073	66.034000	197.114000	0.010907	0
Trace-_2_5	18182	66.944000	199.033000	0.010947	0
Trace-_2_5	18236	66.623000	198.893000	0.010907	0
Trace-_2_5	18341	67.350000	200.445000	0.010929	0
Trace-_2_5	18361	67.457000	201.010000	0.010948	0
Trace-_2_5	18422	67.845000	201.649000	0.010946	0
Trace-_2_5	18607	68.305000	203.290000	0.010925	0
Trace-_2_5	18833	69.346000	206.108000	0.010944	0
Trace-_2_5	18858	69.384000	206.423000	0.010946	0
Trace-_2_5	18906	69.847000	207.178000	0.010958	0
Trace-_2_5	19093	70.550000	209.152000	0.010954	0
Trace-_2_5	19099	70.609000	209.370000	0.010962	0
Trace-_2_5	19166	71.051000	210.564000	0.010986	0
Trace-_2_5	19339	71.339000	211.712000	0.010947	0
Trace-_2_5	19414	71.741000	212.666000	0.010954	0
Trace-_2_5	19439	71.663000	212.809000	0.010948	0
Trace-_2_5	19479	71.845000	213.159000	0.010943	0
Trace-_2_5	19548	72.176000	214.116000	0.010953	0
Trace-_2_5	19662	72.724000	215.784000	0.010975	0
Trace-_2_5	19703	72.755000	215.473000	0.010936	0
Trace-_2_5	19976	73.976000	219.028000	0.010965	0
Trace-_2_5	20080	74.246000	219.913000	0.010952	0
Trace-_2_5	20086	74.957000	222.102000	0.011058	0
Trace-_2_5	20170	74.664000	222.063000	0.011010	0
Trace-_2_5	20349	74.963000	223.016000	0.010960	0
Trace-_2_5	20441	75.248000	223.558000	0.010937	0
Trace-_2_5	20529	76.089000	225.621000	0.010990	0
Trace-_2_5	20712	76.808000	227.136000	0.010966	0
Trace-_2_5	20805	77.286000	228.498000	0.010983	0
Trace-_2_5	21064	77.952000	230.600000	0.010948	0
Trace-_2_5	21409	79.562000	234.887000	0.010971	0
Trace-_2_5	21521	80.203000	236.524000	0.010990	0
Trace-_2_5	21652	80.446000	237.764000	0.010981	0
Trace-_2_5	21682	80.839000	238.490000	0.010999	0
Trace-_2_5	21786	81.167000	239.105000	0.010975	0
Trace-_2_5	21849	81.929000	240.062000	0.010987	0
Trace-_2_5	21923	82.118000	240.669000	0.010978	0
Trace-_2_5	22085	82.808000	243.112000	0.011008	0
Trace-_2_5	22176	82.670000	243.489000	0.010980	0
Trace-_2_5	22392	84.131000	246.559000	0.011011	0
Trace-_2_5	22566	84.206000	247.340000	0.010961	0
Trace-_2_5	22892	85.639000	255.132000	0.011145	0
Trace-_2_5	22949	85.584000	251.848000	0.010974	0
Trace-_2_5	22965	85.828000	252.488000	0.010994	0
Trace-_2_5	23055	86.748000	254.629000	0.011044	0
Trace-_2_5	23122	86.417000	253.568000	0.010967	0
Trace-_2_5	23426	88.121000	258.505000	0.011035	0
Trace-_2_5	23547	88.825000	260.040000	0.011043	0
Trace-_2_5	23570	89.158000	260.168000	0.011038	0
Trace-_2_5	23606	88.433000	259.488000	0.010992	0
Trace-_2_5	23675	89.598000	261.619000	0.011050	0
Trace-_2_5	23803	89.285000	261.404000	0.010982	0
Trace-_2_5	24070	90.605000	265.482000	0.011030	0
Trace-_2_5	24079	90.843000	266.154000	0.011053	0
Trace-_2_5	24292	91.089000	267.240000	0.011001	0
Trace-_2_5	24302	91.229000	267.776000	0.011019	0
Trace-_2_5	24318	91.037000	267.396000	0.010996	0
Trace-_2_5	24587	93.360000	271.795000	0.011054	0
Trace-_2_5	24623	92.236000	270.770000	0.010997	0
Trace-_2_5	24714	93.204000	272.498000	0.011026	0
Trace-_2_5	24768	93.516000	272.902000	0.011018	0
Trace-_2_5	24796	93.483000	273.317000	0.011023	0
Trace-_2_5	24898	93.224000	273.370000	0.010980	0
Trace-_2_5	24941	93.657000	274.978000	0.011025	0
Trace-_2_5	24956	94.145000	274.986000	0.011019	0
Trace-_2_5	25047	94.274000	275.847000	0.011013	0
Trace-_2_5	25104	93.335000	275.096000	0.010958	0
Trace-_2_5	25136	93.404000	275.854000	0.010974	0
Trace-_2_5	25156	93.678000	276.329000	0.010985	0
Trace-_2_5	25161	93.683000	276.106000	0.010974	0
Trace-_2_5	25230	94.181000	276.796000	0.010971	0
Trace-_2_5	25276	94.023000	277.069000	0.010962	0
Trace-_2_5	25514	95.505000	280.169000	0.010981	0
Trace-_2_5	25706	96.052000	282.347000	0.010984	0
Trace-_2_5	25746	96.683000	283.118000	0.010997	0
Trace-_2_5	25793	96.511000	283.131000	0.010977	0
Trace-_2_5	25807	96.636000	283.557000	0.010988	0
Trace-_2_5	25839	96.606000	284.294000	0.011003	0
Trace-_2_5	25923	96.962000	288.957000	0.011147	0
Trace-_2_5	25955	96.450000	284.245000	0.010951	0
Trace-_2_5	26131	97.522000	286.692000	0.010971	0
Trace-_2_5	26249	98.763000	289.426000	0.011026	0
Trace-_2_5	26476	99.717000	292.515000	0.011048	0
Trace-_2_5	27016	102.131000	299.022000	0.011068	0
Trace-_2_5	27219	102.834000	299.702000	0.011011	0
Trace-_2_5	27327	105.255000	306.133000	0.011203	0
Trace-_2_5	27396	104.641000	304.275000	0.011107	0
Trace-_2_5	27453	105.334000	306.842000	0.011177	0
Trace-_2_5	27479	105.654000	308.616000	0.011231	0
Trace-_2_5	27500	105.764000	308.194000	0.011207	0
Trace-_2_5	27551	106.106000	309.430000	0.011231	0
Trace-_2_5	27667	105.515000	305.889000	0.011056	0
Trace-_2_5	27682	105.795000	307.340000	0.011103	0
Trace-_2_5	27752	106.797000	309.595000	0.011156	0
Trace-_2_5	27788	103.857000	304.997000	0.010976	0
Trace-_2_5	27866	105.666000	310.262000	0.011134	0
Trace-_2_5	28079	105.625000	308.884000	0.011001	0
Trace-_2_5	28089	106.586000	312.617000	0.011130	0
Trace-_2_5	28333	107.617000	315.782000	0.011145	0
Trace-_2_5	28384	108.380000	318.195000	0.011210	0
Trace-_2_5	28549	108.764000	319.436000	0.011189	0
Trace-_2_5	28572	109.252000	318.734000	0.011155	0
Trace-_2_5	28619	109.016000	319.782000	0.011174	0
Trace-_2_5	28620	103.869000	304.203000	0.010629	0
Trace-_2_5	28864	110.416000	323.664000	0.011213	0
Trace-_2_5	28933	110.277000	324.702000	0.011223	0
Trace-_2_5	29048	109.948000	321.037000	0.011052	0
Trace-_2_5	29189	112.181000	328.793000	0.011264	0
Trace-_2_5	29346	112.643000	328.737000	0.011202	0
Trace-_2_5	29411	111.443000	324.403000	0.011030	0
Trace-_2_5	29497	113.398000	333.483000	0.011306	0
Trace-_2_5	29641	113.797000	332.605000	0.011221	0
Trace-_2_5	29698	114.022000	332.503000	0.011196	0
Trace-_2_5	29705	113.989000	333.932000	0.011242	0
Trace-_2_5	29748	114.497000	333.397000	0.011207	0
Trace-_2_5	29852	114.673000	334.140000	0.011193	0
Trace-_2_5	29853	108.996000	316.495000	0.010602	0
Trace-_2_5	29872	112.058000	326.873000	0.010942	0
Trace-_2_5	29879	109.502000	318.845000	0.010671	0
Trace-_2_5	30045	115.690000	336.911000	0.011214	0
Trace-_2_5	30070	115.616000	338.579000	0.011260	0
Trace-_2_5	30082	115.470000	336.363000	0.011182	0
Trace-_2_5	30096	114.250000	332.247000	0.011040	0
Trace-_2_5	30122	114.933000	337.148000	0.011193	0
Trace-_2_5	30208	115.667000	337.375000	0.011168	0
Trace-_2_5	30443	116.614000	340.545000	0.011186	0
Trace-_2_5	30539	117.145000	341.986000	0.011198	0
Trace-_2_5	30617	117.195000	342.503000	0.011187	0
Trace-_2_5	30727	116.360000	340.618000	0.011085	0
Trace-_2_5	30755	117.404000	344.932000	0.011215	0
Trace-_2_5	30824	117.515000	346.182000	0.011231	0
Trace-_2_5	30871	117.997000	346.386000	0.011220	0
Trace-_2_5	30933	117.496000	345.722000	0.011176	0
Trace-_2_5	30951	118.168000	347.082000	0.011214	0
Trace-_2_5	30978	118.156000	348.634000	0.011254	0
Trace-_2_5	30988	117.886000	346.353000	0.011177	0
Trace-_2_5	31042	118.774000	349.933000	0.011273	0
Trace-_2_5	31071	118.807000	348.214000	0.011207	0
Trace-_2_5	31093	118.853000	348.436000	0.011206	0
Trace-_2_5	31286	119.870000	351.330000	0.011230	0
Trace-_2_5	31302	120.389000	351.970000	0.011244	0
Trace-_2_5	31415	120.883000	353.489000	0.011252	0
Trace-_2_5	31426	120.219000	351.708000	0.011192	0
Trace-_2_5	31595	119.636000	350.376000	0.011090	0
Trace-_2_5	31765	120.120000	351.328000	0.011060	0
Trace-_2_5	32197	122.887000	357.951000	0.011118	0
Trace-_2_5	32356	124.731000	364.359000	0.011261	0
Trace-_2_5	32403	124.730000	364.057000	0.011235	0
Trace-_2_5	32413	124.900000	363.292000	0.011208	0
Trace-_2_5	32455	124.205000	363.336000	0.011195	0
Trace-_2_5	32500	124.420000	364.138000	0.011204	0
Trace-_2_5	32628	125.602000	367.634000	0.011267	0
Trace-_2_5	32650	125.687000	367.045000	0.011242	0
Trace-_2_5	33085	126.752000	371.539000	0.011230	0
Trace-_2_5	33107	126.277000	367.586000	0.011103	0
Trace-_2_5	33118	127.500000	373.282000	0.011271	0
Trace-_2_5	34042	131.127000	387.117000	0.011372	0
Trace-_2_5	34247	132.167000	384.043000	0.011214	0
Trace-_2_5	34253	132.408000	384.956000	0.011239	0
Trace-_2_5	34265	132.089000	386.079000	0.011267	0
Trace-_2_5	34296	132.347000	384.815000	0.011220	0
Trace-_2_5	34353	131.992000	385.000000	0.011207	0
Trace-_2_5	34567	132.858000	387.743000	0.011217	0
Trace-_2_5	34694	133.749000	390.938000	0.011268	0
Trace-_2_5	34767	134.096000	390.547000	0.011233	0
Trace-_2_5	34868	134.172000	393.683000	0.011291	0
Trace-_2_5	35000	135.409000	393.295000	0.011237	0
Trace-_2_5	35242	135.945000	397.170000	0.011270	0
Trace-_2_5	35255	135.724000	396.906000	0.011258	0
Trace-_2_5	35327	136.484000	396.506000	0.011224	0
Trace-_2_5	35340	135.623000	396.525000	0.011220	0
Trace-_2_5	35344	135.211000	395.703000	0.011196	0
Trace-_2_5	35360	135.225000	395.774000	0.011193	0
Trace-_2_5	35449	136.099000	396.995000	0.011199	0
Trace-_2_5	35603	137.153000	400.220000	0.011241	0
Trace-_2_5	35615	137.086000	399.900000	0.011228	0
Trace-_2_5	36391	140.393000	410.784000	0.011288	0
Trace-_2_5	36431	135.881000	398.757000	0.010946	0
Trace-_2_5	36820	141.414000	412.233000	0.011196	0
Trace-_2_5	36981	142.851000	414.973000	0.011221	0
Trace-_2_5	37033	143.274000	416.074000	0.011235	0
Trace-_2_5	37072	142.255000	414.841000	0.011190	0
Trace-_2_5	37376	144.473000	420.356000	0.011247	0
Trace-_2_5	37384	144.406000	419.859000	0.011231	0
Trace-_2_5	37706	144.440000	420.535000	0.011153	0
Trace-_2_5	37767	147.450000	425.891000	0.011277	0
Trace-_2_5	37788	145.428000	423.959000	0.011219	0
Trace-_2_5	37800	144.992000	422.890000	0.011188	0
Trace-_2_5	38019	145.885000	425.259000	0.011185	0
Trace-_2_5	38157	146.864000	428.203000	0.011222	0
Trace-_2_5	38223	146.532000	427.309000	0.011179	0
Trace-_2_5	38356	148.574000	431.045000	0.011238	0
Trace-_2_5	38498	147.806000	431.227000	0.011201	0
Trace-_2_5	38587	148.855000	433.421000	0.011232	0
Trace-_2_5	38737	150.227000	434.693000	0.011222	0
Trace-_2_5	38963	150.505000	437.599000	0.011231	0
Trace-_2_5	39013	149.804000	436.618000	0.011192	0
Trace-_2_5	39097	151.508000	440.142000	0.011258	0
Trace-_2_5	39790	153.778000	447.009000	0.011234	0
Trace-_2_5	39810	152.922000	448.266000	0.011260	0
Trace-_2_5	39937	154.153000	447.216000	0.011198	0
Trace-_2_5	39951	154.656000	449.128000	0.011242	0
Trace-_2_5	39997	155.904000	452.833000	0.011322	0
Trace-_2_5	40052	154.788000	449.151000	0.011214	0
Trace-_2_5	40175	155.631000	453.520000	0.011289	0
Trace-_2_5	40273	155.743000	452.004000	0.011223	0
Trace-_2_5	40286	155.880000	455.167000	0.011298	0
Trace-_2_5	40375	155.885000	453.924000	0.011243	0
Trace-_2_5	40393	147.680000	430.518000	0.010658	0
Trace-_2_5	40468	155.990000	453.695000	0.011211	0
Trace-_2_5	40523	156.884000	457.043000	0.011279	0
Trace-_2_5	40563	157.067000	456.163000	0.011246	0
Trace-_2_5	40971	157.843000	458.785000	0.011198	0
Trace-_2_5	40996	144.409000	420.254000	0.010251	0
Trace-_2_5	40998	152.447000	442.641000	0.010797	0
Trace-_2_5	41446	160.338000	465.282000	0.011226	0
Trace-_2_5	41525	159.792000	464.444000	0.011185	0
Trace-_2_5	41748	161.480000	468.328000	0.011218	0
Trace-_2_5	41919	163.355000	472.299000	0.011267	0
Trace-_2_5	42063	162.895000	473.337000	0.011253	0
Trace-_2_5	42419	165.132000	479.302000	0.011299	0
Trace-_2_5	42458	164.690000	478.215000	0.011263	0
Trace-_2_5	42499	159.139000	463.278000	0.010901	0
Trace-_2_5	42623	166.388000	480.064000	0.011263	0
Trace-_2_5	42667	159.846000	466.026000	0.010922	0
Trace-_2_5	42722	164.858000	479.264000	0.011218	0
Trace-_2_5	42875	165.944000	481.647000	0.011234	0
Trace-_2_5	42899	166.692000	483.679000	0.011275	0
Trace-_2_5	42955	165.996000	483.010000	0.011245	0
Trace-_2_5	43018	167.888000	485.052000	0.011276	0
Trace-_2_5	43081	167.621000	484.296000	0.011242	0
Trace-_2_5	43312	169.111000	488.645000	0.011282	0
Trace-_2_5	43440	169.709000	492.153000	0.011329	0
Trace-_2_5	43475	169.617000	489.644000	0.011263	0
Trace-_2_5	43633	169.777000	490.453000	0.011240	0
Trace-_2_5	43638	135.424000	392.403000	0.008992	0
Trace-_2_5	43966	171.860000	496.821000	0.011300	0
Trace-_2_5	43986	172.172000	495.291000	0.011260	0
Trace-_2_5	44026	136.735000	394.069000	0.008951	0
Trace-_2_5	44215	171.948000	496.684000	0.011233	0
Trace-_2_5	44349	170.783000	493.261000	0.011122	0
Trace-_2_5	44573	172.418000	497.070000	0.011152	0
Trace-_2_5	44640	174.430000	503.557000	0.011280	0
Trace-_2_5	44798	174.665000	504.377000	0.011259	0
Trace-_2_5	44833	139.770000	403.306000	0.008996	0
Trace-_2_5	44882	175.678000	505.899000	0.011272	0
Trace-_2_5	45026	173.871000	501.059000	0.011128	0
Trace-_2_5	45207	176.958000	509.146000	0.011263	0
Trace-_2_5	45401	177.717000	511.975000	0.011277	0
Trace-_2_5	45526	178.307000	513.808000	0.011286	0
Trace-_2_5	45632	177.740000	513.656000	0.011256	0
Trace-_2_5	45694	178.298000	514.914000	0.011269	0
Trace-_2_5	45779	179.333000	518.081000	0.011317	0
Trace-_2_5	45868	177.065000	511.551000	0.011153	0
Trace-_2_5	45898	176.322000	508.406000	0.011077	0
Trace-_2_5	45955	177.521000	513.586000	0.011176	0
Trace-_2_5	46009	176.818000	508.794000	0.011059	0
Trace-_2_5	46111	179.912000	518.968000	0.011255	0
Trace-_2_5	46356	177.934000	512.582000	0.011058	0
Trace-_2_5	46443	180.739000	522.415000	0.011249	0
Trace-_2_5	46470	180.848000	522.464000	0.011243	0
Trace-_2_5	46623	178.561000	515.114000	0.011048	0
Trace-_2_5	47114	185.571000	533.281000	0.011319	0
Trace-_2_5	47175	183.828000	530.780000	0.011251	0
Trace-_2_5	47179	172.285000	498.242000	0.010561	0
Trace-_2_5	47273	184.811000	532.603000	0.011267	0
Trace-_2_5	47308	184.803000	533.142000	0.011270	0
Trace-_2_5	47394	180.582000	522.071000	0.011016	0
Trace-_2_5	47419	92.974000	268.311000	0.005658	0
Trace-_2_5	47433	185.077000	533.162000	0.011240	0
Trace-_2_5	47701	186.279000	537.029000	0.011258	0
Trace-_2_5	47893	186.942000	538.002000	0.011233	0
Trace-_2_5	47964	187.028000	538.697000	0.011231	0
Trace-_2_5	48479	189.433000	546.418000	0.011271	0
Trace-_2_5	48668	190.251000	547.566000	0.011251	0
Trace-_2_5	48684	173.870000	504.501000	0.010363	0
Trace-_2_5	48775	186.969000	536.009000	0.010989	0
Trace-_2_5	48794	180.493000	519.434000	0.010645	0
Trace-_2_5	48820	192.315000	553.844000	0.011345	0
Trace-_2_5	48925	191.092000	549.710000	0.011236	0
Trace-_2_5	49001	190.576000	549.143000	0.011207	0
Trace-_2_5	49079	193.093000	554.492000	0.011298	0
Trace-_2_5	49181	193.069000	555.957000	0.011304	0
Trace-_2_5	49304	193.424000	555.909000	0.011275	0
Trace-_2_5	49328	193.316000	556.295000	0.011277	0
Trace-_2_5	49336	194.115000	557.295000	0.011296	0
Trace-_2_5	49388	192.925000	555.090000	0.011239	0
Trace-_2_5	49499	194.000000	560.836000	0.011330	0
Trace-_2_5	49503	169.383000	486.893000	0.009836	0
Trace-_2_5	49504	185.650000	536.919000	0.010846	0
Trace-_2_5	49548	193.814000	558.675000	0.011275	0
Trace-_2_5	49587	195.176000	558.746000	0.011268	0
Trace-_2_5	49627	194.649000	560.400000	0.011292	0
Trace-_2_5	49758	194.813000	559.787000	0.011250	0
Trace-_2_5	49841	195.594000	563.029000	0.011297	0
Trace-_2_5	49844	184.825000	532.940000	0.010692	0
Trace-_2_5	49899	191.757000	552.085000	0.011064	0
Trace-_2_5	49996	196.471000	564.890000	0.011299	0
Trace-_2_5	50397	198.296000	568.621000	0.011283	0
Trace-_2_5	50475	192.386000	552.280000	0.010942	0
Trace-_2_5	50743	199.281000	573.493000	0.011302	0
Trace-_2_5	50773	187.963000	541.648000	0.010668	0
Trace-_2_5	50828	199.714000	573.302000	0.011279	0
Trace-_2_5	50893	196.269000	563.165000	0.011066	0
Trace-_2_5	50920	197.008000	570.191000	0.011198	0
Trace-_2_5	50971	193.876000	557.689000	0.010941	0
Trace-_2_5	50984	178.033000	511.179000	0.010026	0
Trace-_2_5	50988	188.962000	543.139000	0.010652	0
Trace-_2_5	51221	200.666000	575.802000	0.011242	0
Trace-_2_5	51340	191.374000	548.461000	0.010683	0
Trace-_2_5	51387	195.910000	562.795000	0.010952	0
Trace-_2_5	51512	202.994000	582.799000	0.011314	0
Trace-_2_5	51547	203.333000	583.369000	0.011317	0
Trace-_2_5	51550	192.536000	555.500000	0.010776	0
Trace-_2_5	51565	203.696000	583.331000	0.011313	0
Trace-_2_5	52123	204.811000	589.422000	0.011308	0
Trace-_2_5	52364	192.885000	552.697000	0.010555	0
Trace-_2_5	52511	206.593000	593.944000	0.011311	0
Trace-_2_5	52529	190.685000	546.964000	0.010413	0
Trace-_2_5	52672	198.062000	568.419000	0.010792	0
Trace-_2_5	52897	208.127000	596.062000	0.011268	0
Trace-_2_5	52997	209.527000	599.320000	0.011309	0
Trace-_2_5	53071	209.354000	599.347000	0.011293	0
Trace-_2_5	53159	205.738000	588.802000	0.011076	0
Trace-_2_5	53181	193.543000	554.143000	0.010420	0
Trace-_2_5	53232	204.219000	583.578000	0.010963	0
Trace-_2_5	53401	205.279000	587.416000	0.011000	0
Trace-_2_5	53472	212.838000	609.757000	0.011403	0
Trace-_2_5	53516	203.600000	581.025000	0.010857	0
Trace-_2_5	53647	206.309000	589.744000	0.010993	0
Trace-_2_5	53766	211.424000	606.241000	0.011276	0
Trace-_2_5	53820	213.487000	608.902000	0.011314	0
Trace-_2_5	53859	203.597000	583.901000	0.010841	0
Trace-_2_5	54407	206.707000	589.530000	0.010836	0
Trace-_2_5	54444	205.464000	588.635000	0.010812	0
Trace-_2_5	54540	208.940000	598.109000	0.010966	0
Trace-_2_5	54601	214.549000	616.595000	0.011293	0
Trace-_2_5	54623	208.864000	596.348000	0.010918	0
Trace-_2_5	54798	217.517000	620.858000	0.011330	0
Trace-_2_5	54835	215.433000	618.123000	0.011272	0
Trace-_2_5	54864	218.709000	622.411000	0.011345	0
Trace-_2_5	54918	218.637000	622.849000	0.011341	0
Trace-_2_5	54994	211.484000	604.828000	0.010998	0
Trace-_2_5	55073	212.323000	603.763000	0.010963	0
Trace-_2_5	55086	104.413000	298.568000	0.005420	0
Trace-_2_5	55388	208.542000	599.693000	0.010827	0
Trace-_2_5	55543	196.066000	560.601000	0.010093	0
Trace-_2_5	55625	221.277000	630.302000	0.011331	0
Trace-_2_5	55636	203.800000	581.112000	0.010445	0
Trace-_2_5	55688	221.710000	632.392000	0.011356	0
Trace-_2_5	55820	205.497000	588.185000	0.010537	0
Trace-_2_5	55842	171.288000	488.379000	0.008746	0
Trace-_2_5	55931	221.886000	633.730000	0.011331	0
Trace-_2_5	55977	220.922000	631.709000	0.011285	0
Trace-_2_5	56093	211.317000	603.626000	0.010761	0
Trace-_2_5	56268	199.468000	569.703000	0.010125	0
Trace-_2_5	56341	220.991000	639.057000	0.011343	0
Trace-_2_5	56394	208.987000	599.168000	0.010625	0
Trace-_2_5	56441	213.091000	607.621000	0.010766	0
Trace-_2_5	56459	136.221000	388.380000	0.006879	0
Trace-_2_5	56670	203.281000	580.219000	0.010239	0
Trace-_2_5	56746	223.442000	639.881000	0.011276	0
Trace-_2_5	56790	221.591000	632.121000	0.011131	0
Trace-_2_5	56823	214.782000	613.380000	0.010795	0
Trace-_2_5	56851	160.390000	457.797000	0.008053	0
Trace-_2_5	56854	210.433000	602.172000	0.010592	0
Trace-_2_5	56870	193.531000	554.836000	0.009756	0
Trace-_2_5	56933	223.792000	641.079000	0.011260	0
Trace-_2_5	56954	129.335000	372.460000	0.006540	0
Trace-_2_5	56955	225.830000	648.193000	0.011381	0
Trace-_2_5	56995	225.282000	643.700000	0.011294	0
Trace-_2_5	57031	221.768000	632.713000	0.011094	0
Trace-_2_5	57119	225.062000	645.244000	0.011296	0
Trace-_2_5	57731	202.135000	580.298000	0.010052	0
Trace-_2_5	57766	190.945000	543.438000	0.009408	0
Trace-_2_5	58084	230.136000	664.961000	0.011448	0
Trace-_2_5	58151	210.878000	598.858000	0.010298	0
Trace-_2_5	58176	154.907000	442.334000	0.007603	0
Trace-_2_5	58213	232.331000	662.136000	0.011374	0
Trace-_2_5	58247	230.636000	658.782000	0.011310	0
Trace-_2_5	58319	206.536000	589.805000	0.010113	0
Trace-_2_5	58649	233.781000	664.999000	0.011339	0
Trace-_2_5	58853	236.409000	669.707000	0.011379	0
Trace-_2_5	58871	216.448000	617.266000	0.010485	0
Trace-_2_5	58874	211.141000	605.078000	0.010278	0
Trace-_2_5	58955	235.344000	669.359000	0.011354	0
Trace-_2_5	58965	217.784000	621.234000	0.010536	0
Trace-_2_5	59063	237.358000	673.203000	0.011398	0
Trace-_2_5	59230	238.218000	672.962000	0.011362	0
Trace-_2_5	59259	237.718000	678.651000	0.011452	0
Trace-_2_5	59513	233.735000	658.684000	0.011068	0
Trace-_2_5	59713	215.641000	609.029000	0.010199	0
Trace-_2_5	59781	240.993000	681.340000	0.011397	0
Trace-_2_5	59800	234.282000	661.784000	0.011067	0
Trace-_2_5	59923	230.880000	652.101000	0.010882	0
Trace-_2_5	60019	236.320000	668.601000	0.011140	0
Trace-_2_5	60055	206.361000	589.321000	0.009813	0
Trace-_2_5	60057	116.428000	328.426000	0.005469	0
Trace-_2_5	60068	242.252000	683.883000	0.011385	0
Trace-_2_5	60221	242.829000	685.700000	0.011386	0
Trace-_2_5	60250	243.390000	687.648000	0.011413	0
Trace-_2_5	60305	232.919000	656.868000	0.010892	0
Trace-_2_5	60319	124.579000	355.470000	0.005893	0
Trace-_2_5	60347	230.470000	650.721000	0.010783	0
Trace-_2_5	60430	243.888000	690.751000	0.011431	0
Trace-_2_5	60498	242.766000	688.270000	0.011377	0
Trace-_2_5	60565	216.219000	610.561000	0.010081	0
Trace-_2_5	60689	244.560000	690.415000	0.011376	0
Trace-_2_5	60782	244.579000	694.948000	0.011433	0
Trace-_2_5	60809	234.432000	664.595000	0.010929	0
Trace-_2_5	60914	239.384000	686.396000	0.011268	0
Trace-_2_5	60997	165.332000	467.254000	0.007660	0
Trace-_2_5	61091	245.360000	694.371000	0.011366	0
Trace-_2_5	61108	214.460000	607.056000	0.009934	0
Trace-_2_5	61114	149.122000	422.039000	0.006906	0
Trace-_2_5	61208	211.770000	598.435000	0.009777	0
Trace-_2_5	61302	212.529000	600.949000	0.009803	0
Trace-_2_5	61336	210.755000	595.328000	0.009706	0
Trace-_2_5	61423	242.685000	686.819000	0.011182	0
Trace-_2_5	61556	250.567000	707.355000	0.011491	0
Trace-_2_5	61809	214.266000	604.745000	0.009784	0
Trace-_2_5	61844	212.114000	600.650000	0.009712	0
Trace-_2_5	61879	212.019000	598.664000	0.009675	0
Trace-_2_5	61967	241.248000	683.048000	0.011023	0
Trace-_2_5	62116	246.020000	690.553000	0.011117	0
Trace-_2_5	62121	131.743000	372.610000	0.005998	0
Trace-_2_5	62346	225.941000	637.090000	0.010219	0
Trace-_2_5	62430	179.517000	509.296000	0.008158	0
Trace-_2_5	62489	232.750000	659.162000	0.010548	0
Trace-_2_5	62519	209.486000	592.375000	0.009475	0
Trace-_2_5	62571	241.127000	681.280000	0.010888	0
Trace-_2_5	62633	250.712000	706.720000	0.011284	0
Trace-_2_5	62801	218.502000	615.883000	0.009807	0
Trace-_2_5	62817	164.513000	466.258000	0.007422	0
Trace-_2_5	62924	256.152000	725.052000	0.011523	0
Trace-_2_5	63077	257.307000	727.888000	0.011540	0
Trace-_2_5	63180	237.639000	668.176000	0.010576	0
Trace-_2_5	63285	245.075000	692.109000	0.010936	0
Trace-_2_5	63521	259.327000	732.333000	0.011529	0
Trace-_2_5	63522	124.247000	349.970000	0.005509	0
Trace-_2_5	63680	259.677000	735.102000	0.011544	0
Trace-_2_5	63752	260.326000	735.232000	0.011533	0
Trace-_2_5	63977	248.385000	698.856000	0.010924	0
Trace-_2_5	64107	259.506000	735.775000	0.011477	0
Trace-_2_5	64209	252.506000	711.545000	0.011082	0
Trace-_2_5	64414	251.431000	709.315000	0.011012	0
Trace-_2_5	64538	263.493000	741.899000	0.011496	0
Trace-_2_5	64862	262.914000	745.295000	0.011490	0
Trace-_2_5	64880	248.811000	705.504000	0.010874	0
Trace-_2_5	65149	252.233000	711.457000	0.010920	0
Trace-_2_5	65244	263.560000	748.286000	0.011469	0
Trace-_2_5	65272	264.422000	748.652000	0.011470	0
Trace-_2_5	65308	250.603000	708.734000	0.010852	0
Trace-_2_5	65328	173.560000	491.796000	0.007528	0
Trace-_2_5	65385	250.549000	711.112000	0.010876	0
Trace-_2_5	65409	185.797000	525.375000	0.008032	0
Trace-_2_5	65425	255.438000	724.412000	0.011072	0
Trace-_2_5	65678	235.033000	663.970000	0.010109	0
Trace-_2_5	65910	254.418000	717.314000	0.010883	0
Trace-_2_5	66211	246.971000	693.990000	0.010481	0
Trace-_2_5	66216	136.703000	385.938000	0.005828	0
Trace-_2_5	66345	270.963000	770.784000	0.011618	0
Trace-_2_5	66428	271.534000	765.120000	0.011518	0
Trace-_2_5	66443	254.720000	719.937000	0.010835	0
Trace-_2_5	66571	262.157000	746.301000	0.011211	0
Trace-_2_5	66633	239.450000	674.149000	0.010117	0
Trace-_2_5	66641	174.069000	493.762000	0.007409	0
Trace-_2_5	66681	271.613000	766.513000	0.011495	0
Trace-_2_5	66709	262.670000	740.753000	0.011104	0
Trace-_2_5	66712	250.614000	706.398000	0.010589	0
Trace-_2_5	67037	224.219000	631.024000	0.009413	0
Trace-_2_5	67163	266.084000	750.129000	0.011169	0
Trace-_2_5	67199	216.319000	611.586000	0.009101	0
Trace-_2_5	67276	274.454000	773.613000	0.011499	0
Trace-_2_5	67345	276.546000	777.835000	0.011550	0
Trace-_2_5	67386	254.341000	713.428000	0.010587	0
Trace-_2_5	67534	253.101000	712.568000	0.010551	0
Trace-_2_5	67681	248.587000	701.567000	0.010366	0
Trace-_2_5	68037	224.090000	632.497000	0.009296	0
Trace-_2_5	68065	225.469000	636.329000	0.009349	0
Trace-_2_5	68242	279.605000	787.065000	0.011533	0
Trace-_2_5	68284	248.882000	704.200000	0.010313	0
Trace-_2_5	68286	133.892000	376.637000	0.005516	0
Trace-_2_5	68328	227.438000	639.726000	0.009363	0
Trace-_2_5	68329	134.682000	378.506000	0.005539	0
Trace-_2_5	68334	172.411000	486.724000	0.007123	0
Trace-_2_5	68422	256.815000	727.168000	0.010628	0
Trace-_2_5	68461	280.277000	788.385000	0.011516	0
Trace-_2_5	68516	236.539000	665.150000	0.009708	0
Trace-_2_5	68606	240.847000	678.680000	0.009892	0
Trace-_2_5	68678	272.758000	768.144000	0.011185	0
Trace-_2_5	68740	281.322000	795.952000	0.011579	0
Trace-_2_5	68813	281.753000	793.897000	0.011537	0
Trace-_2_5	68918	257.714000	727.209000	0.010552	0
Trace-_2_5	68985	281.233000	790.827000	0.011464	0
Trace-_2_5	69073	262.115000	736.281000	0.010659	0
Trace-_2_5	69316	283.683000	798.440000	0.011519	0
Trace-_2_5	69345	279.229000	786.929000	0.011348	0
Trace-_2_5	69381	228.733000	642.494000	0.009260	0
Trace-_2_5	69386	135.836000	382.802000	0.005517	0
Trace-_2_5	69399	176.297000	497.886000	0.007174	0
Trace-_2_5	69629	286.455000	802.698000	0.011528	0
Trace-_2_5	69704	284.855000	798.354000	0.011453	0
Trace-_2_5	69723	190.066000	535.820000	0.007685	0
Trace-_2_5	70173	271.419000	759.755000	0.010827	0
Trace-_2_5	70290	270.608000	755.692000	0.010751	0
Trace-_2_5	70599	290.116000	813.361000	0.011521	0
Trace-_2_5	70600	226.931000	636.557000	0.009016	0
Trace-_2_5	70623	272.509000	763.691000	0.010814	0
Trace-_2_5	70758	242.714000	678.196000	0.009585	0
Trace-_2_5	70774	232.405000	652.013000	0.009213	0
Trace-_2_5	70818	232.706000	652.129000	0.009209	0
Trace-_2_5	70835	227.074000	637.481000	0.009000	0
Trace-_2_5	70929	270.326000	757.462000	0.010679	0
Trace-_2_5	71057	287.978000	810.065000	0.011400	0
Trace-_2_5	71119	281.988000	792.024000	0.011137	0
Trace-_2_5	71130	255.808000	718.947000	0.010108	0
Trace-_2_5	71150	268.801000	757.681000	0.010649	0
Trace-_2_5	71169	275.578000	772.543000	0.010855	0
Trace-_2_5	71287	260.202000	726.126000	0.010186	0
Trace-_2_5	71333	281.994000	791.966000	0.011102	0
Trace-_2_5	71344	274.132000	769.508000	0.010786	0
Trace-_2_5	71362	282.081000	793.993000	0.011126	0
Trace-_2_5	71378	275.283000	772.136000	0.010818	0
Trace-_2_5	71427	271.137000	759.283000	0.010630	0
Trace-_2_5	71503	272.426000	761.518000	0.010650	0
Trace-_2_5	71603	241.923000	678.721000	0.009479	0
Trace-_2_5	71827	272.041000	769.086000	0.010707	0
Trace-_2_5	71838	242.932000	678.143000	0.009440	0
Trace-_2_5	72112	237.130000	665.721000	0.009232	0
Trace-_2_5	72161	295.332000	830.204000	0.011505	0
Trace-_2_5	72221	286.067000	802.720000	0.011115	0
Trace-_2_5	72358	272.563000	763.862000	0.010557	0
Trace-_2_5	72409	276.743000	778.333000	0.010749	0
Trace-_2_5	72470	297.782000	835.546000	0.011530	0
Trace-_2_5	72535	297.968000	840.251000	0.011584	0
Trace-_2_5	72695	262.729000	738.491000	0.010159	0
Trace-_2_5	72721	236.598000	662.938000	0.009116	0
Trace-_2_5	72771	288.061000	807.788000	0.011100	0
Trace-_2_5	72986	294.112000	826.460000	0.011324	0
Trace-_2_5	72994	172.975000	489.218000	0.006702	0
Trace-_2_5	73066	265.596000	750.972000	0.010278	0
Trace-_2_5	73096	234.491000	662.566000	0.009064	0
Trace-_2_5	73156	297.974000	840.833000	0.011494	0
Trace-_2_5	73476	292.807000	829.260000	0.011286	0
Trace-_2_5	73508	234.627000	664.045000	0.009034	0
Trace-_2_5	73666	255.214000	720.167000	0.009776	0
Trace-_2_5	73702	278.940000	791.556000	0.010740	0
Trace-_2_5	73958	246.362000	695.557000	0.009405	0
Trace-_2_5	74238	235.573000	666.653000	0.008980	0
Trace-_2_5	74313	254.723000	717.254000	0.009652	0
Trace-_2_5	74404	248.575000	699.804000	0.009405	0
Trace-_2_5	74411	228.100000	643.561000	0.008649	0
Trace-_2_5	74538	276.307000	781.243000	0.010481	0
Trace-_2_5	74737	276.305000	781.233000	0.010453	0
Trace-_2_5	74808	244.752000	691.807000	0.009248	0
Trace-_2_5	74855	302.195000	856.044000	0.011436	0
Trace-_2_5	75430	290.494000	816.719000	0.010828	0
Trace-_2_5	75615	298.477000	844.640000	0.011170	0
Trace-_2_5	76093	282.405000	796.725000	0.010470	0
Trace-_2_5	76108	243.039000	686.190000	0.009016	0
Trace-_2_5	76299	276.504000	784.812000	0.010286	0
Trace-_2_5	76342	298.445000	841.270000	0.011020	0
Trace-_2_5	76383	266.174000	751.302000	0.009836	0
Trace-_2_5	76748	311.886000	879.957000	0.011466	0
Trace-_2_5	76750	149.564000	421.534000	0.005492	0
Trace-_2_5	76819	304.777000	861.412000	0.011214	0
Trace-_2_5	77078	294.575000	830.085000	0.010769	0
Trace-_2_5	77298	256.706000	724.409000	0.009372	0
Trace-_2_5	77366	280.672000	788.616000	0.010193	0
Trace-_2_5	77632	267.493000	753.185000	0.009702	0
Trace-_2_5	77648	237.743000	673.686000	0.008676	0
Trace-_2_5	77728	296.855000	836.583000	0.010763	0
Trace-_2_5	77733	208.166000	586.225000	0.007542	0
Trace-_2_5	77771	295.571000	831.943000	0.010697	0
Trace-_2_5	77838	313.480000	883.445000	0.011350	0
Trace-_2_5	77891	304.122000	863.686000	0.011088	0
Trace-_2_5	77933	263.922000	747.005000	0.009585	0
Trace-_2_5	78077	273.268000	772.684000	0.009896	0
Trace-_2_5	78242	304.356000	860.800000	0.011002	0
Trace-_2_5	78467	278.146000	784.779000	0.010001	0
Trace-_2_5	78751	306.570000	867.783000	0.011019	0
Trace-_2_5	79006	296.133000	838.068000	0.010608	0
Trace-_2_5	79026	310.012000	877.008000	0.011098	0
Trace-_2_5	79139	247.239000	695.319000	0.008786	0
Trace-_2_5	79153	246.388000	695.527000	0.008787	0
Trace-_2_5	79360	272.981000	772.981000	0.009740	0
Trace-_2_5	79416	300.766000	857.500000	0.010798	0
Trace-_2_5	79425	217.978000	616.348000	0.007760	0
Trace-_2_5	79489	260.282000	737.497000	0.009278	0
Trace-_2_5	79521	310.207000	874.176000	0.010993	0
Trace-_2_5	79569	266.884000	752.932000	0.009463	0
Trace-_2_5	79591	247.670000	700.303000	0.008799	0
Trace-_2_5	79827	320.530000	904.827000	0.011335	0
Trace-_2_5	79841	233.191000	657.111000	0.008230	0
Trace-_2_5	79956	266.946000	750.711000	0.009389	0
Trace-_2_5	80018	296.327000	840.739000	0.010507	0
Trace-_2_5	80025	225.252000	635.219000	0.007938	0
Trace-_2_5	80150	260.754000	731.175000	0.009123	0
Trace-_2_5	80328	298.444000	843.479000	0.010500	0
Trace-_2_5	80551	305.069000	859.667000	0.010672	0
Trace-_2_5	80774	291.946000	823.516000	0.010195	0
Trace-_2_5	80907	298.756000	841.486000	0.010401	0
Trace-_2_5	81030	315.495000	893.589000	0.011028	0
Trace-_2_5	81068	251.990000	706.735000	0.008718	0
Trace-_2_5	81145	271.404000	768.307000	0.009468	0
Trace-_2_5	81319	319.465000	901.454000	0.011085	0
Trace-_2_5	81377	322.719000	915.068000	0.011245	0
Trace-_2_5	81387	207.581000	586.737000	0.007209	0
Trace-_2_5	81663	317.445000	894.058000	0.010948	0
Trace-_2_5	81716	306.426000	867.739000	0.010619	0
Trace-_2_5	81770	269.881000	762.239000	0.009322	0
Trace-_2_5	81787	252.165000	710.432000	0.008686	0
Trace-_2_5	81892	324.093000	917.814000	0.011208	0
Trace-_2_5	81956	329.038000	925.722000	0.011295	0
Trace-_2_5	81976	243.266000	686.114000	0.008370	0
Trace-_2_5	82035	307.951000	871.524000	0.010624	0
Trace-_2_5	82117	316.243000	895.133000	0.010901	0
Trace-_2_5	82182	309.066000	870.582000	0.010593	0
Trace-_2_5	82562	299.590000	848.026000	0.010271	0
Trace-_2_5	82713	271.796000	765.746000	0.009258	0
Trace-_2_5	82819	322.465000	910.494000	0.010994	0
Trace-_2_5	82829	302.556000	855.211000	0.010325	0
Trace-_2_5	82984	273.945000	776.517000	0.009357	0
Trace-_2_5	83112	290.167000	814.213000	0.009797	0
Trace-_2_5	83236	312.147000	880.542000	0.010579	0
Trace-_2_5	83282	325.824000	917.163000	0.011013	0
Trace-_2_5	83470	313.875000	885.392000	0.010607	0
Trace-_2_5	83481	309.273000	873.218000	0.010460	0
Trace-_2_5	83499	230.740000	658.084000	0.007881	0
Trace-_2_5	83582	310.043000	875.355000	0.010473	0
Trace-_2_5	83933	307.967000	867.368000	0.010334	0
Trace-_2_5	84081	313.129000	882.258000	0.010493	0
Trace-_2_5	84182	260.587000	739.231000	0.008781	0
Trace-_2_5	84301	297.273000	839.537000	0.009959	0
Trace-_2_5	84328	256.000000	724.244000	0.008588	0
Trace-_2_5	84490	262.241000	736.793000	0.008720	0
Trace-_2_5	84507	258.533000	725.789000	0.008589	0
Trace-_2_5	84606	334.351000	939.242000	0.011101	0
Trace-_2_5	84620	229.267000	644.728000	0.007619	0
Trace-_2_5	84684	257.465000	722.381000	0.008530	0
Trace-_2_5	84847	328.013000	925.399000	0.010907	0
Trace-_2_5	84891	320.883000	902.227000	0.010628	0
Trace-_2_5	85289	313.927000	882.686000	0.010349	0
Trace-_2_5	85641	333.661000	936.255000	0.010932	0
Trace-_2_5	85646	170.544000	476.663000	0.005566	0
Trace-_2_5	86028	299.819000	841.947000	0.009787	0
Trace-_2_5	86036	259.539000	732.311000	0.008512	0
Trace-_2_5	86270	262.547000	738.021000	0.008555	0
Trace-_2_5	86403	269.912000	759.069000	0.008785	0
Trace-_2_5	86410	172.884000	486.258000	0.005627	0
Trace-_2_5	86532	274.185000	770.934000	0.008909	0
Trace-_2_5	86562	325.004000	916.122000	0.010583	0
Trace-_2_5	86588	305.897000	865.281000	0.009993	0
Trace-_2_5	86607	263.825000	739.183000	0.008535	0
Trace-_2_5	86619	247.234000	697.823000	0.008056	0
Trace-_2_5	86732	261.876000	738.266000	0.008512	0
Trace-_2_5	87044	291.980000	819.094000	0.009410	0
Trace-_2_5	87099	224.204000	629.461000	0.007227	0
Trace-_2_5	87330	307.050000	866.936000	0.009927	0
Trace-_2_5	87413	264.165000	742.058000	0.008489	0
Trace-_2_5	87445	319.854000	899.961000	0.010292	0
Trace-_2_5	87498	274.726000	773.589000	0.008841	0
Trace-_2_5	87577	279.642000	784.512000	0.008958	0
Trace-_2_5	87692	307.501000	866.672000	0.009883	0
Trace-_2_5	87750	333.404000	937.530000	0.010684	0
Trace-_2_5	87946	304.235000	860.883000	0.009789	0
Trace-_2_5	88001	317.750000	894.236000	0.010162	0
Trace-_2_5	88096	278.279000	781.598000	0.008872	0
Trace-_2_5	88104	265.517000	746.823000	0.008477	0
Trace-_2_5	88313	282.212000	788.878000	0.008933	0
Trace-_2_5	88318	178.590000	499.035000	0.005650	0
Trace-_2_5	88396	335.097000	937.808000	0.010609	0
Trace-_2_5	88418	303.314000	856.356000	0.009685	0
Trace-_2_5	88569	287.090000	805.538000	0.009095	0
Trace-_2_5	88628	306.684000	869.142000	0.009807	0
Trace-_2_5	88722	333.759000	941.570000	0.010613	0
Trace-_2_5	88737	229.790000	644.396000	0.007262	0
Trace-_2_5	88761	331.622000	941.221000	0.010604	0
Trace-_2_5	88803	266.290000	748.796000	0.008432	0
Trace-_2_5	88848	328.825000	929.499000	0.010462	0
Trace-_2_5	88969	329.179000	933.271000	0.010490	0
Trace-_2_5	89009	264.776000	748.943000	0.008414	0
Trace-_2_5	89119	315.060000	894.414000	0.010036	0
Trace-_2_5	89227	338.310000	959.150000	0.010750	0
Trace-_2_5	89488	311.236000	877.952000	0.009811	0
Trace-_2_5	89808	300.099000	842.898000	0.009386	0
Trace-_2_5	89923	316.400000	892.419000	0.009924	0
Trace-_2_5	90180	312.978000	884.800000	0.009811	0
Trace-_2_5	90539	331.872000	937.407000	0.010354	0
Trace-_2_5	90565	269.172000	758.468000	0.008375	0
Trace-_2_5	90635	297.912000	843.175000	0.009303	0
Trace-_2_5	90673	342.676000	969.742000	0.010695	0
Trace-_2_5	90756	306.935000	864.040000	0.009520	0
Trace-_2_5	90998	323.124000	912.730000	0.010030	0
Trace-_2_5	91015	270.170000	761.734000	0.008369	0
Trace-_2_5	91201	313.565000	887.993000	0.009737	0
Trace-_2_5	91290	289.961000	820.106000	0.008984	0
Trace-_2_5	91338	326.596000	919.016000	0.010062	0
Trace-_2_5	91542	287.645000	806.484000	0.008810	0
Trace-_2_5	91552	271.152000	765.261000	0.008359	0
Trace-_2_5	91587	271.925000	766.548000	0.008370	0
Trace-_2_5	91621	332.568000	936.592000	0.010222	0
Trace-_2_5	91656	271.623000	764.769000	0.008344	0
Trace-_2_5	91701	327.742000	924.960000	0.010087	0
Trace-_2_5	91835	315.709000	891.331000	0.009706	0
Trace-_2_5	91932	347.024000	978.370000	0.010642	0
Trace-_2_5	91961	271.091000	767.216000	0.008343	0
Trace-_2_5	92081	329.567000	930.926000	0.010110	0
Trace-_2_5	92219	315.910000	889.166000	0.009642	0
Trace-_2_5	92327	339.839000	955.730000	0.010352	0
Trace-_2_5	92451	319.780000	902.661000	0.009764	0
Trace-_2_5	92582	312.008000	878.916000	0.009493	0
Trace-_2_5	92746	349.910000	981.931000	0.010587	0
Trace-_2_5	93016	306.627000	863.526000	0.009284	0
Trace-_2_5	93072	318.949000	896.542000	0.009633	0
Trace-_2_5	93252	328.096000	927.445000	0.009946	0
Trace-_2_5	93327	314.192000	881.748000	0.009448	0
Trace-_2_5	93383	276.614000	776.829000	0.008319	0
Trace-_2_5	93437	339.734000	957.283000	0.010245	0
Trace-_2_5	93455	312.183000	883.995000	0.009459	0
Trace-_2_5	93602	290.311000	814.808000	0.008705	0
Trace-_2_5	93684	281.967000	788.990000	0.008422	0
Trace-_2_5	93806	308.625000	867.754000	0.009251	0
Trace-_2_5	93822	278.025000	777.335000	0.008285	0
Trace-_2_5	94049	350.708000	984.754000	0.010471	0
Trace-_2_5	94161	341.512000	959.691000	0.010192	0
Trace-_2_5	94185	279.034000	781.952000	0.008302	0
Trace-_2_5	94386	304.074000	852.756000	0.009035	0
Trace-_2_5	94409	279.842000	783.016000	0.008294	0
Trace-_2_5	94691	336.074000	941.333000	0.009941	0
Trace-_2_5	94778	303.855000	854.538000	0.009016	0
Trace-_2_5	94921	352.382000	985.404000	0.010381	0
Trace-_2_5	94974	344.962000	978.000000	0.010298	0
Trace-_2_5	95191	305.329000	853.207000	0.008963	0
Trace-_2_5	95294	348.991000	979.453000	0.010278	0
Trace-_2_5	95325	282.457000	785.938000	0.008245	0
Trace-_2_5	95348	282.530000	788.667000	0.008271	0
Trace-_2_5	95437	349.076000	982.579000	0.010296	0
Trace-_2_5	95601	352.915000	989.889000	0.010354	0
Trace-_2_5	95602	191.488000	533.414000	0.005580	0
Trace-_2_5	95897	358.628000	1002.135000	0.010450	0
Trace-_2_5	95910	283.829000	790.869000	0.008246	0
Trace-_2_5	96078	355.868000	996.499000	0.010372	0
Trace-_2_5	96094	282.799000	791.713000	0.008239	0
Trace-_2_5	96213	353.038000	985.135000	0.010239	0
Trace-_2_5	96227	285.166000	794.046000	0.008252	0
Trace-_2_5	96457	354.698000	992.207000	0.010287	0
Trace-_2_5	96526	343.451000	959.017000	0.009935	0
Trace-_2_5	96617	292.065000	811.406000	0.008398	0
Trace-_2_5	96680	313.440000	872.680000	0.009026	0
Trace-_2_5	96988	317.112000	882.599000	0.009100	0
Trace-_2_5	97056	309.388000	862.629000	0.008888	0
Trace-_2_5	97118	321.883000	895.578000	0.009222	0
Trace-_2_5	97175	326.283000	910.034000	0.009365	0
Trace-_2_5	97217	360.767000	1004.565000	0.010333	0
Trace-_2_5	97237	285.956000	797.823000	0.008205	0
Trace-_2_5	97296	335.918000	937.474000	0.009635	0
Trace-_2_5	97432	306.530000	851.586000	0.008740	0
Trace-_2_5	97581	361.571000	1009.035000	0.010340	0
Trace-_2_5	97603	287.165000	800.855000	0.008205	0
Trace-_2_5	97608	198.637000	551.013000	0.005645	0
Trace-_2_5	97739	306.731000	851.091000	0.008708	0
Trace-_2_5	97947	364.544000	1014.471000	0.010357	0
Trace-_2_5	97972	288.779000	802.856000	0.008195	0
Trace-_2_5	98152	334.239000	931.071000	0.009486	0
Trace-_2_5	98202	348.058000	968.583000	0.009863	0
Trace-_2_5	98632	337.279000	941.016000	0.009541	0
Trace-_2_5	98940	344.106000	956.795000	0.009670	0
Trace-_2_5	99159	359.826000	1002.969000	0.010115	0
Trace-_2_5	99202	361.564000	1006.499000	0.010146	0
Trace-_2_5	99293	317.919000	878.046000	0.008843	0
Trace-_2_5	99499	300.111000	830.081000	0.008343	0
Trace-_2_5	99604	333.810000	927.256000	0.009309	0
Trace-_2_5	99608	204.634000	566.651000	0.005689	0
Trace-_2_5	99639	348.104000	969.651000	0.009732	0
Trace-_2_5	99811	344.805000	959.464000	0.009613	0
Trace-_2_5	99894	309.316000	857.675000	0.008586	0
Trace-_2_5	99914	366.759000	1020.586000	0.010215	0
Trace-_2_5	99951	293.505000	814.975000	0.008154	0
