I0822 13:08:05.134782656    9161 server_builder.cc:247]      Synchronous server. Num CQs: 1, Min pollers: 1, Max Pollers: 2147483647, CQ timeout (msec): 1000
[INFO] - Server listening on 127.0.0.1:50051
Trace-_2_5	84	0.343000	1.047000	0.012464	0	0	0	0
Trace-_2_5	86	0.283000	0.942000	0.010953	0	0	0	0
Trace-_2_5	87	0.293000	0.960000	0.011034	0	0	0	0
Trace-_2_5	130	0.489000	1.482000	0.011400	0	0	0	0
Trace-_2_5	130	0.444000	1.463000	0.011254	0	0	0	0
Trace-_2_5	130	0.440000	1.459000	0.011223	0	0	0	0
Trace-_2_5	194	0.685000	2.186000	0.011268	0	0	0	0
Trace-_2_5	195	0.665000	2.148000	0.011015	0	0	0	0
Trace-_2_5	196	0.677000	2.159000	0.011015	0	0	0	0
Trace-_2_5	231	0.836000	2.613000	0.011312	0	0	0	0
Trace-_2_5	232	0.830000	2.605000	0.011228	0	0	0	0
Trace-_2_5	233	0.818000	2.615000	0.011223	0	0	0	0
Trace-_1_5	243	0.868000	2.772000	0.011407	0	0	0	0
Trace-_1_5	243	0.837000	2.693000	0.011082	0	0	0	0
Trace-_1_5	244	0.864000	2.756000	0.011295	0	0	0	0
Trace-_2_5	322	1.387000	3.901000	0.012115	0	0	0	0
Trace-_2_5	323	1.147000	3.618000	0.011201	0	0	0	0
Trace-_2_5	324	1.151000	3.598000	0.011105	0	0	0	0
Trace-_2_5	410	1.478000	4.595000	0.011207	0	0	0	0
Trace-_2_5	410	1.451000	4.578000	0.011166	0	0	0	0
Trace-_2_5	410	1.457000	4.577000	0.011163	0	0	0	0
Trace-_2_5	420	1.517000	4.682000	0.011148	0	0	0	0
Trace-_2_5	421	1.479000	4.702000	0.011169	0	0	0	0
Trace-_2_5	421	1.506000	4.695000	0.011152	0	0	0	0
Trace-_2_5	466	1.712000	5.226000	0.011215	0	0	0	0
Trace-_2_5	467	1.664000	5.211000	0.011158	0	0	0	0
Trace-_2_5	467	1.660000	5.202000	0.011139	0	0	0	0
Trace-_2_5	491	1.787000	5.497000	0.011196	0	0	0	0
Trace-_2_5	493	1.775000	5.515000	0.011187	0	0	0	0
Trace-_2_5	493	1.789000	5.508000	0.011172	0	0	0	0
Trace-_2_5	618	2.590000	7.320000	0.011845	0	0	0	0
Trace-_2_5	619	2.284000	6.968000	0.011257	0	0	0	0
Trace-_2_5	619	2.252000	6.923000	0.011184	0	0	0	0
Trace-_2_5	657	2.415000	7.394000	0.011254	0	0	0	0
Trace-_2_5	658	2.377000	7.383000	0.011220	0	0	0	0
Trace-_2_5	658	2.392000	7.340000	0.011155	0	0	0	0
Trace-_2_5	673	2.519000	7.600000	0.011293	0	0	0	0
Trace-_2_5	675	2.511000	7.618000	0.011286	0	0	0	0
Trace-_2_5	677	2.530000	7.647000	0.011295	0	0	0	0
Trace-_2_5	719	2.718000	8.124000	0.011299	0	0	0	0
Trace-_2_5	720	2.709000	8.142000	0.011308	0	0	0	0
Trace-_2_5	720	2.705000	8.114000	0.011269	0	0	0	0
Trace-_2_5	858	3.342000	9.898000	0.011536	0	0	0	0
Trace-_2_5	858	3.285000	9.812000	0.011436	0	0	0	0
Trace-_2_5	860	3.289000	9.790000	0.011384	0	0	0	0
Trace-_1_5	949	4.297000	11.478000	0.012095	0	0	0	0
Trace-_1_5	951	3.728000	10.930000	0.011493	0	0	0	0
Trace-_1_5	952	3.739000	10.976000	0.011529	0	0	0	0
Trace-_2_5	977	4.111000	11.464000	0.011734	0	0	0	0
Trace-_2_5	979	3.790000	11.342000	0.011585	0	0	0	0
Trace-_2_5	979	3.776000	11.185000	0.011425	0	0	0	0
Trace-_2_5	1023	4.048000	11.748000	0.011484	0	0	0	0
Trace-_2_5	1025	3.948000	11.619000	0.011336	0	0	0	0
Trace-_2_5	1026	3.978000	11.761000	0.011463	0	0	0	0
Trace-_2_5	1056	4.207000	12.148000	0.011504	0	0	0	0
Trace-_2_5	1058	4.113000	12.067000	0.011405	0	0	0	0
Trace-_2_5	1058	4.174000	12.145000	0.011479	0	0	0	0
Trace-_2_5	1145	4.747000	13.429000	0.011728	0	0	0	0
Trace-_2_5	1146	4.445000	13.118000	0.011447	0	0	0	0
Trace-_2_5	1147	4.430000	13.110000	0.011430	0	0	0	0
Trace-_2_5	1203	5.489000	14.618000	0.012151	0	0	0	0
Trace-_2_5	1204	4.678000	13.750000	0.011420	0	0	0	0
Trace-_2_5	1205	4.669000	13.676000	0.011349	0	0	0	0
Trace-_2_5	1451	5.770000	16.715000	0.011520	0	0	0	0
Trace-_2_5	1452	5.678000	16.590000	0.011426	0	0	0	0
Trace-_2_5	1454	5.748000	16.719000	0.011499	0	0	0	0
Trace-_1_5	1585	3.276000	9.214000	0.005813	0	0	0	0
Trace-_1_5	1586	3.094000	8.924000	0.005627	0	0	0	0
Trace-_1_5	1588	3.014000	8.784000	0.005531	0	0	0	0
Trace-_2_5	1628	3.401000	9.819000	0.006031	0	0	0	0
Trace-_2_5	1628	3.240000	9.335000	0.005734	0	0	0	0
Trace-_2_5	1631	3.107000	9.048000	0.005548	0	0	0	0
Trace-_2_5	1639	3.248000	9.428000	0.005752	0	0	0	0
Trace-_2_5	1641	6.412000	18.563000	0.011312	0	0	0	0
Trace-_2_5	1642	6.538000	18.958000	0.011546	0	0	0	0
Trace-_1_5	1801	7.139000	20.722000	0.011506	0	0	0	0
Trace-_1_5	1802	6.995000	20.689000	0.011481	0	0	0	0
Trace-_1_5	1802	7.003000	20.640000	0.011454	0	0	0	0
Trace-_0_5	1916	7.761000	22.254000	0.011615	0	0	0	0
Trace-_0_5	1918	7.560000	21.990000	0.011465	0	0	0	0
Trace-_0_5	1920	7.512000	21.988000	0.011452	0	0	0	0
Trace-_2_5	1951	7.702000	22.400000	0.011481	0	0	0	0
Trace-_2_5	1951	7.495000	22.189000	0.011373	0	0	0	0
Trace-_2_5	1952	7.504000	22.204000	0.011375	0	0	0	0
Trace-_2_5	1986	9.598000	24.748000	0.012461	0	0	0	0
Trace-_2_5	1987	7.768000	22.775000	0.011462	0	0	0	0
Trace-_2_5	1988	7.866000	22.799000	0.011468	0	0	0	0
Trace-_2_5	2328	9.762000	27.274000	0.011716	0	0	0	0
Trace-_2_5	2330	9.347000	26.917000	0.011552	0	0	0	0
Trace-_2_5	2330	9.358000	26.902000	0.011546	0	0	0	0
Trace-_2_5	2389	9.716000	27.723000	0.011604	0	0	0	0
Trace-_2_5	2390	9.525000	27.535000	0.011521	0	0	0	0
Trace-_2_5	2390	9.554000	27.634000	0.011562	0	0	0	0
Trace-_2_5	2417	9.808000	28.076000	0.011616	0	0	0	0
Trace-_2_5	2417	9.591000	27.618000	0.011427	0	0	0	0
Trace-_2_5	2418	9.680000	27.974000	0.011569	0	0	0	0
Trace-_2_5	2477	9.966000	28.557000	0.011529	0	0	0	0
Trace-_2_5	2477	9.924000	28.623000	0.011556	0	0	0	0
Trace-_2_5	2480	9.996000	28.626000	0.011543	0	0	0	0
Trace-_2_5	2896	12.271000	34.285000	0.011839	0	0	0	0
Trace-_2_5	2898	11.837000	33.732000	0.011640	0	0	0	0
Trace-_2_5	2898	11.837000	33.720000	0.011636	0	0	0	0
Trace-_2_5	2907	13.081000	35.470000	0.012202	0	0	0	0
Trace-_2_5	2908	12.141000	33.928000	0.011667	0	0	0	0
Trace-_2_5	2908	11.916000	33.633000	0.011566	0	0	0	0
Trace-_2_5	2912	11.856000	33.645000	0.011554	0	0	0	0
Trace-_2_5	2912	11.926000	33.726000	0.011582	0	0	0	0
Trace-_2_5	2914	11.980000	33.969000	0.011657	0	0	0	0
Trace-_2_5	2957	12.229000	34.695000	0.011733	0	0	0	0
Trace-_2_5	2957	12.026000	34.413000	0.011638	0	0	0	0
Trace-_2_5	2957	11.972000	34.126000	0.011541	0	0	0	0
Trace-_2_5	3020	12.586000	35.216000	0.011661	0	0	0	0
Trace-_2_5	3021	12.366000	35.004000	0.011587	0	0	0	0
Trace-_2_5	3023	12.387000	35.115000	0.011616	0	0	0	0
Trace-_2_5	3026	12.451000	35.282000	0.011660	0	0	0	0
Trace-_2_5	3027	12.341000	35.123000	0.011603	0	0	0	0
Trace-_2_5	3028	12.456000	35.216000	0.011630	0	0	0	0
Trace-_2_5	3044	12.509000	35.373000	0.011621	0	0	0	0
Trace-_2_5	3044	12.484000	35.406000	0.011631	0	0	0	0
Trace-_2_5	3044	12.500000	35.496000	0.011661	0	0	0	0
Trace-_1_5	3060	13.509000	36.942000	0.012073	0	0	0	0
Trace-_1_5	3061	12.650000	35.784000	0.011690	0	0	0	0
Trace-_1_5	3063	12.697000	35.792000	0.011685	0	0	0	0
Trace-_2_5	3079	12.722000	35.907000	0.011662	0	0	0	0
Trace-_2_5	3081	12.819000	35.911000	0.011656	0	0	0	0
Trace-_2_5	3081	12.692000	35.773000	0.011611	0	0	0	0
Trace-_2_5	3207	13.331000	37.569000	0.011715	0	0	0	0
Trace-_2_5	3207	13.286000	37.539000	0.011705	0	0	0	0
Trace-_2_5	3209	13.345000	37.565000	0.011706	0	0	0	0
Trace-_2_5	3250	13.527000	38.011000	0.011696	0	0	0	0
Trace-_2_5	3250	13.542000	38.059000	0.011710	0	0	0	0
Trace-_2_5	3251	13.513000	37.790000	0.011624	0	0	0	0
Trace-_2_5	3331	13.903000	39.191000	0.011766	0	0	0	0
Trace-_2_5	3331	13.807000	38.957000	0.011695	0	0	0	0
Trace-_2_5	3332	13.859000	39.030000	0.011714	0	0	0	0
Trace-_2_5	3908	18.554000	48.420000	0.012390	0	0	0	0
Trace-_2_5	3910	16.727000	46.272000	0.011834	0	0	0	0
Trace-_2_5	3911	16.632000	46.177000	0.011807	0	0	0	0
Trace-_2_5	3947	18.396000	48.123000	0.012192	0	0	0	0
Trace-_2_5	3947	16.959000	46.945000	0.011894	0	0	0	0
Trace-_2_5	3949	17.091000	46.954000	0.011890	0	0	0	0
Trace-_2_5	4130	19.101000	50.077000	0.012125	0	0	0	0
Trace-_2_5	4132	17.669000	48.911000	0.011837	0	0	0	0
Trace-_2_5	4133	17.746000	49.109000	0.011882	0	0	0	0
Trace-_1_5	4166	19.508000	51.029000	0.012249	0	0	0	0
Trace-_1_5	4168	17.929000	49.401000	0.011852	0	0	0	0
Trace-_1_5	4169	18.125000	49.723000	0.011927	0	0	0	0
Trace-_2_5	4188	18.810000	50.642000	0.012092	0	0	0	0
Trace-_2_5	4188	18.147000	49.912000	0.011918	0	0	0	0
Trace-_2_5	4188	18.279000	49.939000	0.011924	0	0	0	0
Trace-_2_5	4208	18.401000	50.270000	0.011946	0	0	0	0
Trace-_2_5	4210	18.313000	50.030000	0.011884	0	0	0	0
Trace-_2_5	4210	18.309000	50.023000	0.011882	0	0	0	0
Trace-_2_5	4238	18.299000	50.260000	0.011859	0	0	0	0
Trace-_2_5	4238	18.331000	50.316000	0.011873	0	0	0	0
Trace-_2_5	4238	18.346000	50.293000	0.011867	0	0	0	0
Trace-_2_5	4296	18.818000	51.611000	0.012014	0	0	0	0
Trace-_2_5	4296	18.544000	50.900000	0.011848	0	0	0	0
Trace-_2_5	4296	18.677000	51.061000	0.011886	0	0	0	0
Trace-_2_5	4305	18.609000	51.060000	0.011861	0	0	0	0
Trace-_2_5	4308	18.803000	51.430000	0.011938	0	0	0	0
Trace-_2_5	4309	18.498000	50.862000	0.011804	0	0	0	0
Trace-_2_5	5111	22.750000	61.697000	0.012071	0	0	0	0
Trace-_2_5	5111	21.206000	59.665000	0.011674	0	0	0	0
Trace-_2_5	5111	21.345000	59.814000	0.011703	0	0	0	0
Trace-_1_5	5120	22.239000	60.651000	0.011846	0	0	0	0
Trace-_1_5	5120	21.524000	60.103000	0.011739	0	0	0	0
Trace-_1_5	5121	21.427000	60.682000	0.011850	0	0	0	0
Trace-_2_5	5177	22.330000	61.587000	0.011896	0	0	0	0
Trace-_2_5	5179	21.954000	60.927000	0.011764	0	0	0	0
Trace-_2_5	5179	21.932000	60.946000	0.011768	0	0	0	0
Trace-_2_5	5255	23.507000	63.569000	0.012097	0	0	0	0
Trace-_2_5	5255	22.090000	61.926000	0.011784	0	0	0	0
Trace-_2_5	5257	22.064000	61.607000	0.011719	0	0	0	0
Trace-_2_5	5333	23.827000	63.912000	0.011984	0	0	0	0
Trace-_2_5	5333	22.478000	62.379000	0.011697	0	0	0	0
Trace-_2_5	5334	22.384000	62.578000	0.011732	0	0	0	0
Trace-_2_5	5358	22.326000	62.845000	0.011729	0	0	0	0
Trace-_2_5	5359	22.282000	62.756000	0.011710	0	0	0	0
Trace-_2_5	5361	22.649000	63.612000	0.011866	0	0	0	0
Trace-_2_5	5469	23.297000	64.402000	0.011776	0	0	0	0
Trace-_2_5	5470	23.228000	64.375000	0.011769	0	0	0	0
Trace-_2_5	5471	23.637000	65.180000	0.011914	0	0	0	0
Trace-_2_5	5568	23.453000	65.602000	0.011782	0	0	0	0
Trace-_2_5	5569	23.257000	65.705000	0.011798	0	0	0	0
Trace-_2_5	5570	23.716000	66.022000	0.011853	0	0	0	0
Trace-_2_5	5630	23.890000	66.298000	0.011776	0	0	0	0
Trace-_2_5	5630	23.666000	66.257000	0.011769	0	0	0	0
Trace-_2_5	5630	23.702000	66.195000	0.011758	0	0	0	0
Trace-_2_5	5797	24.615000	68.044000	0.011738	0	0	0	0
Trace-_2_5	5799	24.329000	67.914000	0.011711	0	0	0	0
Trace-_2_5	5800	24.357000	67.869000	0.011702	0	0	0	0
Trace-_2_5	5855	25.042000	69.246000	0.011827	0	0	0	0
Trace-_2_5	5857	24.644000	68.566000	0.011707	0	0	0	0
Trace-_2_5	5859	24.749000	68.797000	0.011742	0	0	0	0
Trace-_2_5	6025	26.390000	72.149000	0.011975	0	0	0	0
Trace-_2_5	6025	25.525000	70.984000	0.011782	0	0	0	0
Trace-_2_5	6025	25.401000	70.815000	0.011754	0	0	0	0
Trace-_2_5	6202	27.950000	75.253000	0.012134	0	0	0	0
Trace-_2_5	6203	26.109000	72.898000	0.011752	0	0	0	0
Trace-_2_5	6204	25.959000	72.568000	0.011697	0	0	0	0
Trace-_2_5	6278	26.760000	73.758000	0.011749	0	0	0	0
Trace-_2_5	6278	26.333000	73.493000	0.011706	0	0	0	0
Trace-_2_5	6279	26.355000	73.750000	0.011746	0	0	0	0
Trace-_2_5	6301	26.402000	73.700000	0.011697	0	0	0	0
Trace-_2_5	6303	26.578000	73.920000	0.011728	0	0	0	0
Trace-_2_5	6303	26.467000	73.729000	0.011697	0	0	0	0
Trace-_2_5	6479	28.048000	76.840000	0.011860	0	0	0	0
Trace-_2_5	6481	27.651000	76.415000	0.011791	0	0	0	0
Trace-_2_5	6482	27.719000	76.670000	0.011828	0	0	0	0
Trace-_2_5	6693	36.080000	86.568000	0.012934	0	0	0	0
Trace-_2_5	6695	28.487000	79.396000	0.011859	0	0	0	0
Trace-_2_5	6696	28.307000	78.627000	0.011742	0	0	0	0
Trace-_2_5	6696	28.543000	78.729000	0.011758	0	0	0	0
Trace-_2_5	6696	28.337000	79.152000	0.011821	0	0	0	0
Trace-_2_5	6696	28.292000	78.722000	0.011757	0	0	0	0
Trace-_2_5	7174	33.018000	87.425000	0.012186	0	0	0	0
Trace-_2_5	7174	30.831000	84.646000	0.011799	0	0	0	0
Trace-_2_5	7175	30.778000	84.600000	0.011791	0	0	0	0
Trace-_2_5	7217	31.675000	86.609000	0.012001	0	0	0	0
Trace-_2_5	7217	31.050000	85.331000	0.011824	0	0	0	0
Trace-_2_5	7218	31.643000	85.863000	0.011896	0	0	0	0
Trace-_2_5	7227	31.288000	86.039000	0.011905	0	0	0	0
Trace-_2_5	7229	31.653000	86.594000	0.011979	0	0	0	0
Trace-_2_5	7229	32.080000	87.625000	0.012121	0	0	0	0
Trace-_2_5	7262	32.895000	87.476000	0.012046	0	0	0	0
Trace-_2_5	7263	31.502000	86.663000	0.011932	0	0	0	0
Trace-_2_5	7265	31.465000	86.262000	0.011874	0	0	0	0
Trace-_2_5	7362	32.903000	88.314000	0.011996	0	0	0	0
Trace-_2_5	7363	31.802000	87.396000	0.011870	0	0	0	0
Trace-_2_5	7364	31.873000	87.370000	0.011864	0	0	0	0
Trace-_2_5	7655	37.065000	95.639000	0.012494	0	0	0	0
Trace-_2_5	7655	33.219000	91.165000	0.011909	0	0	0	0
Trace-_2_5	7658	33.249000	91.451000	0.011942	0	0	0	0
Trace-_2_5	7809	34.941000	93.902000	0.012025	0	0	0	0
Trace-_2_5	7810	33.868000	93.011000	0.011909	0	0	0	0
Trace-_2_5	7811	33.840000	93.590000	0.011982	0	0	0	0
Trace-_2_5	7850	33.691000	92.969000	0.011843	0	0	0	0
Trace-_2_5	7850	33.672000	93.163000	0.011868	0	0	0	0
Trace-_2_5	7851	33.748000	93.146000	0.011864	0	0	0	0
Trace-_2_5	7868	33.855000	93.109000	0.011834	0	0	0	0
Trace-_2_5	7869	33.451000	93.129000	0.011835	0	0	0	0
Trace-_2_5	7871	33.514000	92.891000	0.011802	0	0	0	0
Trace-_2_5	7891	34.163000	93.949000	0.011906	0	0	0	0
Trace-_2_5	7892	33.936000	93.658000	0.011867	0	0	0	0
Trace-_2_5	7894	34.154000	93.971000	0.011904	0	0	0	0
Trace-_2_5	7935	39.076000	100.045000	0.012608	0	0	0	0
Trace-_2_5	7935	36.658000	96.736000	0.012191	0	0	0	0
Trace-_2_5	7936	33.890000	93.717000	0.011809	0	0	0	0
Trace-_2_5	8023	34.777000	95.645000	0.011921	0	0	0	0
Trace-_2_5	8025	34.665000	95.229000	0.011867	0	0	0	0
Trace-_2_5	8027	35.007000	95.711000	0.011924	0	0	0	0
Trace-_2_5	8100	34.785000	95.639000	0.011807	0	0	0	0
Trace-_2_5	8101	34.938000	96.179000	0.011872	0	0	0	0
Trace-_2_5	8102	34.780000	96.028000	0.011852	0	0	0	0
Trace-_2_5	8195	44.220000	106.948000	0.013050	0	0	0	0
Trace-_2_5	8196	35.474000	97.287000	0.011870	0	0	0	0
Trace-_2_5	8197	35.193000	96.924000	0.011824	0	0	0	0
Trace-_2_5	8238	35.414000	97.456000	0.011830	0	0	0	0
Trace-_2_5	8238	35.273000	97.232000	0.011803	0	0	0	0
Trace-_2_5	8238	42.410000	105.171000	0.012767	0	0	0	0
Trace-_2_5	8265	36.401000	99.708000	0.012064	0	0	0	0
Trace-_2_5	8267	35.847000	98.245000	0.011884	0	0	0	0
Trace-_2_5	8267	35.753000	98.226000	0.011882	0	0	0	0
Trace-_2_5	8387	36.976000	100.157000	0.011942	0	0	0	0
Trace-_2_5	8387	36.480000	99.810000	0.011901	0	0	0	0
Trace-_2_5	8388	36.330000	99.644000	0.011879	0	0	0	0
Trace-_1_5	8412	39.833000	103.359000	0.012287	0	0	0	0
Trace-_1_5	8412	36.591000	101.466000	0.012062	0	0	0	0
Trace-_1_5	8413	36.854000	100.649000	0.011964	0	0	0	0
Trace-_2_5	8425	37.903000	101.336000	0.012028	0	0	0	0
Trace-_2_5	8427	36.541000	100.127000	0.011882	0	0	0	0
Trace-_2_5	8429	37.274000	101.397000	0.012030	0	0	0	0
Trace-_2_5	8569	38.043000	103.018000	0.012022	0	0	0	0
Trace-_2_5	8569	36.856000	102.142000	0.011920	0	0	0	0
Trace-_2_5	8570	39.059000	104.299000	0.012170	0	0	0	0
Trace-_2_5	8583	36.933000	102.621000	0.011956	0	0	0	0
Trace-_2_5	8583	36.970000	101.614000	0.011839	0	0	0	0
Trace-_2_5	8583	37.106000	101.679000	0.011847	0	0	0	0
Trace-_2_5	8614	37.349000	102.473000	0.011896	0	0	0	0
Trace-_2_5	8617	37.413000	102.344000	0.011877	0	0	0	0
Trace-_2_5	8618	37.727000	103.385000	0.011996	0	0	0	0
Trace-_2_5	8750	38.519000	104.703000	0.011966	0	0	0	0
Trace-_2_5	8750	38.134000	104.689000	0.011964	0	0	0	0
Trace-_2_5	8751	38.292000	104.492000	0.011941	0	0	0	0
Trace-_2_5	9132	42.017000	112.241000	0.012291	0	0	0	0
Trace-_2_5	9132	40.286000	109.290000	0.011968	0	0	0	0
Trace-_2_5	9132	40.728000	109.615000	0.012003	0	0	0	0
Trace-_2_5	9167	40.741000	110.192000	0.012021	0	0	0	0
Trace-_2_5	9167	40.529000	109.656000	0.011962	0	0	0	0
Trace-_2_5	9168	42.324000	112.120000	0.012229	0	0	0	0
Trace-_2_5	9222	41.693000	112.625000	0.012213	0	0	0	0
Trace-_2_5	9223	40.531000	109.986000	0.011925	0	0	0	0
Trace-_2_5	9223	40.469000	109.749000	0.011899	0	0	0	0
Trace-_2_5	9263	41.027000	111.438000	0.012030	0	0	0	0
Trace-_2_5	9263	41.156000	111.521000	0.012039	0	0	0	0
Trace-_2_5	9264	41.396000	111.672000	0.012054	0	0	0	0
Trace-_2_5	9360	41.558000	112.145000	0.011981	0	0	0	0
Trace-_2_5	9360	41.566000	112.305000	0.011998	0	0	0	0
Trace-_2_5	9360	45.593000	117.221000	0.012524	0	0	0	0
Trace-_2_5	9516	42.694000	114.661000	0.012049	0	0	0	0
Trace-_2_5	9517	42.349000	114.569000	0.012038	0	0	0	0
Trace-_2_5	9518	43.416000	116.238000	0.012212	0	0	0	0
Trace-_2_5	9621	43.007000	116.936000	0.012154	0	0	0	0
Trace-_2_5	9623	42.678000	115.271000	0.011979	0	0	0	0
Trace-_2_5	9625	42.926000	116.200000	0.012073	0	0	0	0
Trace-_2_5	9682	41.901000	115.415000	0.011921	0	0	0	0
Trace-_2_5	9683	41.286000	114.337000	0.011808	0	0	0	0
Trace-_2_5	9685	41.993000	115.069000	0.011881	0	0	0	0
Trace-_1_5	9783	45.969000	119.795000	0.012245	0	0	0	0
Trace-_1_5	9785	42.376000	115.829000	0.011837	0	0	0	0
Trace-_1_5	9786	42.281000	116.034000	0.011857	0	0	0	0
Trace-_2_5	9880	45.336000	121.748000	0.012323	0	0	0	0
Trace-_2_5	9880	43.033000	117.446000	0.011887	0	0	0	0
Trace-_2_5	9881	42.748000	117.217000	0.011863	0	0	0	0
Trace-_2_5	9960	49.815000	125.582000	0.012609	0	0	0	0
Trace-_2_5	9962	43.353000	118.686000	0.011914	0	0	0	0
Trace-_2_5	9963	43.378000	118.399000	0.011884	0	0	0	0
Trace-_2_5	10032	45.535000	121.355000	0.012097	0	0	0	0
Trace-_2_5	10032	43.539000	119.224000	0.011884	0	0	0	0
Trace-_2_5	10033	43.670000	119.222000	0.011883	0	0	0	0
Trace-_0_5	10073	45.016000	115.125000	0.011429	0	0	0	0
Trace-_0_5	10073	40.561000	110.785000	0.010998	0	0	0	0
Trace-_0_5	10073	40.551000	110.734000	0.010993	0	0	0	0
Trace-_2_5	10148	53.826000	131.127000	0.012921	0	0	0	0
Trace-_2_5	10148	46.228000	123.159000	0.012136	0	0	0	0
Trace-_2_5	10149	44.462000	120.880000	0.011911	0	0	0	0
Trace-_2_5	10180	45.582000	122.957000	0.012078	0	0	0	0
Trace-_2_5	10181	44.237000	120.816000	0.011867	0	0	0	0
Trace-_2_5	10181	44.272000	121.248000	0.011909	0	0	0	0
Trace-_2_5	10311	47.775000	125.774000	0.012198	0	0	0	0
Trace-_2_5	10312	45.151000	122.736000	0.011902	0	0	0	0
Trace-_2_5	10314	45.320000	122.995000	0.011925	0	0	0	0
Trace-_2_5	10328	42.766000	115.688000	0.011201	0	0	0	0
Trace-_2_5	10328	38.725000	105.326000	0.010198	0	0	0	0
Trace-_2_5	10329	38.920000	105.642000	0.010228	0	0	0	0
Trace-_2_5	10329	38.733000	105.306000	0.010195	0	0	0	0
Trace-_2_5	10329	38.747000	105.562000	0.010220	0	0	0	0
Trace-_2_5	10331	32.696000	89.171000	0.008631	0	0	0	0
Trace-_0_5	10359	36.796000	92.745000	0.008953	0	0	0	0
Trace-_0_5	10361	32.118000	86.996000	0.008396	0	0	0	0
Trace-_0_5	10361	31.633000	86.507000	0.008349	0	0	0	0
Trace-_2_5	10428	48.242000	126.847000	0.012164	0	0	0	0
Trace-_2_5	10429	45.455000	123.868000	0.011877	0	0	0	0
Trace-_2_5	10431	45.584000	124.447000	0.011930	0	0	0	0
Trace-_2_5	10588	50.290000	130.981000	0.012371	0	0	0	0
Trace-_2_5	10589	46.459000	126.509000	0.011947	0	0	0	0
Trace-_2_5	10591	46.493000	125.786000	0.011877	0	0	0	0
Trace-_2_5	10732	47.827000	127.093000	0.011842	0	0	0	0
Trace-_2_5	10733	46.937000	127.573000	0.011886	0	0	0	0
Trace-_2_5	10734	46.973000	127.767000	0.011903	0	0	0	0
Trace-_2_5	10818	48.139000	129.910000	0.012009	0	0	0	0
Trace-_2_5	10819	47.443000	128.975000	0.011921	0	0	0	0
Trace-_2_5	10819	47.415000	129.374000	0.011958	0	0	0	0
Trace-_2_5	10833	48.088000	129.837000	0.011985	0	0	0	0
Trace-_2_5	10835	47.424000	128.787000	0.011886	0	0	0	0
Trace-_2_5	10835	46.451000	126.177000	0.011645	0	0	0	0
Trace-_2_5	11028	50.652000	134.104000	0.012160	0	0	0	0
Trace-_2_5	11028	48.341000	130.919000	0.011872	0	0	0	0
Trace-_2_5	11030	47.979000	130.185000	0.011803	0	0	0	0
Trace-_2_5	11418	55.284000	141.589000	0.012401	0	0	0	0
Trace-_2_5	11419	50.552000	136.454000	0.011950	0	0	0	0
Trace-_2_5	11419	50.808000	136.812000	0.011981	0	0	0	0
Trace-_2_5	11432	51.411000	137.374000	0.012017	0	0	0	0
Trace-_2_5	11432	51.182000	136.972000	0.011981	0	0	0	0
Trace-_2_5	11434	51.043000	136.859000	0.011969	0	0	0	0
Trace-_2_5	11452	51.775000	138.482000	0.012092	0	0	0	0
Trace-_2_5	11452	51.902000	138.476000	0.012092	0	0	0	0
Trace-_2_5	11452	51.432000	137.103000	0.011972	0	0	0	0
Trace-_2_5	11781	58.335000	147.712000	0.012538	0	0	0	0
Trace-_2_5	11781	53.322000	142.133000	0.012065	0	0	0	0
Trace-_2_5	11783	52.948000	141.649000	0.012021	0	0	0	0
Trace-_1_5	11818	58.781000	149.476000	0.012648	0	0	0	0
Trace-_1_5	11818	53.791000	142.509000	0.012059	0	0	0	0
Trace-_1_5	11819	53.528000	142.710000	0.012075	0	0	0	0
Trace-_2_5	11867	57.612000	147.049000	0.012391	0	0	0	0
Trace-_2_5	11869	54.252000	143.411000	0.012083	0	0	0	0
Trace-_2_5	11869	54.039000	143.189000	0.012064	0	0	0	0
Trace-_2_5	11872	53.925000	142.947000	0.012041	0	0	0	0
Trace-_2_5	11872	54.019000	143.531000	0.012090	0	0	0	0
Trace-_2_5	11872	51.810000	137.459000	0.011578	0	0	0	0
Trace-_2_5	12273	62.024000	155.831000	0.012697	0	0	0	0
Trace-_2_5	12273	56.526000	148.677000	0.012114	0	0	0	0
Trace-_2_5	12274	56.322000	149.320000	0.012166	0	0	0	0
Trace-_2_5	12327	57.756000	150.510000	0.012210	0	0	0	0
Trace-_2_5	12327	56.139000	149.402000	0.012120	0	0	0	0
Trace-_2_5	12328	56.304000	148.966000	0.012084	0	0	0	0
Trace-_2_5	12344	48.652000	128.553000	0.010414	0	0	0	0
Trace-_2_5	12344	48.072000	127.729000	0.010347	0	0	0	0
Trace-_2_5	12346	48.153000	127.878000	0.010358	0	0	0	0
Trace-_2_5	12459	48.324000	124.107000	0.009961	0	0	0	0
Trace-_2_5	12460	50.689000	133.616000	0.010724	0	0	0	0
Trace-_2_5	12461	56.950000	150.326000	0.012064	0	0	0	0
Trace-_2_5	12462	56.947000	151.099000	0.012125	0	0	0	0
Trace-_2_5	12462	51.597000	137.061000	0.010998	0	0	0	0
Trace-_2_5	12463	27.373000	72.825000	0.005843	0	0	0	0
Trace-_2_5	12568	31.249000	78.575000	0.006252	0	0	0	0
Trace-_2_5	12569	27.885000	73.401000	0.005840	0	0	0	0
Trace-_2_5	12570	50.956000	135.116000	0.010749	0	0	0	0
Trace-_2_5	12588	58.236000	152.935000	0.012149	0	0	0	0
Trace-_2_5	12589	57.391000	152.223000	0.012092	0	0	0	0
Trace-_2_5	12591	49.375000	130.660000	0.010377	0	0	0	0
Trace-_2_5	12597	49.739000	131.186000	0.010414	0	0	0	0
Trace-_2_5	12597	49.765000	131.030000	0.010402	0	0	0	0
Trace-_2_5	12597	45.465000	120.677000	0.009580	0	0	0	0
Trace-_2_5	12600	40.642000	107.707000	0.008548	0	0	0	0
Trace-_2_5	12600	40.660000	107.332000	0.008518	0	0	0	0
Trace-_2_5	12602	40.670000	107.727000	0.008548	0	0	0	0
Trace-_1_5	12721	46.685000	114.828000	0.009027	0	0	0	0
Trace-_1_5	12722	41.209000	108.543000	0.008532	0	0	0	0
Trace-_1_5	12724	43.983000	116.700000	0.009172	0	0	0	0
Trace-_2_5	12785	51.681000	128.590000	0.010058	0	0	0	0
Trace-_2_5	12786	48.541000	127.977000	0.010009	0	0	0	0
Trace-_2_5	12786	58.649000	154.602000	0.012092	0	0	0	0
Trace-_2_5	12864	61.642000	159.068000	0.012365	0	0	0	0
Trace-_2_5	12864	59.227000	156.235000	0.012145	0	0	0	0
Trace-_2_5	12865	58.979000	155.708000	0.012103	0	0	0	0
Trace-_2_5	13004	55.762000	142.413000	0.010951	0	0	0	0
Trace-_2_5	13006	59.972000	157.713000	0.012126	0	0	0	0
Trace-_2_5	13008	60.261000	158.103000	0.012154	0	0	0	0
Trace-_2_5	13271	66.107000	166.568000	0.012551	0	0	0	0
Trace-_2_5	13271	61.858000	161.512000	0.012170	0	0	0	0
Trace-_2_5	13271	61.930000	162.243000	0.012225	0	0	0	0
Trace-_2_5	13313	63.964000	165.326000	0.012418	0	0	0	0
Trace-_2_5	13314	71.196000	172.261000	0.012938	0	0	0	0
Trace-_2_5	13314	61.567000	161.602000	0.012138	0	0	0	0
Trace-_2_5	13318	61.444000	161.664000	0.012139	0	0	0	0
Trace-_2_5	13321	63.281000	164.460000	0.012346	0	0	0	0
Trace-_2_5	13322	61.426000	161.807000	0.012146	0	0	0	0
Trace-_2_5	13332	62.050000	162.511000	0.012190	0	0	0	0
Trace-_2_5	13333	61.637000	162.588000	0.012194	0	0	0	0
Trace-_2_5	13333	60.367000	159.794000	0.011985	0	0	0	0
Trace-_2_5	13351	49.857000	130.064000	0.009742	0	0	0	0
Trace-_2_5	13352	49.215000	129.302000	0.009684	0	0	0	0
Trace-_2_5	13353	49.139000	129.474000	0.009696	0	0	0	0
Trace-_2_5	13392	47.263000	122.685000	0.009161	0	0	0	0
Trace-_2_5	13392	46.104000	121.563000	0.009077	0	0	0	0
Trace-_2_5	13393	46.318000	122.016000	0.009110	0	0	0	0
Trace-_2_5	13428	44.512000	115.998000	0.008639	0	0	0	0
Trace-_2_5	13429	43.330000	114.597000	0.008534	0	0	0	0
Trace-_2_5	13430	43.512000	114.431000	0.008521	0	0	0	0
Trace-_2_5	13464	43.912000	111.770000	0.008301	0	0	0	0
Trace-_2_5	13465	41.568000	108.954000	0.008092	0	0	0	0
Trace-_2_5	13465	41.668000	109.356000	0.008122	0	0	0	0
Trace-_2_5	13657	48.382000	121.722000	0.008913	0	0	0	0
Trace-_2_5	13657	60.362000	159.301000	0.011664	0	0	0	0
Trace-_2_5	13660	63.186000	166.418000	0.012183	0	0	0	0
Trace-_2_5	13815	68.003000	171.842000	0.012439	0	0	0	0
Trace-_2_5	13816	74.763000	182.434000	0.013205	0	0	0	0
Trace-_2_5	13818	66.087000	170.348000	0.012328	0	0	0	0
Trace-_2_5	13916	62.801000	159.424000	0.011456	0	0	0	0
Trace-_2_5	13916	61.816000	160.820000	0.011556	0	0	0	0
Trace-_2_5	13917	65.056000	169.727000	0.012196	0	0	0	0
Trace-_2_5	13973	66.548000	172.347000	0.012334	0	0	0	0
Trace-_2_5	13974	64.416000	169.948000	0.012162	0	0	0	0
Trace-_2_5	13974	65.111000	170.274000	0.012185	0	0	0	0
Trace-_2_5	14153	69.699000	176.041000	0.012438	0	0	0	0
Trace-_2_5	14153	65.959000	172.804000	0.012210	0	0	0	0
Trace-_2_5	14154	61.279000	162.114000	0.011454	0	0	0	0
Trace-_2_5	14166	33.374000	85.266000	0.006019	0	0	0	0
Trace-_2_5	14168	32.674000	84.165000	0.005940	0	0	0	0
Trace-_2_5	14169	32.713000	84.224000	0.005944	0	0	0	0
Trace-_1_5	14209	39.648000	98.156000	0.006908	0	0	0	0
Trace-_1_5	14209	38.388000	99.259000	0.006986	0	0	0	0
Trace-_1_5	14212	38.378000	99.714000	0.007016	0	0	0	0
Trace-_2_5	14240	41.140000	102.725000	0.007214	0	0	0	0
Trace-_2_5	14242	57.954000	151.333000	0.010626	0	0	0	0
Trace-_2_5	14243	66.481000	173.629000	0.012190	0	0	0	0
Trace-_2_5	14438	71.062000	180.328000	0.012490	0	0	0	0
Trace-_2_5	14438	67.585000	176.559000	0.012229	0	0	0	0
Trace-_2_5	14438	62.775000	163.555000	0.011328	0	0	0	0
Trace-_2_5	14492	35.940000	90.460000	0.006242	0	0	0	0
Trace-_2_5	14492	32.777000	85.106000	0.005873	0	0	0	0
Trace-_2_5	14493	32.478000	84.689000	0.005843	0	0	0	0
Trace-_2_5	14662	71.539000	182.827000	0.012469	0	0	0	0
Trace-_2_5	14663	68.594000	178.985000	0.012207	0	0	0	0
Trace-_2_5	14664	62.788000	163.741000	0.011166	0	0	0	0
Trace-_2_5	14739	61.052000	156.504000	0.010618	0	0	0	0
Trace-_2_5	14740	67.947000	176.485000	0.011973	0	0	0	0
Trace-_2_5	14741	70.977000	182.333000	0.012369	0	0	0	0
Trace-_2_5	14784	70.002000	181.581000	0.012282	0	0	0	0
Trace-_2_5	14785	69.553000	183.380000	0.012403	0	0	0	0
Trace-_2_5	14786	63.587000	165.388000	0.011185	0	0	0	0
Trace-_2_5	14858	57.742000	147.689000	0.009940	0	0	0	0
Trace-_2_5	14859	63.412000	165.461000	0.011135	0	0	0	0
Trace-_2_5	14861	69.576000	181.783000	0.012232	0	0	0	0
Trace-_2_5	15009	74.102000	188.211000	0.012540	0	0	0	0
Trace-_2_5	15010	70.784000	183.821000	0.012247	0	0	0	0
Trace-_2_5	15011	70.094000	182.969000	0.012189	0	0	0	0
Trace-_2_5	15070	63.900000	161.314000	0.010704	0	0	0	0
Trace-_2_5	15072	61.221000	159.903000	0.010609	0	0	0	0
Trace-_2_5	15073	64.460000	168.140000	0.011155	0	0	0	0
Trace-_2_5	15176	73.603000	187.988000	0.012387	0	0	0	0
Trace-_2_5	15177	71.578000	186.995000	0.012321	0	0	0	0
Trace-_2_5	15179	59.832000	156.172000	0.010289	0	0	0	0
Trace-_1_5	15319	39.327000	96.865000	0.006323	0	0	0	0
Trace-_1_5	15319	43.017000	110.794000	0.007232	0	0	0	0
Trace-_1_5	15322	71.863000	189.863000	0.012392	0	0	0	0
Trace-_2_5	15452	77.601000	194.983000	0.012619	0	0	0	0
Trace-_2_5	15452	72.927000	189.972000	0.012294	0	0	0	0
Trace-_2_5	15455	72.425000	189.112000	0.012236	0	0	0	0
Trace-_2_5	15705	78.737000	199.482000	0.012702	0	0	0	0
Trace-_2_5	15705	74.972000	194.010000	0.012353	0	0	0	0
Trace-_2_5	15705	74.206000	192.972000	0.012287	0	0	0	0
Trace-_2_5	15964	89.884000	211.223000	0.013231	0	0	0	0
Trace-_2_5	15964	77.302000	198.663000	0.012444	0	0	0	0
Trace-_2_5	15964	79.818000	201.605000	0.012629	0	0	0	0
Trace-_2_5	15989	77.186000	200.604000	0.012546	0	0	0	0
Trace-_2_5	15989	75.499000	196.384000	0.012282	0	0	0	0
Trace-_2_5	15990	71.459000	185.648000	0.011610	0	0	0	0
Trace-_2_5	16394	82.451000	207.185000	0.012638	0	0	0	0
Trace-_2_5	16395	78.161000	202.014000	0.012322	0	0	0	0
Trace-_2_5	16395	67.141000	173.537000	0.010585	0	0	0	0
Trace-_2_5	16446	65.843000	165.576000	0.010068	0	0	0	0
Trace-_2_5	16446	60.614000	156.392000	0.009509	0	0	0	0
Trace-_2_5	16448	58.554000	151.585000	0.009216	0	0	0	0
Trace-_2_5	16500	71.853000	183.063000	0.011095	0	0	0	0
Trace-_2_5	16500	78.998000	204.016000	0.012365	0	0	0	0
Trace-_2_5	16501	79.806000	205.290000	0.012441	0	0	0	0
Trace-_2_5	16501	77.944000	202.712000	0.012285	0	0	0	0
Trace-_2_5	16501	78.332000	202.804000	0.012290	0	0	0	0
Trace-_2_5	16501	69.401000	180.690000	0.010950	0	0	0	0
Trace-_2_5	16543	69.226000	177.365000	0.010721	0	0	0	0
Trace-_2_5	16543	78.579000	203.429000	0.012297	0	0	0	0
Trace-_2_5	16544	78.525000	203.246000	0.012285	0	0	0	0
Trace-_2_5	16615	69.538000	177.220000	0.010666	0	0	0	0
Trace-_2_5	16615	67.733000	175.152000	0.010542	0	0	0	0
Trace-_2_5	16616	63.162000	163.954000	0.009867	0	0	0	0
Trace-_2_5	16665	93.554000	220.631000	0.013239	0	0	0	0
Trace-_2_5	16667	81.374000	207.788000	0.012467	0	0	0	0
Trace-_2_5	16667	79.251000	204.935000	0.012296	0	0	0	0
Trace-_2_5	16799	79.904000	202.108000	0.012031	0	0	0	0
Trace-_2_5	16800	88.881000	216.820000	0.012906	0	0	0	0
Trace-_2_5	16801	80.814000	208.136000	0.012388	0	0	0	0
Trace-_2_5	16914	82.447000	210.704000	0.012457	0	0	0	0
Trace-_2_5	16914	81.272000	209.560000	0.012390	0	0	0	0
Trace-_2_5	16914	69.431000	178.899000	0.010577	0	0	0	0
Trace-_2_5	16943	40.714000	103.388000	0.006102	0	0	0	0
Trace-_2_5	16943	39.566000	101.440000	0.005987	0	0	0	0
Trace-_2_5	16943	39.181000	100.549000	0.005935	0	0	0	0
Trace-_1_5	16974	84.958000	213.290000	0.012566	0	0	0	0
Trace-_1_5	16974	81.790000	210.432000	0.012397	0	0	0	0
Trace-_1_5	16975	71.376000	183.474000	0.010808	0	0	0	0
Trace-_2_5	16996	73.432000	185.692000	0.010926	0	0	0	0
Trace-_2_5	16997	65.977000	168.815000	0.009932	0	0	0	0
Trace-_2_5	16998	60.982000	157.033000	0.009238	0	0	0	0
Trace-_2_5	17074	66.986000	168.443000	0.009865	0	0	0	0
Trace-_2_5	17075	66.360000	169.747000	0.009941	0	0	0	0
Trace-_2_5	17076	65.496000	168.390000	0.009861	0	0	0	0
Trace-_2_5	17171	57.665000	144.092000	0.008392	0	0	0	0
Trace-_2_5	17171	56.463000	144.081000	0.008391	0	0	0	0
Trace-_2_5	17173	82.298000	213.244000	0.012417	0	0	0	0
Trace-_2_5	17183	82.854000	213.249000	0.012410	0	0	0	0
Trace-_2_5	17183	71.475000	184.324000	0.010727	0	0	0	0
Trace-_2_5	17184	70.214000	181.464000	0.010560	0	0	0	0
Trace-_2_5	17666	90.239000	224.683000	0.012718	0	0	0	0
Trace-_2_5	17666	84.721000	215.918000	0.012222	0	0	0	0
Trace-_2_5	17667	79.028000	201.690000	0.011416	0	0	0	0
Trace-_2_5	17726	87.889000	220.699000	0.012451	0	0	0	0
Trace-_2_5	17728	86.842000	221.437000	0.012491	0	0	0	0
Trace-_2_5	17730	75.492000	192.375000	0.010850	0	0	0	0
Trace-_2_5	17838	82.030000	206.239000	0.011562	0	0	0	0
Trace-_2_5	17839	86.895000	221.704000	0.012428	0	0	0	0
Trace-_2_5	17841	79.192000	202.828000	0.011369	0	0	0	0
Trace-_2_5	18207	93.654000	232.939000	0.012794	0	0	0	0
Trace-_2_5	18209	90.315000	228.156000	0.012530	0	0	0	0
Trace-_2_5	18209	89.029000	227.161000	0.012475	0	0	0	0
Trace-_2_5	18266	79.055000	197.454000	0.010810	0	0	0	0
Trace-_2_5	18267	76.783000	195.061000	0.010678	0	0	0	0
Trace-_2_5	18267	76.857000	194.772000	0.010663	0	0	0	0
Trace-_2_5	18358	92.526000	231.770000	0.012625	0	0	0	0
Trace-_2_5	18359	90.680000	230.003000	0.012528	0	0	0	0
Trace-_2_5	18360	74.487000	188.187000	0.010250	0	0	0	0
Trace-_2_5	18363	72.301000	184.236000	0.010033	0	0	0	0
Trace-_2_5	18363	64.899000	164.549000	0.008961	0	0	0	0
Trace-_2_5	18363	43.918000	110.856000	0.006037	0	0	0	0
Trace-_2_5	18542	106.958000	248.164000	0.013384	0	0	0	0
Trace-_2_5	18542	94.945000	235.840000	0.012719	0	0	0	0
Trace-_2_5	18542	94.441000	240.063000	0.012947	0	0	0	0
Trace-_2_5	18545	47.941000	115.324000	0.006219	0	0	0	0
Trace-_2_5	18545	46.671000	113.973000	0.006146	0	0	0	0
Trace-_2_5	18548	46.128000	113.373000	0.006112	0	0	0	0
Trace-_1_5	18607	97.752000	239.462000	0.012869	0	0	0	0
Trace-_1_5	18609	103.642000	246.081000	0.013224	0	0	0	0
Trace-_1_5	18612	91.289000	232.568000	0.012496	0	0	0	0
Trace-_1_5	18660	98.704000	240.525000	0.012890	0	0	0	0
Trace-_1_5	18660	94.109000	235.724000	0.012633	0	0	0	0
Trace-_1_5	18662	62.718000	155.362000	0.008325	0	0	0	0
Trace-_2_5	18698	94.364000	236.055000	0.012625	0	0	0	0
Trace-_2_5	18698	91.493000	232.468000	0.012433	0	0	0	0
Trace-_2_5	18699	101.381000	244.342000	0.013067	0	0	0	0
Trace-_2_5	18814	95.971000	238.539000	0.012679	0	0	0	0
Trace-_2_5	18816	93.681000	236.470000	0.012567	0	0	0	0
Trace-_2_5	18816	91.926000	234.251000	0.012450	0	0	0	0
Trace-_2_5	18891	87.997000	219.869000	0.011639	0	0	0	0
Trace-_2_5	18892	94.176000	236.367000	0.012511	0	0	0	0
Trace-_2_5	18892	93.645000	236.469000	0.012517	0	0	0	0
Trace-_2_5	18930	76.287000	190.408000	0.010059	0	0	0	0
Trace-_2_5	18930	75.350000	189.362000	0.010003	0	0	0	0
Trace-_2_5	18931	69.914000	176.929000	0.009346	0	0	0	0
Trace-_2_5	18941	71.201000	178.564000	0.009427	0	0	0	0
Trace-_2_5	18941	81.084000	204.739000	0.010809	0	0	0	0
Trace-_2_5	18943	92.652000	235.902000	0.012453	0	0	0	0
Trace-_2_5	18986	106.432000	250.604000	0.013199	0	0	0	0
Trace-_2_5	18986	95.669000	240.454000	0.012665	0	0	0	0
Trace-_2_5	18986	93.215000	237.108000	0.012489	0	0	0	0
Trace-_2_5	18998	94.208000	237.959000	0.012525	0	0	0	0
Trace-_2_5	18999	93.579000	237.214000	0.012486	0	0	0	0
Trace-_2_5	18999	93.312000	236.321000	0.012439	0	0	0	0
Trace-_2_5	19244	98.563000	245.577000	0.012761	0	0	0	0
Trace-_2_5	19244	94.354000	239.265000	0.012433	0	0	0	0
Trace-_2_5	19245	94.525000	239.555000	0.012448	0	0	0	0
Trace-_2_5	19255	103.969000	250.743000	0.013022	0	0	0	0
Trace-_2_5	19256	100.007000	246.199000	0.012786	0	0	0	0
Trace-_2_5	19256	94.757000	239.951000	0.012461	0	0	0	0
Trace-_2_5	19392	92.996000	231.383000	0.011932	0	0	0	0
Trace-_2_5	19392	96.361000	242.626000	0.012512	0	0	0	0
Trace-_2_5	19393	95.766000	243.368000	0.012549	0	0	0	0
Trace-_2_5	19415	97.205000	245.268000	0.012633	0	0	0	0
Trace-_2_5	19416	95.462000	243.245000	0.012528	0	0	0	0
Trace-_2_5	19417	94.748000	242.017000	0.012464	0	0	0	0
Trace-_2_5	19550	94.489000	234.658000	0.012003	0	0	0	0
Trace-_2_5	19550	97.335000	246.657000	0.012617	0	0	0	0
Trace-_2_5	19551	86.122000	218.185000	0.011160	0	0	0	0
Trace-_2_5	19618	51.670000	125.543000	0.006399	0	0	0	0
Trace-_2_5	19618	48.902000	120.348000	0.006135	0	0	0	0
Trace-_2_5	19619	52.857000	129.459000	0.006599	0	0	0	0
Trace-_2_5	19651	55.729000	136.762000	0.006960	0	0	0	0
Trace-_2_5	19652	54.157000	135.456000	0.006893	0	0	0	0
Trace-_2_5	19653	55.722000	141.015000	0.007175	0	0	0	0
Trace-_2_5	19927	102.249000	255.914000	0.012843	0	0	0	0
Trace-_2_5	19928	100.447000	252.039000	0.012647	0	0	0	0
Trace-_2_5	19928	96.965000	243.709000	0.012229	0	0	0	0
Trace-_2_5	19933	91.771000	230.734000	0.011575	0	0	0	0
Trace-_2_5	19934	86.070000	217.058000	0.010889	0	0	0	0
Trace-_2_5	19934	74.246000	187.118000	0.009387	0	0	0	0
Trace-_2_5	20107	102.749000	254.662000	0.012665	0	0	0	0
Trace-_2_5	20107	100.789000	252.977000	0.012582	0	0	0	0
Trace-_2_5	20107	88.354000	221.428000	0.011012	0	0	0	0
Trace-_2_5	20143	52.903000	128.348000	0.006372	0	0	0	0
Trace-_2_5	20145	49.671000	122.766000	0.006094	0	0	0	0
Trace-_2_5	20145	51.239000	126.831000	0.006296	0	0	0	0
Trace-_2_5	20166	57.954000	141.839000	0.007034	0	0	0	0
Trace-_2_5	20167	57.066000	140.136000	0.006949	0	0	0	0
Trace-_2_5	20168	56.696000	139.838000	0.006934	0	0	0	0
Trace-_2_5	20229	58.775000	142.592000	0.007049	0	0	0	0
Trace-_2_5	20230	57.221000	140.443000	0.006942	0	0	0	0
Trace-_2_5	20231	56.810000	140.931000	0.006966	0	0	0	0
Trace-_2_5	20261	58.248000	141.984000	0.007008	0	0	0	0
Trace-_2_5	20261	57.043000	140.591000	0.006939	0	0	0	0
Trace-_2_5	20262	101.015000	254.315000	0.012551	0	0	0	0
Trace-_2_5	20270	98.433000	247.223000	0.012196	0	0	0	0
Trace-_2_5	20271	81.696000	204.466000	0.010087	0	0	0	0
Trace-_2_5	20271	81.535000	203.673000	0.010048	0	0	0	0
Trace-_2_5	20370	70.751000	173.587000	0.008522	0	0	0	0
Trace-_2_5	20370	72.493000	179.767000	0.008825	0	0	0	0
Trace-_2_5	20370	76.618000	192.109000	0.009431	0	0	0	0
Trace-_2_5	20519	105.488000	260.802000	0.012710	0	0	0	0
Trace-_2_5	20520	103.230000	258.061000	0.012576	0	0	0	0
Trace-_2_5	20520	102.421000	257.098000	0.012529	0	0	0	0
Trace-_2_5	20626	54.783000	131.790000	0.006390	0	0	0	0
Trace-_2_5	20627	51.747000	126.569000	0.006136	0	0	0	0
Trace-_2_5	20628	96.562000	243.137000	0.011787	0	0	0	0
Trace-_2_5	20707	106.171000	262.729000	0.012688	0	0	0	0
Trace-_2_5	20708	100.463000	251.225000	0.012132	0	0	0	0
Trace-_2_5	20708	83.891000	208.991000	0.010092	0	0	0	0
Trace-_2_5	20782	97.195000	240.049000	0.011551	0	0	0	0
Trace-_2_5	20782	97.466000	242.414000	0.011665	0	0	0	0
Trace-_2_5	20783	103.772000	260.663000	0.012542	0	0	0	0
Trace-_2_5	20810	106.180000	263.261000	0.012651	0	0	0	0
Trace-_2_5	20810	104.633000	261.773000	0.012579	0	0	0	0
Trace-_2_5	20811	75.822000	187.914000	0.009030	0	0	0	0
Trace-_2_5	20878	55.624000	133.363000	0.006388	0	0	0	0
Trace-_2_5	20879	82.407000	204.119000	0.009776	0	0	0	0
Trace-_2_5	20879	105.110000	263.234000	0.012608	0	0	0	0
Trace-_2_5	21175	110.898000	272.228000	0.012856	0	0	0	0
Trace-_2_5	21175	108.001000	268.128000	0.012662	0	0	0	0
Trace-_2_5	21175	69.615000	172.137000	0.008129	0	0	0	0
Trace-_2_5	21512	113.823000	277.318000	0.012891	0	0	0	0
Trace-_2_5	21514	127.322000	291.048000	0.013528	0	0	0	0
Trace-_2_5	21514	112.388000	275.745000	0.012817	0	0	0	0
Trace-_2_5	21620	114.269000	278.125000	0.012864	0	0	0	0
Trace-_2_5	21621	111.058000	274.316000	0.012687	0	0	0	0
Trace-_2_5	21623	119.613000	284.454000	0.013155	0	0	0	0
Trace-_2_5	21626	111.092000	274.910000	0.012712	0	0	0	0
Trace-_2_5	21628	109.931000	273.749000	0.012657	0	0	0	0
Trace-_2_5	21628	109.925000	272.914000	0.012619	0	0	0	0
Trace-_2_5	21716	91.894000	222.954000	0.010267	0	0	0	0
Trace-_2_5	21717	108.893000	268.064000	0.012344	0	0	0	0
Trace-_2_5	21717	106.910000	264.304000	0.012170	0	0	0	0
Trace-_2_5	21748	57.384000	137.183000	0.006308	0	0	0	0
Trace-_2_5	21749	55.872000	134.728000	0.006195	0	0	0	0
Trace-_2_5	21749	55.325000	134.209000	0.006171	0	0	0	0
Trace-_2_5	21769	125.589000	292.009000	0.013414	0	0	0	0
Trace-_2_5	21770	64.732000	155.473000	0.007142	0	0	0	0
Trace-_2_5	21771	111.700000	276.933000	0.012720	0	0	0	0
Trace-_2_5	21776	115.712000	280.861000	0.012898	0	0	0	0
Trace-_2_5	21777	112.883000	278.081000	0.012769	0	0	0	0
Trace-_2_5	21779	113.290000	278.947000	0.012808	0	0	0	0
Trace-_2_5	21795	118.099000	283.175000	0.012993	0	0	0	0
Trace-_2_5	21796	117.756000	283.127000	0.012990	0	0	0	0
Trace-_2_5	21796	112.254000	277.738000	0.012743	0	0	0	0
Trace-_2_5	21804	117.216000	284.012000	0.013026	0	0	0	0
Trace-_2_5	21804	114.384000	278.756000	0.012785	0	0	0	0
Trace-_2_5	21804	110.599000	272.381000	0.012492	0	0	0	0
Trace-_1_5	21894	65.516000	146.061000	0.006671	0	0	0	0
Trace-_1_5	21895	107.786000	259.832000	0.011867	0	0	0	0
Trace-_1_5	21895	119.363000	284.896000	0.013012	0	0	0	0
Trace-_2_5	22070	117.326000	286.285000	0.012972	0	0	0	0
Trace-_2_5	22072	114.701000	281.385000	0.012749	0	0	0	0
Trace-_2_5	22073	105.322000	260.435000	0.011799	0	0	0	0
Trace-_2_5	22142	59.676000	142.448000	0.006433	0	0	0	0
Trace-_2_5	22143	57.077000	137.733000	0.006220	0	0	0	0
Trace-_2_5	22145	64.545000	156.934000	0.007087	0	0	0	0
Trace-_2_5	22211	125.378000	295.271000	0.013294	0	0	0	0
Trace-_2_5	22211	117.284000	285.981000	0.012876	0	0	0	0
Trace-_2_5	22212	114.153000	282.213000	0.012705	0	0	0	0
Trace-_2_5	22214	119.602000	288.814000	0.013001	0	0	0	0
Trace-_2_5	22214	113.835000	283.231000	0.012750	0	0	0	0
Trace-_2_5	22216	113.529000	281.785000	0.012684	0	0	0	0
Trace-_2_5	22425	118.734000	289.131000	0.012893	0	0	0	0
Trace-_2_5	22426	115.820000	284.716000	0.012696	0	0	0	0
Trace-_2_5	22427	114.878000	284.639000	0.012692	0	0	0	0
Trace-_1_5	22561	119.406000	290.720000	0.012886	0	0	0	0
Trace-_1_5	22562	117.073000	288.028000	0.012766	0	0	0	0
Trace-_1_5	22564	99.857000	244.395000	0.010831	0	0	0	0
Trace-_2_5	22678	80.659000	192.364000	0.008482	0	0	0	0
Trace-_2_5	22681	117.620000	289.801000	0.012777	0	0	0	0
Trace-_2_5	22681	81.079000	198.242000	0.008740	0	0	0	0
Trace-_2_5	22689	59.634000	143.135000	0.006309	0	0	0	0
Trace-_2_5	22689	58.698000	141.310000	0.006228	0	0	0	0
Trace-_2_5	22690	58.294000	140.443000	0.006190	0	0	0	0
Trace-_2_5	22761	61.985000	146.190000	0.006423	0	0	0	0
Trace-_2_5	22761	97.418000	238.497000	0.010478	0	0	0	0
Trace-_2_5	22763	116.658000	287.889000	0.012647	0	0	0	0
Trace-_2_5	22776	97.132000	235.479000	0.010339	0	0	0	0
Trace-_2_5	22777	95.168000	231.940000	0.010183	0	0	0	0
Trace-_2_5	22778	80.628000	195.201000	0.008570	0	0	0	0
Trace-_2_5	22839	101.154000	245.487000	0.010749	0	0	0	0
Trace-_2_5	22841	118.569000	290.871000	0.012735	0	0	0	0
Trace-_2_5	22842	98.942000	242.011000	0.010595	0	0	0	0
Trace-_1_5	22870	99.594000	241.767000	0.010571	0	0	0	0
Trace-_1_5	22871	118.626000	291.029000	0.012725	0	0	0	0
Trace-_1_5	22871	118.847000	292.465000	0.012788	0	0	0	0
Trace-_2_5	22893	120.845000	294.068000	0.012845	0	0	0	0
Trace-_2_5	22893	118.556000	291.353000	0.012727	0	0	0	0
Trace-_2_5	22894	95.851000	234.119000	0.010226	0	0	0	0
Trace-_2_5	22913	60.858000	145.020000	0.006329	0	0	0	0
Trace-_2_5	22914	59.150000	141.961000	0.006195	0	0	0	0
Trace-_2_5	22915	60.764000	146.444000	0.006391	0	0	0	0
Trace-_2_5	23024	68.622000	161.956000	0.007034	0	0	0	0
Trace-_2_5	23024	119.597000	293.731000	0.012758	0	0	0	0
Trace-_2_5	23025	98.001000	239.404000	0.010398	0	0	0	0
Trace-_2_5	23105	63.160000	150.256000	0.006503	0	0	0	0
Trace-_2_5	23106	70.469000	169.120000	0.007319	0	0	0	0
Trace-_2_5	23106	119.858000	295.410000	0.012785	0	0	0	0
Trace-_2_5	23235	123.239000	299.615000	0.012895	0	0	0	0
Trace-_2_5	23235	121.719000	297.281000	0.012795	0	0	0	0
Trace-_2_5	23235	77.642000	187.220000	0.008058	0	0	0	0
Trace-_2_5	23391	120.774000	292.141000	0.012489	0	0	0	0
Trace-_2_5	23392	104.575000	255.592000	0.010926	0	0	0	0
Trace-_2_5	23394	60.934000	145.476000	0.006219	0	0	0	0
Trace-_2_5	23533	125.063000	303.828000	0.012911	0	0	0	0
Trace-_2_5	23533	114.652000	279.660000	0.011884	0	0	0	0
Trace-_2_5	23534	105.133000	257.325000	0.010934	0	0	0	0
Trace-_2_5	23534	79.942000	193.988000	0.008243	0	0	0	0
Trace-_2_5	23535	61.496000	146.974000	0.006245	0	0	0	0
Trace-_2_5	23535	61.353000	146.413000	0.006221	0	0	0	0
Trace-_2_5	23947	129.187000	310.499000	0.012966	0	0	0	0
Trace-_2_5	23947	120.509000	295.551000	0.012342	0	0	0	0
Trace-_2_5	23948	116.503000	283.020000	0.011818	0	0	0	0
Trace-_2_5	24037	98.442000	235.616000	0.009802	0	0	0	0
Trace-_2_5	24038	109.857000	265.607000	0.011049	0	0	0	0
Trace-_2_5	24039	102.866000	248.926000	0.010355	0	0	0	0
Trace-_2_5	24054	65.388000	153.450000	0.006379	0	0	0	0
Trace-_2_5	24055	64.137000	151.430000	0.006295	0	0	0	0
Trace-_2_5	24057	64.462000	152.350000	0.006333	0	0	0	0
Trace-_1_5	24121	67.093000	155.833000	0.006460	0	0	0	0
Trace-_1_5	24122	69.100000	163.151000	0.006764	0	0	0	0
Trace-_1_5	24122	75.273000	179.996000	0.007462	0	0	0	0
Trace-_2_5	24333	130.934000	315.146000	0.012951	0	0	0	0
Trace-_2_5	24333	105.358000	252.005000	0.010357	0	0	0	0
Trace-_2_5	24334	65.042000	153.348000	0.006302	0	0	0	0
Trace-_1_5	24493	132.201000	317.788000	0.012975	0	0	0	0
Trace-_1_5	24494	130.207000	315.223000	0.012869	0	0	0	0
Trace-_1_5	24495	105.597000	254.747000	0.010400	0	0	0	0
Trace-_2_5	24567	68.836000	158.926000	0.006469	0	0	0	0
Trace-_2_5	24568	107.860000	258.339000	0.010515	0	0	0	0
Trace-_2_5	24569	124.899000	302.364000	0.012307	0	0	0	0
Trace-_2_5	24745	89.461000	211.465000	0.008546	0	0	0	0
Trace-_2_5	24748	130.796000	316.929000	0.012806	0	0	0	0
Trace-_2_5	24748	80.614000	191.387000	0.007733	0	0	0	0
Trace-_1_5	24772	68.788000	161.015000	0.006500	0	0	0	0
Trace-_1_5	24773	74.166000	175.525000	0.007085	0	0	0	0
Trace-_1_5	24773	130.610000	318.039000	0.012838	0	0	0	0
Trace-_2_5	24935	135.470000	324.974000	0.013033	0	0	0	0
Trace-_2_5	24937	107.623000	258.025000	0.010347	0	0	0	0
Trace-_2_5	24937	66.909000	157.706000	0.006324	0	0	0	0
Trace-_2_5	24951	69.685000	164.028000	0.006574	0	0	0	0
Trace-_2_5	24953	67.153000	157.940000	0.006329	0	0	0	0
Trace-_2_5	24954	66.725000	157.867000	0.006326	0	0	0	0
Trace-_1_5	25145	135.140000	325.826000	0.012958	0	0	0	0
Trace-_1_5	25146	132.821000	320.127000	0.012731	0	0	0	0
Trace-_1_5	25148	67.637000	158.782000	0.006314	0	0	0	0
Trace-_2_5	25364	136.970000	330.661000	0.013037	0	0	0	0
Trace-_2_5	25364	134.357000	325.894000	0.012849	0	0	0	0
Trace-_2_5	25365	79.837000	189.586000	0.007474	0	0	0	0
Trace-_2_5	25369	68.328000	160.665000	0.006333	0	0	0	0
Trace-_2_5	25370	67.720000	159.748000	0.006297	0	0	0	0
Trace-_2_5	25371	67.695000	159.912000	0.006303	0	0	0	0
Trace-_2_5	25447	84.126000	197.891000	0.007777	0	0	0	0
Trace-_2_5	25448	135.743000	327.817000	0.012882	0	0	0	0
Trace-_2_5	25449	88.028000	209.727000	0.008241	0	0	0	0
Trace-_1_5	25883	140.801000	337.847000	0.013053	0	0	0	0
Trace-_1_5	25886	138.661000	333.882000	0.012898	0	0	0	0
Trace-_1_5	25886	99.195000	236.595000	0.009140	0	0	0	0
Trace-_2_5	26250	144.040000	343.440000	0.013083	0	0	0	0
Trace-_2_5	26252	141.900000	340.183000	0.012958	0	0	0	0
Trace-_2_5	26253	108.347000	258.957000	0.009864	0	0	0	0
Trace-_2_5	26342	91.967000	213.830000	0.008117	0	0	0	0
Trace-_2_5	26344	142.577000	341.978000	0.012981	0	0	0	0
Trace-_2_5	26344	120.077000	286.828000	0.010888	0	0	0	0
Trace-_2_5	26453	144.637000	345.004000	0.013042	0	0	0	0
Trace-_2_5	26454	129.377000	309.011000	0.011681	0	0	0	0
Trace-_2_5	26455	121.935000	290.626000	0.010986	0	0	0	0
Trace-_1_5	26508	74.783000	172.767000	0.006518	0	0	0	0
Trace-_1_5	26509	74.869000	175.038000	0.006603	0	0	0	0
Trace-_1_5	26509	84.186000	198.348000	0.007482	0	0	0	0
Trace-_1_5	26524	85.503000	200.626000	0.007564	0	0	0	0
Trace-_1_5	26526	142.723000	342.460000	0.012910	0	0	0	0
Trace-_1_5	26526	103.313000	246.102000	0.009278	0	0	0	0
Trace-_2_5	26652	92.303000	214.821000	0.008060	0	0	0	0
Trace-_2_5	26653	143.566000	344.468000	0.012924	0	0	0	0
Trace-_2_5	26653	85.542000	201.771000	0.007570	0	0	0	0
Trace-_2_5	26673	74.353000	172.421000	0.006464	0	0	0	0
Trace-_2_5	26673	95.790000	225.837000	0.008467	0	0	0	0
Trace-_2_5	26674	143.099000	344.558000	0.012917	0	0	0	0
Trace-_2_5	26776	130.191000	310.384000	0.011592	0	0	0	0
Trace-_2_5	26777	144.615000	347.529000	0.012979	0	0	0	0
Trace-_2_5	26777	87.111000	205.563000	0.007677	0	0	0	0
Trace-_2_5	27010	147.988000	352.491000	0.013050	0	0	0	0
Trace-_2_5	27012	141.509000	338.050000	0.012515	0	0	0	0
Trace-_2_5	27012	74.328000	172.130000	0.006372	0	0	0	0
Trace-_2_5	27129	130.086000	307.818000	0.011346	0	0	0	0
Trace-_2_5	27131	123.896000	295.354000	0.010886	0	0	0	0
Trace-_2_5	27131	74.387000	172.835000	0.006370	0	0	0	0
Trace-_2_5	27221	149.166000	355.123000	0.013046	0	0	0	0
Trace-_2_5	27222	131.294000	312.721000	0.011488	0	0	0	0
Trace-_2_5	27223	116.795000	277.341000	0.010188	0	0	0	0
Trace-_1_5	27258	77.098000	177.491000	0.006512	0	0	0	0
Trace-_1_5	27260	75.623000	174.962000	0.006418	0	0	0	0
Trace-_1_5	27261	80.236000	187.482000	0.006877	0	0	0	0
Trace-_2_5	27325	102.946000	240.247000	0.008792	0	0	0	0
Trace-_2_5	27325	148.164000	355.058000	0.012994	0	0	0	0
Trace-_2_5	27326	80.978000	189.064000	0.006919	0	0	0	0
Trace-_2_5	27372	78.113000	178.922000	0.006537	0	0	0	0
Trace-_2_5	27373	147.677000	354.805000	0.012962	0	0	0	0
Trace-_2_5	27374	104.111000	246.430000	0.009002	0	0	0	0
Trace-_2_5	27761	153.985000	364.222000	0.013120	0	0	0	0
Trace-_2_5	27762	147.646000	351.252000	0.012652	0	0	0	0
Trace-_2_5	27764	76.593000	177.641000	0.006398	0	0	0	0
Trace-_2_5	27823	105.350000	245.983000	0.008841	0	0	0	0
Trace-_2_5	27825	169.197000	381.124000	0.013697	0	0	0	0
Trace-_2_5	27826	161.236000	372.632000	0.013392	0	0	0	0
Trace-_2_5	27832	152.239000	363.088000	0.013046	0	0	0	0
Trace-_2_5	27834	162.573000	375.178000	0.013479	0	0	0	0
Trace-_2_5	27834	160.829000	372.204000	0.013372	0	0	0	0
Trace-_1_5	28029	152.739000	364.938000	0.013020	0	0	0	0
Trace-_1_5	28030	150.353000	361.781000	0.012907	0	0	0	0
Trace-_1_5	28030	87.501000	204.760000	0.007305	0	0	0	0
Trace-_2_5	28060	78.390000	180.453000	0.006431	0	0	0	0
Trace-_2_5	28062	117.117000	279.556000	0.009962	0	0	0	0
Trace-_2_5	28063	135.283000	324.932000	0.011579	0	0	0	0
Trace-_2_5	28283	153.734000	368.824000	0.013040	0	0	0	0
Trace-_2_5	28284	140.756000	338.558000	0.011970	0	0	0	0
Trace-_2_5	28287	146.691000	352.936000	0.012477	0	0	0	0
Trace-_2_5	28547	155.657000	371.371000	0.013009	0	0	0	0
Trace-_2_5	28548	134.780000	323.331000	0.011326	0	0	0	0
Trace-_2_5	28550	169.663000	386.938000	0.013553	0	0	0	0
Trace-_2_5	28679	155.754000	373.435000	0.013021	0	0	0	0
Trace-_2_5	28680	154.519000	371.793000	0.012963	0	0	0	0
Trace-_2_5	28681	138.907000	331.923000	0.011573	0	0	0	0
Trace-_1_5	28802	155.294000	373.139000	0.012955	0	0	0	0
Trace-_1_5	28804	143.657000	344.813000	0.011971	0	0	0	0
Trace-_1_5	28805	103.601000	249.016000	0.008645	0	0	0	0
Trace-_2_5	28855	84.194000	194.132000	0.006728	0	0	0	0
Trace-_2_5	28855	129.611000	309.014000	0.010709	0	0	0	0
Trace-_2_5	28855	129.933000	310.261000	0.010752	0	0	0	0
Trace-_2_5	29032	132.491000	313.485000	0.010798	0	0	0	0
Trace-_2_5	29034	131.216000	312.785000	0.010773	0	0	0	0
Trace-_2_5	29034	79.927000	185.588000	0.006392	0	0	0	0
Trace-_2_5	29138	143.824000	343.653000	0.011794	0	0	0	0
Trace-_2_5	29139	117.509000	279.371000	0.009588	0	0	0	0
Trace-_2_5	29139	79.669000	187.311000	0.006428	0	0	0	0
Trace-_2_5	29148	80.752000	187.467000	0.006432	0	0	0	0
Trace-_2_5	29150	80.074000	186.708000	0.006405	0	0	0	0
Trace-_2_5	29150	79.963000	185.812000	0.006374	0	0	0	0
Trace-_2_5	29250	87.979000	203.370000	0.006953	0	0	0	0
Trace-_2_5	29252	88.226000	205.940000	0.007040	0	0	0	0
Trace-_2_5	29253	90.088000	210.905000	0.007210	0	0	0	0
Trace-_1_5	29367	100.473000	234.131000	0.007973	0	0	0	0
Trace-_1_5	29367	97.106000	227.103000	0.007733	0	0	0	0
Trace-_1_5	29367	90.638000	211.652000	0.007207	0	0	0	0
Trace-_2_5	29438	160.821000	383.541000	0.013029	0	0	0	0
Trace-_2_5	29438	141.623000	337.678000	0.011471	0	0	0	0
Trace-_2_5	29439	118.728000	280.638000	0.009533	0	0	0	0
Trace-_2_5	29440	81.923000	189.224000	0.006427	0	0	0	0
Trace-_2_5	29440	81.513000	188.734000	0.006411	0	0	0	0
Trace-_2_5	29441	81.801000	188.798000	0.006413	0	0	0	0
Trace-_2_5	29473	83.170000	191.338000	0.006492	0	0	0	0
Trace-_2_5	29473	136.982000	327.193000	0.011101	0	0	0	0
Trace-_2_5	29473	125.550000	299.805000	0.010172	0	0	0	0
Trace-_2_5	29524	83.161000	191.741000	0.006494	0	0	0	0
Trace-_2_5	29524	111.452000	263.439000	0.008923	0	0	0	0
Trace-_2_5	29524	150.844000	362.749000	0.012287	0	0	0	0
Trace-_2_5	29573	85.782000	198.355000	0.006707	0	0	0	0
Trace-_2_5	29576	83.432000	193.213000	0.006533	0	0	0	0
Trace-_2_5	29576	88.083000	205.047000	0.006933	0	0	0	0
Trace-_2_5	29580	87.947000	204.778000	0.006923	0	0	0	0
Trace-_2_5	29580	82.980000	191.677000	0.006480	0	0	0	0
Trace-_2_5	29582	81.837000	189.397000	0.006402	0	0	0	0
Trace-_2_5	29587	82.601000	191.615000	0.006476	0	0	0	0
Trace-_2_5	29588	81.801000	189.641000	0.006409	0	0	0	0
Trace-_2_5	29588	81.774000	189.411000	0.006402	0	0	0	0
Trace-_2_5	29669	84.078000	193.999000	0.006539	0	0	0	0
Trace-_2_5	29670	83.213000	193.240000	0.006513	0	0	0	0
Trace-_2_5	29672	88.065000	205.362000	0.006921	0	0	0	0
Trace-_2_5	30212	165.631000	397.003000	0.013141	0	0	0	0
Trace-_2_5	30212	106.643000	250.852000	0.008303	0	0	0	0
Trace-_2_5	30213	83.799000	194.328000	0.006432	0	0	0	0
Trace-_2_5	30253	85.149000	196.282000	0.006488	0	0	0	0
Trace-_2_5	30253	83.449000	193.347000	0.006391	0	0	0	0
Trace-_2_5	30254	83.479000	193.318000	0.006390	0	0	0	0
Trace-_2_5	30333	88.856000	204.608000	0.006745	0	0	0	0
Trace-_2_5	30334	154.532000	369.870000	0.012193	0	0	0	0
Trace-_2_5	30334	113.868000	268.413000	0.008849	0	0	0	0
Trace-_2_5	30430	113.078000	264.817000	0.008702	0	0	0	0
Trace-_2_5	30430	157.777000	378.338000	0.012433	0	0	0	0
Trace-_2_5	30432	84.529000	194.736000	0.006399	0	0	0	0
Trace-_2_5	30514	153.450000	365.632000	0.011982	0	0	0	0
Trace-_2_5	30514	118.235000	278.752000	0.009135	0	0	0	0
Trace-_2_5	30516	84.934000	196.619000	0.006443	0	0	0	0
Trace-_2_5	30540	131.860000	311.504000	0.010200	0	0	0	0
Trace-_2_5	30542	138.985000	331.193000	0.010844	0	0	0	0
Trace-_2_5	30543	84.600000	195.851000	0.006412	0	0	0	0
Trace-_2_5	30612	140.087000	331.803000	0.010839	0	0	0	0
Trace-_2_5	30612	132.192000	314.420000	0.010271	0	0	0	0
Trace-_2_5	30612	85.168000	196.679000	0.006425	0	0	0	0
Trace-_2_5	30694	167.428000	399.692000	0.013022	0	0	0	0
Trace-_2_5	30695	154.353000	367.552000	0.011974	0	0	0	0
Trace-_2_5	30696	185.699000	420.262000	0.013691	0	0	0	0
Trace-_1_5	31006	167.961000	405.447000	0.013076	0	0	0	0
Trace-_1_5	31008	186.321000	425.598000	0.013725	0	0	0	0
Trace-_1_5	31009	157.537000	360.192000	0.011616	0	0	0	0
Trace-_2_5	31128	105.798000	227.657000	0.007314	0	0	0	0
Trace-_2_5	31129	183.163000	420.422000	0.013506	0	0	0	0
Trace-_2_5	31129	163.191000	371.017000	0.011919	0	0	0	0
Trace-_2_5	31145	145.061000	325.283000	0.010444	0	0	0	0
Trace-_2_5	31146	133.479000	299.288000	0.009609	0	0	0	0
Trace-_2_5	31147	101.474000	218.121000	0.007003	0	0	0	0
Trace-_2_5	31152	100.928000	218.579000	0.007017	0	0	0	0
Trace-_2_5	31152	170.305000	393.147000	0.012620	0	0	0	0
Trace-_2_5	31153	123.318000	277.196000	0.008898	0	0	0	0
Trace-_2_5	31463	187.994000	430.955000	0.013697	0	0	0	0
Trace-_2_5	31463	164.568000	374.440000	0.011901	0	0	0	0
Trace-_2_5	31463	123.226000	272.448000	0.008659	0	0	0	0
Trace-_2_5	31593	177.991000	420.782000	0.013319	0	0	0	0
Trace-_2_5	31593	150.755000	357.070000	0.011302	0	0	0	0
Trace-_2_5	31594	112.596000	262.521000	0.008309	0	0	0	0
Trace-_2_5	31641	97.342000	223.780000	0.007072	0	0	0	0
Trace-_2_5	31641	174.382000	416.604000	0.013167	0	0	0	0
Trace-_2_5	31641	97.562000	225.923000	0.007140	0	0	0	0
Trace-_2_5	31765	175.619000	417.567000	0.013146	0	0	0	0
Trace-_2_5	31767	164.103000	390.313000	0.012287	0	0	0	0
Trace-_2_5	31767	118.868000	278.204000	0.008758	0	0	0	0
Trace-_2_5	31775	91.164000	209.030000	0.006578	0	0	0	0
Trace-_2_5	31776	95.484000	220.459000	0.006938	0	0	0	0
Trace-_2_5	31777	104.697000	243.549000	0.007664	0	0	0	0
Trace-_1_5	31967	110.775000	258.780000	0.008095	0	0	0	0
Trace-_1_5	31967	175.175000	418.747000	0.013099	0	0	0	0
Trace-_1_5	31967	97.276000	226.240000	0.007077	0	0	0	0
Trace-_2_5	31970	92.155000	210.553000	0.006586	0	0	0	0
Trace-_2_5	31970	142.111000	335.787000	0.010503	0	0	0	0
Trace-_2_5	31972	139.956000	330.474000	0.010336	0	0	0	0
Trace-_2_5	32025	92.052000	211.140000	0.006593	0	0	0	0
Trace-_2_5	32027	171.072000	407.885000	0.012736	0	0	0	0
Trace-_2_5	32027	109.923000	256.007000	0.007993	0	0	0	0
Trace-_2_5	32032	91.913000	210.182000	0.006562	0	0	0	0
Trace-_2_5	32032	130.598000	307.288000	0.009593	0	0	0	0
Trace-_2_5	32033	151.314000	357.406000	0.011157	0	0	0	0
Trace-_2_5	32076	92.787000	211.794000	0.006603	0	0	0	0
Trace-_2_5	32076	141.061000	332.963000	0.010380	0	0	0	0
Trace-_2_5	32078	141.829000	334.599000	0.010431	0	0	0	0
Trace-_2_5	32152	162.489000	377.266000	0.011734	0	0	0	0
Trace-_2_5	32153	189.423000	438.877000	0.013650	0	0	0	0
Trace-_2_5	32155	166.090000	372.719000	0.011591	0	0	0	0
Trace-_2_5	32206	106.574000	227.016000	0.007049	0	0	0	0
Trace-_2_5	32206	177.683000	405.164000	0.012580	0	0	0	0
Trace-_2_5	32207	126.265000	279.877000	0.008690	0	0	0	0
Trace-_2_5	32405	180.556000	429.919000	0.013267	0	0	0	0
Trace-_2_5	32408	180.696000	427.892000	0.013203	0	0	0	0
Trace-_2_5	32409	164.576000	389.007000	0.012003	0	0	0	0
Trace-_2_5	32413	93.492000	212.474000	0.006555	0	0	0	0
Trace-_2_5	32413	92.994000	211.834000	0.006535	0	0	0	0
Trace-_2_5	32413	92.831000	211.575000	0.006527	0	0	0	0
Trace-_2_5	32432	94.985000	215.359000	0.006640	0	0	0	0
Trace-_2_5	32433	174.911000	415.796000	0.012820	0	0	0	0
Trace-_2_5	32434	178.832000	425.043000	0.013105	0	0	0	0
Trace-_1_5	32581	182.483000	430.911000	0.013226	0	0	0	0
Trace-_1_5	32581	172.145000	400.892000	0.012304	0	0	0	0
Trace-_1_5	32581	142.978000	336.182000	0.010318	0	0	0	0
Trace-_2_5	32717	142.872000	331.760000	0.010140	0	0	0	0
Trace-_2_5	32718	148.499000	348.665000	0.010657	0	0	0	0
Trace-_2_5	32720	94.348000	213.931000	0.006538	0	0	0	0
Trace-_2_5	33053	185.094000	436.658000	0.013211	0	0	0	0
Trace-_2_5	33054	152.146000	357.712000	0.010822	0	0	0	0
Trace-_2_5	33057	199.935000	453.986000	0.013733	0	0	0	0
Trace-_2_5	33098	187.136000	439.581000	0.013281	0	0	0	0
Trace-_2_5	33098	114.327000	263.290000	0.007955	0	0	0	0
Trace-_2_5	33098	95.200000	216.772000	0.006549	0	0	0	0
Trace-_2_5	33270	195.730000	454.633000	0.013665	0	0	0	0
Trace-_2_5	33271	151.408000	353.256000	0.010618	0	0	0	0
Trace-_2_5	33271	95.562000	217.657000	0.006542	0	0	0	0
Trace-_2_5	33347	108.509000	246.898000	0.007404	0	0	0	0
Trace-_2_5	33348	106.878000	244.510000	0.007332	0	0	0	0
Trace-_2_5	33348	96.292000	218.836000	0.006562	0	0	0	0
Trace-_2_5	33369	97.695000	221.802000	0.006647	0	0	0	0
Trace-_2_5	33370	96.273000	218.366000	0.006544	0	0	0	0
Trace-_2_5	33371	96.266000	219.230000	0.006569	0	0	0	0
Trace-_2_5	33709	189.075000	447.824000	0.013285	0	0	0	0
Trace-_2_5	33711	154.985000	362.918000	0.010766	0	0	0	0
Trace-_2_5	33711	97.301000	221.405000	0.006568	0	0	0	0
Trace-_2_5	33934	113.486000	259.218000	0.007639	0	0	0	0
Trace-_2_5	33935	190.167000	448.893000	0.013228	0	0	0	0
Trace-_2_5	33935	164.909000	386.803000	0.011398	0	0	0	0
Trace-_2_5	33953	165.717000	388.047000	0.011429	0	0	0	0
Trace-_2_5	33953	128.702000	296.715000	0.008739	0	0	0	0
Trace-_2_5	33953	97.905000	222.180000	0.006544	0	0	0	0
Trace-_2_5	34000	99.658000	226.135000	0.006651	0	0	0	0
Trace-_2_5	34001	98.148000	225.085000	0.006620	0	0	0	0
Trace-_2_5	34002	176.259000	417.462000	0.012278	0	0	0	0
Trace-_2_5	34105	183.652000	433.466000	0.012710	0	0	0	0
Trace-_2_5	34106	163.729000	384.804000	0.011283	0	0	0	0
Trace-_2_5	34106	98.517000	223.664000	0.006558	0	0	0	0
Trace-_2_5	34155	155.971000	364.881000	0.010683	0	0	0	0
Trace-_2_5	34155	190.820000	451.663000	0.013224	0	0	0	0
Trace-_2_5	34157	190.318000	450.399000	0.013186	0	0	0	0
Trace-_2_5	34295	191.971000	453.117000	0.013212	0	0	0	0
Trace-_2_5	34296	190.711000	451.126000	0.013154	0	0	0	0
Trace-_2_5	34298	190.778000	451.633000	0.013168	0	0	0	0
Trace-_2_5	34306	189.013000	447.108000	0.013033	0	0	0	0
Trace-_2_5	34306	165.680000	388.973000	0.011338	0	0	0	0
Trace-_2_5	34307	158.150000	369.490000	0.010770	0	0	0	0
Trace-_2_5	34368	166.219000	389.212000	0.011325	0	0	0	0
Trace-_2_5	34368	121.219000	279.220000	0.008124	0	0	0	0
Trace-_2_5	34371	98.639000	223.935000	0.006515	0	0	0	0
Trace-_2_5	34577	157.898000	367.913000	0.010640	0	0	0	0
Trace-_2_5	34577	143.654000	334.304000	0.009668	0	0	0	0
Trace-_2_5	34578	99.681000	226.414000	0.006548	0	0	0	0
Trace-_2_5	34696	104.495000	236.508000	0.006817	0	0	0	0
Trace-_2_5	34696	100.389000	227.880000	0.006568	0	0	0	0
Trace-_2_5	34697	99.703000	227.046000	0.006544	0	0	0	0
Trace-_2_5	34989	197.775000	464.595000	0.013278	0	0	0	0
Trace-_2_5	34989	129.904000	298.612000	0.008534	0	0	0	0
Trace-_2_5	34992	101.621000	230.822000	0.006596	0	0	0	0
Trace-_2_5	35123	136.422000	319.868000	0.009107	0	0	0	0
Trace-_2_5	35124	196.425000	464.911000	0.013236	0	0	0	0
Trace-_2_5	35125	189.525000	447.834000	0.012750	0	0	0	0
Trace-_2_5	35189	112.490000	256.743000	0.007296	0	0	0	0
Trace-_2_5	35189	181.018000	426.003000	0.012106	0	0	0	0
Trace-_2_5	35191	123.572000	283.903000	0.008067	0	0	0	0
Trace-_2_5	35257	138.382000	320.406000	0.009088	0	0	0	0
Trace-_2_5	35259	167.687000	391.300000	0.011098	0	0	0	0
Trace-_2_5	35259	102.372000	232.100000	0.006583	0	0	0	0
Trace-_1_5	35621	201.468000	475.501000	0.013349	0	0	0	0
Trace-_1_5	35623	111.109000	252.628000	0.007092	0	0	0	0
Trace-_1_5	35624	103.216000	233.452000	0.006553	0	0	0	0
Trace-_2_5	35671	107.913000	243.330000	0.006822	0	0	0	0
Trace-_2_5	35672	103.949000	234.796000	0.006582	0	0	0	0
Trace-_2_5	35672	103.607000	233.937000	0.006558	0	0	0	0
Trace-_2_5	35702	164.643000	384.742000	0.010776	0	0	0	0
Trace-_2_5	35703	144.393000	334.700000	0.009375	0	0	0	0
Trace-_2_5	35704	111.282000	254.944000	0.007140	0	0	0	0
Trace-_1_5	35838	105.342000	240.503000	0.006711	0	0	0	0
Trace-_1_5	35838	183.627000	405.514000	0.011315	0	0	0	0
Trace-_1_5	35838	159.586000	373.745000	0.010429	0	0	0	0
Trace-_2_5	35841	202.406000	474.598000	0.013242	0	0	0	0
Trace-_2_5	35841	158.995000	368.814000	0.010290	0	0	0	0
Trace-_2_5	35841	104.101000	234.827000	0.006552	0	0	0	0
Trace-_2_5	35896	127.849000	288.140000	0.008027	0	0	0	0
Trace-_2_5	35896	209.835000	486.211000	0.013545	0	0	0	0
Trace-_2_5	35897	201.686000	475.934000	0.013258	0	0	0	0
Trace-_2_5	36009	218.717000	495.931000	0.013772	0	0	0	0
Trace-_2_5	36009	205.002000	480.681000	0.013349	0	0	0	0
Trace-_2_5	36010	169.149000	397.197000	0.011030	0	0	0	0
Trace-_2_5	36050	107.132000	241.557000	0.006701	0	0	0	0
Trace-_2_5	36052	116.934000	267.647000	0.007424	0	0	0	0
Trace-_2_5	36053	121.273000	278.351000	0.007721	0	0	0	0
Trace-_2_5	36484	204.870000	484.874000	0.013290	0	0	0	0
Trace-_2_5	36486	219.301000	499.859000	0.013700	0	0	0	0
Trace-_2_5	36488	219.363000	498.525000	0.013663	0	0	0	0
Trace-_2_5	36516	221.898000	501.548000	0.013735	0	0	0	0
Trace-_2_5	36516	126.291000	269.503000	0.007380	0	0	0	0
Trace-_2_5	36517	125.899000	266.645000	0.007302	0	0	0	0
Trace-_2_5	36694	204.084000	483.488000	0.013176	0	0	0	0
Trace-_2_5	36695	201.901000	484.382000	0.013200	0	0	0	0
Trace-_2_5	36696	172.848000	408.286000	0.011126	0	0	0	0
Trace-_2_5	36884	191.649000	455.300000	0.012344	0	0	0	0
Trace-_2_5	36885	118.838000	274.919000	0.007453	0	0	0	0
Trace-_2_5	36885	104.774000	239.644000	0.006497	0	0	0	0
Trace-_2_5	36948	106.658000	244.908000	0.006628	0	0	0	0
Trace-_2_5	36951	105.521000	241.834000	0.006545	0	0	0	0
Trace-_2_5	36951	104.883000	239.799000	0.006490	0	0	0	0
Trace-_2_5	36971	115.248000	264.735000	0.007161	0	0	0	0
Trace-_2_5	36972	117.129000	273.421000	0.007395	0	0	0	0
Trace-_2_5	36973	199.277000	476.993000	0.012901	0	0	0	0
Trace-_0_5	37173	202.968000	482.391000	0.012977	0	0	0	0
Trace-_0_5	37174	177.640000	420.364000	0.011308	0	0	0	0
Trace-_0_5	37175	110.521000	253.734000	0.006825	0	0	0	0
Trace-_1_5	37235	173.559000	411.133000	0.011042	0	0	0	0
Trace-_1_5	37237	204.158000	487.316000	0.013087	0	0	0	0
Trace-_1_5	37237	204.394000	488.626000	0.013122	0	0	0	0
Trace-_2_5	37289	204.852000	488.231000	0.013093	0	0	0	0
Trace-_2_5	37289	105.818000	241.847000	0.006486	0	0	0	0
Trace-_2_5	37290	105.543000	242.492000	0.006503	0	0	0	0
Trace-_2_5	37326	108.259000	247.627000	0.006634	0	0	0	0
Trace-_2_5	37326	110.075000	252.549000	0.006766	0	0	0	0
Trace-_2_5	37327	114.007000	262.627000	0.007036	0	0	0	0
Trace-_2_5	37388	226.334000	506.393000	0.013544	0	0	0	0
Trace-_2_5	37388	205.978000	487.781000	0.013046	0	0	0	0
Trace-_2_5	37389	189.920000	451.145000	0.012066	0	0	0	0
Trace-_2_5	37453	223.769000	510.365000	0.013627	0	0	0	0
Trace-_2_5	37454	174.344000	388.894000	0.010383	0	0	0	0
Trace-_2_5	37454	208.406000	493.947000	0.013188	0	0	0	0
Trace-_1_5	37516	206.493000	493.415000	0.013152	0	0	0	0
Trace-_1_5	37516	136.986000	320.487000	0.008543	0	0	0	0
Trace-_1_5	37517	106.615000	244.534000	0.006518	0	0	0	0
Trace-_2_5	37592	109.437000	248.336000	0.006606	0	0	0	0
Trace-_2_5	37592	107.444000	245.809000	0.006539	0	0	0	0
Trace-_2_5	37593	107.318000	245.662000	0.006535	0	0	0	0
Trace-_2_5	37619	107.756000	245.912000	0.006537	0	0	0	0
Trace-_2_5	37619	107.786000	245.959000	0.006538	0	0	0	0
Trace-_2_5	37621	192.903000	459.464000	0.012213	0	0	0	0
Trace-_2_5	37813	206.274000	490.977000	0.012984	0	0	0	0
Trace-_2_5	37814	180.261000	426.496000	0.011279	0	0	0	0
Trace-_2_5	37814	112.013000	256.336000	0.006779	0	0	0	0
Trace-_2_5	38189	211.720000	502.998000	0.013171	0	0	0	0
Trace-_2_5	38189	132.290000	306.378000	0.008023	0	0	0	0
Trace-_2_5	38190	109.307000	249.047000	0.006521	0	0	0	0
Trace-_2_5	38283	111.331000	253.156000	0.006613	0	0	0	0
Trace-_2_5	38284	204.732000	493.332000	0.012886	0	0	0	0
Trace-_2_5	38284	112.035000	255.840000	0.006683	0	0	0	0
Trace-_2_5	38408	209.918000	497.428000	0.012951	0	0	0	0
Trace-_2_5	38409	181.690000	429.010000	0.011170	0	0	0	0
Trace-_2_5	38411	109.843000	250.277000	0.006516	0	0	0	0
Trace-_2_5	38521	209.602000	498.034000	0.012929	0	0	0	0
Trace-_2_5	38521	200.052000	474.803000	0.012326	0	0	0	0
Trace-_2_5	38521	187.762000	443.259000	0.011507	0	0	0	0
Trace-_2_5	38959	233.438000	524.363000	0.013459	0	0	0	0
Trace-_2_5	38959	216.813000	509.015000	0.013065	0	0	0	0
Trace-_2_5	38959	186.454000	440.090000	0.011296	0	0	0	0
Trace-_2_5	38978	112.521000	256.875000	0.006590	0	0	0	0
Trace-_2_5	38978	111.650000	254.316000	0.006525	0	0	0	0
Trace-_2_5	38979	111.346000	254.346000	0.006525	0	0	0	0
Trace-_2_5	39002	112.855000	256.523000	0.006577	0	0	0	0
Trace-_2_5	39002	112.113000	256.397000	0.006574	0	0	0	0
Trace-_2_5	39004	111.752000	255.567000	0.006552	0	0	0	0
Trace-_2_5	39170	217.269000	517.421000	0.013210	0	0	0	0
Trace-_2_5	39170	140.250000	324.470000	0.008284	0	0	0	0
Trace-_2_5	39170	112.544000	255.862000	0.006532	0	0	0	0
Trace-_2_5	39275	132.645000	304.795000	0.007761	0	0	0	0
Trace-_2_5	39276	194.729000	458.673000	0.011678	0	0	0	0
Trace-_2_5	39278	112.899000	256.970000	0.006542	0	0	0	0
Trace-_2_5	39522	242.436000	546.109000	0.013818	0	0	0	0
Trace-_2_5	39523	221.115000	522.942000	0.013231	0	0	0	0
Trace-_2_5	39523	165.683000	387.195000	0.009797	0	0	0	0
Trace-_2_5	39536	114.499000	260.048000	0.006577	0	0	0	0
Trace-_2_5	39536	193.395000	455.965000	0.011533	0	0	0	0
Trace-_2_5	39536	134.094000	308.759000	0.007810	0	0	0	0
Trace-_2_5	39559	140.505000	323.174000	0.008169	0	0	0	0
Trace-_2_5	39559	190.696000	449.800000	0.011370	0	0	0	0
Trace-_2_5	39559	113.965000	258.451000	0.006533	0	0	0	0
Trace-_2_5	39591	185.436000	437.766000	0.011057	0	0	0	0
Trace-_2_5	39591	141.008000	326.722000	0.008252	0	0	0	0
Trace-_2_5	39591	113.278000	258.953000	0.006541	0	0	0	0
Trace-_2_5	39613	115.223000	261.124000	0.006592	0	0	0	0
Trace-_2_5	39613	114.296000	262.779000	0.006634	0	0	0	0
Trace-_2_5	39615	113.810000	259.284000	0.006545	0	0	0	0
Trace-_2_5	39868	220.584000	524.439000	0.013154	0	0	0	0
Trace-_2_5	39868	169.636000	397.410000	0.009968	0	0	0	0
Trace-_2_5	39868	114.121000	262.842000	0.006593	0	0	0	0
Trace-_2_5	39905	139.311000	323.860000	0.008116	0	0	0	0
Trace-_2_5	39906	120.392000	274.117000	0.006869	0	0	0	0
Trace-_2_5	39906	114.977000	261.446000	0.006552	0	0	0	0
Trace-_2_5	40027	116.431000	263.757000	0.006589	0	0	0	0
Trace-_2_5	40028	115.188000	264.587000	0.006610	0	0	0	0
Trace-_2_5	40029	115.577000	265.576000	0.006635	0	0	0	0
Trace-_2_5	40103	117.140000	265.604000	0.006623	0	0	0	0
Trace-_2_5	40103	210.863000	500.031000	0.012469	0	0	0	0
Trace-_2_5	40103	118.793000	270.923000	0.006756	0	0	0	0
Trace-_2_5	40281	224.181000	530.794000	0.013177	0	0	0	0
Trace-_2_5	40282	150.740000	348.872000	0.008661	0	0	0	0
Trace-_2_5	40284	116.826000	266.192000	0.006608	0	0	0	0
Trace-_1_5	40330	117.772000	266.960000	0.006619	0	0	0	0
Trace-_1_5	40332	116.394000	264.042000	0.006547	0	0	0	0
Trace-_1_5	40332	117.308000	266.424000	0.006606	0	0	0	0
Trace-_2_5	40337	117.010000	265.837000	0.006590	0	0	0	0
Trace-_2_5	40337	116.474000	264.793000	0.006565	0	0	0	0
Trace-_2_5	40339	116.497000	264.196000	0.006549	0	0	0	0
Trace-_2_5	40355	117.948000	267.394000	0.006626	0	0	0	0
Trace-_2_5	40357	116.322000	264.146000	0.006545	0	0	0	0
Trace-_2_5	40358	117.188000	265.883000	0.006588	0	0	0	0
Trace-_2_5	40444	132.733000	302.744000	0.007486	0	0	0	0
Trace-_2_5	40445	205.130000	483.686000	0.011959	0	0	0	0
Trace-_2_5	40445	117.278000	266.176000	0.006581	0	0	0	0
Trace-_2_5	40578	139.446000	319.274000	0.007868	0	0	0	0
Trace-_2_5	40580	143.853000	329.397000	0.008117	0	0	0	0
Trace-_2_5	40581	125.640000	286.101000	0.007050	0	0	0	0
Trace-_2_5	40693	219.846000	519.829000	0.012774	0	0	0	0
Trace-_2_5	40693	118.423000	267.682000	0.006578	0	0	0	0
Trace-_2_5	40696	118.143000	268.241000	0.006591	0	0	0	0
Trace-_1_5	40718	118.805000	271.080000	0.006657	0	0	0	0
Trace-_1_5	40719	121.387000	278.581000	0.006842	0	0	0	0
Trace-_1_5	40719	124.623000	286.314000	0.007031	0	0	0	0
Trace-_0_5	40933	225.598000	538.049000	0.013145	0	0	0	0
Trace-_0_5	40934	172.570000	405.750000	0.009912	0	0	0	0
Trace-_0_5	40934	116.926000	267.616000	0.006538	0	0	0	0
Trace-_2_5	40940	117.872000	269.236000	0.006576	0	0	0	0
Trace-_2_5	40941	117.104000	267.466000	0.006533	0	0	0	0
Trace-_2_5	40943	116.876000	266.945000	0.006520	0	0	0	0
Trace-_2_5	41160	226.849000	540.229000	0.013125	0	0	0	0
Trace-_2_5	41160	117.513000	268.433000	0.006522	0	0	0	0
Trace-_2_5	41161	118.311000	270.388000	0.006569	0	0	0	0
Trace-_2_5	41389	222.940000	529.995000	0.012805	0	0	0	0
Trace-_2_5	41390	180.650000	426.516000	0.010305	0	0	0	0
Trace-_2_5	41390	119.450000	272.891000	0.006593	0	0	0	0
Trace-_2_5	41396	127.478000	291.438000	0.007040	0	0	0	0
Trace-_2_5	41398	152.132000	358.165000	0.008652	0	0	0	0
Trace-_2_5	41398	118.973000	271.256000	0.006552	0	0	0	0
Trace-_2_5	41451	215.348000	512.171000	0.012356	0	0	0	0
Trace-_2_5	41451	120.529000	275.767000	0.006653	0	0	0	0
Trace-_2_5	41452	118.597000	270.432000	0.006524	0	0	0	0
Trace-_2_5	41481	120.823000	275.399000	0.006639	0	0	0	0
Trace-_2_5	41481	118.481000	269.707000	0.006502	0	0	0	0
Trace-_2_5	41482	118.360000	270.134000	0.006512	0	0	0	0
Trace-_2_5	41565	120.881000	274.477000	0.006604	0	0	0	0
Trace-_2_5	41566	137.284000	316.743000	0.007620	0	0	0	0
Trace-_2_5	41566	130.865000	300.846000	0.007238	0	0	0	0
Trace-_2_5	41879	224.972000	534.472000	0.012762	0	0	0	0
Trace-_2_5	41879	185.676000	437.286000	0.010442	0	0	0	0
Trace-_2_5	41881	120.367000	274.088000	0.006544	0	0	0	0
Trace-_2_5	41950	224.849000	534.937000	0.012752	0	0	0	0
Trace-_2_5	41950	200.499000	473.659000	0.011291	0	0	0	0
Trace-_2_5	41951	254.677000	570.330000	0.013595	0	0	0	0
Trace-_2_5	41961	234.035000	553.699000	0.013196	0	0	0	0
Trace-_2_5	41963	167.488000	391.779000	0.009336	0	0	0	0
Trace-_2_5	41964	120.630000	275.281000	0.006560	0	0	0	0
Trace-_2_5	42123	220.835000	523.484000	0.012428	0	0	0	0
Trace-_2_5	42124	121.381000	276.409000	0.006562	0	0	0	0
Trace-_2_5	42125	121.269000	276.380000	0.006561	0	0	0	0
Trace-_2_5	42217	166.315000	386.313000	0.009151	0	0	0	0
Trace-_2_5	42217	177.708000	416.409000	0.009864	0	0	0	0
Trace-_2_5	42219	121.461000	275.755000	0.006532	0	0	0	0
Trace-_1_5	42514	235.874000	559.467000	0.013160	0	0	0	0
Trace-_1_5	42514	234.249000	558.391000	0.013134	0	0	0	0
Trace-_1_5	42515	132.924000	304.734000	0.007168	0	0	0	0
Trace-_2_5	42538	123.847000	281.177000	0.006610	0	0	0	0
Trace-_2_5	42539	122.662000	278.630000	0.006550	0	0	0	0
Trace-_2_5	42540	122.332000	278.213000	0.006540	0	0	0	0
Trace-_2_5	42710	231.772000	550.908000	0.012899	0	0	0	0
Trace-_2_5	42710	183.618000	430.307000	0.010075	0	0	0	0
Trace-_2_5	42710	122.960000	280.184000	0.006560	0	0	0	0
Trace-_2_5	42717	123.751000	280.789000	0.006573	0	0	0	0
Trace-_2_5	42717	122.884000	279.421000	0.006541	0	0	0	0
Trace-_2_5	42719	123.121000	279.792000	0.006550	0	0	0	0
Trace-_2_5	42754	199.396000	448.501000	0.010490	0	0	0	0
Trace-_2_5	42755	235.349000	559.155000	0.013078	0	0	0	0
Trace-_2_5	42757	199.774000	472.110000	0.011042	0	0	0	0
Trace-_2_5	42939	220.175000	521.662000	0.012149	0	0	0	0
Trace-_2_5	42940	144.363000	332.638000	0.007747	0	0	0	0
Trace-_2_5	42940	123.402000	283.630000	0.006605	0	0	0	0
Trace-_2_5	42942	123.845000	280.869000	0.006541	0	0	0	0
Trace-_2_5	42944	123.525000	279.950000	0.006519	0	0	0	0
Trace-_2_5	42944	123.145000	279.703000	0.006513	0	0	0	0
Trace-_2_5	43074	126.378000	286.510000	0.006652	0	0	0	0
Trace-_2_5	43074	124.481000	281.729000	0.006541	0	0	0	0
Trace-_2_5	43075	131.685000	300.217000	0.006970	0	0	0	0
Trace-_1_5	43088	233.408000	554.677000	0.012873	0	0	0	0
Trace-_2_5	43087	189.359000	443.324000	0.010289	0	0	0	0
Trace-_1_5	43088	124.053000	281.422000	0.006531	0	0	0	0
Trace-_2_5	43087	125.293000	282.677000	0.006561	0	0	0	0
Trace-_1_5	43088	124.628000	282.315000	0.006552	0	0	0	0
Trace-_2_5	43087	125.014000	282.655000	0.006560	0	0	0	0
Trace-_2_5	43206	260.609000	581.519000	0.013459	0	0	0	0
Trace-_2_5	43206	240.229000	568.102000	0.013149	0	0	0	0
Trace-_2_5	43207	260.474000	591.654000	0.013693	0	0	0	0
Trace-_2_5	43242	233.771000	553.304000	0.012796	0	0	0	0
Trace-_2_5	43243	207.148000	488.898000	0.011306	0	0	0	0
Trace-_2_5	43244	207.560000	488.710000	0.011301	0	0	0	0
Trace-_2_5	43407	232.952000	549.807000	0.012666	0	0	0	0
Trace-_2_5	43407	185.935000	435.528000	0.010034	0	0	0	0
Trace-_2_5	43407	125.262000	283.889000	0.006540	0	0	0	0
Trace-_2_5	43451	248.826000	554.425000	0.012760	0	0	0	0
Trace-_2_5	43451	236.978000	555.889000	0.012793	0	0	0	0
Trace-_2_5	43451	190.276000	445.289000	0.010248	0	0	0	0
Trace-_2_5	43656	267.737000	600.529000	0.013756	0	0	0	0
Trace-_2_5	43657	265.181000	596.447000	0.013662	0	0	0	0
Trace-_2_5	43659	263.163000	595.396000	0.013637	0	0	0	0
Trace-_2_5	43728	238.247000	524.378000	0.011992	0	0	0	0
Trace-_2_5	43729	199.224000	431.840000	0.009875	0	0	0	0
Trace-_2_5	43730	148.421000	309.514000	0.007078	0	0	0	0
Trace-_2_5	43776	258.436000	583.054000	0.013319	0	0	0	0
Trace-_2_5	43776	199.498000	438.333000	0.010013	0	0	0	0
Trace-_2_5	43777	148.226000	309.714000	0.007075	0	0	0	0
Trace-_2_5	43806	152.764000	316.368000	0.007222	0	0	0	0
Trace-_2_5	43806	217.580000	479.716000	0.010951	0	0	0	0
Trace-_2_5	43807	175.903000	377.430000	0.008616	0	0	0	0
Trace-_2_5	44017	267.296000	602.222000	0.013682	0	0	0	0
Trace-_2_5	44017	161.270000	341.640000	0.007762	0	0	0	0
Trace-_2_5	44017	148.814000	311.497000	0.007077	0	0	0	0
Trace-_2_5	44195	252.495000	559.262000	0.012654	0	0	0	0
Trace-_2_5	44196	153.716000	317.580000	0.007186	0	0	0	0
Trace-_2_5	44196	151.782000	315.745000	0.007144	0	0	0	0
Trace-_2_5	44221	188.534000	403.123000	0.009116	0	0	0	0
Trace-_2_5	44223	212.726000	464.453000	0.010503	0	0	0	0
Trace-_2_5	44225	151.374000	314.823000	0.007119	0	0	0	0
Trace-_2_5	44325	274.429000	612.040000	0.013808	0	0	0	0
Trace-_2_5	44325	240.709000	534.344000	0.012055	0	0	0	0
Trace-_2_5	44327	153.147000	319.363000	0.007205	0	0	0	0
Trace-_2_5	44442	175.090000	374.149000	0.008419	0	0	0	0
Trace-_2_5	44443	171.262000	366.923000	0.008256	0	0	0	0
Trace-_2_5	44443	160.167000	335.728000	0.007554	0	0	0	0
Trace-_2_5	44492	236.504000	520.883000	0.011707	0	0	0	0
Trace-_2_5	44492	256.698000	573.086000	0.012881	0	0	0	0
Trace-_2_5	44493	151.957000	315.881000	0.007100	0	0	0	0
Trace-_2_5	44507	251.826000	589.622000	0.013248	0	0	0	0
Trace-_2_5	44509	217.295000	507.948000	0.011412	0	0	0	0
Trace-_2_5	44510	131.282000	295.949000	0.006649	0	0	0	0
Trace-_2_5	44591	151.985000	345.502000	0.007748	0	0	0	0
Trace-_2_5	44591	141.885000	322.059000	0.007223	0	0	0	0
Trace-_2_5	44591	137.689000	311.129000	0.006977	0	0	0	0
Trace-_1_5	44616	131.551000	296.636000	0.006649	0	0	0	0
Trace-_1_5	44617	130.145000	293.950000	0.006588	0	0	0	0
Trace-_1_5	44619	129.920000	293.676000	0.006582	0	0	0	0
Trace-_2_5	44697	137.414000	309.771000	0.006930	0	0	0	0
Trace-_2_5	44698	242.849000	572.266000	0.012803	0	0	0	0
Trace-_2_5	44699	276.991000	623.654000	0.013952	0	0	0	0
Trace-_2_5	44747	267.184000	599.362000	0.013394	0	0	0	0
Trace-_2_5	44747	153.166000	318.721000	0.007123	0	0	0	0
Trace-_2_5	44748	154.012000	320.363000	0.007159	0	0	0	0
Trace-_2_5	44937	246.007000	578.707000	0.012878	0	0	0	0
Trace-_2_5	44938	280.090000	623.049000	0.013865	0	0	0	0
Trace-_2_5	44939	273.365000	615.474000	0.013696	0	0	0	0
Trace-_2_5	45059	266.593000	592.391000	0.013147	0	0	0	0
Trace-_2_5	45059	173.078000	365.908000	0.008121	0	0	0	0
Trace-_2_5	45062	190.375000	411.046000	0.009122	0	0	0	0
Trace-_2_5	45109	254.409000	597.311000	0.013242	0	0	0	0
Trace-_2_5	45110	220.324000	515.113000	0.011419	0	0	0	0
Trace-_2_5	45110	251.504000	561.491000	0.012447	0	0	0	0
Trace-_2_5	45197	256.018000	599.893000	0.013273	0	0	0	0
Trace-_2_5	45198	282.901000	628.951000	0.013915	0	0	0	0
Trace-_2_5	45198	156.760000	324.542000	0.007180	0	0	0	0
Trace-_2_5	45240	176.131000	372.556000	0.008235	0	0	0	0
Trace-_2_5	45241	165.088000	345.725000	0.007642	0	0	0	0
Trace-_2_5	45243	160.922000	335.665000	0.007419	0	0	0	0
Trace-_2_5	45300	281.281000	628.027000	0.013864	0	0	0	0
Trace-_2_5	45302	177.561000	376.807000	0.008318	0	0	0	0
Trace-_2_5	45303	156.135000	323.893000	0.007149	0	0	0	0
Trace-_2_5	45452	254.245000	563.957000	0.012408	0	0	0	0
Trace-_2_5	45453	155.628000	322.880000	0.007104	0	0	0	0
Trace-_2_5	45454	155.527000	326.645000	0.007186	0	0	0	0
Trace-_2_5	45512	211.679000	455.022000	0.009998	0	0	0	0
Trace-_2_5	45512	202.821000	437.626000	0.009616	0	0	0	0
Trace-_2_5	45514	258.279000	605.320000	0.013300	0	0	0	0
Trace-_2_5	45659	258.056000	603.700000	0.013222	0	0	0	0
Trace-_2_5	45660	266.312000	593.358000	0.012995	0	0	0	0
Trace-_2_5	45661	157.174000	326.385000	0.007148	0	0	0	0
Trace-_2_5	45661	158.255000	327.805000	0.007179	0	0	0	0
Trace-_2_5	45661	259.139000	605.338000	0.013257	0	0	0	0
Trace-_2_5	45662	256.902000	602.247000	0.013189	0	0	0	0
Trace-_2_5	45724	240.516000	561.082000	0.012271	0	0	0	0
Trace-_2_5	45724	281.464000	629.669000	0.013771	0	0	0	0
Trace-_2_5	45725	279.943000	626.582000	0.013703	0	0	0	0
Trace-_2_5	45777	159.124000	330.161000	0.007212	0	0	0	0
Trace-_2_5	45777	156.609000	326.181000	0.007125	0	0	0	0
Trace-_2_5	45777	156.995000	326.569000	0.007134	0	0	0	0
Trace-_2_5	45919	249.327000	582.632000	0.012688	0	0	0	0
Trace-_2_5	45921	192.761000	444.895000	0.009688	0	0	0	0
Trace-_2_5	45922	136.234000	303.859000	0.006617	0	0	0	0
Trace-_2_5	46071	269.594000	603.817000	0.013106	0	0	0	0
Trace-_2_5	46071	157.119000	327.321000	0.007105	0	0	0	0
Trace-_2_5	46072	156.895000	326.892000	0.007095	0	0	0	0
Trace-_2_5	46100	159.211000	330.639000	0.007172	0	0	0	0
Trace-_2_5	46101	157.365000	327.049000	0.007094	0	0	0	0
Trace-_2_5	46103	157.442000	328.141000	0.007118	0	0	0	0
Trace-_2_5	46146	255.965000	566.876000	0.012284	0	0	0	0
Trace-_2_5	46146	157.173000	329.985000	0.007151	0	0	0	0
Trace-_2_5	46146	263.032000	612.912000	0.013282	0	0	0	0
Trace-_2_5	46281	251.270000	591.818000	0.012787	0	0	0	0
Trace-_2_5	46281	139.848000	314.175000	0.006788	0	0	0	0
Trace-_2_5	46283	136.196000	307.715000	0.006649	0	0	0	0
Trace-_2_5	46414	218.050000	507.328000	0.010930	0	0	0	0
Trace-_2_5	46415	155.678000	352.511000	0.007595	0	0	0	0
Trace-_2_5	46416	137.217000	308.217000	0.006640	0	0	0	0
Trace-_1_5	46660	262.430000	616.609000	0.013215	0	0	0	0
Trace-_1_5	46660	175.303000	404.482000	0.008669	0	0	0	0
Trace-_1_5	46661	137.909000	309.699000	0.006637	0	0	0	0
Trace-_2_5	46666	138.469000	309.826000	0.006639	0	0	0	0
Trace-_2_5	46667	138.244000	309.798000	0.006638	0	0	0	0
Trace-_2_5	46667	137.720000	308.743000	0.006616	0	0	0	0
Trace-_1_5	46872	252.638000	592.457000	0.012640	0	0	0	0
Trace-_1_5	46874	244.899000	571.847000	0.012200	0	0	0	0
Trace-_1_5	46875	184.537000	423.925000	0.009044	0	0	0	0
Trace-_2_5	46894	173.709000	395.028000	0.008424	0	0	0	0
Trace-_2_5	46894	205.741000	475.335000	0.010136	0	0	0	0
Trace-_2_5	46894	138.582000	310.065000	0.006612	0	0	0	0
Trace-_2_5	46922	255.518000	597.573000	0.012735	0	0	0	0
Trace-_2_5	46923	194.730000	448.448000	0.009557	0	0	0	0
Trace-_2_5	46924	140.136000	312.634000	0.006663	0	0	0	0
Trace-_2_5	47099	235.947000	549.590000	0.011669	0	0	0	0
Trace-_2_5	47102	144.432000	323.485000	0.006868	0	0	0	0
Trace-_2_5	47102	140.114000	313.573000	0.006657	0	0	0	0
Trace-_2_5	47149	166.306000	377.471000	0.008006	0	0	0	0
Trace-_2_5	47150	266.490000	624.411000	0.013243	0	0	0	0
Trace-_2_5	47150	266.405000	625.583000	0.013268	0	0	0	0
Trace-_2_5	47157	277.718000	618.443000	0.013115	0	0	0	0
Trace-_2_5	47157	257.864000	601.930000	0.012764	0	0	0	0
Trace-_2_5	47159	198.751000	456.436000	0.009679	0	0	0	0
Trace-_2_5	47292	277.942000	622.027000	0.013153	0	0	0	0
Trace-_2_5	47292	262.213000	607.918000	0.012855	0	0	0	0
Trace-_2_5	47294	198.977000	458.461000	0.009694	0	0	0	0
Trace-_1_5	47458	257.500000	604.717000	0.012742	0	0	0	0
Trace-_1_5	47459	222.983000	520.864000	0.010975	0	0	0	0
Trace-_1_5	47460	198.389000	459.521000	0.009682	0	0	0	0
Trace-_2_5	47477	142.451000	318.127000	0.006701	0	0	0	0
Trace-_2_5	47477	242.358000	564.802000	0.011896	0	0	0	0
Trace-_2_5	47478	142.198000	315.812000	0.006652	0	0	0	0
Trace-_2_5	47480	142.064000	315.920000	0.006654	0	0	0	0
Trace-_2_5	47481	141.637000	315.774000	0.006651	0	0	0	0
Trace-_2_5	47481	141.506000	315.385000	0.006642	0	0	0	0
Trace-_2_5	47555	151.655000	340.357000	0.007157	0	0	0	0
Trace-_2_5	47555	144.003000	321.302000	0.006756	0	0	0	0
Trace-_2_5	47555	140.875000	314.237000	0.006608	0	0	0	0
Trace-_2_5	47565	143.516000	320.869000	0.006746	0	0	0	0
Trace-_2_5	47565	140.623000	314.902000	0.006620	0	0	0	0
Trace-_2_5	47566	140.735000	314.736000	0.006617	0	0	0	0
Trace-_2_5	47605	142.770000	317.878000	0.006677	0	0	0	0
Trace-_2_5	47605	163.884000	370.937000	0.007792	0	0	0	0
Trace-_2_5	47605	149.120000	334.771000	0.007032	0	0	0	0
Trace-_2_5	47623	192.367000	441.677000	0.009274	0	0	0	0
Trace-_2_5	47624	269.526000	630.139000	0.013232	0	0	0	0
Trace-_2_5	47625	263.092000	615.967000	0.012934	0	0	0	0
Trace-_2_5	47786	240.954000	560.919000	0.011738	0	0	0	0
Trace-_2_5	47787	220.277000	508.835000	0.010648	0	0	0	0
Trace-_2_5	47788	141.988000	317.262000	0.006639	0	0	0	0
Trace-_2_5	47788	142.012000	316.837000	0.006630	0	0	0	0
Trace-_2_5	47789	142.226000	317.505000	0.006644	0	0	0	0
Trace-_2_5	47789	142.265000	317.078000	0.006635	0	0	0	0
Trace-_2_5	47843	244.700000	569.108000	0.011895	0	0	0	0
Trace-_2_5	47845	141.927000	317.051000	0.006627	0	0	0	0
Trace-_2_5	47845	142.206000	317.535000	0.006637	0	0	0	0
Trace-_2_5	47879	193.738000	444.372000	0.009281	0	0	0	0
Trace-_2_5	47880	269.580000	634.879000	0.013260	0	0	0	0
Trace-_2_5	47880	161.154000	365.260000	0.007629	0	0	0	0
Trace-_2_5	47883	183.393000	418.513000	0.008740	0	0	0	0
Trace-_2_5	47883	201.271000	463.500000	0.009680	0	0	0	0
Trace-_2_5	47883	142.782000	318.435000	0.006650	0	0	0	0
Trace-_2_5	47895	259.794000	612.734000	0.012793	0	0	0	0
Trace-_2_5	47897	197.079000	453.252000	0.009463	0	0	0	0
Trace-_2_5	47897	143.063000	318.744000	0.006655	0	0	0	0
Trace-_1_5	47903	243.182000	567.580000	0.011849	0	0	0	0
Trace-_1_5	47905	142.234000	317.367000	0.006625	0	0	0	0
Trace-_1_5	47905	142.071000	317.509000	0.006628	0	0	0	0
Trace-_2_5	47920	180.808000	414.997000	0.008660	0	0	0	0
Trace-_2_5	47921	205.571000	471.768000	0.009845	0	0	0	0
Trace-_2_5	47923	143.121000	320.437000	0.006686	0	0	0	0
Trace-_2_5	47933	143.703000	319.454000	0.006665	0	0	0	0
Trace-_2_5	47933	143.184000	319.235000	0.006660	0	0	0	0
Trace-_2_5	47934	143.039000	318.518000	0.006645	0	0	0	0
Trace-_2_5	48162	263.409000	614.194000	0.012753	0	0	0	0
Trace-_2_5	48162	200.485000	458.465000	0.009519	0	0	0	0
Trace-_2_5	48163	144.075000	320.314000	0.006651	0	0	0	0
Trace-_2_5	48403	262.734000	613.307000	0.012671	0	0	0	0
Trace-_2_5	48406	200.625000	460.771000	0.009519	0	0	0	0
Trace-_2_5	48406	144.339000	321.737000	0.006647	0	0	0	0
Trace-_2_5	48664	278.216000	650.389000	0.013365	0	0	0	0
Trace-_2_5	48664	146.569000	326.877000	0.006717	0	0	0	0
Trace-_2_5	48665	145.373000	324.304000	0.006664	0	0	0	0
Trace-_2_5	48666	145.883000	324.091000	0.006659	0	0	0	0
Trace-_2_5	48667	145.338000	324.153000	0.006661	0	0	0	0
Trace-_2_5	48669	145.547000	324.440000	0.006666	0	0	0	0
Trace-_2_5	48688	146.538000	326.731000	0.006711	0	0	0	0
Trace-_2_5	48689	145.568000	324.044000	0.006655	0	0	0	0
Trace-_2_5	48691	145.646000	324.518000	0.006665	0	0	0	0
Trace-_2_5	48845	264.243000	617.627000	0.012645	0	0	0	0
Trace-_2_5	48845	196.040000	448.168000	0.009175	0	0	0	0
Trace-_2_5	48845	145.506000	324.347000	0.006640	0	0	0	0
Trace-_2_5	49007	265.020000	618.908000	0.012629	0	0	0	0
Trace-_2_5	49007	199.940000	459.029000	0.009367	0	0	0	0
Trace-_2_5	49009	147.201000	328.099000	0.006695	0	0	0	0
Trace-_2_5	49177	213.858000	492.448000	0.010014	0	0	0	0
Trace-_2_5	49177	183.350000	415.331000	0.008446	0	0	0	0
Trace-_2_5	49178	147.395000	328.247000	0.006675	0	0	0	0
Trace-_2_5	49209	150.242000	332.998000	0.006767	0	0	0	0
Trace-_2_5	49210	148.071000	328.844000	0.006682	0	0	0	0
Trace-_2_5	49211	147.099000	326.845000	0.006642	0	0	0	0
Trace-_2_5	49367	267.780000	625.206000	0.012664	0	0	0	0
Trace-_2_5	49367	309.362000	687.242000	0.013921	0	0	0	0
Trace-_2_5	49367	188.655000	401.407000	0.008131	0	0	0	0
Trace-_2_5	49458	266.124000	622.338000	0.012583	0	0	0	0
Trace-_2_5	49458	305.169000	681.990000	0.013789	0	0	0	0
Trace-_2_5	49460	277.574000	649.857000	0.013139	0	0	0	0
Trace-_2_5	49567	205.394000	470.672000	0.009496	0	0	0	0
Trace-_2_5	49568	192.009000	436.675000	0.008810	0	0	0	0
Trace-_2_5	49568	148.379000	330.239000	0.006662	0	0	0	0
Trace-_1_5	49680	162.633000	363.011000	0.007307	0	0	0	0
Trace-_1_5	49681	170.220000	381.933000	0.007688	0	0	0	0
Trace-_1_5	49682	149.836000	331.675000	0.006676	0	0	0	0
Trace-_2_5	49744	151.918000	334.996000	0.006734	0	0	0	0
Trace-_2_5	49744	150.114000	332.748000	0.006689	0	0	0	0
Trace-_2_5	49746	150.132000	332.193000	0.006678	0	0	0	0
Trace-_2_5	49755	150.506000	333.448000	0.006702	0	0	0	0
Trace-_2_5	49756	149.865000	332.686000	0.006686	0	0	0	0
Trace-_2_5	49757	150.024000	332.396000	0.006680	0	0	0	0
Trace-_1_5	49895	247.202000	570.388000	0.011432	0	0	0	0
Trace-_1_5	49898	154.832000	344.264000	0.006899	0	0	0	0
Trace-_1_5	49898	150.750000	334.933000	0.006712	0	0	0	0
Trace-_2_5	50076	273.905000	635.708000	0.012695	0	0	0	0
Trace-_2_5	50076	200.764000	455.464000	0.009095	0	0	0	0
Trace-_2_5	50076	151.476000	336.047000	0.006711	0	0	0	0
Trace-_2_5	50155	155.250000	346.204000	0.006903	0	0	0	0
Trace-_2_5	50158	161.353000	360.916000	0.007196	0	0	0	0
Trace-_2_5	50158	153.426000	341.619000	0.006811	0	0	0	0
Trace-_2_5	50505	288.538000	672.829000	0.013322	0	0	0	0
Trace-_2_5	50508	153.208000	339.706000	0.006726	0	0	0	0
Trace-_2_5	50508	151.835000	336.806000	0.006668	0	0	0	0
Trace-_2_5	50699	290.636000	676.373000	0.013341	0	0	0	0
Trace-_2_5	50699	174.813000	391.787000	0.007728	0	0	0	0
Trace-_2_5	50700	152.952000	339.763000	0.006701	0	0	0	0
Trace-_0_5	50999	256.966000	592.888000	0.011625	0	0	0	0
Trace-_0_5	51000	154.462000	341.091000	0.006688	0	0	0	0
Trace-_0_5	51002	156.637000	347.728000	0.006818	0	0	0	0
Trace-_2_5	51043	257.685000	594.620000	0.011649	0	0	0	0
Trace-_2_5	51043	154.618000	342.015000	0.006701	0	0	0	0
Trace-_2_5	51044	155.072000	343.742000	0.006734	0	0	0	0
Trace-_2_5	51121	287.791000	629.161000	0.012307	0	0	0	0
Trace-_2_5	51121	179.679000	369.576000	0.007229	0	0	0	0
Trace-_2_5	51121	179.269000	368.865000	0.007216	0	0	0	0
Trace-_2_5	51187	235.184000	509.844000	0.009960	0	0	0	0
Trace-_2_5	51188	179.561000	370.525000	0.007239	0	0	0	0
Trace-_2_5	51188	180.413000	371.630000	0.007260	0	0	0	0
Trace-_2_5	51272	203.214000	428.239000	0.008352	0	0	0	0
Trace-_2_5	51273	182.139000	376.819000	0.007349	0	0	0	0
Trace-_2_5	51273	178.508000	367.995000	0.007177	0	0	0	0
Trace-_2_5	51286	218.847000	465.380000	0.009074	0	0	0	0
Trace-_2_5	51286	236.709000	509.407000	0.009933	0	0	0	0
Trace-_2_5	51287	297.180000	687.125000	0.013398	0	0	0	0
Trace-_2_5	51431	295.003000	651.119000	0.012660	0	0	0	0
Trace-_2_5	51432	180.295000	372.651000	0.007246	0	0	0	0
Trace-_2_5	51432	179.964000	371.317000	0.007220	0	0	0	0
Trace-_2_5	51598	273.322000	595.153000	0.011534	0	0	0	0
Trace-_2_5	51598	296.214000	653.072000	0.012657	0	0	0	0
Trace-_2_5	51599	181.062000	374.134000	0.007251	0	0	0	0
Trace-_2_5	51815	258.249000	597.737000	0.011536	0	0	0	0
Trace-_2_5	51816	164.146000	362.951000	0.007005	0	0	0	0
Trace-_2_5	51817	279.761000	625.386000	0.012069	0	0	0	0
Trace-_1_5	51920	263.992000	613.579000	0.011818	0	0	0	0
Trace-_1_5	51921	170.874000	386.839000	0.007451	0	0	0	0
Trace-_1_5	51922	156.377000	347.827000	0.006699	0	0	0	0
Trace-_1_5	52117	280.730000	652.797000	0.012526	0	0	0	0
Trace-_1_5	52118	156.481000	349.082000	0.006698	0	0	0	0
Trace-_1_5	52118	156.577000	347.666000	0.006671	0	0	0	0
Trace-_2_5	52165	242.502000	557.457000	0.010686	0	0	0	0
Trace-_2_5	52167	172.768000	387.283000	0.007424	0	0	0	0
Trace-_2_5	52167	157.201000	349.595000	0.006701	0	0	0	0
Trace-_2_5	52180	181.834000	407.940000	0.007818	0	0	0	0
Trace-_2_5	52180	232.953000	539.842000	0.010346	0	0	0	0
Trace-_2_5	52183	164.127000	366.736000	0.007028	0	0	0	0
Trace-_2_5	52248	296.966000	693.441000	0.013272	0	0	0	0
Trace-_2_5	52249	159.270000	354.938000	0.006793	0	0	0	0
Trace-_2_5	52251	157.021000	349.064000	0.006681	0	0	0	0
Trace-_2_5	52325	259.429000	600.659000	0.011479	0	0	0	0
Trace-_2_5	52325	158.128000	350.768000	0.006704	0	0	0	0
Trace-_2_5	52327	157.708000	350.887000	0.006706	0	0	0	0
Trace-_2_5	52473	300.006000	701.986000	0.013378	0	0	0	0
Trace-_2_5	52473	170.271000	380.570000	0.007253	0	0	0	0
Trace-_2_5	52474	158.183000	350.464000	0.006679	0	0	0	0
Trace-_2_5	52493	195.379000	441.433000	0.008409	0	0	0	0
Trace-_2_5	52495	221.565000	506.915000	0.009656	0	0	0	0
Trace-_2_5	52495	178.751000	402.502000	0.007667	0	0	0	0
Trace-_2_5	52588	268.838000	626.319000	0.011910	0	0	0	0
Trace-_2_5	52589	158.358000	351.800000	0.006690	0	0	0	0
Trace-_2_5	52589	158.352000	351.784000	0.006689	0	0	0	0
Trace-_2_5	52616	249.190000	575.352000	0.010935	0	0	0	0
Trace-_2_5	52616	166.969000	373.056000	0.007090	0	0	0	0
Trace-_2_5	52616	233.702000	537.476000	0.010215	0	0	0	0
Trace-_2_5	52719	290.687000	679.661000	0.012892	0	0	0	0
Trace-_2_5	52720	173.648000	394.083000	0.007475	0	0	0	0
Trace-_2_5	52720	158.457000	352.397000	0.006684	0	0	0	0
Trace-_2_5	53096	297.213000	693.625000	0.013064	0	0	0	0
Trace-_2_5	53096	159.981000	354.517000	0.006677	0	0	0	0
Trace-_2_5	53096	159.839000	355.308000	0.006692	0	0	0	0
Trace-_2_5	53125	161.503000	358.009000	0.006739	0	0	0	0
Trace-_2_5	53125	160.439000	355.495000	0.006692	0	0	0	0
Trace-_2_5	53126	159.775000	354.331000	0.006670	0	0	0	0
Trace-_2_5	53228	168.205000	372.499000	0.006998	0	0	0	0
Trace-_2_5	53228	173.100000	385.192000	0.007237	0	0	0	0
Trace-_2_5	53228	163.515000	362.088000	0.006803	0	0	0	0
Trace-_2_5	53332	187.362000	419.906000	0.007873	0	0	0	0
Trace-_2_5	53332	167.301000	371.505000	0.006966	0	0	0	0
Trace-_2_5	53333	162.219000	358.472000	0.006721	0	0	0	0
Trace-_1_5	53524	292.505000	676.446000	0.012638	0	0	0	0
Trace-_1_5	53524	205.242000	464.506000	0.008678	0	0	0	0
Trace-_1_5	53525	162.667000	359.856000	0.006723	0	0	0	0
Trace-_2_5	53533	166.036000	367.962000	0.006874	0	0	0	0
Trace-_2_5	53534	173.529000	386.305000	0.007216	0	0	0	0
Trace-_2_5	53535	165.202000	366.589000	0.006848	0	0	0	0
Trace-_2_5	53688	308.470000	717.960000	0.013373	0	0	0	0
Trace-_2_5	53688	176.074000	391.454000	0.007291	0	0	0	0
Trace-_2_5	53690	239.833000	550.254000	0.010249	0	0	0	0
Trace-_2_5	53736	276.708000	636.720000	0.011849	0	0	0	0
Trace-_2_5	53737	280.134000	648.587000	0.012070	0	0	0	0
Trace-_2_5	53737	191.178000	430.479000	0.008011	0	0	0	0
Trace-_1_5	53934	272.420000	626.659000	0.011619	0	0	0	0
Trace-_1_5	53934	187.740000	410.420000	0.007610	0	0	0	0
Trace-_1_5	53935	164.325000	363.096000	0.006732	0	0	0	0
Trace-_2_5	53979	166.190000	365.946000	0.006779	0	0	0	0
Trace-_2_5	53982	164.749000	363.033000	0.006725	0	0	0	0
Trace-_2_5	53982	164.165000	362.538000	0.006716	0	0	0	0
Trace-_2_5	53982	164.430000	363.501000	0.006734	0	0	0	0
Trace-_2_5	53982	164.084000	362.427000	0.006714	0	0	0	0
Trace-_2_5	53982	164.808000	363.635000	0.006736	0	0	0	0
Trace-_2_5	54184	311.520000	722.827000	0.013340	0	0	0	0
Trace-_2_5	54184	168.593000	372.760000	0.006880	0	0	0	0
Trace-_2_5	54186	164.896000	364.320000	0.006724	0	0	0	0
Trace-_2_5	54280	323.668000	708.369000	0.013050	0	0	0	0
Trace-_2_5	54281	231.267000	488.594000	0.009001	0	0	0	0
Trace-_2_5	54284	238.830000	510.968000	0.009413	0	0	0	0
Trace-_1_5	54306	324.780000	715.110000	0.013168	0	0	0	0
Trace-_1_5	54307	194.874000	397.382000	0.007317	0	0	0	0
Trace-_2_5	54306	192.302000	394.590000	0.007266	0	0	0	0
Trace-_1_5	54309	192.635000	394.704000	0.007268	0	0	0	0
Trace-_2_5	54306	193.116000	395.230000	0.007278	0	0	0	0
Trace-_2_5	54309	193.622000	396.817000	0.007307	0	0	0	0
Trace-_1_5	54463	297.658000	687.986000	0.012632	0	0	0	0
Trace-_1_5	54464	299.143000	690.771000	0.012683	0	0	0	0
Trace-_1_5	54466	171.146000	378.446000	0.006948	0	0	0	0
Trace-_2_5	54634	343.833000	763.442000	0.013974	0	0	0	0
Trace-_2_5	54634	267.886000	617.114000	0.011295	0	0	0	0
Trace-_2_5	54634	204.854000	456.694000	0.008359	0	0	0	0
Trace-_2_5	54691	309.371000	717.786000	0.013124	0	0	0	0
Trace-_2_5	54691	166.441000	367.532000	0.006720	0	0	0	0
Trace-_2_5	54691	166.130000	366.939000	0.006709	0	0	0	0
Trace-_2_5	54746	268.830000	618.776000	0.011303	0	0	0	0
Trace-_2_5	54747	166.891000	367.310000	0.006709	0	0	0	0
Trace-_2_5	54747	166.577000	367.338000	0.006710	0	0	0	0
Trace-_2_5	54829	268.802000	618.203000	0.011275	0	0	0	0
Trace-_2_5	54829	167.445000	369.320000	0.006736	0	0	0	0
Trace-_2_5	54831	178.199000	396.169000	0.007225	0	0	0	0
Trace-_1_5	54951	170.689000	374.939000	0.006823	0	0	0	0
Trace-_1_5	54951	215.501000	474.900000	0.008642	0	0	0	0
Trace-_1_5	54953	298.453000	687.931000	0.012519	0	0	0	0
Trace-_2_5	55004	289.072000	663.799000	0.012068	0	0	0	0
Trace-_2_5	55004	167.662000	369.018000	0.006709	0	0	0	0
Trace-_2_5	55005	182.539000	407.152000	0.007402	0	0	0	0
Trace-_2_5	55216	276.111000	635.724000	0.011513	0	0	0	0
Trace-_2_5	55217	335.022000	736.114000	0.013331	0	0	0	0
Trace-_2_5	55218	332.481000	730.068000	0.013222	0	0	0	0
Trace-_2_5	55251	198.100000	405.282000	0.007335	0	0	0	0
Trace-_2_5	55253	233.500000	503.823000	0.009118	0	0	0	0
