I0821 18:42:36.440560484    1088 server_builder.cc:262]      Synchronous server. Num CQs: 4, Min pollers: 1, Max Pollers: 2, CQ timeout (msec): 10000
[INFO] - Server listening on 0.0.0.0:50051
Trace-_2_5	30	0.053000	0.174000	0.005800	0	0	0	0
Trace-_2_5	30	0.020000	0.106000	0.003533	0	0	0	0
Trace-_2_5	30	0.020000	0.104000	0.003467	0	0	0	0
Trace-_2_5	126	0.101000	0.410000	0.003254	0	0	0	0
Trace-_2_5	126	0.086000	0.364000	0.002889	0	0	0	0
Trace-_2_5	126	0.086000	0.365000	0.002897	0	0	0	0
Trace-_2_5	255	0.201000	0.799000	0.003133	0	0	0	0
Trace-_2_5	255	0.187000	0.763000	0.002992	0	0	0	0
Trace-_2_5	255	0.185000	0.761000	0.002984	0	0	0	0
Trace-_2_5	386	0.337000	1.187000	0.003075	0	0	0	0
Trace-_2_5	386	0.319000	1.191000	0.003085	0	0	0	0
Trace-_2_5	386	0.322000	1.178000	0.003052	0	0	0	0
Trace-_2_5	582	0.504000	1.804000	0.003100	0	0	0	0
Trace-_2_5	582	0.469000	1.765000	0.003033	0	0	0	0
Trace-_2_5	582	0.482000	1.780000	0.003058	0	0	0	0
Trace-_2_5	629	0.565000	1.957000	0.003111	0	0	0	0
Trace-_2_5	629	0.522000	1.911000	0.003038	0	0	0	0
Trace-_2_5	629	0.520000	1.918000	0.003049	0	0	0	0
Trace-_2_5	694	0.590000	2.105000	0.003033	0	0	0	0
Trace-_2_5	694	0.575000	2.112000	0.003043	0	0	0	0
Trace-_2_5	694	0.590000	2.097000	0.003022	0	0	0	0
Trace-_2_5	723	0.595000	2.208000	0.003054	0	0	0	0
Trace-_2_5	723	0.572000	2.190000	0.003029	0	0	0	0
Trace-_2_5	723	0.607000	2.196000	0.003037	0	0	0	0
Trace-_2_5	967	0.840000	2.978000	0.003080	0	0	0	0
Trace-_2_5	967	0.810000	2.971000	0.003072	0	0	0	0
Trace-_2_5	967	0.837000	2.961000	0.003062	0	0	0	0
Trace-_2_5	1040	0.882000	3.198000	0.003075	0	0	0	0
Trace-_2_5	1040	0.886000	3.169000	0.003047	0	0	0	0
Trace-_2_5	1040	0.903000	3.224000	0.003100	0	0	0	0
Trace-_2_5	1208	1.073000	3.747000	0.003102	0	0	0	0
Trace-_2_5	1208	1.060000	3.711000	0.003072	0	0	0	0
Trace-_2_5	1208	1.007000	3.720000	0.003079	0	0	0	0
Trace-_2_5	1229	1.107000	3.820000	0.003108	0	0	0	0
Trace-_2_5	1229	1.096000	3.806000	0.003097	0	0	0	0
Trace-_2_5	1229	1.122000	3.809000	0.003099	0	0	0	0
Trace-_2_5	1259	1.119000	3.868000	0.003072	0	0	0	0
Trace-_2_5	1259	1.103000	3.866000	0.003071	0	0	0	0
Trace-_2_5	1259	1.148000	3.914000	0.003109	0	0	0	0
Trace-_2_5	1264	1.107000	3.904000	0.003089	0	0	0	0
Trace-_2_5	1264	1.106000	3.907000	0.003091	0	0	0	0
Trace-_2_5	1264	1.173000	3.909000	0.003093	0	0	0	0
Trace-_2_5	1397	1.300000	4.393000	0.003145	0	0	0	0
Trace-_2_5	1397	1.240000	4.342000	0.003108	0	0	0	0
Trace-_2_5	1397	1.236000	4.334000	0.003102	0	0	0	0
Trace-_2_5	1474	1.312000	4.577000	0.003105	0	0	0	0
Trace-_2_5	1474	1.378000	4.649000	0.003154	0	0	0	0
Trace-_2_5	1474	1.321000	4.579000	0.003107	0	0	0	0
Trace-_2_5	1630	1.565000	5.175000	0.003175	0	0	0	0
Trace-_2_5	1630	1.490000	5.090000	0.003123	0	0	0	0
Trace-_2_5	1630	1.494000	5.090000	0.003123	0	0	0	0
Trace-_2_5	1636	1.516000	5.160000	0.003154	0	0	0	0
Trace-_2_5	1636	1.469000	5.078000	0.003104	0	0	0	0
Trace-_2_5	1636	1.512000	5.142000	0.003143	0	0	0	0
Trace-_2_5	1854	1.768000	5.918000	0.003192	0	0	0	0
Trace-_2_5	1854	1.769000	5.889000	0.003176	0	0	0	0
Trace-_2_5	1854	1.974000	6.087000	0.003283	0	0	0	0
Trace-_2_5	1966	1.827000	6.186000	0.003146	0	0	0	0
Trace-_2_5	1966	1.836000	6.207000	0.003157	0	0	0	0
Trace-_2_5	1966	1.879000	6.220000	0.003164	0	0	0	0
Trace-_2_5	1972	1.840000	6.195000	0.003141	0	0	0	0
Trace-_2_5	1972	1.915000	6.326000	0.003208	0	0	0	0
Trace-_2_5	1972	1.891000	6.273000	0.003181	0	0	0	0
Trace-_2_5	2015	1.898000	6.438000	0.003195	0	0	0	0
Trace-_2_5	2015	1.907000	6.391000	0.003172	0	0	0	0
Trace-_2_5	2015	1.914000	6.422000	0.003187	0	0	0	0
Trace-_2_5	2020	1.886000	6.399000	0.003168	0	0	0	0
Trace-_2_5	2020	1.926000	6.392000	0.003164	0	0	0	0
Trace-_2_5	2020	1.871000	6.395000	0.003166	0	0	0	0
Trace-_2_5	2044	1.937000	6.454000	0.003158	0	0	0	0
Trace-_2_5	2044	1.948000	6.465000	0.003163	0	0	0	0
Trace-_2_5	2044	1.927000	6.468000	0.003164	0	0	0	0
Trace-_2_5	2052	1.895000	6.437000	0.003137	0	0	0	0
Trace-_2_5	2052	1.974000	6.489000	0.003162	0	0	0	0
Trace-_2_5	2052	1.904000	6.452000	0.003144	0	0	0	0
Trace-_2_5	2059	1.980000	6.537000	0.003175	0	0	0	0
Trace-_2_5	2059	1.997000	6.590000	0.003201	0	0	0	0
Trace-_2_5	2059	1.943000	6.517000	0.003165	0	0	0	0
Trace-_2_5	2155	2.003000	6.793000	0.003152	0	0	0	0
Trace-_2_5	2155	2.006000	6.799000	0.003155	0	0	0	0
Trace-_2_5	2155	2.055000	6.796000	0.003154	0	0	0	0
Trace-_2_5	2424	2.298000	7.674000	0.003166	0	0	0	0
Trace-_2_5	2424	2.310000	7.693000	0.003174	0	0	0	0
Trace-_2_5	2424	2.309000	7.680000	0.003168	0	0	0	0
Trace-_2_5	2575	2.525000	8.303000	0.003224	0	0	0	0
Trace-_2_5	2575	2.464000	8.153000	0.003166	0	0	0	0
Trace-_2_5	2575	2.436000	8.133000	0.003158	0	0	0	0
Trace-_2_5	2771	2.613000	8.790000	0.003172	0	0	0	0
Trace-_2_5	2771	2.646000	8.754000	0.003159	0	0	0	0
Trace-_2_5	2771	2.643000	8.822000	0.003184	0	0	0	0
Trace-_2_5	2783	2.589000	8.774000	0.003153	0	0	0	0
Trace-_2_5	2783	2.685000	8.916000	0.003204	0	0	0	0
Trace-_2_5	2783	2.636000	8.791000	0.003159	0	0	0	0
Trace-_2_5	2844	2.780000	9.080000	0.003193	0	0	0	0
Trace-_2_5	2844	2.792000	9.165000	0.003223	0	0	0	0
Trace-_2_5	2844	2.805000	9.200000	0.003235	0	0	0	0
Trace-_2_5	2867	2.708000	9.053000	0.003158	0	0	0	0
Trace-_2_5	2867	2.718000	9.051000	0.003157	0	0	0	0
Trace-_2_5	2867	2.726000	9.083000	0.003168	0	0	0	0
Trace-_2_5	2933	2.859000	9.335000	0.003183	0	0	0	0
Trace-_2_5	2933	2.844000	9.333000	0.003182	0	0	0	0
Trace-_2_5	2933	2.799000	9.316000	0.003176	0	0	0	0
Trace-_2_5	3069	2.988000	9.762000	0.003181	0	0	0	0
Trace-_2_5	3069	3.005000	9.784000	0.003188	0	0	0	0
Trace-_2_5	3069	2.970000	9.800000	0.003193	0	0	0	0
Trace-_2_5	3096	2.992000	9.874000	0.003189	0	0	0	0
Trace-_2_5	3096	3.034000	9.878000	0.003191	0	0	0	0
Trace-_2_5	3096	2.996000	9.881000	0.003192	0	0	0	0
Trace-_2_5	3171	3.090000	10.091000	0.003182	0	0	0	0
Trace-_2_5	3171	3.202000	10.248000	0.003232	0	0	0	0
Trace-_2_5	3171	3.043000	10.091000	0.003182	0	0	0	0
Trace-_2_5	3296	3.316000	10.624000	0.003223	0	0	0	0
Trace-_2_5	3296	3.211000	10.496000	0.003184	0	0	0	0
Trace-_2_5	3296	3.203000	10.468000	0.003176	0	0	0	0
Trace-_2_5	3436	3.404000	11.092000	0.003228	0	0	0	0
Trace-_2_5	3436	3.372000	10.991000	0.003199	0	0	0	0
Trace-_2_5	3436	3.423000	11.056000	0.003218	0	0	0	0
Trace-_2_5	3608	3.420000	11.488000	0.003184	0	0	0	0
Trace-_2_5	3608	3.555000	11.628000	0.003223	0	0	0	0
Trace-_2_5	3608	3.442000	11.450000	0.003174	0	0	0	0
Trace-_2_5	3968	3.779000	12.714000	0.003204	0	0	0	0
Trace-_2_5	3968	3.791000	12.630000	0.003183	0	0	0	0
Trace-_2_5	3968	3.811000	12.635000	0.003184	0	0	0	0
Trace-_2_5	4106	3.992000	13.214000	0.003218	0	0	0	0
Trace-_2_5	4106	3.979000	13.276000	0.003233	0	0	0	0
Trace-_2_5	4106	3.950000	13.099000	0.003190	0	0	0	0
Trace-_2_5	4315	4.107000	13.760000	0.003189	0	0	0	0
Trace-_2_5	4315	4.088000	13.724000	0.003181	0	0	0	0
Trace-_2_5	4315	4.258000	13.935000	0.003229	0	0	0	0
Trace-_2_5	4353	4.298000	13.977000	0.003211	0	0	0	0
Trace-_2_5	4353	4.118000	13.903000	0.003194	0	0	0	0
Trace-_2_5	4353	4.217000	13.868000	0.003186	0	0	0	0
Trace-_2_5	4378	4.201000	13.957000	0.003188	0	0	0	0
Trace-_2_5	4378	4.188000	13.933000	0.003183	0	0	0	0
Trace-_2_5	4378	4.340000	14.152000	0.003233	0	0	0	0
Trace-_2_5	4442	4.410000	14.288000	0.003217	0	0	0	0
Trace-_2_5	4442	4.349000	14.246000	0.003207	0	0	0	0
Trace-_2_5	4442	4.292000	14.295000	0.003218	0	0	0	0
Trace-_2_5	4488	4.293000	14.308000	0.003188	0	0	0	0
Trace-_2_5	4488	4.268000	14.282000	0.003182	0	0	0	0
Trace-_2_5	4488	4.264000	14.293000	0.003185	0	0	0	0
Trace-_2_5	4753	4.919000	16.157000	0.003399	0	0	0	0
Trace-_2_5	4753	4.704000	15.346000	0.003229	0	0	0	0
Trace-_2_5	4753	4.665000	15.276000	0.003214	0	0	0	0
Trace-_2_5	4839	4.737000	15.567000	0.003217	0	0	0	0
Trace-_2_5	4839	4.649000	15.440000	0.003191	0	0	0	0
Trace-_2_5	4839	4.621000	15.421000	0.003187	0	0	0	0
Trace-_2_5	4884	4.751000	15.585000	0.003191	0	0	0	0
Trace-_2_5	4884	4.708000	15.583000	0.003191	0	0	0	0
Trace-_2_5	4884	4.727000	15.587000	0.003191	0	0	0	0
Trace-_2_5	4918	4.820000	15.933000	0.003240	0	0	0	0
Trace-_2_5	4918	4.715000	15.700000	0.003192	0	0	0	0
Trace-_2_5	4918	4.933000	15.979000	0.003249	0	0	0	0
Trace-_2_5	5087	4.998000	16.380000	0.003220	0	0	0	0
Trace-_2_5	5087	4.978000	16.321000	0.003208	0	0	0	0
Trace-_2_5	5087	4.965000	16.344000	0.003213	0	0	0	0
Trace-_2_5	5397	5.431000	17.490000	0.003241	0	0	0	0
Trace-_2_5	5397	5.500000	17.554000	0.003253	0	0	0	0
Trace-_2_5	5397	5.469000	17.544000	0.003251	0	0	0	0
Trace-_2_5	5460	5.597000	17.745000	0.003250	0	0	0	0
Trace-_2_5	5460	5.575000	17.743000	0.003250	0	0	0	0
Trace-_2_5	5460	5.387000	17.646000	0.003232	0	0	0	0
Trace-_2_5	5728	5.742000	18.649000	0.003256	0	0	0	0
Trace-_2_5	5728	5.891000	18.654000	0.003257	0	0	0	0
Trace-_2_5	5728	5.871000	18.655000	0.003257	0	0	0	0
Trace-_2_5	5741	5.804000	18.599000	0.003240	0	0	0	0
Trace-_2_5	5741	5.950000	18.834000	0.003281	0	0	0	0
Trace-_2_5	5741	5.792000	18.593000	0.003239	0	0	0	0
Trace-_2_5	5853	6.056000	19.080000	0.003260	0	0	0	0
Trace-_2_5	5853	6.051000	19.080000	0.003260	0	0	0	0
Trace-_2_5	5853	6.024000	19.076000	0.003259	0	0	0	0
Trace-_2_5	5959	6.112000	20.254000	0.003399	0	0	0	0
Trace-_2_5	5959	6.013000	19.351000	0.003247	0	0	0	0
Trace-_2_5	5959	5.978000	19.325000	0.003243	0	0	0	0
Trace-_2_5	6017	6.042000	19.539000	0.003247	0	0	0	0
Trace-_2_5	6017	6.106000	19.464000	0.003235	0	0	0	0
Trace-_2_5	6017	6.177000	19.691000	0.003273	0	0	0	0
Trace-_2_5	6331	6.482000	20.690000	0.003268	0	0	0	0
Trace-_2_5	6331	6.415000	20.491000	0.003237	0	0	0	0
Trace-_2_5	6331	6.506000	20.592000	0.003253	0	0	0	0
Trace-_2_5	6402	6.602000	20.881000	0.003262	0	0	0	0
Trace-_2_5	6402	6.515000	20.721000	0.003237	0	0	0	0
Trace-_2_5	6402	6.591000	21.001000	0.003280	0	0	0	0
Trace-_2_5	6428	6.423000	20.796000	0.003235	0	0	0	0
Trace-_2_5	6428	6.453000	20.826000	0.003240	0	0	0	0
Trace-_2_5	6428	6.671000	20.938000	0.003257	0	0	0	0
Trace-_2_5	6584	6.930000	21.583000	0.003278	0	0	0	0
Trace-_2_5	6584	7.025000	21.758000	0.003305	0	0	0	0
Trace-_2_5	6584	6.792000	21.447000	0.003257	0	0	0	0
Trace-_2_5	6690	6.811000	21.672000	0.003239	0	0	0	0
Trace-_2_5	6690	6.799000	21.652000	0.003236	0	0	0	0
Trace-_2_5	6690	6.930000	22.027000	0.003293	0	0	0	0
Trace-_2_5	6849	7.211000	22.599000	0.003300	0	0	0	0
Trace-_2_5	6849	7.040000	22.331000	0.003260	0	0	0	0
Trace-_2_5	6849	7.037000	22.334000	0.003261	0	0	0	0
Trace-_2_5	6985	7.393000	23.118000	0.003310	0	0	0	0
Trace-_2_5	6985	7.211000	22.779000	0.003261	0	0	0	0
Trace-_2_5	6985	7.354000	23.082000	0.003305	0	0	0	0
Trace-_2_5	7035	7.496000	23.341000	0.003318	0	0	0	0
Trace-_2_5	7035	7.326000	23.001000	0.003270	0	0	0	0
Trace-_2_5	7035	7.366000	23.134000	0.003288	0	0	0	0
Trace-_2_5	7169	7.541000	23.531000	0.003282	0	0	0	0
Trace-_2_5	7169	7.563000	23.566000	0.003287	0	0	0	0
Trace-_2_5	7169	7.676000	23.856000	0.003328	0	0	0	0
Trace-_2_5	7254	7.490000	23.679000	0.003264	0	0	0	0
Trace-_2_5	7254	7.553000	23.653000	0.003261	0	0	0	0
Trace-_2_5	7254	7.408000	23.614000	0.003255	0	0	0	0
Trace-_2_5	7431	7.903000	24.740000	0.003329	0	0	0	0
Trace-_2_5	7431	7.793000	24.354000	0.003277	0	0	0	0
Trace-_2_5	7431	7.851000	24.536000	0.003302	0	0	0	0
Trace-_2_5	7464	8.015000	24.663000	0.003304	0	0	0	0
Trace-_2_5	7464	7.926000	24.623000	0.003299	0	0	0	0
Trace-_2_5	7464	7.907000	24.565000	0.003291	0	0	0	0
Trace-_2_5	7469	8.064000	24.864000	0.003329	0	0	0	0
Trace-_2_5	7469	7.908000	24.519000	0.003283	0	0	0	0
Trace-_2_5	7469	7.988000	24.796000	0.003320	0	0	0	0
Trace-_2_5	7598	7.990000	25.156000	0.003311	0	0	0	0
Trace-_2_5	7598	8.037000	25.116000	0.003306	0	0	0	0
Trace-_2_5	7598	8.150000	25.385000	0.003341	0	0	0	0
Trace-_2_5	7717	8.303000	25.717000	0.003333	0	0	0	0
Trace-_2_5	7717	8.296000	25.629000	0.003321	0	0	0	0
Trace-_2_5	7717	8.513000	27.065000	0.003507	0	0	0	0
Trace-_2_5	7938	8.442000	26.359000	0.003321	0	0	0	0
Trace-_2_5	7938	8.407000	26.264000	0.003309	0	0	0	0
Trace-_2_5	7938	8.435000	26.275000	0.003310	0	0	0	0
Trace-_2_5	7997	8.298000	26.354000	0.003295	0	0	0	0
Trace-_2_5	7997	8.352000	26.325000	0.003292	0	0	0	0
Trace-_2_5	7997	8.429000	26.304000	0.003289	0	0	0	0
Trace-_2_5	8083	8.636000	27.070000	0.003349	0	0	0	0
Trace-_2_5	8083	8.576000	26.782000	0.003313	0	0	0	0
Trace-_2_5	8083	8.592000	26.789000	0.003314	0	0	0	0
Trace-_2_5	8100	8.926000	28.001000	0.003457	0	0	0	0
Trace-_2_5	8100	8.532000	26.761000	0.003304	0	0	0	0
Trace-_2_5	8100	8.451000	26.645000	0.003290	0	0	0	0
Trace-_2_5	8198	8.514000	26.972000	0.003290	0	0	0	0
Trace-_2_5	8198	8.479000	26.916000	0.003283	0	0	0	0
Trace-_2_5	8198	8.467000	26.915000	0.003283	0	0	0	0
Trace-_2_5	8378	8.676000	27.496000	0.003282	0	0	0	0
Trace-_2_5	8378	8.640000	27.447000	0.003276	0	0	0	0
Trace-_2_5	8378	8.666000	27.441000	0.003275	0	0	0	0
Trace-_2_5	8652	8.990000	28.521000	0.003296	0	0	0	0
Trace-_2_5	8652	8.969000	28.369000	0.003279	0	0	0	0
Trace-_2_5	8652	9.151000	28.725000	0.003320	0	0	0	0
Trace-_2_5	8691	9.252000	28.881000	0.003323	0	0	0	0
Trace-_2_5	8691	8.996000	28.480000	0.003277	0	0	0	0
Trace-_2_5	8691	9.184000	28.866000	0.003321	0	0	0	0
Trace-_2_5	8722	9.504000	29.686000	0.003404	0	0	0	0
Trace-_2_5	8722	9.091000	28.563000	0.003275	0	0	0	0
Trace-_2_5	8722	9.042000	28.554000	0.003274	0	0	0	0
Trace-_2_5	8736	9.036000	28.670000	0.003282	0	0	0	0
Trace-_2_5	8736	9.067000	28.642000	0.003279	0	0	0	0
Trace-_2_5	8736	9.039000	28.651000	0.003280	0	0	0	0
Trace-_2_5	8870	9.405000	29.392000	0.003314	0	0	0	0
Trace-_2_5	8870	9.357000	29.226000	0.003295	0	0	0	0
Trace-_2_5	8870	9.393000	29.343000	0.003308	0	0	0	0
Trace-_2_5	8904	9.227000	29.251000	0.003285	0	0	0	0
Trace-_2_5	8904	9.268000	29.237000	0.003284	0	0	0	0
Trace-_2_5	8904	9.685000	29.778000	0.003344	0	0	0	0
Trace-_2_5	9062	9.570000	29.933000	0.003303	0	0	0	0
Trace-_2_5	9062	9.509000	29.872000	0.003296	0	0	0	0
Trace-_2_5	9062	9.591000	29.798000	0.003288	0	0	0	0
Trace-_2_5	9078	9.655000	30.104000	0.003316	0	0	0	0
Trace-_2_5	9078	9.533000	29.872000	0.003291	0	0	0	0
Trace-_2_5	9078	9.793000	30.270000	0.003334	0	0	0	0
Trace-_2_5	9130	10.531000	32.445000	0.003554	0	0	0	0
Trace-_2_5	9130	10.007000	30.657000	0.003358	0	0	0	0
Trace-_2_5	9130	9.688000	30.075000	0.003294	0	0	0	0
Trace-_2_5	9176	9.645000	30.211000	0.003292	0	0	0	0
Trace-_2_5	9176	9.709000	30.324000	0.003305	0	0	0	0
Trace-_2_5	9176	9.868000	30.450000	0.003318	0	0	0	0
Trace-_2_5	9217	9.932000	30.780000	0.003339	0	0	0	0
Trace-_2_5	9217	9.695000	30.410000	0.003299	0	0	0	0
Trace-_2_5	9217	9.902000	30.553000	0.003315	0	0	0	0
Trace-_2_5	9239	9.871000	30.574000	0.003309	0	0	0	0
Trace-_2_5	9239	9.905000	30.607000	0.003313	0	0	0	0
Trace-_2_5	9239	9.891000	30.611000	0.003313	0	0	0	0
Trace-_2_5	9249	9.941000	30.645000	0.003313	0	0	0	0
Trace-_2_5	9249	9.904000	30.669000	0.003316	0	0	0	0
Trace-_2_5	9249	9.924000	30.681000	0.003317	0	0	0	0
Trace-_2_5	9256	9.734000	30.498000	0.003295	0	0	0	0
Trace-_2_5	9256	9.914000	30.919000	0.003340	0	0	0	0
Trace-_2_5	9256	9.958000	30.950000	0.003344	0	0	0	0
Trace-_2_5	9361	10.293000	31.471000	0.003362	0	0	0	0
Trace-_2_5	9361	10.098000	31.022000	0.003314	0	0	0	0
Trace-_2_5	9361	10.273000	31.440000	0.003359	0	0	0	0
Trace-_2_5	9509	10.275000	32.099000	0.003376	0	0	0	0
Trace-_2_5	9509	10.017000	31.408000	0.003303	0	0	0	0
Trace-_2_5	9509	10.262000	31.573000	0.003320	0	0	0	0
Trace-_2_5	9621	10.156000	31.726000	0.003298	0	0	0	0
Trace-_2_5	9621	10.392000	31.999000	0.003326	0	0	0	0
Trace-_2_5	9621	10.443000	31.990000	0.003325	0	0	0	0
Trace-_2_5	9699	10.349000	32.090000	0.003309	0	0	0	0
Trace-_2_5	9699	10.357000	32.104000	0.003310	0	0	0	0
Trace-_2_5	9699	10.355000	32.097000	0.003309	0	0	0	0
Trace-_2_5	9749	10.546000	32.487000	0.003332	0	0	0	0
Trace-_2_5	9749	10.599000	32.489000	0.003333	0	0	0	0
Trace-_2_5	9749	10.403000	32.284000	0.003312	0	0	0	0
Trace-_2_5	9852	10.495000	32.615000	0.003310	0	0	0	0
Trace-_2_5	9852	10.566000	32.618000	0.003311	0	0	0	0
Trace-_2_5	9852	10.507000	32.590000	0.003308	0	0	0	0
Trace-_2_5	9855	10.704000	32.844000	0.003333	0	0	0	0
Trace-_2_5	9855	10.680000	32.823000	0.003331	0	0	0	0
Trace-_2_5	9855	10.584000	32.690000	0.003317	0	0	0	0
Trace-_2_5	9952	10.942000	33.686000	0.003385	0	0	0	0
Trace-_2_5	9952	10.848000	33.158000	0.003332	0	0	0	0
Trace-_2_5	9952	10.834000	33.219000	0.003338	0	0	0	0
Trace-_2_5	9993	12.446000	37.262000	0.003729	0	0	0	0
Trace-_2_5	9993	11.046000	33.410000	0.003343	0	0	0	0
Trace-_2_5	9993	11.041000	33.515000	0.003354	0	0	0	0
Trace-_2_5	10243	11.291000	34.838000	0.003401	0	0	0	0
Trace-_2_5	10243	11.110000	33.974000	0.003317	0	0	0	0
Trace-_2_5	10243	11.130000	34.149000	0.003334	0	0	0	0
Trace-_2_5	10262	11.079000	34.046000	0.003318	0	0	0	0
Trace-_2_5	10262	11.096000	34.041000	0.003317	0	0	0	0
Trace-_2_5	10262	11.087000	34.013000	0.003314	0	0	0	0
Trace-_2_5	10481	11.525000	35.342000	0.003372	0	0	0	0
Trace-_2_5	10481	11.366000	34.858000	0.003326	0	0	0	0
Trace-_2_5	10481	11.537000	35.108000	0.003350	0	0	0	0
Trace-_2_5	10511	11.476000	35.270000	0.003356	0	0	0	0
Trace-_2_5	10511	11.372000	34.902000	0.003321	0	0	0	0
Trace-_2_5	10511	11.401000	34.929000	0.003323	0	0	0	0
Trace-_2_5	10916	11.888000	36.498000	0.003344	0	0	0	0
Trace-_2_5	10916	11.867000	36.344000	0.003329	0	0	0	0
Trace-_2_5	10916	11.899000	36.345000	0.003330	0	0	0	0
Trace-_2_5	11724	13.352000	40.342000	0.003441	0	0	0	0
Trace-_2_5	11724	13.130000	39.377000	0.003359	0	0	0	0
Trace-_2_5	11724	13.141000	39.304000	0.003352	0	0	0	0
Trace-_2_5	11764	13.270000	39.828000	0.003386	0	0	0	0
Trace-_2_5	11764	12.898000	39.240000	0.003336	0	0	0	0
Trace-_2_5	11764	12.881000	39.202000	0.003332	0	0	0	0
Trace-_2_5	11843	13.051000	39.719000	0.003354	0	0	0	0
Trace-_2_5	11843	13.054000	39.561000	0.003340	0	0	0	0
Trace-_2_5	11843	12.925000	39.511000	0.003336	0	0	0	0
Trace-_2_5	11849	13.041000	39.584000	0.003341	0	0	0	0
Trace-_2_5	11849	13.017000	39.619000	0.003344	0	0	0	0
Trace-_2_5	11849	13.260000	39.821000	0.003361	0	0	0	0
Trace-_2_5	11988	13.506000	40.544000	0.003382	0	0	0	0
Trace-_2_5	11988	13.470000	40.403000	0.003370	0	0	0	0
Trace-_2_5	11988	13.483000	40.381000	0.003368	0	0	0	0
Trace-_2_5	12212	13.555000	41.019000	0.003359	0	0	0	0
Trace-_2_5	12212	13.581000	40.954000	0.003354	0	0	0	0
Trace-_2_5	12212	13.480000	40.779000	0.003339	0	0	0	0
Trace-_2_5	12390	13.854000	41.776000	0.003372	0	0	0	0
Trace-_2_5	12390	13.767000	41.540000	0.003353	0	0	0	0
Trace-_2_5	12390	13.786000	41.520000	0.003351	0	0	0	0
Trace-_2_5	12497	14.299000	42.227000	0.003379	0	0	0	0
Trace-_2_5	12497	14.153000	42.095000	0.003368	0	0	0	0
Trace-_2_5	12497	14.225000	42.210000	0.003378	0	0	0	0
Trace-_2_5	12516	13.870000	41.941000	0.003351	0	0	0	0
Trace-_2_5	12516	13.977000	41.922000	0.003349	0	0	0	0
Trace-_2_5	12516	14.306000	42.511000	0.003397	0	0	0	0
Trace-_2_5	12529	14.192000	42.263000	0.003373	0	0	0	0
Trace-_2_5	12529	13.997000	42.018000	0.003354	0	0	0	0
Trace-_2_5	12529	14.154000	42.254000	0.003372	0	0	0	0
Trace-_2_5	12564	14.214000	42.338000	0.003370	0	0	0	0
Trace-_2_5	12564	13.977000	42.124000	0.003353	0	0	0	0
Trace-_2_5	12564	13.929000	42.118000	0.003352	0	0	0	0
Trace-_2_5	12583	14.356000	42.473000	0.003375	0	0	0	0
Trace-_2_5	12583	14.165000	42.349000	0.003366	0	0	0	0
Trace-_2_5	12583	14.029000	42.191000	0.003353	0	0	0	0
Trace-_2_5	12596	15.045000	44.744000	0.003552	0	0	0	0
Trace-_2_5	12596	14.303000	42.560000	0.003379	0	0	0	0
Trace-_2_5	12596	14.313000	42.512000	0.003375	0	0	0	0
Trace-_2_5	12625	14.426000	42.641000	0.003378	0	0	0	0
Trace-_2_5	12625	14.345000	42.592000	0.003374	0	0	0	0
Trace-_2_5	12625	14.321000	42.673000	0.003380	0	0	0	0
Trace-_2_5	12711	14.451000	42.899000	0.003375	0	0	0	0
Trace-_2_5	12711	14.461000	42.894000	0.003375	0	0	0	0
Trace-_2_5	12711	14.155000	42.649000	0.003355	0	0	0	0
Trace-_2_5	12747	14.456000	42.978000	0.003372	0	0	0	0
Trace-_2_5	12747	14.542000	43.062000	0.003378	0	0	0	0
Trace-_2_5	12747	14.367000	42.953000	0.003370	0	0	0	0
Trace-_2_5	12887	14.374000	43.222000	0.003354	0	0	0	0
Trace-_2_5	12887	14.656000	43.542000	0.003379	0	0	0	0
Trace-_2_5	12887	14.511000	43.406000	0.003368	0	0	0	0
Trace-_2_5	12892	15.275000	45.388000	0.003521	0	0	0	0
Trace-_2_5	12892	14.485000	43.409000	0.003367	0	0	0	0
Trace-_2_5	12892	14.523000	43.254000	0.003355	0	0	0	0
Trace-_2_5	12904	14.651000	43.635000	0.003382	0	0	0	0
Trace-_2_5	12904	14.381000	43.273000	0.003353	0	0	0	0
Trace-_2_5	12904	14.470000	43.318000	0.003357	0	0	0	0
Trace-_2_5	12910	14.379000	43.313000	0.003355	0	0	0	0
Trace-_2_5	12910	14.744000	43.614000	0.003378	0	0	0	0
Trace-_2_5	12910	14.807000	43.684000	0.003384	0	0	0	0
Trace-_2_5	13027	14.653000	43.819000	0.003364	0	0	0	0
Trace-_2_5	13027	14.686000	43.823000	0.003364	0	0	0	0
Trace-_2_5	13027	14.850000	44.020000	0.003379	0	0	0	0
Trace-_2_5	13095	15.397000	44.850000	0.003425	0	0	0	0
Trace-_2_5	13095	14.967000	44.239000	0.003378	0	0	0	0
Trace-_2_5	13095	14.742000	43.982000	0.003359	0	0	0	0
Trace-_2_5	13329	15.459000	45.885000	0.003442	0	0	0	0
Trace-_2_5	13329	15.357000	45.122000	0.003385	0	0	0	0
Trace-_2_5	13329	15.315000	45.127000	0.003386	0	0	0	0
Trace-_2_5	13609	15.808000	46.333000	0.003405	0	0	0	0
Trace-_2_5	13609	15.698000	46.165000	0.003392	0	0	0	0
Trace-_2_5	13609	15.743000	46.105000	0.003388	0	0	0	0
Trace-_2_5	13717	15.637000	46.489000	0.003389	0	0	0	0
Trace-_2_5	13717	15.593000	46.138000	0.003364	0	0	0	0
Trace-_2_5	13717	15.824000	46.464000	0.003387	0	0	0	0
Trace-_2_5	13776	15.499000	46.314000	0.003362	0	0	0	0
Trace-_2_5	13776	15.509000	46.309000	0.003362	0	0	0	0
Trace-_2_5	13776	15.891000	46.558000	0.003380	0	0	0	0
Trace-_2_5	13856	16.959000	49.252000	0.003555	0	0	0	0
Trace-_2_5	13856	16.079000	47.230000	0.003409	0	0	0	0
Trace-_2_5	13856	15.750000	46.972000	0.003390	0	0	0	0
Trace-_2_5	13958	15.877000	47.309000	0.003389	0	0	0	0
Trace-_2_5	13958	15.689000	46.752000	0.003349	0	0	0	0
Trace-_2_5	13958	15.625000	46.777000	0.003351	0	0	0	0
Trace-_2_5	14289	16.027000	48.161000	0.003370	0	0	0	0
Trace-_2_5	14289	16.265000	48.253000	0.003377	0	0	0	0
Trace-_2_5	14289	16.069000	47.887000	0.003351	0	0	0	0
Trace-_2_5	14547	16.482000	49.427000	0.003398	0	0	0	0
Trace-_2_5	14547	16.298000	48.821000	0.003356	0	0	0	0
Trace-_2_5	14547	16.274000	48.684000	0.003347	0	0	0	0
Trace-_2_5	14631	16.848000	50.184000	0.003430	0	0	0	0
Trace-_2_5	14631	16.441000	49.192000	0.003362	0	0	0	0
Trace-_2_5	14631	16.674000	49.308000	0.003370	0	0	0	0
Trace-_2_5	14861	16.996000	50.408000	0.003392	0	0	0	0
Trace-_2_5	14861	17.240000	50.462000	0.003396	0	0	0	0
Trace-_2_5	14861	16.906000	50.126000	0.003373	0	0	0	0
Trace-_2_5	14878	17.571000	52.011000	0.003496	0	0	0	0
Trace-_2_5	14878	17.243000	50.658000	0.003405	0	0	0	0
Trace-_2_5	14878	17.198000	50.689000	0.003407	0	0	0	0
Trace-_2_5	15145	17.387000	51.547000	0.003404	0	0	0	0
Trace-_2_5	15145	17.402000	51.178000	0.003379	0	0	0	0
Trace-_2_5	15145	17.831000	52.124000	0.003442	0	0	0	0
Trace-_2_5	15172	18.675000	54.142000	0.003569	0	0	0	0
Trace-_2_5	15172	17.637000	51.995000	0.003427	0	0	0	0
Trace-_2_5	15172	17.627000	51.954000	0.003424	0	0	0	0
Trace-_2_5	15184	17.523000	52.370000	0.003449	0	0	0	0
Trace-_2_5	15184	17.547000	52.181000	0.003437	0	0	0	0
Trace-_2_5	15184	17.476000	52.250000	0.003441	0	0	0	0
Trace-_2_5	15205	17.844000	52.967000	0.003484	0	0	0	0
Trace-_2_5	15205	17.829000	52.635000	0.003462	0	0	0	0
Trace-_2_5	15205	17.882000	52.698000	0.003466	0	0	0	0
Trace-_2_5	15210	17.663000	52.506000	0.003452	0	0	0	0
Trace-_2_5	15210	17.960000	52.627000	0.003460	0	0	0	0
Trace-_2_5	15210	17.844000	52.595000	0.003458	0	0	0	0
Trace-_2_5	15235	17.673000	52.758000	0.003463	0	0	0	0
Trace-_2_5	15235	17.725000	52.512000	0.003447	0	0	0	0
Trace-_2_5	15235	17.490000	52.337000	0.003435	0	0	0	0
Trace-_2_5	15333	18.107000	53.079000	0.003462	0	0	0	0
Trace-_2_5	15333	18.228000	53.354000	0.003480	0	0	0	0
Trace-_2_5	15333	17.697000	52.688000	0.003436	0	0	0	0
Trace-_2_5	15358	18.066000	53.117000	0.003459	0	0	0	0
Trace-_2_5	15358	18.108000	53.157000	0.003461	0	0	0	0
Trace-_2_5	15358	18.042000	53.184000	0.003463	0	0	0	0
Trace-_2_5	15532	18.317000	53.831000	0.003466	0	0	0	0
Trace-_2_5	15532	18.063000	53.644000	0.003454	0	0	0	0
Trace-_2_5	15532	18.269000	53.728000	0.003459	0	0	0	0
Trace-_2_5	15737	18.599000	54.617000	0.003471	0	0	0	0
Trace-_2_5	15737	18.353000	54.395000	0.003457	0	0	0	0
Trace-_2_5	15737	18.270000	54.279000	0.003449	0	0	0	0
Trace-_2_5	15766	18.319000	54.901000	0.003482	0	0	0	0
Trace-_2_5	15766	18.392000	54.430000	0.003452	0	0	0	0
Trace-_2_5	15766	18.278000	54.292000	0.003444	0	0	0	0
Trace-_2_5	15795	18.329000	54.383000	0.003443	0	0	0	0
Trace-_2_5	15795	18.304000	54.400000	0.003444	0	0	0	0
Trace-_2_5	15795	18.470000	54.625000	0.003458	0	0	0	0
Trace-_2_5	15901	18.736000	55.156000	0.003469	0	0	0	0
Trace-_2_5	15901	18.610000	54.938000	0.003455	0	0	0	0
Trace-_2_5	15901	18.838000	55.072000	0.003463	0	0	0	0
Trace-_2_5	16000	19.227000	55.996000	0.003500	0	0	0	0
Trace-_2_5	16000	19.035000	55.448000	0.003465	0	0	0	0
Trace-_2_5	16000	18.630000	55.112000	0.003445	0	0	0	0
Trace-_2_5	16074	19.100000	56.013000	0.003485	0	0	0	0
Trace-_2_5	16074	19.429000	56.459000	0.003512	0	0	0	0
Trace-_2_5	16074	18.981000	55.686000	0.003464	0	0	0	0
Trace-_2_5	16097	19.207000	56.116000	0.003486	0	0	0	0
Trace-_2_5	16097	19.454000	56.695000	0.003522	0	0	0	0
Trace-_2_5	16097	19.156000	56.003000	0.003479	0	0	0	0
Trace-_2_5	16407	19.177000	56.865000	0.003466	0	0	0	0
Trace-_2_5	16407	19.198000	56.735000	0.003458	0	0	0	0
Trace-_2_5	16407	19.498000	57.100000	0.003480	0	0	0	0
Trace-_2_5	16452	19.593000	57.317000	0.003484	0	0	0	0
Trace-_2_5	16452	19.476000	56.965000	0.003462	0	0	0	0
Trace-_2_5	16452	19.563000	57.040000	0.003467	0	0	0	0
Trace-_2_5	16586	19.402000	57.541000	0.003469	0	0	0	0
Trace-_2_5	16586	19.185000	57.038000	0.003439	0	0	0	0
Trace-_2_5	16586	19.151000	57.001000	0.003437	0	0	0	0
Trace-_2_5	16587	19.182000	57.025000	0.003438	0	0	0	0
Trace-_2_5	16587	19.107000	56.867000	0.003428	0	0	0	0
Trace-_2_5	16587	19.368000	57.018000	0.003438	0	0	0	0
Trace-_2_5	16700	20.041000	58.472000	0.003501	0	0	0	0
Trace-_2_5	16700	19.701000	57.921000	0.003468	0	0	0	0
Trace-_2_5	16700	19.587000	58.103000	0.003479	0	0	0	0
Trace-_2_5	16706	19.902000	58.222000	0.003485	0	0	0	0
Trace-_2_5	16706	19.601000	57.741000	0.003456	0	0	0	0
Trace-_2_5	16706	19.950000	58.155000	0.003481	0	0	0	0
Trace-_2_5	16887	20.572000	59.731000	0.003537	0	0	0	0
Trace-_2_5	16887	19.797000	58.327000	0.003454	0	0	0	0
Trace-_2_5	16887	19.911000	58.420000	0.003459	0	0	0	0
Trace-_2_5	16895	20.070000	58.531000	0.003464	0	0	0	0
Trace-_2_5	16895	19.960000	58.589000	0.003468	0	0	0	0
Trace-_2_5	16895	19.685000	58.416000	0.003458	0	0	0	0
Trace-_2_5	17028	20.285000	59.314000	0.003483	0	0	0	0
Trace-_2_5	17028	20.353000	59.088000	0.003470	0	0	0	0
Trace-_2_5	17028	20.239000	59.081000	0.003470	0	0	0	0
Trace-_2_5	17393	21.310000	61.863000	0.003557	0	0	0	0
Trace-_2_5	17393	20.951000	61.033000	0.003509	0	0	0	0
Trace-_2_5	17393	20.344000	60.086000	0.003455	0	0	0	0
Trace-_2_5	17561	20.632000	60.717000	0.003457	0	0	0	0
Trace-_2_5	17561	20.609000	60.494000	0.003445	0	0	0	0
Trace-_2_5	17561	20.561000	60.410000	0.003440	0	0	0	0
Trace-_2_5	17762	20.391000	60.815000	0.003424	0	0	0	0
Trace-_2_5	17762	20.588000	61.127000	0.003441	0	0	0	0
Trace-_2_5	17762	20.869000	61.371000	0.003455	0	0	0	0
Trace-_2_5	17809	20.450000	61.082000	0.003430	0	0	0	0
Trace-_2_5	17809	20.543000	61.029000	0.003427	0	0	0	0
Trace-_2_5	17809	20.810000	61.446000	0.003450	0	0	0	0
Trace-_2_5	17898	21.155000	62.129000	0.003471	0	0	0	0
Trace-_2_5	17898	20.999000	61.819000	0.003454	0	0	0	0
Trace-_2_5	17898	20.856000	61.698000	0.003447	0	0	0	0
Trace-_2_5	18046	20.775000	61.898000	0.003430	0	0	0	0
Trace-_2_5	18046	21.157000	62.656000	0.003472	0	0	0	0
Trace-_2_5	18046	21.051000	62.146000	0.003444	0	0	0	0
Trace-_2_5	18073	21.111000	62.415000	0.003453	0	0	0	0
Trace-_2_5	18073	21.143000	62.355000	0.003450	0	0	0	0
Trace-_2_5	18073	21.186000	62.305000	0.003447	0	0	0	0
Trace-_2_5	18182	21.135000	62.629000	0.003445	0	0	0	0
Trace-_2_5	18182	21.306000	62.780000	0.003453	0	0	0	0
Trace-_2_5	18182	21.494000	63.012000	0.003466	0	0	0	0
Trace-_2_5	18236	21.121000	62.878000	0.003448	0	0	0	0
Trace-_2_5	18236	21.398000	62.994000	0.003454	0	0	0	0
Trace-_2_5	18236	21.332000	63.005000	0.003455	0	0	0	0
Trace-_2_5	18341	21.182000	63.254000	0.003449	0	0	0	0
Trace-_2_5	18341	21.578000	63.439000	0.003459	0	0	0	0
Trace-_2_5	18341	21.149000	62.920000	0.003431	0	0	0	0
Trace-_2_5	18361	21.523000	63.453000	0.003456	0	0	0	0
Trace-_2_5	18361	21.329000	63.368000	0.003451	0	0	0	0
Trace-_2_5	18361	21.855000	64.050000	0.003488	0	0	0	0
Trace-_2_5	18422	22.254000	65.386000	0.003549	0	0	0	0
Trace-_2_5	18422	21.683000	63.718000	0.003459	0	0	0	0
Trace-_2_5	18422	21.312000	63.209000	0.003431	0	0	0	0
Trace-_2_5	18607	21.865000	64.333000	0.003457	0	0	0	0
Trace-_2_5	18607	21.876000	64.231000	0.003452	0	0	0	0
Trace-_2_5	18607	22.328000	65.136000	0.003501	0	0	0	0
Trace-_2_5	18833	22.415000	66.379000	0.003525	0	0	0	0
Trace-_2_5	18833	21.891000	64.937000	0.003448	0	0	0	0
Trace-_2_5	18833	21.707000	64.526000	0.003426	0	0	0	0
Trace-_2_5	18858	22.087000	65.593000	0.003478	0	0	0	0
Trace-_2_5	18858	21.871000	65.182000	0.003456	0	0	0	0
Trace-_2_5	18858	21.847000	65.031000	0.003448	0	0	0	0
Trace-_2_5	18906	22.049000	65.351000	0.003457	0	0	0	0
Trace-_2_5	18906	22.279000	65.556000	0.003467	0	0	0	0
Trace-_2_5	18906	21.833000	65.150000	0.003446	0	0	0	0
Trace-_2_5	19093	23.043000	67.374000	0.003529	0	0	0	0
Trace-_2_5	19093	22.589000	66.348000	0.003475	0	0	0	0
Trace-_2_5	19093	22.100000	65.846000	0.003449	0	0	0	0
Trace-_2_5	19099	22.137000	65.899000	0.003450	0	0	0	0
Trace-_2_5	19099	22.479000	65.952000	0.003453	0	0	0	0
Trace-_2_5	19099	22.503000	66.018000	0.003457	0	0	0	0
Trace-_2_5	19166	22.547000	66.417000	0.003465	0	0	0	0
Trace-_2_5	19166	22.670000	66.446000	0.003467	0	0	0	0
Trace-_2_5	19166	22.360000	65.948000	0.003441	0	0	0	0
Trace-_2_5	19339	23.737000	68.452000	0.003540	0	0	0	0
Trace-_2_5	19339	22.960000	66.432000	0.003435	0	0	0	0
Trace-_2_5	19339	23.958000	72.493000	0.003749	0	0	0	0
Trace-_2_5	19414	22.785000	67.217000	0.003462	0	0	0	0
Trace-_2_5	19414	23.258000	67.508000	0.003477	0	0	0	0
Trace-_2_5	19414	22.923000	67.463000	0.003475	0	0	0	0
Trace-_2_5	19439	22.882000	67.450000	0.003470	0	0	0	0
Trace-_2_5	19439	23.004000	67.583000	0.003477	0	0	0	0
Trace-_2_5	19439	22.914000	67.561000	0.003476	0	0	0	0
Trace-_2_5	19479	22.834000	67.665000	0.003474	0	0	0	0
Trace-_2_5	19479	22.630000	67.397000	0.003460	0	0	0	0
Trace-_2_5	19479	22.535000	67.441000	0.003462	0	0	0	0
Trace-_2_5	19548	22.944000	67.941000	0.003476	0	0	0	0
Trace-_2_5	19548	23.455000	68.617000	0.003510	0	0	0	0
Trace-_2_5	19548	23.282000	68.078000	0.003483	0	0	0	0
Trace-_2_5	19662	23.536000	68.398000	0.003479	0	0	0	0
Trace-_2_5	19662	23.140000	68.074000	0.003462	0	0	0	0
Trace-_2_5	19662	22.998000	68.137000	0.003465	0	0	0	0
Trace-_2_5	19703	23.097000	68.248000	0.003464	0	0	0	0
Trace-_2_5	19703	23.200000	68.187000	0.003461	0	0	0	0
Trace-_2_5	19703	23.099000	68.138000	0.003458	0	0	0	0
Trace-_2_5	19976	23.996000	70.255000	0.003517	0	0	0	0
Trace-_2_5	19976	23.921000	69.545000	0.003481	0	0	0	0
Trace-_2_5	19976	23.811000	69.525000	0.003480	0	0	0	0
Trace-_2_5	20080	23.805000	70.285000	0.003500	0	0	0	0
Trace-_2_5	20080	23.827000	69.645000	0.003468	0	0	0	0
Trace-_2_5	20080	24.065000	69.807000	0.003476	0	0	0	0
Trace-_2_5	20086	24.123000	70.070000	0.003488	0	0	0	0
Trace-_2_5	20086	23.671000	69.560000	0.003463	0	0	0	0
Trace-_2_5	20086	23.697000	69.622000	0.003466	0	0	0	0
Trace-_2_5	20170	23.762000	69.858000	0.003463	0	0	0	0
Trace-_2_5	20170	23.614000	69.654000	0.003453	0	0	0	0
Trace-_2_5	20170	24.099000	70.692000	0.003505	0	0	0	0
Trace-_2_5	20349	24.243000	70.775000	0.003478	0	0	0	0
Trace-_2_5	20349	23.780000	70.385000	0.003459	0	0	0	0
Trace-_2_5	20349	24.217000	70.828000	0.003481	0	0	0	0
Trace-_2_5	20441	24.285000	71.225000	0.003484	0	0	0	0
Trace-_2_5	20441	24.360000	71.158000	0.003481	0	0	0	0
Trace-_2_5	20441	24.127000	70.929000	0.003470	0	0	0	0
Trace-_2_5	20529	24.404000	71.435000	0.003480	0	0	0	0
Trace-_2_5	20529	24.275000	71.200000	0.003468	0	0	0	0
Trace-_2_5	20529	24.495000	71.135000	0.003465	0	0	0	0
Trace-_2_5	20712	25.102000	72.938000	0.003522	0	0	0	0
Trace-_2_5	20712	24.238000	71.749000	0.003464	0	0	0	0
Trace-_2_5	20712	24.676000	72.075000	0.003480	0	0	0	0
Trace-_2_5	20805	24.801000	72.431000	0.003481	0	0	0	0
Trace-_2_5	20805	24.316000	71.882000	0.003455	0	0	0	0
Trace-_2_5	20805	24.467000	72.111000	0.003466	0	0	0	0
Trace-_2_5	21064	24.776000	73.004000	0.003466	0	0	0	0
Trace-_2_5	21064	25.257000	73.848000	0.003506	0	0	0	0
Trace-_2_5	21064	25.183000	73.213000	0.003476	0	0	0	0
Trace-_2_5	21409	26.441000	76.262000	0.003562	0	0	0	0
Trace-_2_5	21409	25.155000	74.098000	0.003461	0	0	0	0
Trace-_2_5	21409	25.426000	74.438000	0.003477	0	0	0	0
Trace-_2_5	21521	25.793000	75.025000	0.003486	0	0	0	0
Trace-_2_5	21521	25.650000	74.833000	0.003477	0	0	0	0
Trace-_2_5	21521	25.763000	75.015000	0.003486	0	0	0	0
Trace-_2_5	21652	25.871000	75.726000	0.003497	0	0	0	0
Trace-_2_5	21652	25.191000	73.912000	0.003414	0	0	0	0
Trace-_2_5	21652	25.434000	74.932000	0.003461	0	0	0	0
Trace-_2_5	21682	26.354000	76.015000	0.003506	0	0	0	0
Trace-_2_5	21682	26.068000	75.462000	0.003480	0	0	0	0
Trace-_2_5	21682	25.583000	74.969000	0.003458	0	0	0	0
Trace-_2_5	21786	25.660000	75.319000	0.003457	0	0	0	0
Trace-_2_5	21786	26.058000	75.765000	0.003478	0	0	0	0
Trace-_2_5	21786	26.100000	75.675000	0.003474	0	0	0	0
Trace-_2_5	21849	26.357000	76.204000	0.003488	0	0	0	0
Trace-_2_5	21849	26.006000	75.978000	0.003477	0	0	0	0
Trace-_2_5	21849	26.152000	76.130000	0.003484	0	0	0	0
Trace-_2_5	21923	25.870000	75.974000	0.003465	0	0	0	0
Trace-_2_5	21923	26.267000	76.355000	0.003483	0	0	0	0
Trace-_2_5	21923	25.833000	75.898000	0.003462	0	0	0	0
Trace-_2_5	22085	28.643000	80.633000	0.003651	0	0	0	0
Trace-_2_5	22085	26.046000	76.388000	0.003459	0	0	0	0
Trace-_2_5	22085	25.935000	76.024000	0.003442	0	0	0	0
Trace-_2_5	22176	27.016000	78.009000	0.003518	0	0	0	0
Trace-_2_5	22176	26.466000	77.041000	0.003474	0	0	0	0
Trace-_2_5	22176	26.099000	76.595000	0.003454	0	0	0	0
Trace-_2_5	22392	26.588000	78.220000	0.003493	0	0	0	0
Trace-_2_5	22392	26.343000	77.088000	0.003443	0	0	0	0
Trace-_2_5	22392	26.973000	77.637000	0.003467	0	0	0	0
Trace-_2_5	22566	27.095000	79.428000	0.003520	0	0	0	0
Trace-_2_5	22566	26.541000	78.220000	0.003466	0	0	0	0
Trace-_2_5	22566	26.360000	77.735000	0.003445	0	0	0	0
Trace-_2_5	22892	27.810000	80.378000	0.003511	0	0	0	0
Trace-_2_5	22892	27.113000	78.913000	0.003447	0	0	0	0
Trace-_2_5	22892	27.355000	79.813000	0.003487	0	0	0	0
Trace-_2_5	22949	27.711000	79.899000	0.003482	0	0	0	0
Trace-_2_5	22949	27.732000	80.220000	0.003496	0	0	0	0
Trace-_2_5	22949	27.309000	79.743000	0.003475	0	0	0	0
Trace-_2_5	22965	27.682000	80.322000	0.003498	0	0	0	0
Trace-_2_5	22965	27.237000	79.737000	0.003472	0	0	0	0
Trace-_2_5	22965	27.601000	80.088000	0.003487	0	0	0	0
Trace-_2_5	23055	27.418000	80.348000	0.003485	0	0	0	0
Trace-_2_5	23055	27.409000	79.979000	0.003469	0	0	0	0
Trace-_2_5	23055	27.324000	79.832000	0.003463	0	0	0	0
Trace-_2_5	23122	27.967000	81.441000	0.003522	0	0	0	0
Trace-_2_5	23122	28.435000	81.297000	0.003516	0	0	0	0
Trace-_2_5	23122	27.919000	80.688000	0.003490	0	0	0	0
Trace-_2_5	23426	28.444000	81.861000	0.003494	0	0	0	0
Trace-_2_5	23426	28.385000	82.027000	0.003502	0	0	0	0
Trace-_2_5	23426	28.290000	81.757000	0.003490	0	0	0	0
Trace-_2_5	23547	28.248000	82.308000	0.003495	0	0	0	0
Trace-_2_5	23547	27.791000	81.463000	0.003460	0	0	0	0
Trace-_2_5	23547	27.867000	81.179000	0.003448	0	0	0	0
Trace-_2_5	23570	28.611000	83.068000	0.003524	0	0	0	0
Trace-_2_5	23570	27.874000	81.335000	0.003451	0	0	0	0
Trace-_2_5	23570	28.483000	82.203000	0.003488	0	0	0	0
Trace-_2_5	23606	28.362000	82.136000	0.003479	0	0	0	0
Trace-_2_5	23606	28.410000	81.884000	0.003469	0	0	0	0
Trace-_2_5	23606	28.483000	82.407000	0.003491	0	0	0	0
Trace-_2_5	23675	28.658000	83.231000	0.003516	0	0	0	0
Trace-_2_5	23675	28.552000	82.848000	0.003499	0	0	0	0
Trace-_2_5	23675	28.460000	82.862000	0.003500	0	0	0	0
Trace-_2_5	23803	29.057000	83.559000	0.003510	0	0	0	0
Trace-_2_5	23803	28.274000	82.550000	0.003468	0	0	0	0
Trace-_2_5	23803	28.128000	82.561000	0.003469	0	0	0	0
Trace-_2_5	24070	28.749000	84.220000	0.003499	0	0	0	0
Trace-_2_5	24070	29.401000	84.633000	0.003516	0	0	0	0
Trace-_2_5	24070	28.238000	82.945000	0.003446	0	0	0	0
Trace-_2_5	24079	28.342000	82.989000	0.003447	0	0	0	0
Trace-_2_5	24079	28.336000	82.972000	0.003446	0	0	0	0
Trace-_2_5	24079	28.353000	83.065000	0.003450	0	0	0	0
Trace-_2_5	24292	29.787000	85.387000	0.003515	0	0	0	0
Trace-_2_5	24292	29.908000	85.627000	0.003525	0	0	0	0
Trace-_2_5	24292	29.239000	84.490000	0.003478	0	0	0	0
Trace-_2_5	24302	29.318000	84.500000	0.003477	0	0	0	0
Trace-_2_5	24302	29.239000	84.127000	0.003462	0	0	0	0
Trace-_2_5	24302	29.324000	84.758000	0.003488	0	0	0	0
Trace-_2_5	24318	30.774000	92.426000	0.003801	0	0	0	0
Trace-_2_5	24318	29.291000	84.606000	0.003479	0	0	0	0
Trace-_2_5	24318	28.979000	84.333000	0.003468	0	0	0	0
Trace-_2_5	24587	30.580000	86.893000	0.003534	0	0	0	0
Trace-_2_5	24587	29.392000	85.489000	0.003477	0	0	0	0
Trace-_2_5	24587	29.724000	85.418000	0.003474	0	0	0	0
Trace-_2_5	24623	29.843000	86.054000	0.003495	0	0	0	0
Trace-_2_5	24623	29.820000	85.396000	0.003468	0	0	0	0
Trace-_2_5	24623	29.873000	85.863000	0.003487	0	0	0	0
Trace-_2_5	24714	29.952000	85.906000	0.003476	0	0	0	0
Trace-_2_5	24714	29.499000	85.627000	0.003465	0	0	0	0
Trace-_2_5	24714	29.450000	85.562000	0.003462	0	0	0	0
Trace-_2_5	24768	29.893000	86.137000	0.003478	0	0	0	0
Trace-_2_5	24768	29.586000	85.551000	0.003454	0	0	0	0
Trace-_2_5	24768	30.100000	86.434000	0.003490	0	0	0	0
Trace-_2_5	24796	30.033000	86.645000	0.003494	0	0	0	0
Trace-_2_5	24796	30.086000	86.519000	0.003489	0	0	0	0
Trace-_2_5	24796	29.991000	85.937000	0.003466	0	0	0	0
Trace-_2_5	24898	30.264000	86.866000	0.003489	0	0	0	0
Trace-_2_5	24898	29.506000	85.793000	0.003446	0	0	0	0
Trace-_2_5	24898	29.637000	85.821000	0.003447	0	0	0	0
Trace-_2_5	24941	29.589000	85.932000	0.003445	0	0	0	0
Trace-_2_5	24941	29.897000	86.486000	0.003468	0	0	0	0
Trace-_2_5	24941	30.802000	87.786000	0.003520	0	0	0	0
Trace-_2_5	24956	30.159000	87.298000	0.003498	0	0	0	0
Trace-_2_5	24956	29.765000	86.045000	0.003448	0	0	0	0
Trace-_2_5	24956	30.311000	86.526000	0.003467	0	0	0	0
Trace-_2_5	25047	30.361000	88.123000	0.003518	0	0	0	0
Trace-_2_5	25047	29.499000	85.956000	0.003432	0	0	0	0
Trace-_2_5	25047	30.116000	87.303000	0.003486	0	0	0	0
Trace-_2_5	25104	29.818000	86.629000	0.003451	0	0	0	0
Trace-_2_5	25104	30.248000	87.503000	0.003486	0	0	0	0
Trace-_2_5	25104	30.345000	87.741000	0.003495	0	0	0	0
Trace-_2_5	25136	30.802000	88.039000	0.003503	0	0	0	0
Trace-_2_5	25136	29.803000	86.689000	0.003449	0	0	0	0
Trace-_2_5	25136	29.881000	86.886000	0.003457	0	0	0	0
Trace-_2_5	25156	29.781000	86.953000	0.003457	0	0	0	0
Trace-_2_5	25156	30.172000	87.607000	0.003483	0	0	0	0
Trace-_2_5	25156	30.182000	87.437000	0.003476	0	0	0	0
Trace-_2_5	25161	31.040000	88.499000	0.003517	0	0	0	0
Trace-_2_5	25161	30.474000	87.979000	0.003497	0	0	0	0
Trace-_2_5	25161	30.248000	87.139000	0.003463	0	0	0	0
Trace-_2_5	25230	30.930000	88.475000	0.003507	0	0	0	0
Trace-_2_5	25230	30.713000	88.165000	0.003494	0	0	0	0
Trace-_2_5	25230	30.726000	87.822000	0.003481	0	0	0	0
Trace-_2_5	25276	30.320000	88.032000	0.003483	0	0	0	0
Trace-_2_5	25276	29.842000	86.784000	0.003433	0	0	0	0
Trace-_2_5	25276	30.284000	88.012000	0.003482	0	0	0	0
Trace-_2_5	25514	30.990000	88.987000	0.003488	0	0	0	0
Trace-_2_5	25514	31.132000	88.972000	0.003487	0	0	0	0
Trace-_2_5	25514	30.575000	88.591000	0.003472	0	0	0	0
Trace-_2_5	25706	32.010000	91.002000	0.003540	0	0	0	0
Trace-_2_5	25706	31.518000	90.447000	0.003519	0	0	0	0
Trace-_2_5	25706	31.225000	89.783000	0.003493	0	0	0	0
Trace-_2_5	25746	30.906000	89.478000	0.003475	0	0	0	0
Trace-_2_5	25746	30.917000	89.336000	0.003470	0	0	0	0
Trace-_2_5	25746	30.825000	89.420000	0.003473	0	0	0	0
Trace-_2_5	25793	32.064000	96.719000	0.003750	0	0	0	0
Trace-_2_5	25793	30.971000	89.269000	0.003461	0	0	0	0
Trace-_2_5	25793	30.942000	89.112000	0.003455	0	0	0	0
Trace-_2_5	25807	32.455000	91.507000	0.003546	0	0	0	0
Trace-_2_5	25807	31.452000	90.091000	0.003491	0	0	0	0
Trace-_2_5	25807	30.982000	89.305000	0.003460	0	0	0	0
Trace-_2_5	25839	30.850000	89.489000	0.003463	0	0	0	0
Trace-_2_5	25839	30.950000	89.484000	0.003463	0	0	0	0
Trace-_2_5	25839	30.945000	89.499000	0.003464	0	0	0	0
Trace-_2_5	25923	32.168000	91.520000	0.003530	0	0	0	0
Trace-_2_5	25923	30.776000	89.736000	0.003462	0	0	0	0
Trace-_2_5	25923	31.636000	90.673000	0.003498	0	0	0	0
Trace-_2_5	25955	31.325000	89.892000	0.003463	0	0	0	0
Trace-_2_5	25955	31.267000	89.695000	0.003456	0	0	0	0
Trace-_2_5	25955	30.654000	89.213000	0.003437	0	0	0	0
Trace-_2_5	26131	32.101000	91.509000	0.003502	0	0	0	0
Trace-_2_5	26131	31.957000	91.439000	0.003499	0	0	0	0
Trace-_2_5	26131	31.514000	90.435000	0.003461	0	0	0	0
Trace-_2_5	26249	32.070000	91.851000	0.003499	0	0	0	0
Trace-_2_5	26249	32.950000	92.995000	0.003543	0	0	0	0
Trace-_2_5	26249	31.859000	91.328000	0.003479	0	0	0	0
Trace-_2_5	26476	31.754000	91.671000	0.003462	0	0	0	0
Trace-_2_5	26476	32.256000	91.832000	0.003468	0	0	0	0
Trace-_2_5	26476	32.266000	92.336000	0.003488	0	0	0	0
Trace-_2_5	27016	34.557000	96.292000	0.003564	0	0	0	0
Trace-_2_5	27016	32.417000	93.615000	0.003465	0	0	0	0
Trace-_2_5	27016	33.372000	94.442000	0.003496	0	0	0	0
Trace-_2_5	27219	33.536000	95.205000	0.003498	0	0	0	0
Trace-_2_5	27219	32.814000	94.009000	0.003454	0	0	0	0
Trace-_2_5	27219	32.703000	93.876000	0.003449	0	0	0	0
Trace-_2_5	27327	33.929000	96.116000	0.003517	0	0	0	0
Trace-_2_5	27327	32.973000	94.713000	0.003466	0	0	0	0
Trace-_2_5	27327	32.921000	94.478000	0.003457	0	0	0	0
Trace-_2_5	27396	33.322000	94.955000	0.003466	0	0	0	0
Trace-_2_5	27396	32.983000	94.653000	0.003455	0	0	0	0
Trace-_2_5	27396	33.596000	95.870000	0.003499	0	0	0	0
Trace-_2_5	27453	33.635000	95.391000	0.003475	0	0	0	0
Trace-_2_5	27453	33.532000	95.454000	0.003477	0	0	0	0
Trace-_2_5	27453	33.670000	96.114000	0.003501	0	0	0	0
Trace-_2_5	27479	33.789000	96.368000	0.003507	0	0	0	0
Trace-_2_5	27479	33.069000	95.240000	0.003466	0	0	0	0
Trace-_2_5	27479	33.713000	96.135000	0.003498	0	0	0	0
Trace-_2_5	27500	33.199000	95.203000	0.003462	0	0	0	0
Trace-_2_5	27500	33.552000	95.677000	0.003479	0	0	0	0
Trace-_2_5	27500	33.394000	95.398000	0.003469	0	0	0	0
Trace-_2_5	27551	33.805000	96.434000	0.003500	0	0	0	0
Trace-_2_5	27551	33.768000	95.899000	0.003481	0	0	0	0
Trace-_2_5	27551	33.291000	95.505000	0.003466	0	0	0	0
Trace-_2_5	27667	33.632000	96.657000	0.003494	0	0	0	0
Trace-_2_5	27667	33.426000	96.135000	0.003475	0	0	0	0
Trace-_2_5	27667	35.895000	103.390000	0.003737	0	0	0	0
Trace-_2_5	27682	34.223000	97.115000	0.003508	0	0	0	0
Trace-_2_5	27682	33.471000	96.201000	0.003475	0	0	0	0
Trace-_2_5	27682	33.318000	96.118000	0.003472	0	0	0	0
Trace-_2_5	27752	33.546000	96.315000	0.003471	0	0	0	0
Trace-_2_5	27752	33.440000	96.132000	0.003464	0	0	0	0
Trace-_2_5	27752	33.611000	96.127000	0.003464	0	0	0	0
Trace-_2_5	27788	34.438000	97.695000	0.003516	0	0	0	0
Trace-_2_5	27788	34.109000	97.021000	0.003491	0	0	0	0
Trace-_2_5	27788	33.629000	96.642000	0.003478	0	0	0	0
Trace-_2_5	27866	34.574000	98.029000	0.003518	0	0	0	0
Trace-_2_5	27866	33.518000	96.632000	0.003468	0	0	0	0
Trace-_2_5	27866	34.217000	97.285000	0.003491	0	0	0	0
Trace-_2_5	28079	34.660000	98.430000	0.003505	0	0	0	0
Trace-_2_5	28079	34.121000	97.426000	0.003470	0	0	0	0
Trace-_2_5	28079	33.986000	97.167000	0.003460	0	0	0	0
Trace-_2_5	28089	34.557000	98.814000	0.003518	0	0	0	0
Trace-_2_5	28089	34.711000	98.310000	0.003500	0	0	0	0
Trace-_2_5	28089	34.001000	97.348000	0.003466	0	0	0	0
Trace-_2_5	28333	35.488000	100.042000	0.003531	0	0	0	0
Trace-_2_5	28333	35.545000	99.916000	0.003526	0	0	0	0
Trace-_2_5	28333	35.277000	99.944000	0.003527	0	0	0	0
Trace-_2_5	28384	35.533000	100.053000	0.003525	0	0	0	0
Trace-_2_5	28384	35.209000	99.062000	0.003490	0	0	0	0
Trace-_2_5	28384	34.858000	99.454000	0.003504	0	0	0	0
Trace-_2_5	28549	36.008000	101.082000	0.003541	0	0	0	0
Trace-_2_5	28549	35.169000	99.969000	0.003502	0	0	0	0
Trace-_2_5	28549	35.167000	99.791000	0.003495	0	0	0	0
Trace-_2_5	28572	35.824000	100.693000	0.003524	0	0	0	0
Trace-_2_5	28572	35.787000	100.431000	0.003515	0	0	0	0
Trace-_2_5	28572	35.800000	100.451000	0.003516	0	0	0	0
Trace-_2_5	28619	35.237000	100.329000	0.003506	0	0	0	0
Trace-_2_5	28619	35.703000	100.432000	0.003509	0	0	0	0
Trace-_2_5	28619	35.128000	99.860000	0.003489	0	0	0	0
Trace-_2_5	28620	35.957000	101.073000	0.003532	0	0	0	0
Trace-_2_5	28620	35.858000	100.827000	0.003523	0	0	0	0
Trace-_2_5	28620	35.439000	100.372000	0.003507	0	0	0	0
Trace-_2_5	28864	35.564000	101.546000	0.003518	0	0	0	0
Trace-_2_5	28864	35.487000	100.771000	0.003491	0	0	0	0
Trace-_2_5	28864	35.643000	100.932000	0.003497	0	0	0	0
Trace-_2_5	28933	35.945000	101.263000	0.003500	0	0	0	0
Trace-_2_5	28933	35.718000	101.008000	0.003491	0	0	0	0
Trace-_2_5	28933	36.267000	101.991000	0.003525	0	0	0	0
Trace-_2_5	29048	35.859000	101.545000	0.003496	0	0	0	0
Trace-_2_5	29048	36.253000	102.343000	0.003523	0	0	0	0
Trace-_2_5	29048	35.988000	101.930000	0.003509	0	0	0	0
Trace-_2_5	29189	36.481000	102.949000	0.003527	0	0	0	0
Trace-_2_5	29189	35.600000	101.890000	0.003491	0	0	0	0
Trace-_2_5	29189	35.633000	101.643000	0.003482	0	0	0	0
Trace-_2_5	29346	36.674000	104.239000	0.003552	0	0	0	0
Trace-_2_5	29346	36.818000	103.451000	0.003525	0	0	0	0
Trace-_2_5	29346	36.204000	102.463000	0.003492	0	0	0	0
Trace-_2_5	29411	36.527000	104.349000	0.003548	0	0	0	0
Trace-_2_5	29411	36.515000	103.612000	0.003523	0	0	0	0
Trace-_2_5	29411	36.411000	103.396000	0.003516	0	0	0	0
Trace-_2_5	29497	36.049000	103.565000	0.003511	0	0	0	0
Trace-_2_5	29497	35.928000	103.065000	0.003494	0	0	0	0
Trace-_2_5	29497	36.670000	104.519000	0.003543	0	0	0	0
Trace-_2_5	29641	37.403000	105.613000	0.003563	0	0	0	0
Trace-_2_5	29641	37.451000	104.540000	0.003527	0	0	0	0
Trace-_2_5	29641	36.875000	104.311000	0.003519	0	0	0	0
Trace-_2_5	29698	37.313000	105.048000	0.003537	0	0	0	0
Trace-_2_5	29698	37.575000	105.450000	0.003551	0	0	0	0
Trace-_2_5	29698	37.341000	105.130000	0.003540	0	0	0	0
Trace-_2_5	29705	37.646000	105.424000	0.003549	0	0	0	0
Trace-_2_5	29705	36.914000	104.446000	0.003516	0	0	0	0
Trace-_2_5	29705	37.309000	104.751000	0.003526	0	0	0	0
Trace-_2_5	29748	36.698000	104.595000	0.003516	0	0	0	0
Trace-_2_5	29748	37.041000	104.613000	0.003517	0	0	0	0
Trace-_2_5	29748	37.340000	104.894000	0.003526	0	0	0	0
Trace-_2_5	29852	37.221000	105.565000	0.003536	0	0	0	0
Trace-_2_5	29852	36.392000	104.155000	0.003489	0	0	0	0
Trace-_2_5	29852	36.473000	104.206000	0.003491	0	0	0	0
Trace-_2_5	29853	38.777000	107.884000	0.003614	0	0	0	0
Trace-_2_5	29853	36.548000	104.337000	0.003495	0	0	0	0
Trace-_2_5	29853	37.020000	104.643000	0.003505	0	0	0	0
Trace-_2_5	29872	36.545000	104.495000	0.003498	0	0	0	0
Trace-_2_5	29872	36.442000	104.398000	0.003495	0	0	0	0
Trace-_2_5	29872	36.387000	103.948000	0.003480	0	0	0	0
Trace-_2_5	29879	37.235000	105.171000	0.003520	0	0	0	0
Trace-_2_5	29879	37.190000	105.109000	0.003518	0	0	0	0
Trace-_2_5	29879	36.618000	104.432000	0.003495	0	0	0	0
Trace-_2_5	30045	37.286000	105.758000	0.003520	0	0	0	0
Trace-_2_5	30045	36.974000	104.948000	0.003493	0	0	0	0
Trace-_2_5	30045	37.924000	106.823000	0.003555	0	0	0	0
Trace-_2_5	30070	37.025000	105.045000	0.003493	0	0	0	0
Trace-_2_5	30070	37.021000	105.535000	0.003510	0	0	0	0
Trace-_2_5	30070	37.104000	105.646000	0.003513	0	0	0	0
Trace-_2_5	30082	38.093000	107.031000	0.003558	0	0	0	0
Trace-_2_5	30082	37.409000	105.962000	0.003522	0	0	0	0
Trace-_2_5	30082	37.301000	105.934000	0.003522	0	0	0	0
Trace-_2_5	30096	37.161000	105.771000	0.003514	0	0	0	0
Trace-_2_5	30096	37.394000	105.958000	0.003521	0	0	0	0
Trace-_2_5	30096	36.687000	105.409000	0.003502	0	0	0	0
Trace-_2_5	30122	38.736000	107.982000	0.003585	0	0	0	0
Trace-_2_5	30122	37.794000	106.221000	0.003526	0	0	0	0
Trace-_2_5	30122	38.483000	107.571000	0.003571	0	0	0	0
Trace-_2_5	30208	38.351000	107.784000	0.003568	0	0	0	0
Trace-_2_5	30208	38.144000	106.952000	0.003541	0	0	0	0
Trace-_2_5	30208	38.085000	106.841000	0.003537	0	0	0	0
Trace-_2_5	30443	39.180000	109.295000	0.003590	0	0	0	0
Trace-_2_5	30443	38.769000	108.569000	0.003566	0	0	0	0
Trace-_2_5	30443	38.760000	108.172000	0.003553	0	0	0	0
Trace-_2_5	30539	38.432000	107.934000	0.003534	0	0	0	0
Trace-_2_5	30539	38.879000	108.338000	0.003548	0	0	0	0
Trace-_2_5	30539	38.868000	108.295000	0.003546	0	0	0	0
Trace-_2_5	30617	39.415000	109.348000	0.003571	0	0	0	0
Trace-_2_5	30617	38.786000	108.512000	0.003544	0	0	0	0
Trace-_2_5	30617	38.728000	108.426000	0.003541	0	0	0	0
Trace-_2_5	30727	39.010000	110.130000	0.003584	0	0	0	0
Trace-_2_5	30727	38.309000	107.989000	0.003514	0	0	0	0
Trace-_2_5	30727	39.054000	110.256000	0.003588	0	0	0	0
Trace-_2_5	30755	39.738000	110.921000	0.003607	0	0	0	0
Trace-_2_5	30755	38.944000	109.802000	0.003570	0	0	0	0
Trace-_2_5	30755	38.801000	110.053000	0.003578	0	0	0	0
Trace-_2_5	30824	39.324000	110.841000	0.003596	0	0	0	0
Trace-_2_5	30824	38.365000	109.039000	0.003537	0	0	0	0
Trace-_2_5	30824	39.013000	110.164000	0.003574	0	0	0	0
Trace-_2_5	30871	39.287000	110.910000	0.003593	0	0	0	0
Trace-_2_5	30871	39.626000	111.211000	0.003602	0	0	0	0
Trace-_2_5	30871	39.788000	110.978000	0.003595	0	0	0	0
Trace-_2_5	30933	40.300000	112.637000	0.003641	0	0	0	0
Trace-_2_5	30933	39.417000	110.815000	0.003582	0	0	0	0
Trace-_2_5	30933	39.965000	112.370000	0.003633	0	0	0	0
Trace-_2_5	30951	40.020000	112.164000	0.003624	0	0	0	0
Trace-_2_5	30951	40.034000	112.388000	0.003631	0	0	0	0
Trace-_2_5	30951	39.352000	110.849000	0.003581	0	0	0	0
Trace-_2_5	30978	39.669000	111.350000	0.003594	0	0	0	0
Trace-_2_5	30978	39.069000	110.425000	0.003565	0	0	0	0
Trace-_2_5	30978	39.074000	110.997000	0.003583	0	0	0	0
Trace-_2_5	30988	39.042000	110.475000	0.003565	0	0	0	0
Trace-_2_5	30988	39.243000	110.848000	0.003577	0	0	0	0
Trace-_2_5	30988	39.137000	110.411000	0.003563	0	0	0	0
Trace-_2_5	31042	39.991000	111.760000	0.003600	0	0	0	0
Trace-_2_5	31042	39.231000	110.725000	0.003567	0	0	0	0
Trace-_2_5	31042	39.516000	111.240000	0.003584	0	0	0	0
Trace-_2_5	31071	39.378000	110.746000	0.003564	0	0	0	0
Trace-_2_5	31071	39.548000	111.024000	0.003573	0	0	0	0
Trace-_2_5	31071	39.930000	111.924000	0.003602	0	0	0	0
Trace-_2_5	31093	40.345000	112.749000	0.003626	0	0	0	0
Trace-_2_5	31093	39.219000	111.065000	0.003572	0	0	0	0
Trace-_2_5	31093	39.904000	111.976000	0.003601	0	0	0	0
Trace-_2_5	31286	39.949000	112.125000	0.003584	0	0	0	0
Trace-_2_5	31286	39.620000	111.558000	0.003566	0	0	0	0
Trace-_2_5	31286	39.904000	112.138000	0.003584	0	0	0	0
Trace-_2_5	31302	40.293000	112.497000	0.003594	0	0	0	0
Trace-_2_5	31302	40.279000	112.564000	0.003596	0	0	0	0
Trace-_2_5	31302	40.055000	111.767000	0.003571	0	0	0	0
Trace-_2_5	31415	40.553000	113.918000	0.003626	0	0	0	0
Trace-_2_5	31415	39.908000	112.718000	0.003588	0	0	0	0
Trace-_2_5	31415	39.864000	112.444000	0.003579	0	0	0	0
Trace-_2_5	31426	40.490000	113.400000	0.003608	0	0	0	0
Trace-_2_5	31426	39.833000	112.087000	0.003567	0	0	0	0
Trace-_2_5	31426	39.751000	112.460000	0.003579	0	0	0	0
Trace-_2_5	31595	42.043000	116.191000	0.003678	0	0	0	0
Trace-_2_5	31595	40.133000	112.731000	0.003568	0	0	0	0
Trace-_2_5	31595	40.081000	113.219000	0.003583	0	0	0	0
Trace-_2_5	31765	41.116000	114.735000	0.003612	0	0	0	0
Trace-_2_5	31765	40.468000	113.679000	0.003579	0	0	0	0
Trace-_2_5	31765	41.225000	115.391000	0.003633	0	0	0	0
Trace-_2_5	32197	43.440000	118.987000	0.003696	0	0	0	0
Trace-_2_5	32197	41.143000	115.574000	0.003590	0	0	0	0
Trace-_2_5	32197	41.160000	115.596000	0.003590	0	0	0	0
Trace-_2_5	32356	42.321000	118.060000	0.003649	0	0	0	0
Trace-_2_5	32356	41.677000	116.044000	0.003586	0	0	0	0
Trace-_2_5	32356	41.774000	116.499000	0.003601	0	0	0	0
Trace-_2_5	32403	41.589000	116.092000	0.003583	0	0	0	0
Trace-_2_5	32403	42.187000	117.078000	0.003613	0	0	0	0
Trace-_2_5	32403	41.312000	116.349000	0.003591	0	0	0	0
Trace-_2_5	32413	42.361000	118.136000	0.003645	0	0	0	0
Trace-_2_5	32413	42.168000	117.059000	0.003611	0	0	0	0
Trace-_2_5	32413	41.935000	116.766000	0.003602	0	0	0	0
Trace-_2_5	32455	41.583000	116.550000	0.003591	0	0	0	0
Trace-_2_5	32455	41.818000	116.953000	0.003604	0	0	0	0
Trace-_2_5	32455	41.828000	116.841000	0.003600	0	0	0	0
Trace-_2_5	32500	42.399000	118.006000	0.003631	0	0	0	0
Trace-_2_5	32500	42.079000	116.862000	0.003596	0	0	0	0
Trace-_2_5	32500	41.892000	116.889000	0.003597	0	0	0	0
Trace-_2_5	32628	42.396000	118.031000	0.003617	0	0	0	0
Trace-_2_5	32628	42.848000	118.945000	0.003645	0	0	0	0
Trace-_2_5	32628	42.162000	117.127000	0.003590	0	0	0	0
Trace-_2_5	32650	41.995000	117.742000	0.003606	0	0	0	0
Trace-_2_5	32650	42.521000	117.721000	0.003606	0	0	0	0
Trace-_2_5	32650	42.377000	117.643000	0.003603	0	0	0	0
Trace-_2_5	33085	42.719000	118.889000	0.003593	0	0	0	0
Trace-_2_5	33085	43.651000	120.669000	0.003647	0	0	0	0
Trace-_2_5	33085	43.535000	120.319000	0.003637	0	0	0	0
Trace-_2_5	33107	43.375000	120.293000	0.003633	0	0	0	0
Trace-_2_5	33107	43.240000	119.666000	0.003615	0	0	0	0
Trace-_2_5	33107	42.647000	119.016000	0.003595	0	0	0	0
Trace-_2_5	33118	43.514000	120.826000	0.003648	0	0	0	0
Trace-_2_5	33118	42.684000	118.920000	0.003591	0	0	0	0
Trace-_2_5	33118	43.336000	119.691000	0.003614	0	0	0	0
Trace-_2_5	34042	47.525000	127.806000	0.003754	0	0	0	0
Trace-_2_5	34042	44.520000	123.276000	0.003621	0	0	0	0
Trace-_2_5	34042	44.628000	123.076000	0.003615	0	0	0	0
Trace-_2_5	34247	45.417000	124.908000	0.003647	0	0	0	0
Trace-_2_5	34247	45.005000	123.934000	0.003619	0	0	0	0
Trace-_2_5	34247	44.029000	122.983000	0.003591	0	0	0	0
Trace-_2_5	34253	44.969000	124.883000	0.003646	0	0	0	0
Trace-_2_5	34253	43.916000	122.815000	0.003586	0	0	0	0
Trace-_2_5	34253	44.023000	123.223000	0.003597	0	0	0	0
Trace-_2_5	34265	44.809000	124.289000	0.003627	0	0	0	0
Trace-_2_5	34265	44.961000	123.843000	0.003614	0	0	0	0
Trace-_2_5	34265	44.295000	123.190000	0.003595	0	0	0	0
Trace-_2_5	34296	45.091000	124.337000	0.003625	0	0	0	0
Trace-_2_5	34296	44.812000	124.149000	0.003620	0	0	0	0
Trace-_2_5	34296	45.189000	124.904000	0.003642	0	0	0	0
Trace-_2_5	34353	44.591000	124.035000	0.003611	0	0	0	0
Trace-_2_5	34353	45.138000	124.183000	0.003615	0	0	0	0
Trace-_2_5	34353	44.421000	123.778000	0.003603	0	0	0	0
Trace-_2_5	34567	45.268000	124.751000	0.003609	0	0	0	0
Trace-_2_5	34567	44.883000	124.600000	0.003605	0	0	0	0
Trace-_2_5	34567	44.769000	124.122000	0.003591	0	0	0	0
Trace-_2_5	34694	46.786000	127.940000	0.003688	0	0	0	0
Trace-_2_5	34694	45.097000	125.163000	0.003608	0	0	0	0
Trace-_2_5	34694	44.853000	125.061000	0.003605	0	0	0	0
Trace-_2_5	34767	46.643000	127.533000	0.003668	0	0	0	0
Trace-_2_5	34767	45.960000	126.135000	0.003628	0	0	0	0
Trace-_2_5	34767	45.888000	126.126000	0.003628	0	0	0	0
Trace-_2_5	34868	46.214000	127.019000	0.003643	0	0	0	0
Trace-_2_5	34868	45.253000	125.701000	0.003605	0	0	0	0
Trace-_2_5	34868	45.922000	126.505000	0.003628	0	0	0	0
Trace-_2_5	35000	45.352000	126.170000	0.003605	0	0	0	0
Trace-_2_5	35000	45.331000	125.436000	0.003584	0	0	0	0
Trace-_2_5	35000	46.709000	128.311000	0.003666	0	0	0	0
Trace-_2_5	35242	45.835000	127.611000	0.003621	0	0	0	0
Trace-_2_5	35242	44.655000	126.038000	0.003576	0	0	0	0
Trace-_2_5	35242	44.706000	126.030000	0.003576	0	0	0	0
Trace-_2_5	35255	45.019000	126.452000	0.003587	0	0	0	0
Trace-_2_5	35255	44.309000	125.773000	0.003568	0	0	0	0
Trace-_2_5	35255	44.712000	126.272000	0.003582	0	0	0	0
Trace-_2_5	35327	44.957000	126.462000	0.003580	0	0	0	0
Trace-_2_5	35327	45.539000	127.958000	0.003622	0	0	0	0
Trace-_2_5	35327	44.413000	125.300000	0.003547	0	0	0	0
Trace-_2_5	35340	44.830000	126.913000	0.003591	0	0	0	0
Trace-_2_5	35340	44.015000	125.495000	0.003551	0	0	0	0
Trace-_2_5	35340	44.200000	125.362000	0.003547	0	0	0	0
Trace-_2_5	35344	45.041000	127.598000	0.003610	0	0	0	0
Trace-_2_5	35344	44.699000	126.212000	0.003571	0	0	0	0
Trace-_2_5	35344	44.924000	126.458000	0.003578	0	0	0	0
Trace-_2_5	35360	45.086000	126.434000	0.003576	0	0	0	0
Trace-_2_5	35360	44.356000	125.850000	0.003559	0	0	0	0
Trace-_2_5	35360	44.890000	126.342000	0.003573	0	0	0	0
Trace-_2_5	35449	45.665000	128.246000	0.003618	0	0	0	0
Trace-_2_5	35449	44.181000	125.510000	0.003541	0	0	0	0
Trace-_2_5	35449	44.176000	125.731000	0.003547	0	0	0	0
Trace-_2_5	35603	45.484000	127.901000	0.003592	0	0	0	0
Trace-_2_5	35603	45.237000	126.713000	0.003559	0	0	0	0
Trace-_2_5	35603	45.255000	126.529000	0.003554	0	0	0	0
Trace-_2_5	35615	45.536000	127.961000	0.003593	0	0	0	0
Trace-_2_5	35615	45.069000	126.785000	0.003560	0	0	0	0
Trace-_2_5	35615	44.484000	126.099000	0.003541	0	0	0	0
Trace-_2_5	36391	49.106000	133.394000	0.003666	0	0	0	0
Trace-_2_5	36391	46.522000	129.662000	0.003563	0	0	0	0
Trace-_2_5	36391	47.197000	130.387000	0.003583	0	0	0	0
Trace-_2_5	36431	47.027000	130.725000	0.003588	0	0	0	0
Trace-_2_5	36431	47.283000	131.081000	0.003598	0	0	0	0
Trace-_2_5	36431	47.641000	131.596000	0.003612	0	0	0	0
Trace-_2_5	36820	49.038000	134.188000	0.003644	0	0	0	0
Trace-_2_5	36820	47.151000	131.575000	0.003573	0	0	0	0
Trace-_2_5	36820	47.680000	132.298000	0.003593	0	0	0	0
Trace-_2_5	36981	48.158000	133.107000	0.003599	0	0	0	0
Trace-_2_5	36981	48.132000	132.682000	0.003588	0	0	0	0
Trace-_2_5	36981	47.365000	132.176000	0.003574	0	0	0	0
Trace-_2_5	37033	47.897000	132.949000	0.003590	0	0	0	0
Trace-_2_5	37033	48.462000	132.831000	0.003587	0	0	0	0
Trace-_2_5	37033	48.148000	132.945000	0.003590	0	0	0	0
Trace-_2_5	37072	47.602000	132.476000	0.003573	0	0	0	0
Trace-_2_5	37072	47.529000	132.420000	0.003572	0	0	0	0
Trace-_2_5	37072	47.732000	132.410000	0.003572	0	0	0	0
Trace-_2_5	37376	49.777000	135.790000	0.003633	0	0	0	0
Trace-_2_5	37376	48.735000	134.423000	0.003597	0	0	0	0
Trace-_2_5	37376	48.618000	134.282000	0.003593	0	0	0	0
Trace-_2_5	37384	48.680000	135.283000	0.003619	0	0	0	0
Trace-_2_5	37384	48.418000	134.199000	0.003590	0	0	0	0
Trace-_2_5	37384	47.904000	133.812000	0.003579	0	0	0	0
Trace-_2_5	37706	51.055000	137.936000	0.003658	0	0	0	0
Trace-_2_5	37706	51.378000	142.433000	0.003777	0	0	0	0
Trace-_2_5	37706	49.586000	135.672000	0.003598	0	0	0	0
Trace-_2_5	37767	49.432000	135.757000	0.003595	0	0	0	0
Trace-_2_5	37767	49.808000	136.402000	0.003612	0	0	0	0
Trace-_2_5	37767	49.271000	135.308000	0.003583	0	0	0	0
Trace-_2_5	37788	49.561000	136.676000	0.003617	0	0	0	0
Trace-_2_5	37788	49.279000	135.479000	0.003585	0	0	0	0
Trace-_2_5	37788	50.716000	137.824000	0.003647	0	0	0	0
Trace-_2_5	37800	49.768000	136.908000	0.003622	0	0	0	0
Trace-_2_5	37800	49.866000	135.971000	0.003597	0	0	0	0
Trace-_2_5	37800	49.856000	136.138000	0.003602	0	0	0	0
Trace-_2_5	38019	49.326000	136.640000	0.003594	0	0	0	0
Trace-_2_5	38019	50.629000	138.471000	0.003642	0	0	0	0
Trace-_2_5	38019	49.906000	136.774000	0.003598	0	0	0	0
Trace-_2_5	38157	50.494000	138.438000	0.003628	0	0	0	0
Trace-_2_5	38157	49.709000	137.105000	0.003593	0	0	0	0
Trace-_2_5	38157	50.196000	137.587000	0.003606	0	0	0	0
Trace-_2_5	38223	50.569000	138.337000	0.003619	0	0	0	0
Trace-_2_5	38223	50.402000	137.439000	0.003596	0	0	0	0
Trace-_2_5	38223	49.622000	137.035000	0.003585	0	0	0	0
Trace-_2_5	38356	50.316000	138.382000	0.003608	0	0	0	0
Trace-_2_5	38356	49.686000	137.602000	0.003587	0	0	0	0
Trace-_2_5	38356	50.668000	138.894000	0.003621	0	0	0	0
Trace-_2_5	38498	50.162000	138.678000	0.003602	0	0	0	0
Trace-_2_5	38498	49.856000	137.703000	0.003577	0	0	0	0
Trace-_2_5	38498	49.960000	138.205000	0.003590	0	0	0	0
Trace-_2_5	38587	49.465000	137.544000	0.003565	0	0	0	0
Trace-_2_5	38587	49.709000	137.097000	0.003553	0	0	0	0
Trace-_2_5	38587	50.105000	138.944000	0.003601	0	0	0	0
Trace-_2_5	38737	53.066000	142.290000	0.003673	0	0	0	0
Trace-_2_5	38737	51.154000	139.942000	0.003613	0	0	0	0
Trace-_2_5	38737	51.169000	139.907000	0.003612	0	0	0	0
Trace-_2_5	38963	52.193000	142.372000	0.003654	0	0	0	0
Trace-_2_5	38963	51.049000	140.160000	0.003597	0	0	0	0
Trace-_2_5	38963	50.970000	139.864000	0.003590	0	0	0	0
Trace-_2_5	39013	52.768000	142.132000	0.003643	0	0	0	0
Trace-_2_5	39013	50.742000	139.719000	0.003581	0	0	0	0
Trace-_2_5	39013	51.011000	140.847000	0.003610	0	0	0	0
Trace-_2_5	39097	52.546000	142.741000	0.003651	0	0	0	0
Trace-_2_5	39097	51.339000	140.513000	0.003594	0	0	0	0
Trace-_2_5	39097	51.521000	140.790000	0.003601	0	0	0	0
Trace-_2_5	39790	55.084000	146.997000	0.003694	0	0	0	0
Trace-_2_5	39790	52.811000	143.517000	0.003607	0	0	0	0
Trace-_2_5	39790	52.727000	143.432000	0.003605	0	0	0	0
Trace-_2_5	39810	53.516000	144.678000	0.003634	0	0	0	0
Trace-_2_5	39810	53.414000	143.838000	0.003613	0	0	0	0
Trace-_2_5	39810	52.671000	143.355000	0.003601	0	0	0	0
Trace-_2_5	39937	56.591000	149.405000	0.003741	0	0	0	0
Trace-_2_5	39937	52.943000	144.519000	0.003619	0	0	0	0
Trace-_2_5	39937	52.887000	144.372000	0.003615	0	0	0	0
Trace-_2_5	39951	54.163000	146.263000	0.003661	0	0	0	0
Trace-_2_5	39951	53.301000	144.876000	0.003626	0	0	0	0
Trace-_2_5	39951	53.354000	144.790000	0.003624	0	0	0	0
Trace-_2_5	39997	54.265000	146.123000	0.003653	0	0	0	0
Trace-_2_5	39997	54.500000	146.552000	0.003664	0	0	0	0
Trace-_2_5	39997	52.869000	144.098000	0.003603	0	0	0	0
Trace-_2_5	40052	53.638000	145.456000	0.003632	0	0	0	0
Trace-_2_5	40052	53.329000	145.232000	0.003626	0	0	0	0
Trace-_2_5	40052	53.179000	144.813000	0.003616	0	0	0	0
Trace-_2_5	40175	51.726000	144.193000	0.003589	0	0	0	0
Trace-_2_5	40175	51.293000	142.918000	0.003557	0	0	0	0
Trace-_2_5	40175	51.050000	143.059000	0.003561	0	0	0	0
Trace-_2_5	40273	51.186000	143.193000	0.003556	0	0	0	0
Trace-_2_5	40273	51.781000	143.517000	0.003564	0	0	0	0
Trace-_2_5	40273	51.946000	143.680000	0.003568	0	0	0	0
Trace-_2_5	40286	53.672000	146.905000	0.003647	0	0	0	0
Trace-_2_5	40286	51.987000	144.036000	0.003575	0	0	0	0
Trace-_2_5	40286	51.787000	143.905000	0.003572	0	0	0	0
Trace-_2_5	40375	51.805000	144.105000	0.003569	0	0	0	0
Trace-_2_5	40375	51.978000	144.189000	0.003571	0	0	0	0
Trace-_2_5	40375	52.018000	143.968000	0.003566	0	0	0	0
Trace-_2_5	40393	51.609000	144.374000	0.003574	0	0	0	0
Trace-_2_5	40393	51.972000	144.283000	0.003572	0	0	0	0
Trace-_2_5	40393	51.992000	144.256000	0.003571	0	0	0	0
Trace-_2_5	40468	52.439000	145.499000	0.003595	0	0	0	0
Trace-_2_5	40468	51.323000	143.723000	0.003552	0	0	0	0
Trace-_2_5	40468	51.348000	143.347000	0.003542	0	0	0	0
Trace-_2_5	40523	52.227000	145.045000	0.003579	0	0	0	0
Trace-_2_5	40523	52.347000	145.201000	0.003583	0	0	0	0
Trace-_2_5	40523	52.197000	144.729000	0.003572	0	0	0	0
Trace-_2_5	40563	55.755000	149.652000	0.003689	0	0	0	0
Trace-_2_5	40563	51.477000	144.155000	0.003554	0	0	0	0
Trace-_2_5	40563	51.712000	144.374000	0.003559	0	0	0	0
Trace-_2_5	40971	50.704000	144.414000	0.003525	0	0	0	0
Trace-_2_5	40971	49.738000	142.775000	0.003485	0	0	0	0
Trace-_2_5	40971	50.400000	143.764000	0.003509	0	0	0	0
Trace-_2_5	40996	51.983000	145.957000	0.003560	0	0	0	0
Trace-_2_5	40996	50.635000	143.871000	0.003509	0	0	0	0
Trace-_2_5	40996	49.965000	143.417000	0.003498	0	0	0	0
Trace-_2_5	40998	49.815000	143.300000	0.003495	0	0	0	0
Trace-_2_5	40998	50.523000	143.840000	0.003508	0	0	0	0
Trace-_2_5	40998	50.226000	143.418000	0.003498	0	0	0	0
Trace-_2_5	41446	52.763000	148.033000	0.003572	0	0	0	0
Trace-_2_5	41446	51.546000	146.303000	0.003530	0	0	0	0
Trace-_2_5	41446	51.961000	146.878000	0.003544	0	0	0	0
Trace-_2_5	41525	52.181000	147.104000	0.003543	0	0	0	0
Trace-_2_5	41525	51.956000	146.489000	0.003528	0	0	0	0
Trace-_2_5	41525	52.248000	146.873000	0.003537	0	0	0	0
Trace-_2_5	41748	53.500000	149.709000	0.003586	0	0	0	0
Trace-_2_5	41748	51.890000	147.416000	0.003531	0	0	0	0
Trace-_2_5	41748	52.989000	148.455000	0.003556	0	0	0	0
Trace-_2_5	41919	52.860000	148.981000	0.003554	0	0	0	0
Trace-_2_5	41919	52.732000	148.319000	0.003538	0	0	0	0
Trace-_2_5	41919	52.191000	147.562000	0.003520	0	0	0	0
Trace-_2_5	42063	52.139000	148.348000	0.003527	0	0	0	0
Trace-_2_5	42063	52.242000	148.026000	0.003519	0	0	0	0
Trace-_2_5	42063	53.398000	150.342000	0.003574	0	0	0	0
Trace-_2_5	42419	53.972000	151.545000	0.003573	0	0	0	0
Trace-_2_5	42419	51.990000	148.496000	0.003501	0	0	0	0
Trace-_2_5	42419	52.152000	148.527000	0.003501	0	0	0	0
Trace-_2_5	42458	53.064000	149.642000	0.003524	0	0	0	0
Trace-_2_5	42458	52.905000	149.902000	0.003531	0	0	0	0
Trace-_2_5	42458	52.080000	148.854000	0.003506	0	0	0	0
Trace-_2_5	42499	52.725000	149.268000	0.003512	0	0	0	0
Trace-_2_5	42499	53.638000	151.101000	0.003555	0	0	0	0
Trace-_2_5	42499	53.065000	149.500000	0.003518	0	0	0	0
Trace-_2_5	42623	53.871000	151.437000	0.003553	0	0	0	0
Trace-_2_5	42623	52.458000	149.619000	0.003510	0	0	0	0
Trace-_2_5	42623	53.256000	150.377000	0.003528	0	0	0	0
Trace-_2_5	42667	53.367000	151.439000	0.003549	0	0	0	0
Trace-_2_5	42667	52.950000	150.174000	0.003520	0	0	0	0
Trace-_2_5	42667	53.113000	150.493000	0.003527	0	0	0	0
Trace-_2_5	42722	53.397000	150.842000	0.003531	0	0	0	0
Trace-_2_5	42722	53.019000	150.927000	0.003533	0	0	0	0
Trace-_2_5	42722	53.078000	150.825000	0.003530	0	0	0	0
Trace-_2_5	42875	54.195000	152.216000	0.003550	0	0	0	0
Trace-_2_5	42875	53.502000	151.345000	0.003530	0	0	0	0
Trace-_2_5	42875	55.170000	153.523000	0.003581	0	0	0	0
Trace-_2_5	42899	56.088000	155.031000	0.003614	0	0	0	0
Trace-_2_5	42899	53.868000	151.921000	0.003541	0	0	0	0
Trace-_2_5	42899	53.853000	151.840000	0.003539	0	0	0	0
Trace-_2_5	42955	54.339000	152.917000	0.003560	0	0	0	0
Trace-_2_5	42955	54.454000	152.344000	0.003547	0	0	0	0
Trace-_2_5	42955	53.197000	151.573000	0.003529	0	0	0	0
Trace-_2_5	43018	54.947000	153.609000	0.003571	0	0	0	0
Trace-_2_5	43018	53.482000	151.631000	0.003525	0	0	0	0
Trace-_2_5	43018	53.804000	152.512000	0.003545	0	0	0	0
Trace-_2_5	43081	53.815000	152.173000	0.003532	0	0	0	0
Trace-_2_5	43081	53.429000	151.438000	0.003515	0	0	0	0
Trace-_2_5	43081	54.284000	152.899000	0.003549	0	0	0	0
Trace-_2_5	43312	56.133000	156.051000	0.003603	0	0	0	0
Trace-_2_5	43312	53.966000	152.949000	0.003531	0	0	0	0
Trace-_2_5	43312	54.199000	152.906000	0.003530	0	0	0	0
Trace-_2_5	43440	54.395000	153.791000	0.003540	0	0	0	0
Trace-_2_5	43440	54.569000	153.369000	0.003531	0	0	0	0
Trace-_2_5	43440	53.720000	152.878000	0.003519	0	0	0	0
Trace-_2_5	43475	54.226000	153.849000	0.003539	0	0	0	0
Trace-_2_5	43475	54.330000	153.705000	0.003535	0	0	0	0
Trace-_2_5	43475	54.094000	153.545000	0.003532	0	0	0	0
Trace-_2_5	43633	54.232000	154.326000	0.003537	0	0	0	0
Trace-_2_5	43633	54.139000	153.645000	0.003521	0	0	0	0
Trace-_2_5	43633	54.511000	153.731000	0.003523	0	0	0	0
Trace-_2_5	43638	55.073000	155.976000	0.003574	0	0	0	0
Trace-_2_5	43638	54.636000	154.313000	0.003536	0	0	0	0
Trace-_2_5	43638	54.816000	154.431000	0.003539	0	0	0	0
Trace-_2_5	43966	55.448000	156.106000	0.003551	0	0	0	0
Trace-_2_5	43966	55.410000	155.424000	0.003535	0	0	0	0
Trace-_2_5	43966	54.644000	154.514000	0.003514	0	0	0	0
Trace-_2_5	43986	55.850000	157.649000	0.003584	0	0	0	0
Trace-_2_5	43986	56.378000	157.998000	0.003592	0	0	0	0
Trace-_2_5	43986	58.121000	164.432000	0.003738	0	0	0	0
Trace-_2_5	44026	58.194000	158.931000	0.003610	0	0	0	0
Trace-_2_5	44026	54.273000	154.764000	0.003515	0	0	0	0
Trace-_2_5	44026	55.291000	155.583000	0.003534	0	0	0	0
Trace-_2_5	44215	56.375000	158.132000	0.003576	0	0	0	0
Trace-_2_5	44215	54.893000	155.742000	0.003522	0	0	0	0
Trace-_2_5	44215	54.958000	155.857000	0.003525	0	0	0	0
Trace-_2_5	44349	55.128000	156.034000	0.003518	0	0	0	0
Trace-_2_5	44349	54.974000	155.433000	0.003505	0	0	0	0
Trace-_2_5	44349	55.830000	156.467000	0.003528	0	0	0	0
Trace-_2_5	44573	58.308000	160.814000	0.003608	0	0	0	0
Trace-_2_5	44573	55.137000	156.956000	0.003521	0	0	0	0
Trace-_2_5	44573	55.369000	157.113000	0.003525	0	0	0	0
Trace-_2_5	44640	57.050000	159.476000	0.003572	0	0	0	0
Trace-_2_5	44640	55.385000	157.075000	0.003519	0	0	0	0
Trace-_2_5	44640	56.395000	157.780000	0.003534	0	0	0	0
Trace-_2_5	44798	56.285000	159.203000	0.003554	0	0	0	0
Trace-_2_5	44798	55.882000	158.255000	0.003533	0	0	0	0
Trace-_2_5	44798	56.201000	158.488000	0.003538	0	0	0	0
Trace-_2_5	44833	56.091000	158.411000	0.003533	0	0	0	0
Trace-_2_5	44833	56.597000	159.352000	0.003554	0	0	0	0
Trace-_2_5	44833	56.885000	159.260000	0.003552	0	0	0	0
Trace-_2_5	44882	56.054000	159.231000	0.003548	0	0	0	0
Trace-_2_5	44882	56.913000	159.633000	0.003557	0	0	0	0
Trace-_2_5	44882	56.317000	158.845000	0.003539	0	0	0	0
Trace-_2_5	45026	56.185000	159.044000	0.003532	0	0	0	0
Trace-_2_5	45026	56.470000	159.303000	0.003538	0	0	0	0
Trace-_2_5	45026	56.987000	159.106000	0.003534	0	0	0	0
Trace-_2_5	45207	56.009000	159.621000	0.003531	0	0	0	0
Trace-_2_5	45207	55.928000	159.354000	0.003525	0	0	0	0
Trace-_2_5	45207	56.125000	159.740000	0.003534	0	0	0	0
Trace-_2_5	45401	58.157000	163.304000	0.003597	0	0	0	0
Trace-_2_5	45401	56.619000	160.078000	0.003526	0	0	0	0
Trace-_2_5	45401	55.790000	159.581000	0.003515	0	0	0	0
Trace-_2_5	45526	56.610000	160.955000	0.003535	0	0	0	0
Trace-_2_5	45526	55.527000	159.451000	0.003502	0	0	0	0
Trace-_2_5	45526	56.197000	159.545000	0.003504	0	0	0	0
Trace-_2_5	45632	57.286000	161.946000	0.003549	0	0	0	0
Trace-_2_5	45632	55.907000	160.131000	0.003509	0	0	0	0
Trace-_2_5	45632	55.454000	159.536000	0.003496	0	0	0	0
Trace-_2_5	45694	56.603000	161.059000	0.003525	0	0	0	0
Trace-_2_5	45694	55.929000	160.250000	0.003507	0	0	0	0
Trace-_2_5	45694	55.453000	159.393000	0.003488	0	0	0	0
Trace-_2_5	45779	56.794000	161.370000	0.003525	0	0	0	0
Trace-_2_5	45779	56.136000	160.705000	0.003510	0	0	0	0
Trace-_2_5	45779	56.514000	161.058000	0.003518	0	0	0	0
Trace-_2_5	45868	56.760000	162.087000	0.003534	0	0	0	0
Trace-_2_5	45868	56.722000	161.410000	0.003519	0	0	0	0
Trace-_2_5	45868	56.160000	160.536000	0.003500	0	0	0	0
Trace-_2_5	45898	57.523000	162.725000	0.003545	0	0	0	0
Trace-_2_5	45898	56.856000	161.421000	0.003517	0	0	0	0
Trace-_2_5	45898	56.116000	161.063000	0.003509	0	0	0	0
Trace-_2_5	45955	56.762000	161.549000	0.003515	0	0	0	0
Trace-_2_5	45955	57.230000	161.625000	0.003517	0	0	0	0
Trace-_2_5	45955	56.232000	161.184000	0.003507	0	0	0	0
Trace-_2_5	46009	57.754000	163.426000	0.003552	0	0	0	0
Trace-_2_5	46009	57.427000	162.571000	0.003533	0	0	0	0
Trace-_2_5	46009	57.827000	163.096000	0.003545	0	0	0	0
Trace-_2_5	46111	58.040000	164.508000	0.003568	0	0	0	0
Trace-_2_5	46111	56.780000	161.830000	0.003510	0	0	0	0
Trace-_2_5	46111	56.671000	161.704000	0.003507	0	0	0	0
Trace-_2_5	46356	61.007000	168.332000	0.003631	0	0	0	0
Trace-_2_5	46356	56.892000	162.963000	0.003515	0	0	0	0
Trace-_2_5	46356	57.050000	163.026000	0.003517	0	0	0	0
Trace-_2_5	46443	58.812000	165.836000	0.003571	0	0	0	0
Trace-_2_5	46443	57.069000	162.897000	0.003507	0	0	0	0
Trace-_2_5	46443	57.190000	162.969000	0.003509	0	0	0	0
Trace-_2_5	46470	57.318000	163.749000	0.003524	0	0	0	0
Trace-_2_5	46470	57.709000	164.079000	0.003531	0	0	0	0
Trace-_2_5	46470	57.187000	163.437000	0.003517	0	0	0	0
Trace-_2_5	46623	57.993000	164.544000	0.003529	0	0	0	0
Trace-_2_5	46623	58.098000	164.368000	0.003525	0	0	0	0
Trace-_2_5	46623	57.675000	163.846000	0.003514	0	0	0	0
Trace-_2_5	47114	59.795000	168.562000	0.003578	0	0	0	0
Trace-_2_5	47114	56.062000	163.015000	0.003460	0	0	0	0
Trace-_2_5	47114	55.818000	163.130000	0.003462	0	0	0	0
Trace-_2_5	47175	56.506000	163.944000	0.003475	0	0	0	0
Trace-_2_5	47175	56.042000	163.258000	0.003461	0	0	0	0
Trace-_2_5	47175	57.216000	164.704000	0.003491	0	0	0	0
Trace-_2_5	47179	57.411000	166.567000	0.003531	0	0	0	0
Trace-_2_5	47179	56.990000	164.189000	0.003480	0	0	0	0
Trace-_2_5	47179	57.287000	164.456000	0.003486	0	0	0	0
Trace-_2_5	47273	56.241000	163.741000	0.003464	0	0	0	0
Trace-_2_5	47273	56.934000	164.457000	0.003479	0	0	0	0
Trace-_2_5	47273	56.085000	163.556000	0.003460	0	0	0	0
Trace-_2_5	47308	57.852000	165.934000	0.003508	0	0	0	0
Trace-_2_5	47308	56.242000	163.355000	0.003453	0	0	0	0
Trace-_2_5	47308	57.000000	164.556000	0.003478	0	0	0	0
Trace-_2_5	47394	58.216000	167.221000	0.003528	0	0	0	0
Trace-_2_5	47394	56.408000	164.253000	0.003466	0	0	0	0
Trace-_2_5	47394	57.600000	166.213000	0.003507	0	0	0	0
Trace-_2_5	47419	56.368000	164.170000	0.003462	0	0	0	0
Trace-_2_5	47419	57.120000	164.372000	0.003466	0	0	0	0
Trace-_2_5	47419	57.209000	164.603000	0.003471	0	0	0	0
Trace-_2_5	47433	58.525000	167.271000	0.003526	0	0	0	0
Trace-_2_5	47433	56.506000	164.607000	0.003470	0	0	0	0
Trace-_2_5	47433	57.523000	165.490000	0.003489	0	0	0	0
