Trace-_1_5	1126
Trace-_1_5	3725
Trace-_1_5	6194
Trace-_1_5	6407
Trace-_1_5	6860
Trace-_1_5	7509
Trace-_1_5	9043
Trace-_1_5	10447
Trace-_1_5	10651
Trace-_1_5	11513
Trace-_1_5	11702
Trace-_1_5	11862
Trace-_1_5	12542
Trace-_1_5	14848
Trace-_1_5	15562
Trace-_1_5	16877
Trace-_1_5	18675
Trace-_1_5	18771
Trace-_1_5	19052
Trace-_1_5	19688
Trace-_1_5	20671
Trace-_1_5	20986
Trace-_1_5	22148
Trace-_1_5	22791
Trace-_1_5	23775
Trace-_1_5	24166
Trace-_1_5	24187
Trace-_1_5	24694
Trace-_1_5	27102
Trace-_1_5	27536
Trace-_1_5	28286
Trace-_1_5	29220
Trace-_1_5	29257
Trace-_1_5	30350
Trace-_1_5	30460
Trace-_1_5	31183
Trace-_1_5	33847
Trace-_1_5	38073
Trace-_1_5	38426
Trace-_1_5	39976
Trace-_1_5	40612
Trace-_1_5	41446
Trace-_1_5	41767
Trace-_1_5	42368
Trace-_1_5	42579
Trace-_1_5	43636
Trace-_1_5	43705
Trace-_1_5	46534
Trace-_1_5	47627
Trace-_1_5	48584
Trace-_1_5	49037
Trace-_1_5	49621
Trace-_1_5	49683
Trace-_1_5	52108
Trace-_1_5	52991
Trace-_1_5	53702
Trace-_1_5	53745
Trace-_1_5	55711
Trace-_1_5	55759
Trace-_1_5	56345
Trace-_1_5	60568
Trace-_1_5	61798
Trace-_1_5	62838
Trace-_1_5	62910
Trace-_1_5	63386
Trace-_1_5	63787
Trace-_1_5	64848
Trace-_1_5	66371
Trace-_1_5	66996
Trace-_1_5	67995
Trace-_1_5	68081
Trace-_1_5	68549
Trace-_1_5	68868
Trace-_1_5	69801
Trace-_1_5	70262
Trace-_1_5	70328
Trace-_1_5	71008
Trace-_1_5	71064
Trace-_1_5	72151
Trace-_1_5	78725
Trace-_1_5	80464
Trace-_1_5	81456
Trace-_1_5	82536
Trace-_1_5	83112
Trace-_1_5	83963
Trace-_1_5	83985
Trace-_1_5	85804
Trace-_1_5	89676
Trace-_1_5	90431
Trace-_1_5	90516
Trace-_1_5	92411
Trace-_1_5	92836
Trace-_1_5	93167
Trace-_1_5	94657
Trace-_1_5	94718
Trace-_1_5	95163
Trace-_1_5	95326
Trace-_1_5	99169
Trace-_1_5	99352
Trace-_1_5	99621
Trace-_1_5	99671
Trace-_1_5	99850
