I0729 17:13:41.798615964   40318 server_builder.cc:247]      Synchronous server. Num CQs: 1, Min pollers: 1, Max Pollers: 2147483647, CQ timeout (msec): 1000
[INFO] - Server listening on 0.0.0.0:50051
in get() NotFound: , tmp: 
Trace-_2_5|0	30	0.478000	0.015933
Trace-_2_5|1	96	1.060000	0.011042
Trace-_2_5|2	129	1.371000	0.010628
Trace-_2_5|3	131	1.425000	0.010878
Trace-_2_5|4	196	2.120000	0.010816
Trace-_2_5|5	47	0.564000	0.012000
Trace-_2_5|6	65	0.732000	0.011262
Trace-_2_5|7	29	0.367000	0.012655
Trace-_2_5|8	244	2.632000	0.010787
Trace-_2_5|9	73	0.800000	0.010959
Trace-_2_5|10	168	1.819000	0.010827
Trace-_2_5|11	21	0.273000	0.013000
Trace-_2_5|12	30	0.364000	0.012133
Trace-_2_5|13	5	0.097000	0.019400
Trace-_2_5|14	133	1.464000	0.011008
Trace-_2_5|15	77	0.854000	0.011091
Trace-_2_5|16	156	1.726000	0.011064
Trace-_2_5|17	6	0.108000	0.018000
Trace-_2_5|18	218	2.372000	0.010881
Trace-_2_5|19	112	1.230000	0.010982
Trace-_2_5|20	6	0.119000	0.019833
Trace-_2_5|21	43	0.505000	0.011744
Trace-_2_5|22	5	0.103000	0.020600
Trace-_2_5|23	24	0.307000	0.012792
Trace-_2_5|24	8	0.135000	0.016875
Trace-_2_5|25	7	0.127000	0.018143
Trace-_2_5|26	96	1.078000	0.011229
Trace-_2_5|27	269	2.978000	0.011071
Trace-_2_5|28	151	1.706000	0.011298
Trace-_2_5|29	196	2.143000	0.010934
Trace-_2_5|30	12	0.187000	0.015583
Trace-_2_5|31	61	0.739000	0.012115
Trace-_2_5|32	23	0.303000	0.013174
Trace-_2_5|33	66	0.766000	0.011606
Trace-_2_5|34	136	1.524000	0.011206
Trace-_2_5|35	27	0.352000	0.013037
Trace-_2_5|36	75	0.884000	0.011787
Trace-_2_5|37	125	1.431000	0.011448
Trace-_2_5|38	140	1.592000	0.011371
Trace-_2_5|39	172	1.927000	0.011203
Trace-_2_5|40	360	3.970000	0.011028
Trace-_2_5|41	138	1.562000	0.011319
Trace-_2_5|42	209	2.339000	0.011191
Trace-_2_5|43	38	0.474000	0.012474
Trace-_2_5|44	25	0.359000	0.014360
Trace-_2_5|45	64	0.759000	0.011859
Trace-_2_5|46	46	0.566000	0.012304
Trace-_2_5|47	265	2.963000	0.011181
Trace-_2_5|48	86	1.020000	0.011860
Trace-_2_5|49	45	0.554000	0.012311
Trace-_2_5|50	34	0.489000	0.014382
Trace-_2_5|51	169	1.936000	0.011456
Trace-_2_5|52	310	3.625000	0.011694
Trace-_2_5|53	63	0.760000	0.012063
Trace-_2_5|54	268	2.994000	0.011172
Trace-_2_5|55	13	0.223000	0.017154
Trace-_2_5|56	112	1.308000	0.011679
Trace-_2_5|57	106	1.224000	0.011547
Trace-_2_5|58	58	0.715000	0.012328
Trace-_2_5|59	314	3.489000	0.011111
Trace-_2_5|60	71	0.868000	0.012225
Trace-_2_5|61	26	0.371000	0.014269
Trace-_2_5|62	156	1.778000	0.011397
Trace-_2_5|63	106	1.242000	0.011717
Trace-_2_5|64	159	1.866000	0.011736
Trace-_2_5|65	136	1.626000	0.011956
Trace-_2_5|66	50	0.633000	0.012660
Trace-_2_5|67	134	1.534000	0.011448
Trace-_2_5|68	85	1.027000	0.012082
Trace-_2_5|69	177	2.004000	0.011322
Trace-_2_5|70	33	0.466000	0.014121
Trace-_2_5|71	5	0.149000	0.029800
Trace-_2_5|72	129	1.523000	0.011806
Trace-_2_5|73	119	1.389000	0.011672
Trace-_2_5|74	221	2.487000	0.011253
Trace-_2_5|75	59	0.752000	0.012746
Trace-_2_5|76	86	1.077000	0.012523
Trace-_2_5|77	17	0.293000	0.017235
Trace-_2_5|78	98	1.180000	0.012041
Trace-_2_5|79	180	2.077000	0.011539
Trace-_2_5|80	274	3.168000	0.011562
Trace-_2_5|81	39	0.544000	0.013949
Trace-_2_5|82	31	0.467000	0.015065
Trace-_2_5|83	14	0.264000	0.018857
Trace-_2_5|84	134	1.573000	0.011739
Trace-_2_5|85	34	0.483000	0.014206
Trace-_2_5|86	158	1.866000	0.011810
Trace-_2_5|87	16	0.288000	0.018000
Trace-_2_5|88	52	0.688000	0.013231
Trace-_2_5|89	46	0.617000	0.013413
Trace-_2_5|90	41	0.565000	0.013780
Trace-_2_5|91	22	0.357000	0.016227
Trace-_2_5|92	10	0.225000	0.022500
Trace-_2_5|93	7	0.189000	0.027000
Trace-_2_5|94	105	1.279000	0.012181
Trace-_2_5|95	148	1.802000	0.012176
Trace-_2_5|96	112	1.352000	0.012071
Trace-_2_5|97	78	1.001000	0.012833
Trace-_2_5|98	50	0.665000	0.013300
Trace-_2_5|99	103	1.255000	0.012184
Trace-_2_5|100	3	0.148000	0.049333
Trace-_2_5|101	97	1.186000	0.012227
Trace-_2_5|102	41	0.598000	0.014585
Trace-_2_5|103	250	2.872000	0.011488
Trace-_2_5|104	19	0.354000	0.018632
Trace-_2_5|105	219	2.550000	0.011644
Trace-_2_5|106	30	0.458000	0.015267
Trace-_2_5|107	405	4.580000	0.011309
Trace-_2_5|108	808	10.981000	0.013590
Trace-_2_5|109	40	1.294000	0.032350
Trace-_2_5|110	79	1.290000	0.016329
Trace-_2_5|111	6	0.326000	0.054333
Trace-_2_5|112	139	1.656000	0.011914
Trace-_2_5|113	224	2.711000	0.012103
Trace-_2_5|114	178	2.318000	0.013022
Trace-_2_5|115	107	1.345000	0.012570
Trace-_2_5|116	19	0.514000	0.027053
Trace-_2_5|117	13	0.287000	0.022077
Trace-_2_5|118	35	0.563000	0.016086
Trace-_2_5|119	19	0.388000	0.020421
Trace-_2_5|120	13	0.337000	0.025923
Trace-_2_5|121	29	0.456000	0.015724
Trace-_2_5|122	86	1.151000	0.013384
Trace-_2_5|123	36	0.565000	0.015694
Trace-_2_5|124	140	1.918000	0.013700
Trace-_2_5|125	5	0.362000	0.072400
Trace-_2_5|126	12	0.304000	0.025333
Trace-_2_5|127	6	0.246000	0.041000
Trace-_2_5|128	117	1.513000	0.012932
Trace-_2_5|129	68	0.928000	0.013647
Trace-_2_5|130	234	2.824000	0.012068
Trace-_2_5|131	280	3.312000	0.011829
Trace-_2_5|132	108	1.640000	0.015185
Trace-_2_5|133	59	0.808000	0.013695
Trace-_2_5|134	80	1.257000	0.015712
Trace-_2_5|135	102	1.307000	0.012814
Trace-_2_5|136	331	3.958000	0.011958
Trace-_2_5|137	258	3.093000	0.011988
Trace-_2_5|138	84	1.115000	0.013274
Trace-_2_5|139	230	2.769000	0.012039
Trace-_2_5|140	17	0.378000	0.022235
Trace-_2_5|141	267	3.336000	0.012494
Trace-_2_5|142	27	0.477000	0.017667
Trace-_2_5|143	12	0.492000	0.041000
Trace-_2_5|144	21	0.401000	0.019095
Trace-_2_5|145	5	0.218000	0.043600
Trace-_2_5|146	25	0.449000	0.017960
Trace-_2_5|147	98	1.305000	0.013316
Trace-_2_5|148	25	0.454000	0.018160
Trace-_2_5|149	174	2.152000	0.012368
Trace-_2_5|150	205	2.465000	0.012024
Trace-_2_5|151	29	0.546000	0.018828
Trace-_2_5|152	29	0.488000	0.016828
Trace-_2_5|153	106	1.485000	0.014009
Trace-_2_5|154	99	1.277000	0.012899
Trace-_2_5|155	74	1.083000	0.014635
Trace-_2_5|156	23	0.442000	0.019217
Trace-_2_5|157	310	3.645000	0.011758
Trace-_2_5|158	45	0.720000	0.016000
Trace-_2_5|159	134	1.681000	0.012545
Trace-_2_5|160	1	0.169000	0.169000
Trace-_2_5|161	113	1.475000	0.013053
Trace-_2_5|162	6	0.267000	0.044500
Trace-_2_5|163	181	2.213000	0.012227
Trace-_2_5|164	8	0.272000	0.034000
Trace-_2_5|165	133	1.872000	0.014075
Trace-_2_5|166	365	4.300000	0.011781
Trace-_2_5|167	168	2.276000	0.013548
Trace-_2_5|168	201	2.449000	0.012184
Trace-_2_5|169	47	0.715000	0.015213
Trace-_2_5|170	89	1.224000	0.013753
Trace-_2_5|171	148	1.870000	0.012635
Trace-_2_5|172	27	0.561000	0.020778
Trace-_2_5|173	109	1.430000	0.013119
Trace-_2_5|174	54	0.818000	0.015148
Trace-_2_5|175	105	1.427000	0.013590
Trace-_2_5|176	20	0.442000	0.022100
Trace-_2_5|177	61	0.884000	0.014492
Trace-_2_5|178	185	2.313000	0.012503
Trace-_2_5|179	226	2.784000	0.012319
Trace-_2_5|180	25	0.477000	0.019080
Trace-_2_5|181	48	0.797000	0.016604
Trace-_2_5|182	187	2.297000	0.012283
Trace-_2_5|183	6	0.274000	0.045667
Trace-_2_5|184	67	0.953000	0.014224
Trace-_2_5|185	173	2.231000	0.012896
Trace-_2_5|186	75	1.052000	0.014027
Trace-_2_5|187	25	0.533000	0.021320
Trace-_2_5|188	40	0.697000	0.017425
Trace-_2_5|189	69	0.996000	0.014435
Trace-_2_5|190	114	1.526000	0.013386
Trace-_2_5|191	41	0.669000	0.016317
Trace-_2_5|192	273	3.346000	0.012256
Trace-_2_5|193	104	1.429000	0.013740
Trace-_2_5|194	6	0.264000	0.044000
Trace-_2_5|195	84	1.160000	0.013810
Trace-_2_5|196	179	2.210000	0.012346
Trace-_2_5|197	92	1.239000	0.013467
Trace-_2_5|198	88	1.229000	0.013966
Trace-_2_5|199	183	2.525000	0.013798
Trace-_2_5|200	93	1.494000	0.016065
Trace-_2_5|201	259	3.198000	0.012347
Trace-_2_5|202	345	4.217000	0.012223
Trace-_2_5|203	112	1.563000	0.013955
Trace-_2_5|204	131	1.775000	0.013550
Trace-_2_5|205	30	0.547000	0.018233
Trace-_2_5|206	104	1.418000	0.013635
Trace-_2_5|207	63	0.975000	0.015476
Trace-_2_5|208	74	1.069000	0.014446
Trace-_2_5|209	162	2.067000	0.012759
Trace-_2_5|210	91	1.246000	0.013692
Trace-_2_5|211	216	2.737000	0.012671
Trace-_2_5|212	174	2.170000	0.012471
Trace-_2_5|213	326	3.938000	0.012080
Trace-_2_5|214	57	0.882000	0.015474
Trace-_2_5|215	16	0.409000	0.025562
Trace-_2_5|216	90	1.227000	0.013633
Trace-_2_5|217	67	0.987000	0.014731
Trace-_2_5|218	304	3.764000	0.012382
Trace-_2_5|219	121	1.645000	0.013595
Trace-_2_5|220	23	0.495000	0.021522
Trace-_2_5|221	36	0.623000	0.017306
Trace-_2_5|222	69	1.013000	0.014681
Trace-_2_5|223	128	1.662000	0.012984
Trace-_2_5|224	267	3.333000	0.012483
Trace-_2_5|225	9	0.647000	0.071889
Trace-_2_5|226	213	2.628000	0.012338
Trace-_2_5|227	10	0.397000	0.039700
Trace-_2_5|228	16	0.450000	0.028125
Trace-_2_5|229	269	3.281000	0.012197
Trace-_2_5|230	36	0.651000	0.018083
Trace-_2_5|231	91	1.266000	0.013912
Trace-_2_5|232	54	0.882000	0.016333
Trace-_2_5|233	28	0.607000	0.021679
Trace-_2_5|234	102	1.384000	0.013569
Trace-_2_5|235	43	0.791000	0.018395
Trace-_2_5|236	15	0.422000	0.028133
Trace-_2_5|237	91	1.266000	0.013912
Trace-_2_5|238	57	0.898000	0.015754
Trace-_2_5|239	32	0.667000	0.020844
Trace-_2_5|240	20	0.461000	0.023050
Trace-_2_5|241	5	0.299000	0.059800
Trace-_2_5|242	69	1.064000	0.015420
Trace-_2_5|243	46	1.097000	0.023848
Trace-_2_5|244	238	2.913000	0.012239
Trace-_2_5|245	192	2.390000	0.012448
Trace-_2_5|246	40	0.766000	0.019150
Trace-_2_5|247	47	0.854000	0.018170
Trace-_2_5|248	14	0.419000	0.029929
Trace-_2_5|249	32	0.599000	0.018719
Trace-_2_5|250	84	1.189000	0.014155
Trace-_2_5|251	32	0.668000	0.020875
Trace-_2_5|252	176	2.200000	0.012500
Trace-_2_5|253	118	1.903000	0.016127
Trace-_2_5|254	227	2.761000	0.012163
Trace-_2_5|255	540	7.047000	0.013050
Trace-_2_5|256	203	2.699000	0.013296
Trace-_2_5|257	108	1.559000	0.014435
Trace-_2_5|258	69	1.029000	0.014913
Trace-_2_5|259	57	0.947000	0.016614
Trace-_2_5|260	26	0.593000	0.022808
Trace-_2_5|261	21	0.528000	0.025143
Trace-_2_5|262	51	0.859000	0.016843
Trace-_2_5|263	116	1.554000	0.013397
Trace-_2_5|264	15	0.422000	0.028133
Trace-_2_5|265	70	1.071000	0.015300
Trace-_2_5|266	36	0.687000	0.019083
Trace-_2_5|267	78	1.125000	0.014423
Trace-_2_5|268	213	2.706000	0.012704
Trace-_2_5|269	10	0.402000	0.040200
Trace-_2_5|270	244	2.990000	0.012254
Trace-_2_5|271	51	0.857000	0.016804
Trace-_2_5|272	165	2.120000	0.012848
Trace-_2_5|273	23	0.587000	0.025522
Trace-_2_5|274	47	0.811000	0.017255
Trace-_2_5|275	1	0.279000	0.279000
Trace-_2_5|276	244	3.139000	0.012865
Trace-_2_5|277	69	1.117000	0.016188
Trace-_2_5|278	115	1.580000	0.013739
Trace-_2_5|279	141	1.852000	0.013135
Trace-_2_5|280	157	2.110000	0.013439
Trace-_2_5|281	65	1.065000	0.016385
Trace-_2_5|282	86	1.285000	0.014942
Trace-_2_5|283	144	2.014000	0.013986
Trace-_2_5|284	57	0.924000	0.016211
Trace-_2_5|285	7	0.348000	0.049714
Trace-_2_5|286	43	0.850000	0.019767
Trace-_2_5|287	104	1.510000	0.014519
Trace-_2_5|288	1	0.275000	0.275000
Trace-_2_5|289	19	0.487000	0.025632
Trace-_2_5|290	7	0.404000	0.057714
Trace-_2_5|291	166	2.148000	0.012940
Trace-_2_5|292	25	0.636000	0.025440
Trace-_2_5|293	12	0.436000	0.036333
Trace-_2_5|294	14	0.438000	0.031286
Trace-_2_5|295	26	0.614000	0.023615
Trace-_2_5|296	86	1.254000	0.014581
Trace-_2_5|297	235	2.949000	0.012549
Trace-_2_5|298	96	1.415000	0.014740
Trace-_2_5|299	78	1.176000	0.015077
Trace-_2_5|300	110	1.565000	0.014227
Trace-_2_5|301	28	0.612000	0.021857
Trace-_2_5|302	69	1.225000	0.017754
Trace-_2_5|303	47	0.881000	0.018745
Trace-_2_5|304	62	1.033000	0.016661
Trace-_2_5|305	18	0.507000	0.028167
Trace-_2_5|306	27	0.611000	0.022630
Trace-_2_5|307	10	0.419000	0.041900
Trace-_2_5|308	54	0.917000	0.016981
Trace-_2_5|309	29	0.632000	0.021793
Trace-_2_5|310	22	0.580000	0.026364
Trace-_2_5|311	193	2.532000	0.013119
Trace-_2_5|312	16	0.512000	0.032000
Trace-_2_5|313	113	1.573000	0.013920
Trace-_2_5|314	11	0.438000	0.039818
Trace-_2_5|315	169	2.233000	0.013213
Trace-_2_5|316	170	2.290000	0.013471
Trace-_2_5|317	432	5.214000	0.012069
Trace-_2_5|318	159	2.158000	0.013572
Trace-_2_5|319	47	0.878000	0.018681
Trace-_2_5|320	10	0.439000	0.043900
Trace-_2_5|321	42	0.773000	0.018405
Trace-_2_5|322	45	0.818000	0.018178
Trace-_2_5|323	128	1.817000	0.014195
Trace-_2_5|324	22	0.634000	0.028818
Trace-_2_5|325	435	5.307000	0.012200
Trace-_2_5|326	22	0.603000	0.027409
Trace-_2_5|327	11	0.481000	0.043727
Trace-_2_5|328	924	10.770000	0.011656
Trace-_2_5|329	205	2.711000	0.013224
Trace-_2_5|330	6	0.462000	0.077000
Trace-_2_5|331	12	0.455000	0.037917
Trace-_2_5|332	31	0.663000	0.021387
Trace-_2_5|333	57	0.948000	0.016632
Trace-_2_5|334	214	2.741000	0.012808
Trace-_2_5|335	127	1.832000	0.014425
Trace-_2_5|336	73	1.152000	0.015781
Trace-_2_5|337	101	1.452000	0.014376
Trace-_2_5|338	132	1.907000	0.014447
Trace-_2_5|339	242	3.079000	0.012723
Trace-_2_5|340	13	0.497000	0.038231
Trace-_2_5|341	72	1.154000	0.016028
Trace-_2_5|342	13	0.563000	0.043308
Trace-_2_5|343	4	0.361000	0.090250
Trace-_2_5|344	16	0.523000	0.032688
Trace-_2_5|345	89	1.336000	0.015011
Trace-_2_5|346	154	2.135000	0.013864
Trace-_2_5|347	12	0.501000	0.041750
Trace-_2_5|348	776	9.921000	0.012785
Trace-_2_5|349	40	0.822000	0.020550
Trace-_2_5|350	389	4.899000	0.012594
Trace-_2_5|351	161	2.586000	0.016062
Trace-_2_5|352	52	0.917000	0.017635
Trace-_2_5|353	39	0.851000	0.021821
Trace-_2_5|354	304	3.880000	0.012763
Trace-_2_5|355	8	0.433000	0.054125
Trace-_2_5|356	322	4.017000	0.012475
Trace-_2_5|357	61	1.039000	0.017033
Trace-_2_5|358	21	0.627000	0.029857
Trace-_2_5|359	12	0.476000	0.039667
Trace-_2_5|360	219	3.346000	0.015279
Trace-_2_5|361	138	1.897000	0.013746
Trace-_2_5|362	66	2.624000	0.039758
Trace-_2_5|363	133	1.941000	0.014594
Trace-_2_5|364	142	2.054000	0.014465
Trace-_2_5|365	89	1.417000	0.015921
Trace-_2_5|366	150	2.206000	0.014707
Trace-_2_5|367	226	3.019000	0.013358
Trace-_2_5|368	50	0.922000	0.018440
Trace-_2_5|369	84	1.395000	0.016607
Trace-_2_5|370	693	8.312000	0.011994
Trace-_2_5|371	20	0.626000	0.031300
Trace-_2_5|372	127	1.832000	0.014425
Trace-_2_5|373	14	0.622000	0.044429
Trace-_2_5|374	46	0.923000	0.020065
Trace-_2_5|375	55	1.070000	0.019455
Trace-_2_5|376	123	1.848000	0.015024
Trace-_2_5|377	98	1.529000	0.015602
Trace-_2_5|378	13	0.520000	0.040000
Trace-_2_5|379	89	1.433000	0.016101
Trace-_2_5|380	18	0.606000	0.033667
Trace-_2_5|381	75	1.231000	0.016413
Trace-_2_5|382	55	0.999000	0.018164
Trace-_2_5|383	40	0.838000	0.020950
Trace-_2_5|384	408	5.172000	0.012676
Trace-_2_5|385	25	0.710000	0.028400
Trace-_2_5|386	2	0.402000	0.201000
Trace-_2_5|387	448	5.474000	0.012219
Trace-_2_5|388	79	1.404000	0.017772
Trace-_2_5|389	223	2.879000	0.012910
Trace-_2_5|390	171	2.478000	0.014491
Trace-_2_5|391	144	2.046000	0.014208
Trace-_2_5|392	356	4.533000	0.012733
Trace-_2_5|393	39	0.841000	0.021564
Trace-_2_5|394	41	0.900000	0.021951
Trace-_2_5|395	124	1.794000	0.014468
Trace-_2_5|396	44	0.886000	0.020136
Trace-_2_5|397	55	1.029000	0.018709
Trace-_2_5|398	153	2.145000	0.014020
Trace-_2_5|399	24	0.859000	0.035792
Trace-_2_5|400	56	1.103000	0.019696
Trace-_2_5|401	63	1.129000	0.017921
Trace-_2_5|402	63	1.177000	0.018683
Trace-_2_5|403	231	3.010000	0.013030
Trace-_2_5|404	128	1.836000	0.014344
Trace-_2_5|405	35	0.913000	0.026086
Trace-_2_5|406	158	2.272000	0.014380
Trace-_2_5|407	5	0.448000	0.089600
Trace-_2_5|408	328	4.164000	0.012695
Trace-_2_5|409	20	0.636000	0.031800
Trace-_2_5|410	40	0.847000	0.021175
Trace-_2_5|411	189	2.582000	0.013661
Trace-_2_5|412	134	1.960000	0.014627
Trace-_2_5|413	224	2.914000	0.013009
Trace-_2_5|414	67	1.160000	0.017313
Trace-_2_5|415	158	2.364000	0.014962
Trace-_2_5|416	35	0.865000	0.024714
Trace-_2_5|417	49	1.023000	0.020878
Trace-_2_5|418	144	2.053000	0.014257
Trace-_2_5|419	181	2.651000	0.014646
Trace-_2_5|420	194	2.601000	0.013407
Trace-_2_5|421	125	1.887000	0.015096
Trace-_2_5|422	106	1.697000	0.016009
Trace-_2_5|423	62	1.137000	0.018339
Trace-_2_5|424	85	1.389000	0.016341
Trace-_2_5|425	89	1.542000	0.017326
Trace-_2_5|426	30	0.755000	0.025167
Trace-_2_5|427	57	1.166000	0.020456
Trace-_2_5|428	54	1.091000	0.020204
Trace-_2_5|429	102	1.604000	0.015725
Trace-_2_5|430	245	3.229000	0.013180
Trace-_2_5|431	87	1.415000	0.016264
Trace-_2_5|432	27	0.726000	0.026889
Trace-_2_5|433	153	2.284000	0.014928
Trace-_2_5|434	491	6.005000	0.012230
Trace-_2_5|435	61	1.228000	0.020131
Trace-_2_5|436	4	0.556000	0.139000
Trace-_2_5|437	94	1.633000	0.017372
Trace-_2_5|438	35	1.026000	0.029314
Trace-_2_5|439	86	1.436000	0.016698
Trace-_2_5|440	25	0.766000	0.030640
Trace-_2_5|441	14	0.580000	0.041429
Trace-_2_5|442	268	3.554000	0.013261
Trace-_2_5|443	192	2.571000	0.013391
Trace-_2_5|444	71	1.288000	0.018141
Trace-_2_5|445	515	6.353000	0.012336
Trace-_2_5|446	189	2.572000	0.013608
Trace-_2_5|447	16	0.622000	0.038875
Trace-_2_5|448	91	1.630000	0.017912
Trace-_2_5|449	19	0.723000	0.038053
Trace-_2_5|450	26	0.735000	0.028269
Trace-_2_5|451	105	1.635000	0.015571
Trace-_2_5|452	76	1.464000	0.019263
Trace-_2_5|453	78	1.390000	0.017821
Trace-_2_5|454	102	1.704000	0.016706
Trace-_2_5|455	123	1.910000	0.015528
Trace-_2_5|456	24	0.730000	0.030417
Trace-_2_5|457	8	0.523000	0.065375
Trace-_2_5|458	52	1.023000	0.019673
Trace-_2_5|459	111	1.902000	0.017135
Trace-_2_5|460	4	0.549000	0.137250
Trace-_2_5|461	1	0.448000	0.448000
Trace-_2_5|462	44	1.045000	0.023750
Trace-_2_5|463	39	0.969000	0.024846
Trace-_2_5|464	40	0.977000	0.024425
Trace-_2_5|465	131	2.008000	0.015328
Trace-_2_5|466	83	1.457000	0.017554
Trace-_2_5|467	3	0.479000	0.159667
Trace-_2_5|468	55	1.141000	0.020745
Trace-_2_5|469	97	1.544000	0.015918
Trace-_2_5|470	401	5.043000	0.012576
Trace-_2_5|471	78	1.385000	0.017756
Trace-_2_5|472	268	3.680000	0.013731
Trace-_2_5|473	30	0.879000	0.029300
Trace-_2_5|474	55	1.200000	0.021818
Trace-_2_5|475	65	1.278000	0.019662
Trace-_2_5|476	27	0.887000	0.032852
Trace-_2_5|477	51	1.040000	0.020392
Trace-_2_5|478	13	0.612000	0.047077
Trace-_2_5|479	4	0.592000	0.148000
Trace-_2_5|480	233	3.110000	0.013348
Trace-_2_5|481	119	2.054000	0.017261
Trace-_2_5|482	47	1.142000	0.024298
Trace-_2_5|483	125	1.892000	0.015136
Trace-_2_5|484	35	1.003000	0.028657
Trace-_2_5|485	3	0.500000	0.166667
Trace-_2_5|486	15	0.630000	0.042000
Trace-_2_5|487	558	6.984000	0.012516
Trace-_2_5|488	241	3.300000	0.013693
Trace-_2_5|489	147	2.236000	0.015211
Trace-_2_5|490	18	0.838000	0.046556
Trace-_2_5|491	143	2.147000	0.015014
Trace-_2_5|492	225	3.349000	0.014884
Trace-_2_5|493	100	2.242000	0.022420
Trace-_2_5|494	74	1.332000	0.018000
Trace-_2_5|495	88	1.610000	0.018295
Trace-_2_5|496	22	0.819000	0.037227
Trace-_2_5|497	51	1.151000	0.022569
Trace-_2_5|498	169	2.652000	0.015692
Trace-_2_5|499	71	1.487000	0.020944
Trace-_2_5|500	44	0.977000	0.022205
Trace-_2_5|501	131	2.005000	0.015305
Trace-_2_5|502	119	1.998000	0.016790
Trace-_2_5|503	54	1.295000	0.023981
Trace-_2_5|504	39	0.902000	0.023128
Trace-_2_5|505	548	6.795000	0.012400
Trace-_2_5|506	37	1.093000	0.029541
Trace-_2_5|507	96	1.753000	0.018260
Trace-_2_5|508	61	1.172000	0.019213
Trace-_2_5|509	22	0.859000	0.039045
Trace-_2_5|510	175	2.548000	0.014560
Trace-_2_5|511	37	1.053000	0.028459
Trace-_2_5|512	29	0.806000	0.027793
Trace-_2_5|513	54	1.212000	0.022444
Trace-_2_5|514	76	1.459000	0.019197
Trace-_2_5|515	79	1.385000	0.017532
Trace-_2_5|516	13	0.718000	0.055231
Trace-_2_5|517	302	4.175000	0.013825
Trace-_2_5|518	155	2.419000	0.015606
Trace-_2_5|519	82	1.522000	0.018561
Trace-_2_5|520	11	0.621000	0.056455
Trace-_2_5|521	52	1.162000	0.022346
Trace-_2_5|522	132	2.140000	0.016212
Trace-_2_5|523	22	0.863000	0.039227
Trace-_2_5|524	89	1.504000	0.016899
Trace-_2_5|525	46	1.126000	0.024478
Trace-_2_5|526	116	1.799000	0.015509
Trace-_2_5|527	175	2.622000	0.014983
Trace-_2_5|528	73	1.365000	0.018699
Trace-_2_5|529	53	1.233000	0.023264
Trace-_2_5|530	47	1.118000	0.023787
Trace-_2_5|531	18	0.680000	0.037778
Trace-_2_5|532	211	2.964000	0.014047
Trace-_2_5|533	76	1.414000	0.018605
Trace-_2_5|534	44	1.137000	0.025841
Trace-_2_5|535	33	0.958000	0.029030
Trace-_2_5|536	28	0.892000	0.031857
Trace-_2_5|537	3	0.524000	0.174667
Trace-_2_5|538	16	0.788000	0.049250
Trace-_2_5|539	63	1.244000	0.019746
Trace-_2_5|540	21	0.827000	0.039381
Trace-_2_5|541	1	0.502000	0.502000
Trace-_2_5|542	40	1.086000	0.027150
Trace-_2_5|543	36	0.998000	0.027722
Trace-_2_5|544	88	1.680000	0.019091
Trace-_2_5|545	612	7.720000	0.012614
Trace-_2_5|546	35	1.022000	0.029200
Trace-_2_5|547	318	4.250000	0.013365
Trace-_2_5|548	67	1.425000	0.021269
Trace-_2_5|549	25	0.903000	0.036120
Trace-_2_5|550	37	0.949000	0.025649
Trace-_2_5|551	34	1.003000	0.029500
Trace-_2_5|552	72	1.336000	0.018556
Trace-_2_5|553	330	4.443000	0.013464
Trace-_2_5|554	204	2.943000	0.014426
Trace-_2_5|555	18	0.879000	0.048833
Trace-_2_5|556	3	0.629000	0.209667
Trace-_2_5|557	81	1.419000	0.017519
Trace-_2_5|558	10	0.639000	0.063900
Trace-_2_5|559	98	1.623000	0.016561
Trace-_2_5|560	167	2.707000	0.016210
Trace-_2_5|561	29	0.857000	0.029552
Trace-_2_5|562	254	3.541000	0.013941
Trace-_2_5|563	200	2.835000	0.014175
Trace-_2_5|564	68	1.321000	0.019426
Trace-_2_5|565	19	0.909000	0.047842
Trace-_2_5|566	123	1.991000	0.016187
Trace-_2_5|567	96	1.698000	0.017687
Trace-_2_5|568	36	0.988000	0.027444
Trace-_2_5|569	2	0.578000	0.289000
Trace-_2_5|570	11	0.679000	0.061727
Trace-_2_5|571	153	2.343000	0.015314
Trace-_2_5|572	29	1.023000	0.035276
Trace-_2_5|573	55	1.275000	0.023182
Trace-_2_5|574	14	0.778000	0.055571
Trace-_2_5|575	28	0.940000	0.033571
Trace-_2_5|576	83	1.559000	0.018783
Trace-_2_5|577	68	1.311000	0.019279
Trace-_2_5|578	67	1.332000	0.019881
Trace-_2_5|579	124	2.166000	0.017468
Trace-_2_5|580	93	1.731000	0.018613
Trace-_2_5|581	27	0.831000	0.030778
Trace-_2_5|582	105	1.891000	0.018010
Trace-_2_5|583	83	1.512000	0.018217
Trace-_2_5|584	94	1.772000	0.018851
Trace-_2_5|585	17	0.727000	0.042765
Trace-_2_5|586	6	0.621000	0.103500
Trace-_2_5|587	94	1.714000	0.018234
Trace-_2_5|588	94	1.614000	0.017170
Trace-_2_5|589	34	0.928000	0.027294
Trace-_2_5|590	87	1.790000	0.020575
Trace-_2_5|591	133	2.077000	0.015617
Trace-_2_5|592	253	3.554000	0.014047
Trace-_2_5|593	35	1.117000	0.031914
Trace-_2_5|594	35	1.074000	0.030686
Trace-_2_5|595	88	1.670000	0.018977
Trace-_2_5|596	149	2.384000	0.016000
Trace-_2_5|597	5	0.607000	0.121400
Trace-_2_5|598	225	3.300000	0.014667
Trace-_2_5|599	84	1.630000	0.019405
Trace-_2_5|600	59	1.343000	0.022763
Trace-_2_5|601	30	0.900000	0.030000
Trace-_2_5|602	52	1.162000	0.022346
Trace-_2_5|603	62	1.454000	0.023452
Trace-_2_5|604	168	2.638000	0.015702
Trace-_2_5|605	16	0.880000	0.055000
Trace-_2_5|606	107	1.991000	0.018607
Trace-_2_5|607	153	2.356000	0.015399
Trace-_2_5|608	103	1.942000	0.018854
Trace-_2_5|609	105	1.849000	0.017610
Trace-_2_5|610	236	3.623000	0.015352
Trace-_2_5|611	1	0.582000	0.582000
Trace-_2_5|612	158	2.550000	0.016139
Trace-_2_5|613	72	1.528000	0.021222
Trace-_2_5|614	225	3.286000	0.014604
Trace-_2_5|615	130	2.281000	0.017546
Trace-_2_5|616	102	1.963000	0.019245
Trace-_2_5|617	205	3.190000	0.015561
Trace-_2_5|618	124	2.166000	0.017468
Trace-_2_5|619	324	4.439000	0.013701
Trace-_2_5|620	18	0.797000	0.044278
Trace-_2_5|621	269	4.240000	0.015762
Trace-_2_5|622	95	1.673000	0.017611
Trace-_2_5|623	28	1.294000	0.046214
Trace-_2_5|624	36	1.034000	0.028722
Trace-_2_5|625	20	0.795000	0.039750
Trace-_2_5|626	57	1.456000	0.025544
Trace-_2_5|627	24	0.964000	0.040167
Trace-_2_5|628	16	0.918000	0.057375
Trace-_2_5|629	253	3.567000	0.014099
Trace-_2_5|630	232	3.336000	0.014379
Trace-_2_5|631	301	4.331000	0.014389
Trace-_2_5|632	5	0.653000	0.130600
Trace-_2_5|633	129	2.296000	0.017798
Trace-_2_5|634	83	1.643000	0.019795
Trace-_2_5|635	15	0.758000	0.050533
Trace-_2_5|636	128	2.726000	0.021297
Trace-_2_5|637	62	1.467000	0.023661
Trace-_2_5|638	8	0.667000	0.083375
Trace-_2_5|639	40	1.044000	0.026100
Trace-_2_5|640	28	1.094000	0.039071
Trace-_2_5|641	3	0.708000	0.236000
Trace-_2_5|642	325	4.377000	0.013468
Trace-_2_5|643	126	2.235000	0.017738
Trace-_2_5|644	36	1.089000	0.030250
Trace-_2_5|645	77	1.590000	0.020649
Trace-_2_5|646	69	1.512000	0.021913
Trace-_2_5|647	41	1.184000	0.028878
Trace-_2_5|648	148	2.312000	0.015622
Trace-_2_5|649	147	2.795000	0.019014
Trace-_2_5|650	356	5.079000	0.014267
Trace-_2_5|651	28	1.773000	0.063321
Trace-_2_5|652	177	2.811000	0.015881
Trace-_2_5|653	42	1.114000	0.026524
Trace-_2_5|654	2	0.648000	0.324000
Trace-_2_5|655	42	1.120000	0.026667
Trace-_2_5|656	1	0.639000	0.639000
Trace-_2_5|657	5	0.744000	0.148800
Trace-_2_5|658	88	1.864000	0.021182
Trace-_2_5|659	39	1.230000	0.031538
Trace-_2_5|660	55	1.387000	0.025218
Trace-_2_5|661	90	2.085000	0.023167
Trace-_2_5|662	72	1.640000	0.022778
Trace-_2_5|663	62	1.343000	0.021661
Trace-_2_5|664	73	1.624000	0.022247
Trace-_2_5|665	105	1.951000	0.018581
Trace-_2_5|666	67	1.523000	0.022731
Trace-_2_5|667	88	1.669000	0.018966
Trace-_2_5|668	243	3.459000	0.014235
Trace-_2_5|669	29	1.116000	0.038483
Trace-_2_5|670	36	1.171000	0.032528
Trace-_2_5|671	5	0.806000	0.161200
Trace-_2_5|672	13	0.879000	0.067615
Trace-_2_5|673	230	3.507000	0.015248
Trace-_2_5|674	75	1.508000	0.020107
Trace-_2_5|675	19	1.001000	0.052684
Trace-_2_5|676	450	6.666000	0.014813
Trace-_2_5|677	117	2.031000	0.017359
Trace-_2_5|678	309	4.420000	0.014304
Trace-_2_5|679	1	0.639000	0.639000
Trace-_2_5|680	23	0.919000	0.039957
Trace-_2_5|681	135	2.345000	0.017370
Trace-_2_5|682	16	0.799000	0.049938
Trace-_2_5|683	44	1.204000	0.027364
Trace-_2_5|684	17	0.887000	0.052176
Trace-_2_5|685	94	1.772000	0.018851
Trace-_2_5|686	128	2.386000	0.018641
Trace-_2_5|687	62	1.457000	0.023500
Trace-_2_5|688	11	0.888000	0.080727
Trace-_2_5|689	20	0.862000	0.043100
Trace-_2_5|690	19	0.890000	0.046842
Trace-_2_5|691	118	2.147000	0.018195
Trace-_2_5|692	46	1.313000	0.028543
Trace-_2_5|693	11	0.742000	0.067455
Trace-_2_5|694	18	0.977000	0.054278
Trace-_2_5|695	16	0.813000	0.050812
Trace-_2_5|696	49	1.349000	0.027531
Trace-_2_5|697	76	1.515000	0.019934
Trace-_2_5|698	100	1.837000	0.018370
Trace-_2_5|699	224	3.603000	0.016085
Trace-_2_5|700	11	0.933000	0.084818
Trace-_2_5|701	274	4.024000	0.014686
Trace-_2_5|702	49	1.348000	0.027510
Trace-_2_5|703	60	1.370000	0.022833
Trace-_2_5|704	137	2.284000	0.016672
Trace-_2_5|705	51	1.395000	0.027353
Trace-_2_5|706	61	1.513000	0.024803
Trace-_2_5|707	65	1.527000	0.023492
Trace-_2_5|708	160	2.514000	0.015712
Trace-_2_5|709	26	1.141000	0.043885
Trace-_2_5|710	50	1.423000	0.028460
Trace-_2_5|711	215	3.346000	0.015563
Trace-_2_5|712	8	0.925000	0.115625
Trace-_2_5|713	72	1.643000	0.022819
Trace-_2_5|714	30	1.161000	0.038700
Trace-_2_5|715	60	1.498000	0.024967
Trace-_2_5|716	320	4.432000	0.013850
Trace-_2_5|717	32	1.214000	0.037937
Trace-_2_5|718	158	2.647000	0.016753
Trace-_2_5|719	36	1.231000	0.034194
Trace-_2_5|720	256	3.721000	0.014535
Trace-_2_5|721	280	4.093000	0.014618
Trace-_2_5|722	75	1.715000	0.022867
Trace-_2_5|723	91	1.758000	0.019319
Trace-_2_5|724	7	0.917000	0.131000
Trace-_2_5|725	127	2.275000	0.017913
Trace-_2_5|726	199	3.057000	0.015362
Trace-_2_5|727	71	1.662000	0.023408
Trace-_2_5|728	47	1.381000	0.029383
Trace-_2_5|729	575	7.545000	0.013122
Trace-_2_5|730	185	2.873000	0.015530
Trace-_2_5|731	478	6.306000	0.013192
Trace-_2_5|732	15	1.049000	0.069933
Trace-_2_5|733	191	3.076000	0.016105
Trace-_2_5|734	43	1.420000	0.033023
Trace-_2_5|735	41	1.338000	0.032634
Trace-_2_5|736	365	5.084000	0.013929
Trace-_2_5|737	2	0.698000	0.349000
Trace-_2_5|738	69	1.692000	0.024522
Trace-_2_5|739	259	3.752000	0.014486
Trace-_2_5|740	220	3.283000	0.014923
Trace-_2_5|741	68	1.679000	0.024691
Trace-_2_5|742	266	3.974000	0.014940
Trace-_2_5|743	16	1.016000	0.063500
Trace-_2_5|744	80	1.794000	0.022425
Trace-_2_5|745	5	0.759000	0.151800
Trace-_2_5|746	38	1.319000	0.034711
Trace-_2_5|747	67	1.501000	0.022403
Trace-_2_5|748	53	1.527000	0.028811
Trace-_2_5|749	42	1.220000	0.029048
Trace-_2_5|750	144	2.430000	0.016875
Trace-_2_5|751	165	2.708000	0.016412
Trace-_2_5|752	225	6.062000	0.026942
Trace-_2_5|753	284	4.080000	0.014366
Trace-_2_5|754	255	3.765000	0.014765
Trace-_2_5|755	20	1.150000	0.057500
Trace-_2_5|756	113	2.096000	0.018549
Trace-_2_5|757	14	1.065000	0.076071
Trace-_2_5|758	207	3.301000	0.015947
Trace-_2_5|759	56	1.388000	0.024786
Trace-_2_5|760	9	0.850000	0.094444
Trace-_2_5|761	64	1.640000	0.025625
Trace-_2_5|762	32	1.129000	0.035281
Trace-_2_5|763	48	1.323000	0.027563
Trace-_2_5|764	22	1.144000	0.052000
Trace-_2_5|765	236	3.523000	0.014928
Trace-_2_5|766	14	1.049000	0.074929
Trace-_2_5|767	115	2.239000	0.019470
Trace-_2_5|768	62	1.552000	0.025032
Trace-_2_5|769	7	0.810000	0.115714
Trace-_2_5|770	125	2.402000	0.019216
Trace-_2_5|771	178	2.939000	0.016511
Trace-_2_5|772	223	3.362000	0.015076
Trace-_2_5|773	223	3.504000	0.015713
Trace-_2_5|774	133	2.419000	0.018188
Trace-_2_5|775	123	2.359000	0.019179
Trace-_2_5|776	38	1.269000	0.033395
Trace-_2_5|777	77	1.776000	0.023065
Trace-_2_5|778	174	3.023000	0.017374
Trace-_2_5|779	58	1.451000	0.025017
Trace-_2_5|780	10	0.897000	0.089700
Trace-_2_5|781	276	4.121000	0.014931
Trace-_2_5|782	53	1.517000	0.028623
Trace-_2_5|783	54	1.545000	0.028611
Trace-_2_5|784	17	1.079000	0.063471
Trace-_2_5|785	105	2.023000	0.019267
Trace-_2_5|786	64	1.616000	0.025250
Trace-_2_5|787	20	1.142000	0.057100
Trace-_2_5|788	59	1.566000	0.026542
Trace-_2_5|789	82	2.037000	0.024841
Trace-_2_5|790	65	1.746000	0.026862
Trace-_2_5|791	380	5.479000	0.014418
Trace-_2_5|792	151	2.645000	0.017517
Trace-_2_5|793	106	2.105000	0.019858
Trace-_2_5|794	10	1.045000	0.104500
Trace-_2_5|795	155	2.861000	0.018458
Trace-_2_5|796	128	2.390000	0.018672
Trace-_2_5|797	124	2.382000	0.019210
Trace-_2_5|798	46	1.397000	0.030370
Trace-_2_5|799	188	3.179000	0.016910
Trace-_2_5|800	11	1.056000	0.096000
Trace-_2_5|801	18	1.210000	0.067222
Trace-_2_5|802	83	1.954000	0.023542
Trace-_2_5|803	351	4.977000	0.014179
Trace-_2_5|804	148	2.709000	0.018304
Trace-_2_5|805	101	2.034000	0.020139
Trace-_2_5|806	119	2.366000	0.019882
Trace-_2_5|807	27	1.334000	0.049407
Trace-_2_5|808	162	5.911000	0.036488
Trace-_2_5|809	17	1.055000	0.062059
Trace-_2_5|810	99	2.019000	0.020394
Trace-_2_5|811	14	0.960000	0.068571
Trace-_2_5|812	64	5.015000	0.078359
Trace-_2_5|813	163	2.893000	0.017748
Trace-_2_5|814	44	1.468000	0.033364
Trace-_2_5|815	398	5.587000	0.014038
Trace-_2_5|816	352	5.008000	0.014227
Trace-_2_5|817	5	1.003000	0.200600
Trace-_2_5|818	382	5.441000	0.014243
Trace-_2_5|819	8	0.999000	0.124875
Trace-_2_5|820	234	3.810000	0.016282
Trace-_2_5|821	133	2.460000	0.018496
Trace-_2_5|822	7	1.055000	0.150714
Trace-_2_5|823	122	2.401000	0.019680
Trace-_2_5|824	30	1.187000	0.039567
Trace-_2_5|825	26	1.276000	0.049077
Trace-_2_5|826	19	1.032000	0.054316
Trace-_2_5|827	12	1.044000	0.087000
Trace-_2_5|828	113	2.199000	0.019460
Trace-_2_5|829	312	4.541000	0.014554
Trace-_2_5|830	55	1.667000	0.030309
Trace-_2_5|831	231	3.762000	0.016286
Trace-_2_5|832	83	1.958000	0.023590
Trace-_2_5|833	32	1.377000	0.043031
Trace-_2_5|834	53	1.464000	0.027623
Trace-_2_5|835	79	1.779000	0.022519
Trace-_2_5|836	115	2.383000	0.020722
Trace-_2_5|837	58	1.739000	0.029983
Trace-_2_5|838	196	3.126000	0.015949
Trace-_2_5|839	55	1.672000	0.030400
Trace-_2_5|840	95	2.098000	0.022084
Trace-_2_5|841	8	1.136000	0.142000
Trace-_2_5|842	209	3.485000	0.016675
Trace-_2_5|843	5	1.029000	0.205800
Trace-_2_5|844	78	1.928000	0.024718
Trace-_2_5|845	22	1.240000	0.056364
Trace-_2_5|846	151	2.910000	0.019272
Trace-_2_5|847	59	1.682000	0.028508
Trace-_2_5|848	94	2.094000	0.022277
Trace-_2_5|849	15	1.082000	0.072133
Trace-_2_5|850	24	1.151000	0.047958
Trace-_2_5|851	42	1.388000	0.033048
Trace-_2_5|852	45	1.546000	0.034356
Trace-_2_5|853	121	2.219000	0.018339
Trace-_2_5|854	40	1.470000	0.036750
Trace-_2_5|855	110	2.274000	0.020673
Trace-_2_5|856	108	2.252000	0.020852
Trace-_2_5|857	261	3.992000	0.015295
Trace-_2_5|858	320	4.825000	0.015078
Trace-_2_5|859	115	2.383000	0.020722
Trace-_2_5|860	257	3.925000	0.015272
Trace-_2_5|861	359	5.379000	0.014983
Trace-_2_5|862	26	1.320000	0.050769
Trace-_2_5|863	70	1.656000	0.023657
Trace-_2_5|864	38	1.262000	0.033211
Trace-_2_5|865	83	2.197000	0.026470
Trace-_2_5|866	242	3.797000	0.015690
Trace-_2_5|867	17	1.056000	0.062118
Trace-_2_5|868	186	3.075000	0.016532
Trace-_2_5|869	89	1.934000	0.021730
Trace-_2_5|870	48	1.602000	0.033375
Trace-_2_5|871	204	3.435000	0.016838
Trace-_2_5|872	10	1.129000	0.112900
Trace-_2_5|873	35	1.475000	0.042143
Trace-_2_5|874	34	1.255000	0.036912
Trace-_2_5|875	35	1.289000	0.036829
Trace-_2_5|876	45	1.571000	0.034911
Trace-_2_5|877	134	2.608000	0.019463
Trace-_2_5|878	97	2.220000	0.022887
Trace-_2_5|879	29	1.378000	0.047517
Trace-_2_5|880	120	2.458000	0.020483
Trace-_2_5|881	138	2.545000	0.018442
Trace-_2_5|882	108	2.349000	0.021750
Trace-_2_5|883	124	2.328000	0.018774
Trace-_2_5|884	131	2.441000	0.018634
Trace-_2_5|885	164	2.967000	0.018091
Trace-_2_5|886	270	4.229000	0.015663
Trace-_2_5|887	56	1.555000	0.027768
Trace-_2_5|888	180	3.231000	0.017950
Trace-_2_5|889	75	1.967000	0.026227
Trace-_2_5|890	56	1.597000	0.028518
Trace-_2_5|891	54	1.683000	0.031167
Trace-_2_5|892	18	1.210000	0.067222
Trace-_2_5|893	147	2.850000	0.019388
Trace-_2_5|894	82	1.850000	0.022561
Trace-_2_5|895	122	2.499000	0.020484
Trace-_2_5|896	16	1.254000	0.078375
Trace-_2_5|897	227	3.755000	0.016542
Trace-_2_5|898	112	2.329000	0.020795
Trace-_2_5|899	24	1.204000	0.050167
Trace-_2_5|900	201	3.525000	0.017537
Trace-_2_5|901	23	1.343000	0.058391
Trace-_2_5|902	282	4.475000	0.015869
Trace-_2_5|903	87	2.087000	0.023989
Trace-_2_5|904	143	2.711000	0.018958
Trace-_2_5|905	53	1.765000	0.033302
Trace-_2_5|906	217	3.693000	0.017018
Trace-_2_5|907	103	2.171000	0.021078
Trace-_2_5|908	31	1.288000	0.041548
Trace-_2_5|909	23	1.179000	0.051261
Trace-_2_5|910	89	2.234000	0.025101
Trace-_2_5|911	164	3.017000	0.018396
Trace-_2_5|912	1	0.926000	0.926000
Trace-_2_5|913	295	4.778000	0.016197
Trace-_2_5|914	13	1.077000	0.082846
Trace-_2_5|915	168	2.926000	0.017417
Trace-_2_5|916	16	1.096000	0.068500
Trace-_2_5|917	119	2.406000	0.020218
Trace-_2_5|918	14	1.215000	0.086786
Trace-_2_5|919	230	3.837000	0.016683
Trace-_2_5|920	69	1.728000	0.025043
Trace-_2_5|921	91	2.134000	0.023451
Trace-_2_5|922	63	1.741000	0.027635
Trace-_2_5|923	308	5.013000	0.016276
Trace-_2_5|924	68	1.759000	0.025868
Trace-_2_5|925	62	2.383000	0.038435
Trace-_2_5|926	57	1.753000	0.030754
Trace-_2_5|927	42	1.444000	0.034381
Trace-_2_5|928	20	1.184000	0.059200
Trace-_2_5|929	59	1.632000	0.027661
Trace-_2_5|930	136	2.584000	0.019000
Trace-_2_5|931	149	3.642000	0.024443
Trace-_2_5|932	22	1.250000	0.056818
Trace-_2_5|933	5	1.172000	0.234400
Trace-_2_5|934	131	2.651000	0.020237
Trace-_2_5|935	208	3.498000	0.016817
Trace-_2_5|936	25	1.262000	0.050480
Trace-_2_5|937	180	3.215000	0.017861
Trace-_2_5|938	50	1.632000	0.032640
Trace-_2_5|939	430	6.230000	0.014488
Trace-_2_5|940	308	4.704000	0.015273
Trace-_2_5|941	219	3.832000	0.017498
Trace-_2_5|942	43	1.666000	0.038744
Trace-_2_5|943	91	2.117000	0.023264
Trace-_2_5|944	206	3.426000	0.016631
Trace-_2_5|945	105	2.204000	0.020990
Trace-_2_5|946	4	1.103000	0.275750
Trace-_2_5|947	31	1.400000	0.045161
Trace-_2_5|948	172	3.020000	0.017558
Trace-_2_5|949	83	2.136000	0.025735
Trace-_2_5|950	20	1.235000	0.061750
Trace-_2_5|951	37	1.561000	0.042189
in get() NotFound: , tmp: 
Trace-_1_5|0	1127	15.043000	0.013348
Trace-_1_5|1	2599	27.265000	0.010491
Trace-_1_5|2	2469	18.246000	0.007390
Trace-_1_5|3	213	2.609000	0.012249
Trace-_1_5|4	453	5.466000	0.012066
Trace-_1_5|5	649	7.842000	0.012083
Trace-_1_5|6	1534	19.943000	0.013001
Trace-_1_5|7	1404	18.096000	0.012889
Trace-_1_5|8	204	2.560000	0.012549
Trace-_1_5|9	862	10.421000	0.012089
Trace-_1_5|10	189	2.356000	0.012466
Trace-_1_5|11	160	2.035000	0.012719
Trace-_1_5|12	680	8.213000	0.012078
Trace-_1_5|13	2306	20.314000	0.008809
Trace-_1_5|14	714	8.561000	0.011990
Trace-_1_5|15	1315	17.148000	0.013040
Trace-_1_5|16	1798	23.392000	0.013010
Trace-_1_5|17	96	1.376000	0.014333
Trace-_1_5|18	281	3.587000	0.012765
Trace-_1_5|19	636	7.678000	0.012072
Trace-_1_5|20	983	11.843000	0.012048
Trace-_1_5|21	315	3.928000	0.012470
Trace-_1_5|22	1162	15.138000	0.013028
Trace-_1_5|23	643	7.906000	0.012295
Trace-_1_5|24	984	11.683000	0.011873
Trace-_1_5|25	391	4.811000	0.012304
Trace-_1_5|26	21	0.486000	0.023143
Trace-_1_5|27	507	6.153000	0.012136
Trace-_1_5|28	2408	18.722000	0.007775
Trace-_1_5|29	434	5.314000	0.012244
Trace-_1_5|30	750	9.046000	0.012061
Trace-_1_5|31	934	11.154000	0.011942
Trace-_1_5|32	37	0.740000	0.020000
Trace-_1_5|33	1093	14.250000	0.013038
Trace-_1_5|34	110	1.574000	0.014309
Trace-_1_5|35	723	8.666000	0.011986
Trace-_1_5|36	2664	20.312000	0.007625
Trace-_1_5|37	4226	29.274000	0.006927
Trace-_1_5|38	353	4.582000	0.012980
Trace-_1_5|39	1550	19.901000	0.012839
Trace-_1_5|40	636	7.861000	0.012360
Trace-_1_5|41	834	10.128000	0.012144
Trace-_1_5|42	321	4.446000	0.013850
Trace-_1_5|43	601	7.555000	0.012571
Trace-_1_5|44	211	2.824000	0.013384
Trace-_1_5|45	1057	13.901000	0.013151
Trace-_1_5|46	69	1.199000	0.017377
Trace-_1_5|47	2829	19.923000	0.007042
Trace-_1_5|48	1093	14.509000	0.013274
Trace-_1_5|49	957	11.563000	0.012083
Trace-_1_5|50	453	5.863000	0.012943
Trace-_1_5|51	584	8.007000	0.013711
Trace-_1_5|52	62	1.278000	0.020613
Trace-_1_5|53	2425	21.591000	0.008904
Trace-_1_5|54	883	10.856000	0.012294
Trace-_1_5|55	711	8.916000	0.012540
Trace-_1_5|56	43	1.048000	0.024372
Trace-_1_5|57	1966	25.926000	0.013187
Trace-_1_5|58	48	1.068000	0.022250
Trace-_1_5|59	586	7.331000	0.012510
Trace-_1_5|60	4223	26.107000	0.006182
Trace-_1_5|61	1230	16.311000	0.013261
Trace-_1_5|62	1040	14.010000	0.013471
Trace-_1_5|63	72	1.591000	0.022097
Trace-_1_5|64	476	6.097000	0.012809
Trace-_1_5|65	401	5.280000	0.013167
Trace-_1_5|66	1061	14.406000	0.013578
Trace-_1_5|67	1523	20.211000	0.013271
Trace-_1_5|68	625	8.042000	0.012867
Trace-_1_5|69	999	12.365000	0.012377
Trace-_1_5|70	86	1.635000	0.019012
Trace-_1_5|71	468	6.144000	0.013128
Trace-_1_5|72	319	4.770000	0.014953
Trace-_1_5|73	933	12.033000	0.012897
Trace-_1_5|74	461	6.020000	0.013059
Trace-_1_5|75	66	1.422000	0.021545
Trace-_1_5|76	680	8.773000	0.012901
Trace-_1_5|77	56	1.472000	0.026286
Trace-_1_5|78	1087	15.449000	0.014213
Trace-_1_5|79	6574	45.346000	0.006898
Trace-_1_5|80	1739	23.117000	0.013293
Trace-_1_5|81	992	12.531000	0.012632
Trace-_1_5|82	1080	14.604000	0.013522
Trace-_1_5|83	576	7.720000	0.013403
Trace-_1_5|84	851	10.953000	0.012871
Trace-_1_5|85	22	1.205000	0.054773
Trace-_1_5|86	1819	24.076000	0.013236
Trace-_1_5|87	3872	25.945000	0.006701
Trace-_1_5|88	755	9.784000	0.012959
Trace-_1_5|89	85	2.063000	0.024271
Trace-_1_5|90	1895	24.941000	0.013161
Trace-_1_5|91	425	6.043000	0.014219
Trace-_1_5|92	331	5.049000	0.015254
Trace-_1_5|93	1490	20.168000	0.013536
Trace-_1_5|94	61	1.672000	0.027410
Trace-_1_5|95	445	6.224000	0.013987
Trace-_1_5|96	163	2.849000	0.017479
Trace-_1_5|97	3843	26.124000	0.006798
Trace-_1_5|98	183	3.296000	0.018011
Trace-_1_5|99	269	4.202000	0.015621
Trace-_1_5|100	50	1.742000	0.034840
Trace-_1_5|101	179	3.113000	0.017391
in get() NotFound: , tmp: 
Trace-_0_5|0	627	31.213000	0.049781
Trace-_0_5|1	108	0.694000	0.006426
Trace-_0_5|2	19369	99.250000	0.005124
Trace-_0_5|3	11900	56.885000	0.004780
Trace-_0_5|4	1362	18.749000	0.013766
Trace-_0_5|5	1441	19.440000	0.013491
Trace-_0_5|6	458	5.722000	0.012493
Trace-_0_5|7	1627	21.960000	0.013497
Trace-_0_5|8	9333	52.309000	0.005605
Trace-_0_5|9	10770	56.432000	0.005240
Trace-_0_5|10	1125	15.444000	0.013728
Trace-_0_5|11	8587	46.453000	0.005410
Trace-_0_5|12	2021	19.828000	0.009811
Trace-_0_5|13	3226	20.854000	0.006464
Trace-_0_5|14	20352	89.845000	0.004415
