I0804 10:59:26.334774445   10374 server_builder.cc:247]      Synchronous server. Num CQs: 1, Min pollers: 1, Max Pollers: 2147483647, CQ timeout (msec): 1000
[INFO] - Server listening on 211.87.235.87:50051
in get() NotFound: , tmp: 
Trace-_2_5|0	30	0.605000	0.020167
Trace-_2_5|1	96	1.234000	0.012854
Trace-_2_5|2	129	1.704000	0.013209
Trace-_2_5|3	131	1.707000	0.013031
Trace-_2_5|4	196	2.565000	0.013087
Trace-_2_5|5	47	0.647000	0.013766
Trace-_2_5|6	65	0.861000	0.013246
Trace-_2_5|7	29	0.415000	0.014310
Trace-_2_5|8	244	3.164000	0.012967
Trace-_2_5|9	73	0.970000	0.013288
Trace-_2_5|10	168	2.274000	0.013536
Trace-_2_5|11	21	0.335000	0.015952
Trace-_2_5|12	30	0.449000	0.014967
Trace-_2_5|13	5	0.168000	0.033600
Trace-_2_5|14	133	1.827000	0.013737
Trace-_2_5|15	77	1.039000	0.013494
Trace-_2_5|16	156	2.047000	0.013122
Trace-_2_5|17	6	0.137000	0.022833
Trace-_2_5|18	218	2.911000	0.013353
Trace-_2_5|19	112	1.531000	0.013670
Trace-_2_5|20	6	0.141000	0.023500
Trace-_2_5|21	43	0.626000	0.014558
Trace-_2_5|22	5	0.123000	0.024600
Trace-_2_5|23	24	0.374000	0.015583
Trace-_2_5|24	8	0.162000	0.020250
Trace-_2_5|25	7	0.154000	0.022000
Trace-_2_5|26	96	1.338000	0.013938
Trace-_2_5|27	269	3.571000	0.013275
Trace-_2_5|28	151	2.029000	0.013437
Trace-_2_5|29	196	2.661000	0.013577
Trace-_2_5|30	12	0.232000	0.019333
Trace-_2_5|31	61	0.863000	0.014148
Trace-_2_5|32	23	0.365000	0.015870
Trace-_2_5|33	66	0.929000	0.014076
Trace-_2_5|34	136	1.869000	0.013743
Trace-_2_5|35	27	0.424000	0.015704
Trace-_2_5|36	75	1.052000	0.014027
Trace-_2_5|37	125	1.727000	0.013816
Trace-_2_5|38	140	1.983000	0.014164
Trace-_2_5|39	172	2.344000	0.013628
Trace-_2_5|40	360	4.808000	0.013356
Trace-_2_5|41	138	1.934000	0.014014
Trace-_2_5|42	209	2.892000	0.013837
Trace-_2_5|43	38	0.577000	0.015184
Trace-_2_5|44	25	0.412000	0.016480
Trace-_2_5|45	64	0.919000	0.014359
Trace-_2_5|46	46	0.700000	0.015217
Trace-_2_5|47	265	3.585000	0.013528
Trace-_2_5|48	86	1.211000	0.014081
Trace-_2_5|49	45	0.699000	0.015533
Trace-_2_5|50	34	0.539000	0.015853
Trace-_2_5|51	169	2.292000	0.013562
Trace-_2_5|52	310	4.210000	0.013581
Trace-_2_5|53	63	0.966000	0.015333
Trace-_2_5|54	268	3.680000	0.013731
Trace-_2_5|55	13	0.273000	0.021000
Trace-_2_5|56	112	1.601000	0.014295
Trace-_2_5|57	106	1.527000	0.014406
Trace-_2_5|58	58	0.887000	0.015293
Trace-_2_5|59	314	4.327000	0.013780
Trace-_2_5|60	71	1.077000	0.015169
Trace-_2_5|61	26	0.439000	0.016885
Trace-_2_5|62	156	2.249000	0.014417
Trace-_2_5|63	106	1.568000	0.014792
Trace-_2_5|64	159	2.333000	0.014673
Trace-_2_5|65	136	2.024000	0.014882
Trace-_2_5|66	50	0.807000	0.016140
Trace-_2_5|67	134	1.951000	0.014560
Trace-_2_5|68	85	1.293000	0.015212
Trace-_2_5|69	177	2.631000	0.014864
Trace-_2_5|70	33	0.562000	0.017030
Trace-_2_5|71	5	0.176000	0.035200
Trace-_2_5|72	129	1.909000	0.014798
Trace-_2_5|73	119	1.783000	0.014983
Trace-_2_5|74	221	3.194000	0.014452
Trace-_2_5|75	59	0.911000	0.015441
Trace-_2_5|76	86	1.307000	0.015198
Trace-_2_5|77	17	0.351000	0.020647
Trace-_2_5|78	98	1.445000	0.014745
Trace-_2_5|79	180	2.591000	0.014394
Trace-_2_5|80	274	3.878000	0.014153
Trace-_2_5|81	39	0.660000	0.016923
Trace-_2_5|82	31	0.551000	0.017774
Trace-_2_5|83	14	0.306000	0.021857
Trace-_2_5|84	134	1.952000	0.014567
Trace-_2_5|85	34	0.614000	0.018059
Trace-_2_5|86	158	2.283000	0.014449
Trace-_2_5|87	16	0.351000	0.021937
Trace-_2_5|88	52	0.828000	0.015923
Trace-_2_5|89	46	0.764000	0.016609
Trace-_2_5|90	41	0.681000	0.016610
Trace-_2_5|91	22	0.429000	0.019500
Trace-_2_5|92	10	0.265000	0.026500
Trace-_2_5|93	7	0.212000	0.030286
Trace-_2_5|94	105	1.571000	0.014962
Trace-_2_5|95	148	2.217000	0.014980
Trace-_2_5|96	112	1.703000	0.015205
Trace-_2_5|97	78	1.217000	0.015603
Trace-_2_5|98	50	0.840000	0.016800
Trace-_2_5|99	103	1.630000	0.015825
Trace-_2_5|100	3	0.181000	0.060333
Trace-_2_5|101	97	1.502000	0.015485
Trace-_2_5|102	41	0.731000	0.017829
Trace-_2_5|103	250	3.696000	0.014784
Trace-_2_5|104	19	0.657000	0.034579
Trace-_2_5|105	219	3.368000	0.015379
Trace-_2_5|106	30	0.589000	0.019633
Trace-_2_5|107	405	5.907000	0.014585
Trace-_2_5|108	808	11.545000	0.014288
Trace-_2_5|109	40	0.889000	0.022225
Trace-_2_5|110	79	1.289000	0.016316
Trace-_2_5|111	6	0.234000	0.039000
Trace-_2_5|112	139	2.940000	0.021151
Trace-_2_5|113	224	3.453000	0.015415
Trace-_2_5|114	178	2.694000	0.015135
Trace-_2_5|115	107	3.151000	0.029449
Trace-_2_5|116	19	0.479000	0.025211
Trace-_2_5|117	13	0.324000	0.024923
Trace-_2_5|118	35	0.671000	0.019171
Trace-_2_5|119	19	0.695000	0.036579
Trace-_2_5|120	13	0.346000	0.026615
Trace-_2_5|121	29	0.556000	0.019172
Trace-_2_5|122	86	1.351000	0.015709
Trace-_2_5|123	36	0.676000	0.018778
Trace-_2_5|124	140	2.439000	0.017421
Trace-_2_5|125	5	0.225000	0.045000
Trace-_2_5|126	12	0.312000	0.026000
Trace-_2_5|127	6	0.240000	0.040000
Trace-_2_5|128	117	1.760000	0.015043
Trace-_2_5|129	68	1.277000	0.018779
Trace-_2_5|130	234	3.765000	0.016090
Trace-_2_5|131	280	4.108000	0.014671
Trace-_2_5|132	108	1.643000	0.015213
Trace-_2_5|133	59	1.182000	0.020034
Trace-_2_5|134	80	1.298000	0.016225
Trace-_2_5|135	102	1.583000	0.015520
Trace-_2_5|136	331	4.967000	0.015006
Trace-_2_5|137	258	3.904000	0.015132
Trace-_2_5|138	84	1.326000	0.015786
Trace-_2_5|139	230	3.381000	0.014700
Trace-_2_5|140	17	0.404000	0.023765
Trace-_2_5|141	267	3.891000	0.014573
Trace-_2_5|142	27	0.581000	0.021519
Trace-_2_5|143	12	0.335000	0.027917
Trace-_2_5|144	21	0.498000	0.023714
Trace-_2_5|145	5	0.243000	0.048600
Trace-_2_5|146	25	0.502000	0.020080
Trace-_2_5|147	98	1.535000	0.015663
Trace-_2_5|148	25	0.710000	0.028400
Trace-_2_5|149	174	2.625000	0.015086
Trace-_2_5|150	205	3.189000	0.015556
Trace-_2_5|151	29	0.604000	0.020828
Trace-_2_5|152	29	0.601000	0.020724
Trace-_2_5|153	106	1.666000	0.015717
Trace-_2_5|154	99	1.596000	0.016121
Trace-_2_5|155	74	1.233000	0.016662
Trace-_2_5|156	23	0.509000	0.022130
Trace-_2_5|157	310	4.532000	0.014619
Trace-_2_5|158	45	0.801000	0.017800
Trace-_2_5|159	134	1.996000	0.014896
Trace-_2_5|160	1	0.184000	0.184000
Trace-_2_5|161	113	1.865000	0.016504
Trace-_2_5|162	6	0.295000	0.049167
Trace-_2_5|163	181	2.792000	0.015425
Trace-_2_5|164	8	0.318000	0.039750
Trace-_2_5|165	133	2.043000	0.015361
Trace-_2_5|166	365	5.527000	0.015142
Trace-_2_5|167	168	2.693000	0.016030
Trace-_2_5|168	201	2.995000	0.014900
Trace-_2_5|169	47	0.956000	0.020340
Trace-_2_5|170	89	1.475000	0.016573
Trace-_2_5|171	148	2.209000	0.014926
Trace-_2_5|172	27	0.619000	0.022926
Trace-_2_5|173	109	1.727000	0.015844
Trace-_2_5|174	54	0.955000	0.017685
Trace-_2_5|175	105	1.671000	0.015914
Trace-_2_5|176	20	0.496000	0.024800
Trace-_2_5|177	61	1.115000	0.018279
Trace-_2_5|178	185	2.793000	0.015097
Trace-_2_5|179	226	3.390000	0.015000
Trace-_2_5|180	25	0.568000	0.022720
Trace-_2_5|181	48	0.869000	0.018104
Trace-_2_5|182	187	2.846000	0.015219
Trace-_2_5|183	6	0.296000	0.049333
Trace-_2_5|184	67	1.239000	0.018493
Trace-_2_5|185	173	2.588000	0.014960
Trace-_2_5|186	75	1.243000	0.016573
Trace-_2_5|187	25	0.599000	0.023960
Trace-_2_5|188	40	0.791000	0.019775
Trace-_2_5|189	69	1.154000	0.016725
Trace-_2_5|190	114	1.800000	0.015789
Trace-_2_5|191	41	0.811000	0.019780
Trace-_2_5|192	273	4.000000	0.014652
Trace-_2_5|193	104	1.644000	0.015808
Trace-_2_5|194	6	0.332000	0.055333
Trace-_2_5|195	84	1.362000	0.016214
Trace-_2_5|196	179	2.947000	0.016464
Trace-_2_5|197	92	1.519000	0.016511
Trace-_2_5|198	88	1.451000	0.016489
Trace-_2_5|199	183	2.755000	0.015055
Trace-_2_5|200	93	1.740000	0.018710
Trace-_2_5|201	259	3.831000	0.014792
Trace-_2_5|202	345	4.974000	0.014417
Trace-_2_5|203	112	1.796000	0.016036
Trace-_2_5|204	131	2.004000	0.015298
Trace-_2_5|205	30	0.643000	0.021433
Trace-_2_5|206	104	1.652000	0.015885
Trace-_2_5|207	63	1.148000	0.018222
Trace-_2_5|208	74	1.279000	0.017284
Trace-_2_5|209	162	2.449000	0.015117
Trace-_2_5|210	91	1.480000	0.016264
Trace-_2_5|211	216	3.313000	0.015338
Trace-_2_5|212	174	2.667000	0.015328
Trace-_2_5|213	326	4.789000	0.014690
Trace-_2_5|214	57	1.077000	0.018895
Trace-_2_5|215	16	0.476000	0.029750
Trace-_2_5|216	90	1.488000	0.016533
Trace-_2_5|217	67	1.189000	0.017746
Trace-_2_5|218	304	4.495000	0.014786
Trace-_2_5|219	121	2.133000	0.017628
Trace-_2_5|220	23	0.591000	0.025696
Trace-_2_5|221	36	0.740000	0.020556
Trace-_2_5|222	69	1.219000	0.017667
Trace-_2_5|223	128	1.994000	0.015578
Trace-_2_5|224	267	3.983000	0.014918
Trace-_2_5|225	9	0.365000	0.040556
Trace-_2_5|226	213	3.208000	0.015061
Trace-_2_5|227	10	0.469000	0.046900
Trace-_2_5|228	16	0.480000	0.030000
Trace-_2_5|229	269	4.007000	0.014896
Trace-_2_5|230	36	0.781000	0.021694
Trace-_2_5|231	91	1.563000	0.017176
Trace-_2_5|232	54	1.024000	0.018963
Trace-_2_5|233	28	0.648000	0.023143
Trace-_2_5|234	102	1.687000	0.016539
Trace-_2_5|235	43	0.864000	0.020093
Trace-_2_5|236	15	0.541000	0.036067
Trace-_2_5|237	91	1.503000	0.016516
Trace-_2_5|238	57	1.056000	0.018526
Trace-_2_5|239	32	0.736000	0.023000
Trace-_2_5|240	20	0.831000	0.041550
Trace-_2_5|241	5	0.558000	0.111600
Trace-_2_5|242	69	1.231000	0.017841
Trace-_2_5|243	46	0.961000	0.020891
Trace-_2_5|244	238	3.544000	0.014891
Trace-_2_5|245	192	2.973000	0.015484
Trace-_2_5|246	40	0.835000	0.020875
Trace-_2_5|247	47	0.972000	0.020681
Trace-_2_5|248	14	0.518000	0.037000
Trace-_2_5|249	32	0.705000	0.022031
Trace-_2_5|250	84	1.423000	0.016940
Trace-_2_5|251	32	0.703000	0.021969
Trace-_2_5|252	176	2.692000	0.015295
Trace-_2_5|253	118	1.951000	0.016534
Trace-_2_5|254	227	3.477000	0.015317
Trace-_2_5|255	540	8.185000	0.015157
Trace-_2_5|256	203	3.062000	0.015084
Trace-_2_5|257	108	1.834000	0.016981
Trace-_2_5|258	69	1.232000	0.017855
Trace-_2_5|259	57	1.069000	0.018754
Trace-_2_5|260	26	1.263000	0.048577
Trace-_2_5|261	21	0.595000	0.028333
Trace-_2_5|262	51	1.032000	0.020235
Trace-_2_5|263	116	1.855000	0.015991
Trace-_2_5|264	15	0.520000	0.034667
Trace-_2_5|265	70	1.250000	0.017857
Trace-_2_5|266	36	0.820000	0.022778
Trace-_2_5|267	78	1.366000	0.017513
Trace-_2_5|268	213	3.307000	0.015526
Trace-_2_5|269	10	0.452000	0.045200
Trace-_2_5|270	244	3.642000	0.014926
Trace-_2_5|271	51	0.985000	0.019314
Trace-_2_5|272	165	2.664000	0.016145
Trace-_2_5|273	23	0.611000	0.026565
Trace-_2_5|274	47	0.926000	0.019702
Trace-_2_5|275	1	0.282000	0.282000
Trace-_2_5|276	244	3.701000	0.015168
Trace-_2_5|277	69	1.333000	0.019319
Trace-_2_5|278	115	1.885000	0.016391
Trace-_2_5|279	141	2.335000	0.016560
Trace-_2_5|280	157	2.474000	0.015758
Trace-_2_5|281	65	1.269000	0.019523
Trace-_2_5|282	86	1.519000	0.017663
Trace-_2_5|283	144	2.322000	0.016125
Trace-_2_5|284	57	1.136000	0.019930
Trace-_2_5|285	7	0.395000	0.056429
Trace-_2_5|286	43	0.919000	0.021372
Trace-_2_5|287	104	1.783000	0.017144
Trace-_2_5|288	1	0.285000	0.285000
Trace-_2_5|289	19	0.616000	0.032421
Trace-_2_5|290	7	0.376000	0.053714
Trace-_2_5|291	166	2.723000	0.016404
Trace-_2_5|292	25	0.643000	0.025720
Trace-_2_5|293	12	0.483000	0.040250
Trace-_2_5|294	14	0.483000	0.034500
Trace-_2_5|295	26	0.691000	0.026577
Trace-_2_5|296	86	1.500000	0.017442
Trace-_2_5|297	235	3.572000	0.015200
Trace-_2_5|298	96	1.694000	0.017646
Trace-_2_5|299	78	1.401000	0.017962
Trace-_2_5|300	110	1.939000	0.017627
Trace-_2_5|301	28	0.687000	0.024536
Trace-_2_5|302	69	1.485000	0.021522
Trace-_2_5|303	47	0.967000	0.020574
Trace-_2_5|304	62	1.207000	0.019468
Trace-_2_5|305	18	0.588000	0.032667
Trace-_2_5|306	27	0.678000	0.025111
Trace-_2_5|307	10	0.435000	0.043500
Trace-_2_5|308	54	1.075000	0.019907
Trace-_2_5|309	29	0.776000	0.026759
Trace-_2_5|310	22	0.651000	0.029591
Trace-_2_5|311	193	2.990000	0.015492
Trace-_2_5|312	16	0.588000	0.036750
Trace-_2_5|313	113	1.890000	0.016726
Trace-_2_5|314	11	0.502000	0.045636
Trace-_2_5|315	169	2.673000	0.015817
Trace-_2_5|316	170	2.783000	0.016371
Trace-_2_5|317	432	6.336000	0.014667
Trace-_2_5|318	159	2.605000	0.016384
Trace-_2_5|319	47	0.987000	0.021000
Trace-_2_5|320	10	0.503000	0.050300
Trace-_2_5|321	42	1.369000	0.032595
Trace-_2_5|322	45	0.931000	0.020689
Trace-_2_5|323	128	2.081000	0.016258
Trace-_2_5|324	22	1.005000	0.045682
Trace-_2_5|325	435	6.354000	0.014607
Trace-_2_5|326	22	0.643000	0.029227
Trace-_2_5|327	11	0.484000	0.044000
Trace-_2_5|328	924	13.364000	0.014463
Trace-_2_5|329	205	3.180000	0.015512
Trace-_2_5|330	6	0.485000	0.080833
Trace-_2_5|331	12	0.499000	0.041583
Trace-_2_5|332	31	0.803000	0.025903
Trace-_2_5|333	57	1.179000	0.020684
Trace-_2_5|334	214	3.487000	0.016294
Trace-_2_5|335	127	2.170000	0.017087
Trace-_2_5|336	73	1.390000	0.019041
Trace-_2_5|337	101	1.732000	0.017149
Trace-_2_5|338	132	2.187000	0.016568
Trace-_2_5|339	242	3.760000	0.015537
Trace-_2_5|340	13	0.513000	0.039462
Trace-_2_5|341	72	1.389000	0.019292
Trace-_2_5|342	13	0.564000	0.043385
Trace-_2_5|343	4	0.425000	0.106250
Trace-_2_5|344	16	0.607000	0.037937
Trace-_2_5|345	89	1.678000	0.018854
Trace-_2_5|346	154	2.497000	0.016214
Trace-_2_5|347	12	0.501000	0.041750
Trace-_2_5|348	776	11.272000	0.014526
Trace-_2_5|349	40	0.941000	0.023525
Trace-_2_5|350	389	5.885000	0.015129
Trace-_2_5|351	161	2.618000	0.016261
Trace-_2_5|352	52	1.127000	0.021673
Trace-_2_5|353	39	0.903000	0.023154
Trace-_2_5|354	304	4.747000	0.015615
Trace-_2_5|355	8	0.494000	0.061750
Trace-_2_5|356	322	4.807000	0.014929
Trace-_2_5|357	61	1.217000	0.019951
Trace-_2_5|358	21	0.771000	0.036714
Trace-_2_5|359	12	0.546000	0.045500
Trace-_2_5|360	219	4.120000	0.018813
Trace-_2_5|361	138	2.269000	0.016442
Trace-_2_5|362	66	2.282000	0.034576
Trace-_2_5|363	133	2.363000	0.017767
Trace-_2_5|364	142	2.340000	0.016479
Trace-_2_5|365	89	1.716000	0.019281
Trace-_2_5|366	150	2.480000	0.016533
Trace-_2_5|367	226	3.588000	0.015876
Trace-_2_5|368	50	1.110000	0.022200
Trace-_2_5|369	84	1.559000	0.018560
Trace-_2_5|370	693	10.056000	0.014511
Trace-_2_5|371	20	0.685000	0.034250
Trace-_2_5|372	127	2.147000	0.016906
Trace-_2_5|373	14	0.607000	0.043357
Trace-_2_5|374	46	1.153000	0.025065
Trace-_2_5|375	55	1.179000	0.021436
Trace-_2_5|376	123	2.093000	0.017016
Trace-_2_5|377	98	1.815000	0.018520
Trace-_2_5|378	13	0.616000	0.047385
Trace-_2_5|379	89	1.588000	0.017843
Trace-_2_5|380	18	0.634000	0.035222
Trace-_2_5|381	75	1.617000	0.021560
Trace-_2_5|382	55	1.188000	0.021600
Trace-_2_5|383	40	0.935000	0.023375
Trace-_2_5|384	408	6.226000	0.015260
Trace-_2_5|385	25	0.744000	0.029760
Trace-_2_5|386	2	0.395000	0.197500
Trace-_2_5|387	448	6.748000	0.015063
Trace-_2_5|388	79	1.500000	0.018987
Trace-_2_5|389	223	3.645000	0.016345
Trace-_2_5|390	171	2.752000	0.016094
Trace-_2_5|391	144	2.442000	0.016958
Trace-_2_5|392	356	5.510000	0.015478
Trace-_2_5|393	39	1.044000	0.026769
Trace-_2_5|394	41	1.092000	0.026634
Trace-_2_5|395	124	2.203000	0.017766
Trace-_2_5|396	44	1.014000	0.023045
Trace-_2_5|397	55	1.181000	0.021473
Trace-_2_5|398	153	2.589000	0.016922
Trace-_2_5|399	24	0.757000	0.031542
Trace-_2_5|400	56	1.258000	0.022464
Trace-_2_5|401	63	1.316000	0.020889
Trace-_2_5|402	63	1.376000	0.021841
Trace-_2_5|403	231	3.713000	0.016074
Trace-_2_5|404	128	2.174000	0.016984
Trace-_2_5|405	35	0.905000	0.025857
Trace-_2_5|406	158	2.703000	0.017108
Trace-_2_5|407	5	0.607000	0.121400
Trace-_2_5|408	328	5.007000	0.015265
Trace-_2_5|409	20	0.693000	0.034650
Trace-_2_5|410	40	0.980000	0.024500
Trace-_2_5|411	189	3.299000	0.017455
Trace-_2_5|412	134	2.350000	0.017537
Trace-_2_5|413	224	4.703000	0.020996
Trace-_2_5|414	67	1.446000	0.021582
Trace-_2_5|415	158	3.447000	0.021816
Trace-_2_5|416	35	0.988000	0.028229
Trace-_2_5|417	49	1.132000	0.023102
Trace-_2_5|418	144	2.509000	0.017424
Trace-_2_5|419	181	3.162000	0.017470
Trace-_2_5|420	194	3.182000	0.016402
Trace-_2_5|421	125	2.337000	0.018696
Trace-_2_5|422	106	2.003000	0.018896
Trace-_2_5|423	62	1.377000	0.022210
Trace-_2_5|424	85	1.601000	0.018835
Trace-_2_5|425	89	1.786000	0.020067
Trace-_2_5|426	30	0.833000	0.027767
Trace-_2_5|427	57	1.322000	0.023193
Trace-_2_5|428	54	1.201000	0.022241
Trace-_2_5|429	102	1.840000	0.018039
Trace-_2_5|430	245	3.916000	0.015984
Trace-_2_5|431	87	1.688000	0.019402
Trace-_2_5|432	27	0.941000	0.034852
Trace-_2_5|433	153	2.638000	0.017242
Trace-_2_5|434	491	7.336000	0.014941
Trace-_2_5|435	61	1.410000	0.023115
Trace-_2_5|436	4	0.594000	0.148500
Trace-_2_5|437	94	1.756000	0.018681
Trace-_2_5|438	35	1.243000	0.035514
Trace-_2_5|439	86	1.658000	0.019279
Trace-_2_5|440	25	0.794000	0.031760
Trace-_2_5|441	14	0.722000	0.051571
Trace-_2_5|442	268	4.271000	0.015937
Trace-_2_5|443	192	3.212000	0.016729
Trace-_2_5|444	71	1.526000	0.021493
Trace-_2_5|445	515	7.638000	0.014831
Trace-_2_5|446	189	3.215000	0.017011
Trace-_2_5|447	16	0.750000	0.046875
Trace-_2_5|448	91	1.704000	0.018725
Trace-_2_5|449	19	0.796000	0.041895
Trace-_2_5|450	26	0.880000	0.033846
Trace-_2_5|451	105	2.032000	0.019352
Trace-_2_5|452	76	1.524000	0.020053
Trace-_2_5|453	78	1.559000	0.019987
Trace-_2_5|454	102	1.992000	0.019529
Trace-_2_5|455	123	2.252000	0.018309
Trace-_2_5|456	24	0.848000	0.035333
Trace-_2_5|457	8	0.561000	0.070125
Trace-_2_5|458	52	1.268000	0.024385
Trace-_2_5|459	111	2.025000	0.018243
Trace-_2_5|460	4	0.625000	0.156250
Trace-_2_5|461	1	0.464000	0.464000
Trace-_2_5|462	44	1.136000	0.025818
Trace-_2_5|463	39	0.990000	0.025385
Trace-_2_5|464	40	1.015000	0.025375
Trace-_2_5|465	131	2.483000	0.018954
Trace-_2_5|466	83	1.737000	0.020928
Trace-_2_5|467	3	0.507000	0.169000
Trace-_2_5|468	55	1.378000	0.025055
Trace-_2_5|469	97	1.868000	0.019258
Trace-_2_5|470	401	6.072000	0.015142
Trace-_2_5|471	78	1.692000	0.021692
Trace-_2_5|472	268	4.336000	0.016179
Trace-_2_5|473	30	0.974000	0.032467
Trace-_2_5|474	55	1.328000	0.024145
Trace-_2_5|475	65	1.532000	0.023569
Trace-_2_5|476	27	0.916000	0.033926
Trace-_2_5|477	51	1.260000	0.024706
Trace-_2_5|478	13	0.688000	0.052923
Trace-_2_5|479	4	0.587000	0.146750
Trace-_2_5|480	233	3.848000	0.016515
Trace-_2_5|481	119	2.239000	0.018815
Trace-_2_5|482	47	1.184000	0.025191
Trace-_2_5|483	125	2.222000	0.017776
Trace-_2_5|484	35	0.955000	0.027286
Trace-_2_5|485	3	0.739000	0.246333
Trace-_2_5|486	15	0.902000	0.060133
Trace-_2_5|487	558	8.417000	0.015084
Trace-_2_5|488	241	3.816000	0.015834
Trace-_2_5|489	147	2.657000	0.018075
Trace-_2_5|490	18	0.890000	0.049444
Trace-_2_5|491	143	2.598000	0.018168
Trace-_2_5|492	225	3.721000	0.016538
Trace-_2_5|493	100	2.002000	0.020020
Trace-_2_5|494	74	1.527000	0.020635
Trace-_2_5|495	88	1.829000	0.020784
Trace-_2_5|496	22	0.798000	0.036273
Trace-_2_5|497	51	1.299000	0.025471
Trace-_2_5|498	169	2.906000	0.017195
Trace-_2_5|499	71	1.513000	0.021310
Trace-_2_5|500	44	1.182000	0.026864
Trace-_2_5|501	131	2.318000	0.017695
Trace-_2_5|502	119	2.151000	0.018076
Trace-_2_5|503	54	1.278000	0.023667
Trace-_2_5|504	39	1.184000	0.030359
Trace-_2_5|505	548	8.284000	0.015117
Trace-_2_5|506	37	1.151000	0.031108
Trace-_2_5|507	96	1.969000	0.020510
Trace-_2_5|508	61	1.380000	0.022623
Trace-_2_5|509	22	0.931000	0.042318
Trace-_2_5|510	175	3.085000	0.017629
Trace-_2_5|511	37	1.146000	0.030973
Trace-_2_5|512	29	0.898000	0.030966
Trace-_2_5|513	54	1.358000	0.025148
Trace-_2_5|514	76	1.717000	0.022592
Trace-_2_5|515	79	1.614000	0.020430
Trace-_2_5|516	13	0.762000	0.058615
Trace-_2_5|517	302	5.002000	0.016563
Trace-_2_5|518	155	2.773000	0.017890
Trace-_2_5|519	82	1.742000	0.021244
Trace-_2_5|520	11	0.826000	0.075091
Trace-_2_5|521	52	1.297000	0.024942
Trace-_2_5|522	132	4.411000	0.033417
Trace-_2_5|523	22	0.948000	0.043091
Trace-_2_5|524	89	1.886000	0.021191
Trace-_2_5|525	46	1.236000	0.026870
Trace-_2_5|526	116	2.283000	0.019681
Trace-_2_5|527	175	2.951000	0.016863
Trace-_2_5|528	73	1.537000	0.021055
Trace-_2_5|529	53	1.419000	0.026774
Trace-_2_5|530	47	1.241000	0.026404
Trace-_2_5|531	18	0.741000	0.041167
Trace-_2_5|532	211	3.597000	0.017047
Trace-_2_5|533	76	1.707000	0.022461
Trace-_2_5|534	44	1.111000	0.025250
Trace-_2_5|535	33	1.070000	0.032424
Trace-_2_5|536	28	0.939000	0.033536
Trace-_2_5|537	3	0.548000	0.182667
Trace-_2_5|538	16	0.849000	0.053062
Trace-_2_5|539	63	1.371000	0.021762
Trace-_2_5|540	21	0.947000	0.045095
Trace-_2_5|541	1	0.513000	0.513000
Trace-_2_5|542	40	1.199000	0.029975
Trace-_2_5|543	36	1.090000	0.030278
Trace-_2_5|544	88	1.886000	0.021432
Trace-_2_5|545	612	9.469000	0.015472
Trace-_2_5|546	35	1.110000	0.031714
Trace-_2_5|547	318	4.988000	0.015686
Trace-_2_5|548	67	1.588000	0.023701
Trace-_2_5|549	25	0.856000	0.034240
Trace-_2_5|550	37	1.042000	0.028162
Trace-_2_5|551	34	1.029000	0.030265
Trace-_2_5|552	72	1.559000	0.021653
Trace-_2_5|553	330	5.517000	0.016718
Trace-_2_5|554	204	3.494000	0.017127
Trace-_2_5|555	18	0.825000	0.045833
Trace-_2_5|556	3	0.552000	0.184000
Trace-_2_5|557	81	1.788000	0.022074
Trace-_2_5|558	10	0.761000	0.076100
Trace-_2_5|559	98	1.901000	0.019398
Trace-_2_5|560	167	3.267000	0.019563
Trace-_2_5|561	29	0.953000	0.032862
Trace-_2_5|562	254	4.112000	0.016189
Trace-_2_5|563	200	3.368000	0.016840
Trace-_2_5|564	68	1.640000	0.024118
Trace-_2_5|565	19	0.827000	0.043526
Trace-_2_5|566	123	2.370000	0.019268
Trace-_2_5|567	96	1.931000	0.020115
Trace-_2_5|568	36	1.091000	0.030306
Trace-_2_5|569	2	0.574000	0.287000
Trace-_2_5|570	11	0.696000	0.063273
Trace-_2_5|571	153	2.859000	0.018686
Trace-_2_5|572	29	1.077000	0.037138
Trace-_2_5|573	55	1.323000	0.024055
Trace-_2_5|574	14	0.885000	0.063214
Trace-_2_5|575	28	1.059000	0.037821
Trace-_2_5|576	83	1.826000	0.022000
Trace-_2_5|577	68	1.581000	0.023250
Trace-_2_5|578	67	1.624000	0.024239
Trace-_2_5|579	124	2.418000	0.019500
Trace-_2_5|580	93	1.984000	0.021333
Trace-_2_5|581	27	0.958000	0.035481
Trace-_2_5|582	105	2.219000	0.021133
Trace-_2_5|583	83	1.744000	0.021012
Trace-_2_5|584	94	1.983000	0.021096
Trace-_2_5|585	17	0.938000	0.055176
Trace-_2_5|586	6	0.709000	0.118167
Trace-_2_5|587	94	1.927000	0.020500
Trace-_2_5|588	94	2.030000	0.021596
Trace-_2_5|589	34	1.188000	0.034941
Trace-_2_5|590	87	1.872000	0.021517
Trace-_2_5|591	133	2.469000	0.018564
Trace-_2_5|592	253	4.177000	0.016510
Trace-_2_5|593	35	1.069000	0.030543
Trace-_2_5|594	35	1.189000	0.033971
Trace-_2_5|595	88	1.926000	0.021886
Trace-_2_5|596	149	2.768000	0.018577
Trace-_2_5|597	5	0.779000	0.155800
Trace-_2_5|598	225	3.719000	0.016529
Trace-_2_5|599	84	1.799000	0.021417
Trace-_2_5|600	59	1.450000	0.024576
Trace-_2_5|601	30	1.005000	0.033500
Trace-_2_5|602	52	1.476000	0.028385
Trace-_2_5|603	62	1.535000	0.024758
Trace-_2_5|604	168	3.043000	0.018113
Trace-_2_5|605	16	0.902000	0.056375
Trace-_2_5|606	107	2.123000	0.019841
Trace-_2_5|607	153	2.984000	0.019503
Trace-_2_5|608	103	2.215000	0.021505
Trace-_2_5|609	105	2.171000	0.020676
Trace-_2_5|610	236	3.898000	0.016517
Trace-_2_5|611	1	0.620000	0.620000
Trace-_2_5|612	158	3.032000	0.019190
Trace-_2_5|613	72	1.595000	0.022153
Trace-_2_5|614	225	3.768000	0.016747
Trace-_2_5|615	130	2.598000	0.019985
Trace-_2_5|616	102	3.824000	0.037490
Trace-_2_5|617	205	3.460000	0.016878
Trace-_2_5|618	124	2.381000	0.019202
Trace-_2_5|619	324	5.116000	0.015790
Trace-_2_5|620	18	0.978000	0.054333
Trace-_2_5|621	269	4.448000	0.016535
Trace-_2_5|622	95	2.088000	0.021979
Trace-_2_5|623	28	1.184000	0.042286
Trace-_2_5|624	36	1.230000	0.034167
Trace-_2_5|625	20	0.936000	0.046800
Trace-_2_5|626	57	1.447000	0.025386
Trace-_2_5|627	24	0.985000	0.041042
Trace-_2_5|628	16	0.837000	0.052312
Trace-_2_5|629	253	4.286000	0.016941
Trace-_2_5|630	232	4.020000	0.017328
Trace-_2_5|631	301	5.065000	0.016827
Trace-_2_5|632	5	0.787000	0.157400
Trace-_2_5|633	129	2.637000	0.020442
Trace-_2_5|634	83	1.936000	0.023325
Trace-_2_5|635	15	0.880000	0.058667
Trace-_2_5|636	128	2.659000	0.020773
Trace-_2_5|637	62	1.606000	0.025903
Trace-_2_5|638	8	0.838000	0.104750
Trace-_2_5|639	40	1.302000	0.032550
Trace-_2_5|640	28	1.018000	0.036357
Trace-_2_5|641	3	0.771000	0.257000
Trace-_2_5|642	325	5.866000	0.018049
Trace-_2_5|643	126	2.401000	0.019056
Trace-_2_5|644	36	1.732000	0.048111
Trace-_2_5|645	77	1.825000	0.023701
Trace-_2_5|646	69	1.732000	0.025101
Trace-_2_5|647	41	1.245000	0.030366
Trace-_2_5|648	148	2.835000	0.019155
Trace-_2_5|649	147	2.841000	0.019327
Trace-_2_5|650	356	5.698000	0.016006
Trace-_2_5|651	28	1.151000	0.041107
Trace-_2_5|652	177	3.407000	0.019249
Trace-_2_5|653	42	1.343000	0.031976
Trace-_2_5|654	2	0.635000	0.317500
Trace-_2_5|655	42	1.306000	0.031095
Trace-_2_5|656	1	0.623000	0.623000
Trace-_2_5|657	5	0.846000	0.169200
Trace-_2_5|658	88	1.962000	0.022295
Trace-_2_5|659	39	1.290000	0.033077
Trace-_2_5|660	55	1.511000	0.027473
Trace-_2_5|661	90	2.007000	0.022300
Trace-_2_5|662	72	1.749000	0.024292
Trace-_2_5|663	62	1.540000	0.024839
Trace-_2_5|664	73	1.694000	0.023205
Trace-_2_5|665	105	2.180000	0.020762
Trace-_2_5|666	67	1.626000	0.024269
Trace-_2_5|667	88	1.918000	0.021795
Trace-_2_5|668	243	4.214000	0.017342
Trace-_2_5|669	29	1.725000	0.059483
Trace-_2_5|670	36	1.147000	0.031861
Trace-_2_5|671	5	0.713000	0.142600
Trace-_2_5|672	13	0.833000	0.064077
Trace-_2_5|673	230	3.878000	0.016861
Trace-_2_5|674	75	1.832000	0.024427
Trace-_2_5|675	19	0.893000	0.047000
Trace-_2_5|676	450	7.125000	0.015833
Trace-_2_5|677	117	2.275000	0.019444
Trace-_2_5|678	309	5.320000	0.017217
Trace-_2_5|679	1	0.635000	0.635000
Trace-_2_5|680	23	1.127000	0.049000
Trace-_2_5|681	135	2.521000	0.018674
Trace-_2_5|682	16	1.037000	0.064812
Trace-_2_5|683	44	1.257000	0.028568
Trace-_2_5|684	17	0.923000	0.054294
Trace-_2_5|685	94	2.142000	0.022787
Trace-_2_5|686	128	2.533000	0.019789
Trace-_2_5|687	62	1.556000	0.025097
Trace-_2_5|688	11	0.790000	0.071818
Trace-_2_5|689	20	1.002000	0.050100
Trace-_2_5|690	19	1.087000	0.057211
Trace-_2_5|691	118	2.457000	0.020822
Trace-_2_5|692	46	1.338000	0.029087
Trace-_2_5|693	11	0.969000	0.088091
Trace-_2_5|694	18	1.016000	0.056444
Trace-_2_5|695	16	1.019000	0.063687
Trace-_2_5|696	49	1.430000	0.029184
Trace-_2_5|697	76	1.709000	0.022487
Trace-_2_5|698	100	2.064000	0.020640
Trace-_2_5|699	224	3.970000	0.017723
Trace-_2_5|700	11	0.797000	0.072455
Trace-_2_5|701	274	4.686000	0.017102
Trace-_2_5|702	49	1.447000	0.029531
Trace-_2_5|703	60	1.535000	0.025583
Trace-_2_5|704	137	2.688000	0.019620
Trace-_2_5|705	51	1.557000	0.030529
Trace-_2_5|706	61	1.541000	0.025262
Trace-_2_5|707	65	1.726000	0.026554
Trace-_2_5|708	160	3.040000	0.019000
Trace-_2_5|709	26	1.311000	0.050423
Trace-_2_5|710	50	1.547000	0.030940
Trace-_2_5|711	215	3.850000	0.017907
Trace-_2_5|712	8	0.800000	0.100000
Trace-_2_5|713	72	1.824000	0.025333
Trace-_2_5|714	30	1.222000	0.040733
Trace-_2_5|715	60	1.635000	0.027250
Trace-_2_5|716	320	5.341000	0.016691
Trace-_2_5|717	32	1.261000	0.039406
Trace-_2_5|718	158	3.030000	0.019177
Trace-_2_5|719	36	1.298000	0.036056
Trace-_2_5|720	256	4.530000	0.017695
Trace-_2_5|721	280	4.635000	0.016554
Trace-_2_5|722	75	1.870000	0.024933
Trace-_2_5|723	91	2.117000	0.023264
Trace-_2_5|724	7	0.906000	0.129429
Trace-_2_5|725	127	2.677000	0.021079
Trace-_2_5|726	199	3.518000	0.017678
Trace-_2_5|727	71	1.857000	0.026155
Trace-_2_5|728	47	1.493000	0.031766
Trace-_2_5|729	575	9.128000	0.015875
Trace-_2_5|730	185	3.437000	0.018578
Trace-_2_5|731	478	7.437000	0.015559
Trace-_2_5|732	15	0.942000	0.062800
Trace-_2_5|733	191	3.411000	0.017859
Trace-_2_5|734	43	1.314000	0.030558
Trace-_2_5|735	41	1.429000	0.034854
Trace-_2_5|736	365	6.076000	0.016647
Trace-_2_5|737	2	0.698000	0.349000
Trace-_2_5|738	69	1.717000	0.024884
Trace-_2_5|739	259	4.491000	0.017340
Trace-_2_5|740	220	3.897000	0.017714
Trace-_2_5|741	68	1.712000	0.025176
Trace-_2_5|742	266	4.489000	0.016876
Trace-_2_5|743	16	1.063000	0.066437
Trace-_2_5|744	80	1.984000	0.024800
Trace-_2_5|745	5	0.785000	0.157000
Trace-_2_5|746	38	1.367000	0.035974
Trace-_2_5|747	67	1.781000	0.026582
Trace-_2_5|748	53	1.575000	0.029717
Trace-_2_5|749	42	1.326000	0.031571
Trace-_2_5|750	144	4.482000	0.031125
Trace-_2_5|751	165	3.177000	0.019255
Trace-_2_5|752	225	4.731000	0.021027
Trace-_2_5|753	284	5.020000	0.017676
Trace-_2_5|754	255	4.335000	0.017000
Trace-_2_5|755	20	1.032000	0.051600
Trace-_2_5|756	113	2.356000	0.020850
Trace-_2_5|757	14	1.063000	0.075929
Trace-_2_5|758	207	3.654000	0.017652
Trace-_2_5|759	56	1.686000	0.030107
Trace-_2_5|760	9	0.988000	0.109778
Trace-_2_5|761	64	1.962000	0.030656
Trace-_2_5|762	32	1.283000	0.040094
Trace-_2_5|763	48	1.639000	0.034146
Trace-_2_5|764	22	1.044000	0.047455
Trace-_2_5|765	236	4.202000	0.017805
Trace-_2_5|766	14	1.126000	0.080429
Trace-_2_5|767	115	2.491000	0.021661
Trace-_2_5|768	62	1.599000	0.025790
Trace-_2_5|769	7	0.834000	0.119143
Trace-_2_5|770	125	2.652000	0.021216
Trace-_2_5|771	178	3.487000	0.019590
Trace-_2_5|772	223	3.915000	0.017556
Trace-_2_5|773	223	4.157000	0.018641
Trace-_2_5|774	133	2.657000	0.019977
Trace-_2_5|775	123	2.510000	0.020407
Trace-_2_5|776	38	1.394000	0.036684
Trace-_2_5|777	77	2.014000	0.026156
Trace-_2_5|778	174	3.446000	0.019805
Trace-_2_5|779	58	1.601000	0.027603
Trace-_2_5|780	10	0.903000	0.090300
Trace-_2_5|781	276	4.655000	0.016866
Trace-_2_5|782	53	1.682000	0.031736
Trace-_2_5|783	54	1.626000	0.030111
Trace-_2_5|784	17	1.028000	0.060471
Trace-_2_5|785	105	2.250000	0.021429
Trace-_2_5|786	64	1.845000	0.028828
Trace-_2_5|787	20	1.075000	0.053750
Trace-_2_5|788	59	1.611000	0.027305
Trace-_2_5|789	82	2.178000	0.026561
Trace-_2_5|790	65	1.716000	0.026400
Trace-_2_5|791	380	6.332000	0.016663
Trace-_2_5|792	151	3.039000	0.020126
Trace-_2_5|793	106	2.454000	0.023151
Trace-_2_5|794	10	1.057000	0.105700
Trace-_2_5|795	155	2.977000	0.019206
Trace-_2_5|796	128	2.801000	0.021883
Trace-_2_5|797	124	2.671000	0.021540
Trace-_2_5|798	46	1.457000	0.031674
Trace-_2_5|799	188	3.595000	0.019122
Trace-_2_5|800	11	1.046000	0.095091
Trace-_2_5|801	18	1.176000	0.065333
Trace-_2_5|802	83	1.935000	0.023313
Trace-_2_5|803	351	6.113000	0.017416
Trace-_2_5|804	148	2.876000	0.019432
Trace-_2_5|805	101	2.370000	0.023465
Trace-_2_5|806	119	2.570000	0.021597
Trace-_2_5|807	27	1.182000	0.043778
Trace-_2_5|808	162	3.192000	0.019704
Trace-_2_5|809	17	1.155000	0.067941
Trace-_2_5|810	99	2.151000	0.021727
Trace-_2_5|811	14	1.152000	0.082286
Trace-_2_5|812	64	1.902000	0.029719
Trace-_2_5|813	163	3.295000	0.020215
Trace-_2_5|814	44	1.561000	0.035477
Trace-_2_5|815	398	6.474000	0.016266
Trace-_2_5|816	352	5.763000	0.016372
Trace-_2_5|817	5	0.990000	0.198000
Trace-_2_5|818	382	6.441000	0.016861
Trace-_2_5|819	8	0.913000	0.114125
Trace-_2_5|820	234	4.273000	0.018261
Trace-_2_5|821	133	2.801000	0.021060
Trace-_2_5|822	7	1.049000	0.149857
Trace-_2_5|823	122	2.651000	0.021730
Trace-_2_5|824	30	1.320000	0.044000
Trace-_2_5|825	26	1.159000	0.044577
Trace-_2_5|826	19	1.103000	0.058053
Trace-_2_5|827	12	1.095000	0.091250
Trace-_2_5|828	113	2.465000	0.021814
Trace-_2_5|829	312	5.591000	0.017920
Trace-_2_5|830	55	1.686000	0.030655
Trace-_2_5|831	231	4.258000	0.018433
Trace-_2_5|832	83	2.110000	0.025422
Trace-_2_5|833	32	1.261000	0.039406
Trace-_2_5|834	53	1.702000	0.032113
Trace-_2_5|835	79	2.034000	0.025747
Trace-_2_5|836	115	2.436000	0.021183
Trace-_2_5|837	58	1.656000	0.028552
Trace-_2_5|838	196	3.609000	0.018413
Trace-_2_5|839	55	1.828000	0.033236
Trace-_2_5|840	95	2.359000	0.024832
Trace-_2_5|841	8	1.068000	0.133500
Trace-_2_5|842	209	3.921000	0.018761
Trace-_2_5|843	5	1.012000	0.202400
Trace-_2_5|844	78	2.013000	0.025808
Trace-_2_5|845	22	1.295000	0.058864
Trace-_2_5|846	151	2.960000	0.019603
Trace-_2_5|847	59	1.731000	0.029339
Trace-_2_5|848	94	2.311000	0.024585
Trace-_2_5|849	15	1.044000	0.069600
Trace-_2_5|850	24	1.325000	0.055208
Trace-_2_5|851	42	1.434000	0.034143
Trace-_2_5|852	45	1.609000	0.035756
Trace-_2_5|853	121	2.757000	0.022785
Trace-_2_5|854	40	1.594000	0.039850
Trace-_2_5|855	110	2.540000	0.023091
Trace-_2_5|856	108	2.351000	0.021769
Trace-_2_5|857	261	5.542000	0.021234
Trace-_2_5|858	320	5.443000	0.017009
Trace-_2_5|859	115	3.225000	0.028043
Trace-_2_5|860	257	4.737000	0.018432
Trace-_2_5|861	359	5.925000	0.016504
Trace-_2_5|862	26	1.320000	0.050769
Trace-_2_5|863	70	1.896000	0.027086
Trace-_2_5|864	38	1.557000	0.040974
Trace-_2_5|865	83	2.261000	0.027241
Trace-_2_5|866	242	4.345000	0.017955
Trace-_2_5|867	17	1.597000	0.093941
Trace-_2_5|868	186	3.805000	0.020457
Trace-_2_5|869	89	2.168000	0.024360
Trace-_2_5|870	48	1.709000	0.035604
Trace-_2_5|871	204	3.822000	0.018735
Trace-_2_5|872	10	2.352000	0.235200
Trace-_2_5|873	35	1.528000	0.043657
Trace-_2_5|874	34	1.564000	0.046000
Trace-_2_5|875	35	0.842000	0.024057
Trace-_2_5|876	45	0.806000	0.017911
Trace-_2_5|877	134	2.733000	0.020396
Trace-_2_5|878	97	2.395000	0.024691
Trace-_2_5|879	29	1.309000	0.045138
Trace-_2_5|880	120	2.632000	0.021933
Trace-_2_5|881	138	3.036000	0.022000
Trace-_2_5|882	108	2.568000	0.023778
Trace-_2_5|883	124	2.781000	0.022427
Trace-_2_5|884	131	2.922000	0.022305
Trace-_2_5|885	164	3.148000	0.019195
Trace-_2_5|886	270	4.789000	0.017737
Trace-_2_5|887	56	1.761000	0.031446
Trace-_2_5|888	180	3.657000	0.020317
Trace-_2_5|889	75	2.140000	0.028533
Trace-_2_5|890	56	1.853000	0.033089
Trace-_2_5|891	54	1.853000	0.034315
Trace-_2_5|892	18	1.266000	0.070333
Trace-_2_5|893	147	3.118000	0.021211
Trace-_2_5|894	82	2.226000	0.027146
Trace-_2_5|895	122	2.878000	0.023590
Trace-_2_5|896	16	1.177000	0.073563
Trace-_2_5|897	227	4.695000	0.020683
Trace-_2_5|898	112	2.592000	0.023143
Trace-_2_5|899	24	1.428000	0.059500
Trace-_2_5|900	201	3.944000	0.019622
Trace-_2_5|901	23	1.328000	0.057739
Trace-_2_5|902	282	5.067000	0.017968
Trace-_2_5|903	87	2.209000	0.025391
Trace-_2_5|904	143	3.085000	0.021573
Trace-_2_5|905	53	1.806000	0.034075
Trace-_2_5|906	217	4.010000	0.018479
Trace-_2_5|907	103	2.526000	0.024524
Trace-_2_5|908	31	1.525000	0.049194
Trace-_2_5|909	23	1.357000	0.059000
Trace-_2_5|910	89	2.282000	0.025640
Trace-_2_5|911	164	3.421000	0.020860
Trace-_2_5|912	1	1.053000	1.053000
Trace-_2_5|913	295	5.183000	0.017569
Trace-_2_5|914	13	1.274000	0.098000
Trace-_2_5|915	168	3.423000	0.020375
Trace-_2_5|916	16	1.234000	0.077125
Trace-_2_5|917	119	2.712000	0.022790
Trace-_2_5|918	14	1.239000	0.088500
Trace-_2_5|919	230	4.188000	0.018209
Trace-_2_5|920	69	1.921000	0.027841
Trace-_2_5|921	91	2.236000	0.024571
Trace-_2_5|922	63	1.952000	0.030984
Trace-_2_5|923	308	5.957000	0.019341
Trace-_2_5|924	68	2.038000	0.029971
Trace-_2_5|925	62	1.872000	0.030194
Trace-_2_5|926	57	1.828000	0.032070
Trace-_2_5|927	42	1.786000	0.042524
Trace-_2_5|928	20	1.293000	0.064650
Trace-_2_5|929	59	1.809000	0.030661
Trace-_2_5|930	136	3.085000	0.022684
Trace-_2_5|931	149	3.163000	0.021228
Trace-_2_5|932	22	1.297000	0.058955
Trace-_2_5|933	5	1.026000	0.205200
Trace-_2_5|934	131	2.893000	0.022084
Trace-_2_5|935	208	4.095000	0.019688
Trace-_2_5|936	25	1.381000	0.055240
Trace-_2_5|937	180	3.717000	0.020650
Trace-_2_5|938	50	1.918000	0.038360
Trace-_2_5|939	430	7.306000	0.016991
Trace-_2_5|940	308	5.446000	0.017682
Trace-_2_5|941	219	4.026000	0.018384
Trace-_2_5|942	43	1.669000	0.038814
Trace-_2_5|943	91	2.437000	0.026780
Trace-_2_5|944	206	4.193000	0.020354
Trace-_2_5|945	105	2.796000	0.026629
Trace-_2_5|946	4	1.163000	0.290750
Trace-_2_5|947	31	1.433000	0.046226
Trace-_2_5|948	172	3.525000	0.020494
Trace-_2_5|949	83	2.080000	0.025060
Trace-_2_5|950	20	1.406000	0.070300
Trace-_2_5|951	37	1.635000	0.044189
in get() NotFound: , tmp: 
Trace-_1_5|0	1127	10.149000	0.009005
Trace-_1_5|1	2599	21.891000	0.008423
Trace-_1_5|2	2469	22.527000	0.009124
Trace-_1_5|3	213	3.102000	0.014563
Trace-_1_5|4	453	6.457000	0.014254
Trace-_1_5|5	649	9.210000	0.014191
Trace-_1_5|6	1534	23.698000	0.015449
Trace-_1_5|7	1404	22.269000	0.015861
Trace-_1_5|8	204	3.229000	0.015828
Trace-_1_5|9	862	12.629000	0.014651
Trace-_1_5|10	189	2.875000	0.015212
Trace-_1_5|11	160	2.420000	0.015125
Trace-_1_5|12	680	9.800000	0.014412
Trace-_1_5|13	2306	24.367000	0.010567
Trace-_1_5|14	714	10.408000	0.014577
Trace-_1_5|15	1315	21.089000	0.016037
Trace-_1_5|16	1798	27.467000	0.015276
Trace-_1_5|17	96	1.587000	0.016531
Trace-_1_5|18	281	4.742000	0.016875
Trace-_1_5|19	636	9.192000	0.014453
Trace-_1_5|20	983	14.284000	0.014531
Trace-_1_5|21	315	4.698000	0.014914
Trace-_1_5|22	1162	18.149000	0.015619
Trace-_1_5|23	643	9.407000	0.014630
Trace-_1_5|24	984	14.574000	0.014811
Trace-_1_5|25	391	5.838000	0.014931
Trace-_1_5|26	21	0.541000	0.025762
Trace-_1_5|27	507	7.429000	0.014653
Trace-_1_5|28	2408	21.413000	0.008892
Trace-_1_5|29	434	6.498000	0.014972
Trace-_1_5|30	750	11.038000	0.014717
Trace-_1_5|31	934	13.590000	0.014550
Trace-_1_5|32	37	0.845000	0.022838
Trace-_1_5|33	1093	18.689000	0.017099
Trace-_1_5|34	110	1.930000	0.017545
Trace-_1_5|35	723	10.671000	0.014759
Trace-_1_5|36	2664	27.377000	0.010277
Trace-_1_5|37	4226	24.787000	0.005865
Trace-_1_5|38	353	5.468000	0.015490
Trace-_1_5|39	1550	24.684000	0.015925
Trace-_1_5|40	636	9.516000	0.014962
Trace-_1_5|41	834	12.890000	0.015456
Trace-_1_5|42	321	5.605000	0.017461
Trace-_1_5|43	601	9.384000	0.015614
Trace-_1_5|44	211	3.573000	0.016934
Trace-_1_5|45	1057	17.428000	0.016488
Trace-_1_5|46	69	1.359000	0.019696
Trace-_1_5|47	2829	28.660000	0.010131
Trace-_1_5|48	1093	16.845000	0.015412
Trace-_1_5|49	957	15.777000	0.016486
Trace-_1_5|50	453	7.528000	0.016618
Trace-_1_5|51	584	9.353000	0.016015
Trace-_1_5|52	62	1.418000	0.022871
Trace-_1_5|53	2425	24.096000	0.009936
Trace-_1_5|54	883	13.837000	0.015670
Trace-_1_5|55	711	11.192000	0.015741
Trace-_1_5|56	43	1.246000	0.028977
Trace-_1_5|57	1966	31.956000	0.016254
Trace-_1_5|58	48	1.197000	0.024938
Trace-_1_5|59	586	9.277000	0.015831
Trace-_1_5|60	4223	31.149000	0.007376
Trace-_1_5|61	1230	19.385000	0.015760
Trace-_1_5|62	1040	17.227000	0.016564
Trace-_1_5|63	72	1.598000	0.022194
Trace-_1_5|64	476	7.357000	0.015456
Trace-_1_5|65	401	6.542000	0.016314
Trace-_1_5|66	1061	17.738000	0.016718
Trace-_1_5|67	1523	25.882000	0.016994
Trace-_1_5|68	625	9.609000	0.015374
Trace-_1_5|69	999	15.054000	0.015069
Trace-_1_5|70	86	1.971000	0.022919
Trace-_1_5|71	468	7.405000	0.015823
Trace-_1_5|72	319	6.442000	0.020194
Trace-_1_5|73	933	15.687000	0.016814
Trace-_1_5|74	461	8.020000	0.017397
Trace-_1_5|75	66	1.849000	0.028015
Trace-_1_5|76	680	11.921000	0.017531
Trace-_1_5|77	56	1.584000	0.028286
Trace-_1_5|78	1087	19.465000	0.017907
Trace-_1_5|79	6574	32.544000	0.004950
Trace-_1_5|80	1739	29.848000	0.017164
Trace-_1_5|81	992	16.940000	0.017077
Trace-_1_5|82	1080	18.529000	0.017156
Trace-_1_5|83	576	9.028000	0.015674
Trace-_1_5|84	851	14.110000	0.016580
Trace-_1_5|85	22	1.309000	0.059500
Trace-_1_5|86	1819	30.076000	0.016534
Trace-_1_5|87	3872	29.010000	0.007492
Trace-_1_5|88	755	12.146000	0.016087
Trace-_1_5|89	85	2.053000	0.024153
Trace-_1_5|90	1895	32.104000	0.016941
Trace-_1_5|91	425	7.041000	0.016567
Trace-_1_5|92	331	6.367000	0.019236
Trace-_1_5|93	1490	25.832000	0.017337
Trace-_1_5|94	61	2.054000	0.033672
Trace-_1_5|95	445	7.876000	0.017699
Trace-_1_5|96	163	3.518000	0.021583
Trace-_1_5|97	3843	26.497000	0.006895
Trace-_1_5|98	183	3.882000	0.021213
Trace-_1_5|99	269	4.906000	0.018238
Trace-_1_5|100	50	1.942000	0.038840
Trace-_1_5|101	179	3.707000	0.020709
in get() NotFound: , tmp: 
Trace-_0_5|0	627	15.648000	0.024957
Trace-_0_5|1	108	1.630000	0.015093
Trace-_0_5|2	19369	113.919000	0.005882
Trace-_0_5|3	11900	61.584000	0.005175
Trace-_0_5|4	1362	23.888000	0.017539
Trace-_0_5|5	1441	25.299000	0.017557
Trace-_0_5|6	458	7.036000	0.015362
Trace-_0_5|7	1627	26.539000	0.016312
Trace-_0_5|8	9333	57.993000	0.006214
Trace-_0_5|9	10770	70.114000	0.006510
Trace-_0_5|10	1125	20.535000	0.018253
Trace-_0_5|11	8587	55.340000	0.006445
Trace-_0_5|12	2021	25.940000	0.012835
Trace-_0_5|13	3226	28.864000	0.008947
Trace-_0_5|14	20352	105.459000	0.005182
