I0814 13:27:27.170340845    5740 server_builder.cc:262]      Synchronous server. Num CQs: 4, Min pollers: 1, Max Pollers: 2, CQ timeout (msec): 10000
[INFO] - Server listening on 0.0.0.0:50051
Trace-_2_5|0	30	0.269000	0.008967
Trace-_2_5|1	96	0.474000	0.004938
Trace-_2_5|2	129	0.597000	0.004628
Trace-_2_5|3	131	0.563000	0.004298
Trace-_2_5|4	196	0.653000	0.003332
Trace-_2_5|5	47	0.301000	0.006404
Trace-_2_5|6	65	0.366000	0.005631
Trace-_2_5|7	29	0.240000	0.008276
Trace-_2_5|8	244	0.946000	0.003877
Trace-_2_5|9	73	0.355000	0.004863
Trace-_2_5|10	168	0.539000	0.003208
Trace-_2_5|11	21	0.216000	0.010286
Trace-_2_5|12	30	0.264000	0.008800
Trace-_2_5|13	5	0.138000	0.027600
Trace-_2_5|14	133	0.637000	0.004789
Trace-_2_5|15	77	0.442000	0.005740
Trace-_2_5|16	156	0.785000	0.005032
Trace-_2_5|17	6	0.154000	0.025667
Trace-_2_5|18	218	0.936000	0.004294
Trace-_2_5|19	112	0.575000	0.005134
Trace-_2_5|20	6	0.162000	0.027000
Trace-_2_5|21	43	0.315000	0.007326
Trace-_2_5|22	5	0.138000	0.027600
Trace-_2_5|23	24	0.228000	0.009500
Trace-_2_5|24	8	0.150000	0.018750
Trace-_2_5|25	7	0.169000	0.024143
Trace-_2_5|26	96	0.530000	0.005521
Trace-_2_5|27	269	1.147000	0.004264
Trace-_2_5|28	151	0.712000	0.004715
Trace-_2_5|29	196	0.919000	0.004689
Trace-_2_5|30	12	0.184000	0.015333
Trace-_2_5|31	61	0.379000	0.006213
Trace-_2_5|32	23	0.233000	0.010130
Trace-_2_5|33	66	0.389000	0.005894
Trace-_2_5|34	136	0.539000	0.003963
Trace-_2_5|35	27	0.247000	0.009148
Trace-_2_5|36	75	0.438000	0.005840
Trace-_2_5|37	125	0.553000	0.004424
Trace-_2_5|38	140	0.679000	0.004850
Trace-_2_5|39	172	0.637000	0.003703
Trace-_2_5|40	360	1.435000	0.003986
Trace-_2_5|41	138	0.666000	0.004826
Trace-_2_5|42	209	0.941000	0.004502
Trace-_2_5|43	38	0.290000	0.007632
Trace-_2_5|44	25	0.248000	0.009920
Trace-_2_5|45	64	0.373000	0.005828
Trace-_2_5|46	46	0.291000	0.006326
Trace-_2_5|47	265	1.131000	0.004268
Trace-_2_5|48	86	0.519000	0.006035
Trace-_2_5|49	45	0.312000	0.006933
Trace-_2_5|50	34	0.260000	0.007647
Trace-_2_5|51	169	0.807000	0.004775
Trace-_2_5|52	310	1.345000	0.004339
Trace-_2_5|53	63	0.419000	0.006651
Trace-_2_5|54	268	1.056000	0.003940
Trace-_2_5|55	13	0.192000	0.014769
Trace-_2_5|56	112	0.511000	0.004562
Trace-_2_5|57	106	0.556000	0.005245
Trace-_2_5|58	58	0.370000	0.006379
Trace-_2_5|59	314	1.088000	0.003465
Trace-_2_5|60	71	0.425000	0.005986
Trace-_2_5|61	26	0.247000	0.009500
Trace-_2_5|62	156	0.770000	0.004936
Trace-_2_5|63	106	0.568000	0.005358
Trace-_2_5|64	159	0.716000	0.004503
Trace-_2_5|65	136	0.675000	0.004963
Trace-_2_5|66	50	0.336000	0.006720
Trace-_2_5|67	134	0.704000	0.005254
Trace-_2_5|68	85	0.470000	0.005529
Trace-_2_5|69	177	0.745000	0.004209
Trace-_2_5|70	33	0.273000	0.008273
Trace-_2_5|71	5	0.192000	0.038400
Trace-_2_5|72	129	0.615000	0.004767
Trace-_2_5|73	119	0.618000	0.005193
Trace-_2_5|74	221	0.882000	0.003991
Trace-_2_5|75	59	0.370000	0.006271
Trace-_2_5|76	86	0.473000	0.005500
Trace-_2_5|77	17	0.203000	0.011941
Trace-_2_5|78	98	0.531000	0.005418
Trace-_2_5|79	180	0.864000	0.004800
Trace-_2_5|80	274	1.301000	0.004748
Trace-_2_5|81	39	0.324000	0.008308
Trace-_2_5|82	31	0.268000	0.008645
Trace-_2_5|83	14	0.193000	0.013786
Trace-_2_5|84	134	0.659000	0.004918
Trace-_2_5|85	34	0.281000	0.008265
Trace-_2_5|86	158	0.595000	0.003766
Trace-_2_5|87	16	0.198000	0.012375
Trace-_2_5|88	52	0.324000	0.006231
Trace-_2_5|89	46	0.291000	0.006326
Trace-_2_5|90	41	0.323000	0.007878
Trace-_2_5|91	22	0.234000	0.010636
Trace-_2_5|92	10	0.191000	0.019100
Trace-_2_5|93	7	0.188000	0.026857
Trace-_2_5|94	105	0.564000	0.005371
Trace-_2_5|95	148	0.739000	0.004993
Trace-_2_5|96	112	0.541000	0.004830
Trace-_2_5|97	78	0.491000	0.006295
Trace-_2_5|98	50	0.346000	0.006920
Trace-_2_5|99	103	0.502000	0.004874
Trace-_2_5|100	3	0.122000	0.040667
Trace-_2_5|101	97	0.500000	0.005155
Trace-_2_5|102	41	0.313000	0.007634
Trace-_2_5|103	250	1.176000	0.004704
Trace-_2_5|104	19	0.217000	0.011421
Trace-_2_5|105	219	1.028000	0.004694
Trace-_2_5|106	30	0.304000	0.010133
Trace-_2_5|107	405	1.942000	0.004795
Trace-_2_5|108	808	2.621000	0.003244
Trace-_2_5|109	40	0.336000	0.008400
Trace-_2_5|110	79	0.473000	0.005987
Trace-_2_5|111	6	0.137000	0.022833
Trace-_2_5|112	139	0.754000	0.005424
Trace-_2_5|113	224	0.942000	0.004205
Trace-_2_5|114	178	0.903000	0.005073
Trace-_2_5|115	107	0.623000	0.005822
Trace-_2_5|116	19	0.231000	0.012158
Trace-_2_5|117	13	0.202000	0.015538
Trace-_2_5|118	35	0.292000	0.008343
Trace-_2_5|119	19	0.227000	0.011947
Trace-_2_5|120	13	0.201000	0.015462
Trace-_2_5|121	29	0.253000	0.008724
Trace-_2_5|122	86	0.495000	0.005756
Trace-_2_5|123	36	0.303000	0.008417
Trace-_2_5|124	140	0.705000	0.005036
Trace-_2_5|125	5	0.152000	0.030400
Trace-_2_5|126	12	0.179000	0.014917
Trace-_2_5|127	6	0.157000	0.026167
Trace-_2_5|128	117	0.656000	0.005607
Trace-_2_5|129	68	0.487000	0.007162
Trace-_2_5|130	234	1.054000	0.004504
Trace-_2_5|131	280	1.368000	0.004886
Trace-_2_5|132	108	0.674000	0.006241
Trace-_2_5|133	59	0.392000	0.006644
Trace-_2_5|134	80	0.502000	0.006275
Trace-_2_5|135	102	0.604000	0.005922
Trace-_2_5|136	331	1.412000	0.004266
Trace-_2_5|137	258	1.197000	0.004640
Trace-_2_5|138	84	0.521000	0.006202
Trace-_2_5|139	230	1.129000	0.004909
Trace-_2_5|140	17	0.232000	0.013647
Trace-_2_5|141	267	1.288000	0.004824
Trace-_2_5|142	27	0.282000	0.010444
Trace-_2_5|143	12	0.184000	0.015333
Trace-_2_5|144	21	0.236000	0.011238
Trace-_2_5|145	5	0.148000	0.029600
Trace-_2_5|146	25	0.253000	0.010120
Trace-_2_5|147	98	0.636000	0.006490
Trace-_2_5|148	25	0.363000	0.014520
Trace-_2_5|149	174	1.103000	0.006339
Trace-_2_5|150	205	0.990000	0.004829
Trace-_2_5|151	29	0.269000	0.009276
Trace-_2_5|152	29	0.274000	0.009448
Trace-_2_5|153	106	0.516000	0.004868
Trace-_2_5|154	99	0.569000	0.005747
Trace-_2_5|155	74	0.486000	0.006568
Trace-_2_5|156	23	0.245000	0.010652
Trace-_2_5|157	310	1.424000	0.004594
Trace-_2_5|158	45	0.331000	0.007356
Trace-_2_5|159	134	0.607000	0.004530
Trace-_2_5|160	1	0.116000	0.116000
Trace-_2_5|161	113	0.620000	0.005487
Trace-_2_5|162	6	0.177000	0.029500
Trace-_2_5|163	181	0.785000	0.004337
Trace-_2_5|164	8	0.187000	0.023375
Trace-_2_5|165	133	0.769000	0.005782
Trace-_2_5|166	365	1.468000	0.004022
Trace-_2_5|167	168	0.652000	0.003881
Trace-_2_5|168	201	0.801000	0.003985
Trace-_2_5|169	47	0.383000	0.008149
Trace-_2_5|170	89	0.585000	0.006573
Trace-_2_5|171	148	0.792000	0.005351
Trace-_2_5|172	27	0.276000	0.010222
Trace-_2_5|173	109	0.724000	0.006642
Trace-_2_5|174	54	0.411000	0.007611
Trace-_2_5|175	105	0.600000	0.005714
Trace-_2_5|176	20	0.261000	0.013050
Trace-_2_5|177	61	0.461000	0.007557
Trace-_2_5|178	185	0.944000	0.005103
Trace-_2_5|179	226	1.116000	0.004938
Trace-_2_5|180	25	0.265000	0.010600
Trace-_2_5|181	48	0.362000	0.007542
Trace-_2_5|182	187	0.834000	0.004460
Trace-_2_5|183	6	0.159000	0.026500
Trace-_2_5|184	67	0.386000	0.005761
Trace-_2_5|185	173	0.857000	0.004954
Trace-_2_5|186	75	0.488000	0.006507
Trace-_2_5|187	25	0.267000	0.010680
Trace-_2_5|188	40	0.325000	0.008125
Trace-_2_5|189	69	0.454000	0.006580
Trace-_2_5|190	114	0.648000	0.005684
Trace-_2_5|191	41	0.359000	0.008756
Trace-_2_5|192	273	1.050000	0.003846
Trace-_2_5|193	104	0.582000	0.005596
Trace-_2_5|194	6	0.183000	0.030500
Trace-_2_5|195	84	0.528000	0.006286
Trace-_2_5|196	179	0.851000	0.004754
Trace-_2_5|197	92	0.555000	0.006033
Trace-_2_5|198	88	0.504000	0.005727
Trace-_2_5|199	183	0.966000	0.005279
Trace-_2_5|200	93	0.569000	0.006118
Trace-_2_5|201	259	1.192000	0.004602
Trace-_2_5|202	345	1.357000	0.003933
Trace-_2_5|203	112	0.674000	0.006018
Trace-_2_5|204	131	0.810000	0.006183
Trace-_2_5|205	30	0.307000	0.010233
Trace-_2_5|206	104	0.592000	0.005692
Trace-_2_5|207	63	0.446000	0.007079
Trace-_2_5|208	74	0.498000	0.006730
Trace-_2_5|209	162	0.749000	0.004623
Trace-_2_5|210	91	0.558000	0.006132
Trace-_2_5|211	216	1.147000	0.005310
Trace-_2_5|212	174	0.930000	0.005345
Trace-_2_5|213	326	1.596000	0.004896
Trace-_2_5|214	57	0.422000	0.007404
Trace-_2_5|215	16	0.268000	0.016750
Trace-_2_5|216	90	0.562000	0.006244
Trace-_2_5|217	67	0.486000	0.007254
Trace-_2_5|218	304	1.405000	0.004622
Trace-_2_5|219	121	0.704000	0.005818
Trace-_2_5|220	23	0.277000	0.012043
Trace-_2_5|221	36	0.331000	0.009194
Trace-_2_5|222	69	0.496000	0.007188
Trace-_2_5|223	128	0.733000	0.005727
Trace-_2_5|224	267	1.315000	0.004925
Trace-_2_5|225	9	0.216000	0.024000
Trace-_2_5|226	213	1.111000	0.005216
Trace-_2_5|227	10	0.233000	0.023300
Trace-_2_5|228	16	0.234000	0.014625
Trace-_2_5|229	269	1.270000	0.004721
Trace-_2_5|230	36	0.343000	0.009528
Trace-_2_5|231	91	0.551000	0.006055
Trace-_2_5|232	54	0.436000	0.008074
Trace-_2_5|233	28	0.302000	0.010786
Trace-_2_5|234	102	0.616000	0.006039
Trace-_2_5|235	43	0.517000	0.012023
Trace-_2_5|236	15	0.246000	0.016400
Trace-_2_5|237	91	0.575000	0.006319
Trace-_2_5|238	57	0.375000	0.006579
Trace-_2_5|239	32	0.331000	0.010344
Trace-_2_5|240	20	0.271000	0.013550
Trace-_2_5|241	5	0.266000	0.053200
Trace-_2_5|242	69	0.547000	0.007928
Trace-_2_5|243	46	0.388000	0.008435
Trace-_2_5|244	238	1.177000	0.004945
Trace-_2_5|245	192	1.049000	0.005464
Trace-_2_5|246	40	0.352000	0.008800
Trace-_2_5|247	47	0.380000	0.008085
Trace-_2_5|248	14	0.238000	0.017000
Trace-_2_5|249	32	0.315000	0.009844
Trace-_2_5|250	84	0.691000	0.008226
Trace-_2_5|251	32	0.317000	0.009906
Trace-_2_5|252	176	0.938000	0.005330
Trace-_2_5|253	118	0.672000	0.005695
Trace-_2_5|254	227	1.132000	0.004987
Trace-_2_5|255	540	1.930000	0.003574
Trace-_2_5|256	203	1.072000	0.005281
Trace-_2_5|257	108	0.740000	0.006852
Trace-_2_5|258	69	0.484000	0.007014
Trace-_2_5|259	57	0.666000	0.011684
Trace-_2_5|260	26	0.321000	0.012346
Trace-_2_5|261	21	0.293000	0.013952
Trace-_2_5|262	51	0.408000	0.008000
Trace-_2_5|263	116	0.677000	0.005836
Trace-_2_5|264	15	0.285000	0.019000
Trace-_2_5|265	70	0.471000	0.006729
Trace-_2_5|266	36	0.307000	0.008528
Trace-_2_5|267	78	0.548000	0.007026
Trace-_2_5|268	213	1.099000	0.005160
Trace-_2_5|269	10	0.221000	0.022100
Trace-_2_5|270	244	1.177000	0.004824
Trace-_2_5|271	51	0.391000	0.007667
Trace-_2_5|272	165	1.036000	0.006279
Trace-_2_5|273	23	0.314000	0.013652
Trace-_2_5|274	47	0.373000	0.007936
Trace-_2_5|275	1	0.117000	0.117000
Trace-_2_5|276	244	1.143000	0.004684
Trace-_2_5|277	69	0.481000	0.006971
Trace-_2_5|278	115	0.767000	0.006670
Trace-_2_5|279	141	0.815000	0.005780
Trace-_2_5|280	157	0.817000	0.005204
Trace-_2_5|281	65	0.488000	0.007508
Trace-_2_5|282	86	0.589000	0.006849
Trace-_2_5|283	144	0.930000	0.006458
Trace-_2_5|284	57	0.465000	0.008158
Trace-_2_5|285	7	0.212000	0.030286
Trace-_2_5|286	43	0.358000	0.008326
Trace-_2_5|287	104	0.653000	0.006279
Trace-_2_5|288	1	0.122000	0.122000
Trace-_2_5|289	19	0.271000	0.014263
Trace-_2_5|290	7	0.209000	0.029857
Trace-_2_5|291	166	0.943000	0.005681
Trace-_2_5|292	25	0.299000	0.011960
Trace-_2_5|293	12	0.213000	0.017750
Trace-_2_5|294	14	0.226000	0.016143
Trace-_2_5|295	26	0.278000	0.010692
Trace-_2_5|296	86	0.540000	0.006279
Trace-_2_5|297	235	1.185000	0.005043
Trace-_2_5|298	96	0.585000	0.006094
Trace-_2_5|299	78	0.640000	0.008205
Trace-_2_5|300	110	0.848000	0.007709
Trace-_2_5|301	28	0.320000	0.011429
Trace-_2_5|302	69	0.483000	0.007000
Trace-_2_5|303	47	0.400000	0.008511
Trace-_2_5|304	62	0.428000	0.006903
Trace-_2_5|305	18	0.270000	0.015000
Trace-_2_5|306	27	0.292000	0.010815
Trace-_2_5|307	10	0.238000	0.023800
Trace-_2_5|308	54	0.456000	0.008444
Trace-_2_5|309	29	0.305000	0.010517
Trace-_2_5|310	22	0.280000	0.012727
Trace-_2_5|311	193	1.098000	0.005689
Trace-_2_5|312	16	0.269000	0.016813
Trace-_2_5|313	113	0.652000	0.005770
Trace-_2_5|314	11	0.223000	0.020273
Trace-_2_5|315	169	0.950000	0.005621
Trace-_2_5|316	170	1.086000	0.006388
Trace-_2_5|317	432	1.908000	0.004417
Trace-_2_5|318	159	0.858000	0.005396
Trace-_2_5|319	47	0.352000	0.007489
Trace-_2_5|320	10	0.223000	0.022300
Trace-_2_5|321	42	0.374000	0.008905
Trace-_2_5|322	45	0.383000	0.008511
Trace-_2_5|323	128	0.672000	0.005250
Trace-_2_5|324	22	0.303000	0.013773
Trace-_2_5|325	435	1.950000	0.004483
Trace-_2_5|326	22	0.307000	0.013955
Trace-_2_5|327	11	0.224000	0.020364
Trace-_2_5|328	924	3.002000	0.003249
Trace-_2_5|329	205	1.242000	0.006059
Trace-_2_5|330	6	0.213000	0.035500
Trace-_2_5|331	12	0.224000	0.018667
Trace-_2_5|332	31	0.320000	0.010323
Trace-_2_5|333	57	0.554000	0.009719
Trace-_2_5|334	214	0.884000	0.004131
Trace-_2_5|335	127	0.794000	0.006252
Trace-_2_5|336	73	0.481000	0.006589
Trace-_2_5|337	101	0.576000	0.005703
Trace-_2_5|338	132	0.684000	0.005182
Trace-_2_5|339	242	1.199000	0.004955
Trace-_2_5|340	13	0.292000	0.022462
Trace-_2_5|341	72	0.507000	0.007042
Trace-_2_5|342	13	0.244000	0.018769
Trace-_2_5|343	4	0.185000	0.046250
Trace-_2_5|344	16	0.273000	0.017063
Trace-_2_5|345	89	0.691000	0.007764
Trace-_2_5|346	154	0.895000	0.005812
Trace-_2_5|347	12	0.263000	0.021917
Trace-_2_5|348	776	3.093000	0.003986
Trace-_2_5|349	40	0.376000	0.009400
Trace-_2_5|350	389	1.918000	0.004931
Trace-_2_5|351	161	0.954000	0.005925
Trace-_2_5|352	52	0.472000	0.009077
Trace-_2_5|353	39	0.389000	0.009974
Trace-_2_5|354	304	1.607000	0.005286
Trace-_2_5|355	8	0.213000	0.026625
Trace-_2_5|356	322	1.598000	0.004963
Trace-_2_5|357	61	0.507000	0.008311
Trace-_2_5|358	21	0.270000	0.012857
Trace-_2_5|359	12	0.225000	0.018750
Trace-_2_5|360	219	1.201000	0.005484
Trace-_2_5|361	138	0.819000	0.005935
Trace-_2_5|362	66	0.538000	0.008152
Trace-_2_5|363	133	0.787000	0.005917
Trace-_2_5|364	142	0.733000	0.005162
Trace-_2_5|365	89	0.745000	0.008371
Trace-_2_5|366	150	0.707000	0.004713
Trace-_2_5|367	226	1.072000	0.004743
Trace-_2_5|368	50	0.427000	0.008540
Trace-_2_5|369	84	0.571000	0.006798
Trace-_2_5|370	693	2.450000	0.003535
Trace-_2_5|371	20	0.327000	0.016350
Trace-_2_5|372	127	0.724000	0.005701
Trace-_2_5|373	14	0.266000	0.019000
Trace-_2_5|374	46	0.405000	0.008804
Trace-_2_5|375	55	0.471000	0.008564
Trace-_2_5|376	123	0.709000	0.005764
Trace-_2_5|377	98	0.762000	0.007776
Trace-_2_5|378	13	0.257000	0.019769
Trace-_2_5|379	89	0.554000	0.006225
Trace-_2_5|380	18	0.299000	0.016611
Trace-_2_5|381	75	0.539000	0.007187
Trace-_2_5|382	55	0.433000	0.007873
Trace-_2_5|383	40	0.353000	0.008825
Trace-_2_5|384	408	1.781000	0.004365
Trace-_2_5|385	25	0.304000	0.012160
Trace-_2_5|386	2	0.187000	0.093500
Trace-_2_5|387	448	1.907000	0.004257
Trace-_2_5|388	79	0.582000	0.007367
Trace-_2_5|389	223	1.137000	0.005099
Trace-_2_5|390	171	0.727000	0.004251
Trace-_2_5|391	144	0.777000	0.005396
Trace-_2_5|392	356	1.851000	0.005199
Trace-_2_5|393	39	0.422000	0.010821
Trace-_2_5|394	41	0.435000	0.010610
Trace-_2_5|395	124	0.706000	0.005694
Trace-_2_5|396	44	0.441000	0.010023
Trace-_2_5|397	55	0.452000	0.008218
Trace-_2_5|398	153	0.942000	0.006157
Trace-_2_5|399	24	0.360000	0.015000
Trace-_2_5|400	56	0.514000	0.009179
Trace-_2_5|401	63	0.495000	0.007857
Trace-_2_5|402	63	0.507000	0.008048
Trace-_2_5|403	231	1.074000	0.004649
Trace-_2_5|404	128	0.804000	0.006281
Trace-_2_5|405	35	0.384000	0.010971
Trace-_2_5|406	158	0.893000	0.005652
Trace-_2_5|407	5	0.190000	0.038000
Trace-_2_5|408	328	1.327000	0.004046
Trace-_2_5|409	20	0.302000	0.015100
Trace-_2_5|410	40	0.397000	0.009925
Trace-_2_5|411	189	0.859000	0.004545
Trace-_2_5|412	134	0.845000	0.006306
Trace-_2_5|413	224	1.258000	0.005616
Trace-_2_5|414	67	0.520000	0.007761
Trace-_2_5|415	158	0.906000	0.005734
Trace-_2_5|416	35	0.369000	0.010543
Trace-_2_5|417	49	0.387000	0.007898
Trace-_2_5|418	144	0.753000	0.005229
Trace-_2_5|419	181	1.055000	0.005829
Trace-_2_5|420	194	1.036000	0.005340
Trace-_2_5|421	125	0.771000	0.006168
Trace-_2_5|422	106	0.695000	0.006557
Trace-_2_5|423	62	0.549000	0.008855
Trace-_2_5|424	85	0.587000	0.006906
Trace-_2_5|425	89	0.582000	0.006539
Trace-_2_5|426	30	0.333000	0.011100
Trace-_2_5|427	57	0.486000	0.008526
Trace-_2_5|428	54	0.387000	0.007167
Trace-_2_5|429	102	0.693000	0.006794
Trace-_2_5|430	245	1.465000	0.005980
Trace-_2_5|431	87	0.631000	0.007253
Trace-_2_5|432	27	0.328000	0.012148
Trace-_2_5|433	153	0.817000	0.005340
Trace-_2_5|434	491	1.904000	0.003878
Trace-_2_5|435	61	0.495000	0.008115
Trace-_2_5|436	4	0.174000	0.043500
Trace-_2_5|437	94	0.749000	0.007968
Trace-_2_5|438	35	0.413000	0.011800
Trace-_2_5|439	86	0.684000	0.007953
Trace-_2_5|440	25	0.320000	0.012800
Trace-_2_5|441	14	0.273000	0.019500
Trace-_2_5|442	268	1.236000	0.004612
Trace-_2_5|443	192	1.028000	0.005354
Trace-_2_5|444	71	0.684000	0.009634
Trace-_2_5|445	515	2.566000	0.004983
Trace-_2_5|446	189	1.222000	0.006466
Trace-_2_5|447	16	0.362000	0.022625
Trace-_2_5|448	91	0.625000	0.006868
Trace-_2_5|449	19	0.331000	0.017421
Trace-_2_5|450	26	0.326000	0.012538
Trace-_2_5|451	105	0.683000	0.006505
Trace-_2_5|452	76	0.568000	0.007474
Trace-_2_5|453	78	0.609000	0.007808
Trace-_2_5|454	102	0.914000	0.008961
Trace-_2_5|455	123	0.774000	0.006293
Trace-_2_5|456	24	0.309000	0.012875
Trace-_2_5|457	8	0.223000	0.027875
Trace-_2_5|458	52	0.440000	0.008462
Trace-_2_5|459	111	0.716000	0.006450
Trace-_2_5|460	4	0.190000	0.047500
Trace-_2_5|461	1	0.150000	0.150000
Trace-_2_5|462	44	0.426000	0.009682
Trace-_2_5|463	39	0.364000	0.009333
Trace-_2_5|464	40	0.407000	0.010175
Trace-_2_5|465	131	0.963000	0.007351
Trace-_2_5|466	83	0.623000	0.007506
Trace-_2_5|467	3	0.195000	0.065000
Trace-_2_5|468	55	0.482000	0.008764
Trace-_2_5|469	97	0.649000	0.006691
Trace-_2_5|470	401	2.075000	0.005175
Trace-_2_5|471	78	0.597000	0.007654
Trace-_2_5|472	268	1.357000	0.005063
Trace-_2_5|473	30	0.359000	0.011967
Trace-_2_5|474	55	0.528000	0.009600
Trace-_2_5|475	65	0.555000	0.008538
Trace-_2_5|476	27	0.352000	0.013037
Trace-_2_5|477	51	0.475000	0.009314
Trace-_2_5|478	13	0.294000	0.022615
Trace-_2_5|479	4	0.206000	0.051500
Trace-_2_5|480	233	1.234000	0.005296
Trace-_2_5|481	119	0.823000	0.006916
Trace-_2_5|482	47	0.516000	0.010979
Trace-_2_5|483	125	0.877000	0.007016
Trace-_2_5|484	35	0.409000	0.011686
Trace-_2_5|485	3	0.215000	0.071667
Trace-_2_5|486	15	0.293000	0.019533
Trace-_2_5|487	558	2.581000	0.004625
Trace-_2_5|488	241	1.455000	0.006037
Trace-_2_5|489	147	1.183000	0.008048
Trace-_2_5|490	18	0.293000	0.016278
Trace-_2_5|491	143	0.894000	0.006252
Trace-_2_5|492	225	1.290000	0.005733
Trace-_2_5|493	100	0.688000	0.006880
Trace-_2_5|494	74	0.552000	0.007459
Trace-_2_5|495	88	0.684000	0.007773
Trace-_2_5|496	22	0.334000	0.015182
Trace-_2_5|497	51	0.490000	0.009608
Trace-_2_5|498	169	1.133000	0.006704
Trace-_2_5|499	71	0.606000	0.008535
Trace-_2_5|500	44	0.431000	0.009795
Trace-_2_5|501	131	0.844000	0.006443
Trace-_2_5|502	119	0.761000	0.006395
Trace-_2_5|503	54	0.519000	0.009611
Trace-_2_5|504	39	0.396000	0.010154
Trace-_2_5|505	548	2.539000	0.004633
Trace-_2_5|506	37	0.427000	0.011541
Trace-_2_5|507	96	0.762000	0.007938
Trace-_2_5|508	61	0.438000	0.007180
Trace-_2_5|509	22	0.338000	0.015364
Trace-_2_5|510	175	1.054000	0.006023
Trace-_2_5|511	37	0.513000	0.013865
Trace-_2_5|512	29	0.399000	0.013759
Trace-_2_5|513	54	0.483000	0.008944
Trace-_2_5|514	76	0.762000	0.010026
Trace-_2_5|515	79	0.658000	0.008329
Trace-_2_5|516	13	0.279000	0.021462
Trace-_2_5|517	302	1.690000	0.005596
Trace-_2_5|518	155	0.938000	0.006052
Trace-_2_5|519	82	0.589000	0.007183
Trace-_2_5|520	11	0.318000	0.028909
Trace-_2_5|521	52	0.472000	0.009077
Trace-_2_5|522	132	1.004000	0.007606
Trace-_2_5|523	22	0.335000	0.015227
Trace-_2_5|524	89	0.811000	0.009112
Trace-_2_5|525	46	0.439000	0.009543
Trace-_2_5|526	116	0.920000	0.007931
Trace-_2_5|527	175	1.041000	0.005949
Trace-_2_5|528	73	0.555000	0.007603
Trace-_2_5|529	53	0.460000	0.008679
Trace-_2_5|530	47	0.433000	0.009213
Trace-_2_5|531	18	0.301000	0.016722
Trace-_2_5|532	211	0.968000	0.004588
Trace-_2_5|533	76	0.614000	0.008079
Trace-_2_5|534	44	0.470000	0.010682
Trace-_2_5|535	33	0.457000	0.013848
Trace-_2_5|536	28	0.361000	0.012893
Trace-_2_5|537	3	0.225000	0.075000
Trace-_2_5|538	16	0.286000	0.017875
Trace-_2_5|539	63	0.552000	0.008762
Trace-_2_5|540	21	0.324000	0.015429
Trace-_2_5|541	1	0.168000	0.168000
Trace-_2_5|542	40	0.562000	0.014050
Trace-_2_5|543	36	0.535000	0.014861
Trace-_2_5|544	88	0.625000	0.007102
Trace-_2_5|545	612	3.209000	0.005243
Trace-_2_5|546	35	0.359000	0.010257
Trace-_2_5|547	318	1.710000	0.005377
Trace-_2_5|548	67	0.532000	0.007940
Trace-_2_5|549	25	0.586000	0.023440
Trace-_2_5|550	37	0.434000	0.011730
Trace-_2_5|551	34	0.384000	0.011294
Trace-_2_5|552	72	0.528000	0.007333
Trace-_2_5|553	330	1.758000	0.005327
Trace-_2_5|554	204	1.270000	0.006225
Trace-_2_5|555	18	0.325000	0.018056
Trace-_2_5|556	3	0.231000	0.077000
Trace-_2_5|557	81	0.586000	0.007235
Trace-_2_5|558	10	0.333000	0.033300
Trace-_2_5|559	98	0.681000	0.006949
Trace-_2_5|560	167	1.120000	0.006707
Trace-_2_5|561	29	0.404000	0.013931
Trace-_2_5|562	254	1.504000	0.005921
Trace-_2_5|563	200	0.979000	0.004895
Trace-_2_5|564	68	0.538000	0.007912
Trace-_2_5|565	19	0.296000	0.015579
Trace-_2_5|566	123	0.967000	0.007862
Trace-_2_5|567	96	0.668000	0.006958
Trace-_2_5|568	36	0.424000	0.011778
Trace-_2_5|569	2	0.189000	0.094500
Trace-_2_5|570	11	0.269000	0.024455
Trace-_2_5|571	153	0.955000	0.006242
Trace-_2_5|572	29	0.356000	0.012276
Trace-_2_5|573	55	0.472000	0.008582
Trace-_2_5|574	14	0.292000	0.020857
Trace-_2_5|575	28	0.335000	0.011964
Trace-_2_5|576	83	0.748000	0.009012
Trace-_2_5|577	68	0.535000	0.007868
Trace-_2_5|578	67	0.500000	0.007463
Trace-_2_5|579	124	0.727000	0.005863
Trace-_2_5|580	93	0.640000	0.006882
Trace-_2_5|581	27	0.383000	0.014185
Trace-_2_5|582	105	0.720000	0.006857
Trace-_2_5|583	83	0.736000	0.008867
Trace-_2_5|584	94	0.683000	0.007266
Trace-_2_5|585	17	0.333000	0.019588
Trace-_2_5|586	6	0.230000	0.038333
Trace-_2_5|587	94	0.691000	0.007351
Trace-_2_5|588	94	0.603000	0.006415
Trace-_2_5|589	34	0.392000	0.011529
Trace-_2_5|590	87	0.616000	0.007080
Trace-_2_5|591	133	1.108000	0.008331
Trace-_2_5|592	253	1.352000	0.005344
Trace-_2_5|593	35	0.450000	0.012857
Trace-_2_5|594	35	0.380000	0.010857
Trace-_2_5|595	88	0.645000	0.007330
Trace-_2_5|596	149	0.975000	0.006544
Trace-_2_5|597	5	0.243000	0.048600
Trace-_2_5|598	225	1.089000	0.004840
Trace-_2_5|599	84	0.649000	0.007726
Trace-_2_5|600	59	0.502000	0.008508
Trace-_2_5|601	30	0.359000	0.011967
Trace-_2_5|602	52	0.683000	0.013135
Trace-_2_5|603	62	0.609000	0.009823
Trace-_2_5|604	168	0.959000	0.005708
Trace-_2_5|605	16	0.310000	0.019375
Trace-_2_5|606	107	0.637000	0.005953
Trace-_2_5|607	153	0.952000	0.006222
Trace-_2_5|608	103	1.325000	0.012864
Trace-_2_5|609	105	1.438000	0.013695
Trace-_2_5|610	236	1.901000	0.008055
Trace-_2_5|611	1	0.199000	0.199000
Trace-_2_5|612	158	1.366000	0.008646
Trace-_2_5|613	72	0.941000	0.013069
Trace-_2_5|614	225	1.772000	0.007876
Trace-_2_5|615	130	0.888000	0.006831
Trace-_2_5|616	102	0.721000	0.007069
Trace-_2_5|617	205	1.209000	0.005898
Trace-_2_5|618	124	0.684000	0.005516
Trace-_2_5|619	324	1.757000	0.005423
Trace-_2_5|620	18	0.394000	0.021889
Trace-_2_5|621	269	1.413000	0.005253
Trace-_2_5|622	95	0.747000	0.007863
Trace-_2_5|623	28	0.363000	0.012964
Trace-_2_5|624	36	0.408000	0.011333
Trace-_2_5|625	20	0.327000	0.016350
Trace-_2_5|626	57	0.497000	0.008719
Trace-_2_5|627	24	0.364000	0.015167
Trace-_2_5|628	16	0.304000	0.019000
Trace-_2_5|629	253	1.563000	0.006178
Trace-_2_5|630	232	1.277000	0.005504
Trace-_2_5|631	301	1.491000	0.004953
Trace-_2_5|632	5	0.210000	0.042000
Trace-_2_5|633	129	0.822000	0.006372
Trace-_2_5|634	83	0.548000	0.006602
Trace-_2_5|635	15	0.332000	0.022133
Trace-_2_5|636	128	0.717000	0.005602
Trace-_2_5|637	62	0.726000	0.011710
Trace-_2_5|638	8	0.348000	0.043500
Trace-_2_5|639	40	0.445000	0.011125
Trace-_2_5|640	28	0.328000	0.011714
Trace-_2_5|641	3	0.209000	0.069667
Trace-_2_5|642	325	1.582000	0.004868
Trace-_2_5|643	126	0.833000	0.006611
Trace-_2_5|644	36	0.400000	0.011111
Trace-_2_5|645	77	0.765000	0.009935
Trace-_2_5|646	69	0.561000	0.008130
Trace-_2_5|647	41	0.464000	0.011317
Trace-_2_5|648	148	0.805000	0.005439
Trace-_2_5|649	147	1.033000	0.007027
Trace-_2_5|650	356	1.740000	0.004888
Trace-_2_5|651	28	0.376000	0.013429
Trace-_2_5|652	177	1.037000	0.005859
Trace-_2_5|653	42	0.459000	0.010929
Trace-_2_5|654	2	0.207000	0.103500
Trace-_2_5|655	42	0.457000	0.010881
Trace-_2_5|656	1	0.187000	0.187000
Trace-_2_5|657	5	0.238000	0.047600
Trace-_2_5|658	88	0.718000	0.008159
Trace-_2_5|659	39	0.453000	0.011615
Trace-_2_5|660	55	0.518000	0.009418
Trace-_2_5|661	90	0.672000	0.007467
Trace-_2_5|662	72	1.252000	0.017389
Trace-_2_5|663	62	0.602000	0.009710
Trace-_2_5|664	73	0.586000	0.008027
Trace-_2_5|665	105	0.896000	0.008533
Trace-_2_5|666	67	0.634000	0.009463
Trace-_2_5|667	88	0.658000	0.007477
Trace-_2_5|668	243	1.348000	0.005547
Trace-_2_5|669	29	0.395000	0.013621
Trace-_2_5|670	36	0.421000	0.011694
Trace-_2_5|671	5	0.251000	0.050200
Trace-_2_5|672	13	0.307000	0.023615
Trace-_2_5|673	230	1.359000	0.005909
Trace-_2_5|674	75	0.618000	0.008240
Trace-_2_5|675	19	0.565000	0.029737
Trace-_2_5|676	450	2.008000	0.004462
Trace-_2_5|677	117	0.735000	0.006282
Trace-_2_5|678	309	1.304000	0.004220
Trace-_2_5|679	1	0.283000	0.283000
Trace-_2_5|680	23	0.380000	0.016522
Trace-_2_5|681	135	0.927000	0.006867
Trace-_2_5|682	16	0.311000	0.019437
Trace-_2_5|683	44	0.446000	0.010136
Trace-_2_5|684	17	0.314000	0.018471
Trace-_2_5|685	94	0.930000	0.009894
Trace-_2_5|686	128	0.887000	0.006930
Trace-_2_5|687	62	0.537000	0.008661
Trace-_2_5|688	11	0.335000	0.030455
Trace-_2_5|689	20	0.348000	0.017400
Trace-_2_5|690	19	0.423000	0.022263
Trace-_2_5|691	118	0.858000	0.007271
Trace-_2_5|692	46	0.495000	0.010761
Trace-_2_5|693	11	0.342000	0.031091
Trace-_2_5|694	18	0.388000	0.021556
Trace-_2_5|695	16	0.321000	0.020063
Trace-_2_5|696	49	0.480000	0.009796
Trace-_2_5|697	76	0.600000	0.007895
Trace-_2_5|698	100	0.738000	0.007380
Trace-_2_5|699	224	1.586000	0.007080
Trace-_2_5|700	11	0.299000	0.027182
Trace-_2_5|701	274	1.740000	0.006350
Trace-_2_5|702	49	0.560000	0.011429
Trace-_2_5|703	60	0.740000	0.012333
Trace-_2_5|704	137	0.812000	0.005927
Trace-_2_5|705	51	0.665000	0.013039
Trace-_2_5|706	61	0.770000	0.012623
Trace-_2_5|707	65	0.539000	0.008292
Trace-_2_5|708	160	0.872000	0.005450
Trace-_2_5|709	26	0.557000	0.021423
Trace-_2_5|710	50	0.506000	0.010120
Trace-_2_5|711	215	1.992000	0.009265
Trace-_2_5|712	8	0.320000	0.040000
Trace-_2_5|713	72	0.596000	0.008278
Trace-_2_5|714	30	0.469000	0.015633
Trace-_2_5|715	60	0.555000	0.009250
Trace-_2_5|716	320	1.659000	0.005184
Trace-_2_5|717	32	0.461000	0.014406
Trace-_2_5|718	158	1.041000	0.006589
Trace-_2_5|719	36	0.449000	0.012472
Trace-_2_5|720	256	1.440000	0.005625
Trace-_2_5|721	280	1.214000	0.004336
Trace-_2_5|722	75	0.675000	0.009000
Trace-_2_5|723	91	0.640000	0.007033
Trace-_2_5|724	7	0.316000	0.045143
Trace-_2_5|725	127	0.980000	0.007717
Trace-_2_5|726	199	1.209000	0.006075
Trace-_2_5|727	71	0.692000	0.009746
Trace-_2_5|728	47	0.758000	0.016128
Trace-_2_5|729	575	3.025000	0.005261
Trace-_2_5|730	185	1.021000	0.005519
Trace-_2_5|731	478	2.423000	0.005069
Trace-_2_5|732	15	0.411000	0.027400
Trace-_2_5|733	191	1.406000	0.007361
Trace-_2_5|734	43	0.548000	0.012744
Trace-_2_5|735	41	0.449000	0.010951
Trace-_2_5|736	365	1.730000	0.004740
Trace-_2_5|737	2	0.207000	0.103500
Trace-_2_5|738	69	0.780000	0.011304
Trace-_2_5|739	259	1.729000	0.006676
Trace-_2_5|740	220	1.304000	0.005927
Trace-_2_5|741	68	0.533000	0.007838
Trace-_2_5|742	266	1.428000	0.005368
Trace-_2_5|743	16	0.374000	0.023375
Trace-_2_5|744	80	0.735000	0.009187
Trace-_2_5|745	5	0.266000	0.053200
Trace-_2_5|746	38	0.445000	0.011711
Trace-_2_5|747	67	0.603000	0.009000
Trace-_2_5|748	53	0.697000	0.013151
Trace-_2_5|749	42	0.504000	0.012000
Trace-_2_5|750	144	0.973000	0.006757
Trace-_2_5|751	165	1.044000	0.006327
Trace-_2_5|752	225	1.210000	0.005378
Trace-_2_5|753	284	1.721000	0.006060
Trace-_2_5|754	255	2.186000	0.008573
Trace-_2_5|755	20	0.419000	0.020950
Trace-_2_5|756	113	0.760000	0.006726
Trace-_2_5|757	14	0.313000	0.022357
Trace-_2_5|758	207	1.346000	0.006502
Trace-_2_5|759	56	0.558000	0.009964
Trace-_2_5|760	9	0.283000	0.031444
Trace-_2_5|761	64	0.472000	0.007375
Trace-_2_5|762	32	0.505000	0.015781
Trace-_2_5|763	48	0.526000	0.010958
Trace-_2_5|764	22	0.399000	0.018136
Trace-_2_5|765	236	1.661000	0.007038
Trace-_2_5|766	14	0.320000	0.022857
Trace-_2_5|767	115	1.087000	0.009452
Trace-_2_5|768	62	0.639000	0.010306
Trace-_2_5|769	7	0.338000	0.048286
Trace-_2_5|770	125	0.900000	0.007200
Trace-_2_5|771	178	1.265000	0.007107
Trace-_2_5|772	223	1.963000	0.008803
Trace-_2_5|773	223	1.160000	0.005202
Trace-_2_5|774	133	0.967000	0.007271
Trace-_2_5|775	123	1.063000	0.008642
Trace-_2_5|776	38	0.502000	0.013211
Trace-_2_5|777	77	0.638000	0.008286
Trace-_2_5|778	174	1.055000	0.006063
Trace-_2_5|779	58	0.554000	0.009552
Trace-_2_5|780	10	0.358000	0.035800
Trace-_2_5|781	276	1.666000	0.006036
Trace-_2_5|782	53	0.533000	0.010057
Trace-_2_5|783	54	0.549000	0.010167
Trace-_2_5|784	17	0.342000	0.020118
Trace-_2_5|785	105	0.693000	0.006600
Trace-_2_5|786	64	0.573000	0.008953
Trace-_2_5|787	20	0.354000	0.017700
Trace-_2_5|788	59	0.857000	0.014525
Trace-_2_5|789	82	0.647000	0.007890
Trace-_2_5|790	65	0.593000	0.009123
Trace-_2_5|791	380	1.873000	0.004929
Trace-_2_5|792	151	1.037000	0.006868
Trace-_2_5|793	106	0.778000	0.007340
Trace-_2_5|794	10	0.304000	0.030400
Trace-_2_5|795	155	1.136000	0.007329
Trace-_2_5|796	128	0.836000	0.006531
Trace-_2_5|797	124	1.639000	0.013218
Trace-_2_5|798	46	0.608000	0.013217
Trace-_2_5|799	188	1.125000	0.005984
Trace-_2_5|800	11	0.416000	0.037818
Trace-_2_5|801	18	0.354000	0.019667
Trace-_2_5|802	83	0.661000	0.007964
Trace-_2_5|803	351	1.935000	0.005513
Trace-_2_5|804	148	0.916000	0.006189
Trace-_2_5|805	101	0.656000	0.006495
Trace-_2_5|806	119	1.076000	0.009042
Trace-_2_5|807	27	0.422000	0.015630
Trace-_2_5|808	162	0.933000	0.005759
Trace-_2_5|809	17	0.350000	0.020588
Trace-_2_5|810	99	0.747000	0.007545
Trace-_2_5|811	14	0.333000	0.023786
Trace-_2_5|812	64	0.574000	0.008969
Trace-_2_5|813	163	1.127000	0.006914
Trace-_2_5|814	44	0.624000	0.014182
Trace-_2_5|815	398	1.573000	0.003952
Trace-_2_5|816	352	1.989000	0.005651
Trace-_2_5|817	5	0.316000	0.063200
Trace-_2_5|818	382	1.840000	0.004817
Trace-_2_5|819	8	0.331000	0.041375
Trace-_2_5|820	234	1.619000	0.006919
Trace-_2_5|821	133	0.827000	0.006218
Trace-_2_5|822	7	0.344000	0.049143
Trace-_2_5|823	122	1.164000	0.009541
Trace-_2_5|824	30	0.472000	0.015733
Trace-_2_5|825	26	0.391000	0.015038
Trace-_2_5|826	19	0.446000	0.023474
Trace-_2_5|827	12	0.336000	0.028000
Trace-_2_5|828	113	0.854000	0.007558
Trace-_2_5|829	312	1.621000	0.005196
Trace-_2_5|830	55	0.625000	0.011364
Trace-_2_5|831	231	1.259000	0.005450
Trace-_2_5|832	83	0.718000	0.008651
Trace-_2_5|833	32	0.470000	0.014687
Trace-_2_5|834	53	0.561000	0.010585
Trace-_2_5|835	79	1.335000	0.016899
Trace-_2_5|836	115	0.822000	0.007148
Trace-_2_5|837	58	0.730000	0.012586
Trace-_2_5|838	196	1.074000	0.005480
Trace-_2_5|839	55	0.593000	0.010782
Trace-_2_5|840	95	0.710000	0.007474
Trace-_2_5|841	8	0.305000	0.038125
Trace-_2_5|842	209	1.253000	0.005995
Trace-_2_5|843	5	0.320000	0.064000
Trace-_2_5|844	78	0.599000	0.007679
Trace-_2_5|845	22	0.411000	0.018682
Trace-_2_5|846	151	1.127000	0.007464
Trace-_2_5|847	59	0.875000	0.014831
Trace-_2_5|848	94	0.712000	0.007574
Trace-_2_5|849	15	0.484000	0.032267
Trace-_2_5|850	24	0.397000	0.016542
Trace-_2_5|851	42	0.481000	0.011452
Trace-_2_5|852	45	0.782000	0.017378
Trace-_2_5|853	121	1.096000	0.009058
Trace-_2_5|854	40	0.470000	0.011750
Trace-_2_5|855	110	0.873000	0.007936
Trace-_2_5|856	108	0.712000	0.006593
Trace-_2_5|857	261	1.795000	0.006877
Trace-_2_5|858	320	1.672000	0.005225
Trace-_2_5|859	115	0.985000	0.008565
Trace-_2_5|860	257	1.699000	0.006611
Trace-_2_5|861	359	1.976000	0.005504
Trace-_2_5|862	26	0.420000	0.016154
Trace-_2_5|863	70	0.726000	0.010371
Trace-_2_5|864	38	0.802000	0.021105
Trace-_2_5|865	83	1.063000	0.012807
Trace-_2_5|866	242	1.415000	0.005847
Trace-_2_5|867	17	0.412000	0.024235
Trace-_2_5|868	186	1.218000	0.006548
Trace-_2_5|869	89	0.649000	0.007292
Trace-_2_5|870	48	0.554000	0.011542
Trace-_2_5|871	204	1.190000	0.005833
Trace-_2_5|872	10	0.349000	0.034900
Trace-_2_5|873	35	0.750000	0.021429
Trace-_2_5|874	34	0.473000	0.013912
Trace-_2_5|875	35	0.450000	0.012857
Trace-_2_5|876	45	0.615000	0.013667
Trace-_2_5|877	134	1.574000	0.011746
Trace-_2_5|878	97	0.787000	0.008113
Trace-_2_5|879	29	0.454000	0.015655
Trace-_2_5|880	120	0.904000	0.007533
Trace-_2_5|881	138	1.010000	0.007319
Trace-_2_5|882	108	1.073000	0.009935
Trace-_2_5|883	124	0.854000	0.006887
Trace-_2_5|884	131	0.915000	0.006985
Trace-_2_5|885	164	1.013000	0.006177
Trace-_2_5|886	270	2.077000	0.007693
Trace-_2_5|887	56	0.619000	0.011054
Trace-_2_5|888	180	1.037000	0.005761
Trace-_2_5|889	75	0.699000	0.009320
Trace-_2_5|890	56	0.563000	0.010054
Trace-_2_5|891	54	0.772000	0.014296
Trace-_2_5|892	18	0.354000	0.019667
Trace-_2_5|893	147	0.904000	0.006150
Trace-_2_5|894	82	0.732000	0.008927
Trace-_2_5|895	122	0.863000	0.007074
Trace-_2_5|896	16	0.363000	0.022687
Trace-_2_5|897	227	2.130000	0.009383
Trace-_2_5|898	112	0.839000	0.007491
Trace-_2_5|899	24	0.416000	0.017333
Trace-_2_5|900	201	1.200000	0.005970
Trace-_2_5|901	23	0.380000	0.016522
Trace-_2_5|902	282	1.801000	0.006387
Trace-_2_5|903	87	0.706000	0.008115
Trace-_2_5|904	143	0.995000	0.006958
Trace-_2_5|905	53	0.884000	0.016679
Trace-_2_5|906	217	1.663000	0.007664
Trace-_2_5|907	103	0.744000	0.007223
Trace-_2_5|908	31	0.537000	0.017323
Trace-_2_5|909	23	0.383000	0.016652
Trace-_2_5|910	89	0.700000	0.007865
Trace-_2_5|911	164	1.143000	0.006970
Trace-_2_5|912	1	0.231000	0.231000
Trace-_2_5|913	295	1.984000	0.006725
Trace-_2_5|914	13	0.319000	0.024538
Trace-_2_5|915	168	1.279000	0.007613
Trace-_2_5|916	16	0.406000	0.025375
Trace-_2_5|917	119	0.893000	0.007504
Trace-_2_5|918	14	0.388000	0.027714
Trace-_2_5|919	230	1.260000	0.005478
Trace-_2_5|920	69	0.757000	0.010971
Trace-_2_5|921	91	0.723000	0.007945
Trace-_2_5|922	63	0.653000	0.010365
Trace-_2_5|923	308	2.035000	0.006607
Trace-_2_5|924	68	0.906000	0.013324
Trace-_2_5|925	62	0.639000	0.010306
Trace-_2_5|926	57	0.542000	0.009509
Trace-_2_5|927	42	0.509000	0.012119
Trace-_2_5|928	20	0.359000	0.017950
Trace-_2_5|929	59	0.821000	0.013915
Trace-_2_5|930	136	1.078000	0.007926
Trace-_2_5|931	149	1.120000	0.007517
Trace-_2_5|932	22	0.394000	0.017909
Trace-_2_5|933	5	0.276000	0.055200
Trace-_2_5|934	131	0.925000	0.007061
Trace-_2_5|935	208	1.329000	0.006389
Trace-_2_5|936	25	0.505000	0.020200
Trace-_2_5|937	180	1.925000	0.010694
Trace-_2_5|938	50	0.586000	0.011720
Trace-_2_5|939	430	2.196000	0.005107
Trace-_2_5|940	308	1.515000	0.004919
Trace-_2_5|941	219	1.605000	0.007329
Trace-_2_5|942	43	0.907000	0.021093
Trace-_2_5|943	91	0.782000	0.008593
Trace-_2_5|944	206	1.350000	0.006553
Trace-_2_5|945	105	0.866000	0.008248
Trace-_2_5|946	4	0.269000	0.067250
Trace-_2_5|947	31	0.440000	0.014194
Trace-_2_5|948	172	1.349000	0.007843
Trace-_2_5|949	83	0.698000	0.008410
Trace-_2_5|950	20	0.413000	0.020650
Trace-_2_5|951	37	0.492000	0.013297
Trace-_1_5|0	1127	4.193000	0.003720
Trace-_1_5|1	2599	8.660000	0.003332
Trace-_1_5|2	2469	8.059000	0.003264
Trace-_1_5|3	213	1.136000	0.005333
Trace-_1_5|4	453	1.850000	0.004084
Trace-_1_5|5	649	2.269000	0.003496
Trace-_1_5|6	1534	5.090000	0.003318
Trace-_1_5|7	1404	4.792000	0.003413
Trace-_1_5|8	204	0.990000	0.004853
Trace-_1_5|9	862	2.939000	0.003410
Trace-_1_5|10	189	1.041000	0.005508
Trace-_1_5|11	160	0.914000	0.005713
Trace-_1_5|12	680	2.533000	0.003725
Trace-_1_5|13	2306	7.639000	0.003313
Trace-_1_5|14	714	2.693000	0.003772
Trace-_1_5|15	1315	4.264000	0.003243
Trace-_1_5|16	1798	5.778000	0.003214
Trace-_1_5|17	96	0.551000	0.005740
Trace-_1_5|18	281	1.503000	0.005349
Trace-_1_5|19	636	2.761000	0.004341
Trace-_1_5|20	983	3.331000	0.003389
Trace-_1_5|21	315	1.567000	0.004975
Trace-_1_5|22	1162	4.242000	0.003651
Trace-_1_5|23	643	2.500000	0.003888
Trace-_1_5|24	984	3.668000	0.003728
Trace-_1_5|25	391	1.749000	0.004473
Trace-_1_5|26	21	0.322000	0.015333
Trace-_1_5|27	507	1.994000	0.003933
Trace-_1_5|28	2408	8.295000	0.003445
Trace-_1_5|29	434	2.178000	0.005018
Trace-_1_5|30	750	2.698000	0.003597
Trace-_1_5|31	934	3.416000	0.003657
Trace-_1_5|32	37	0.362000	0.009784
Trace-_1_5|33	1093	3.943000	0.003608
Trace-_1_5|34	110	0.669000	0.006082
Trace-_1_5|35	723	2.541000	0.003515
Trace-_1_5|36	2664	8.911000	0.003345
Trace-_1_5|37	4226	13.811000	0.003268
Trace-_1_5|38	353	1.646000	0.004663
Trace-_1_5|39	1550	6.632000	0.004279
Trace-_1_5|40	636	2.354000	0.003701
Trace-_1_5|41	834	3.151000	0.003778
Trace-_1_5|42	321	2.126000	0.006623
Trace-_1_5|43	601	2.825000	0.004700
Trace-_1_5|44	211	1.175000	0.005569
Trace-_1_5|45	1057	3.935000	0.003723
Trace-_1_5|46	69	0.576000	0.008348
Trace-_1_5|47	2829	9.679000	0.003421
Trace-_1_5|48	1093	4.215000	0.003856
Trace-_1_5|49	957	3.671000	0.003836
Trace-_1_5|50	453	1.849000	0.004082
Trace-_1_5|51	584	2.642000	0.004524
Trace-_1_5|52	62	0.553000	0.008919
Trace-_1_5|53	2425	10.945000	0.004513
Trace-_1_5|54	883	3.189000	0.003612
Trace-_1_5|55	711	2.807000	0.003948
Trace-_1_5|56	43	0.602000	0.014000
Trace-_1_5|57	1966	7.758000	0.003946
Trace-_1_5|58	48	0.441000	0.009187
Trace-_1_5|59	586	2.032000	0.003468
Trace-_1_5|60	4223	14.424000	0.003416
Trace-_1_5|61	1230	4.702000	0.003823
Trace-_1_5|62	1040	4.256000	0.004092
Trace-_1_5|63	72	0.612000	0.008500
Trace-_1_5|64	476	2.094000	0.004399
Trace-_1_5|65	401	2.010000	0.005012
Trace-_1_5|66	1061	3.710000	0.003497
Trace-_1_5|67	1523	5.559000	0.003650
Trace-_1_5|68	625	2.492000	0.003987
Trace-_1_5|69	999	4.507000	0.004512
Trace-_1_5|70	86	0.949000	0.011035
Trace-_1_5|71	468	2.366000	0.005056
Trace-_1_5|72	319	1.973000	0.006185
Trace-_1_5|73	933	3.725000	0.003992
Trace-_1_5|74	461	2.167000	0.004701
Trace-_1_5|75	66	0.648000	0.009818
Trace-_1_5|76	680	3.307000	0.004863
Trace-_1_5|77	56	0.509000	0.009089
Trace-_1_5|78	1087	4.180000	0.003845
Trace-_1_5|79	6574	26.246000	0.003992
Trace-_1_5|80	1739	6.651000	0.003825
Trace-_1_5|81	992	4.172000	0.004206
Trace-_1_5|82	1080	4.404000	0.004078
Trace-_1_5|83	576	2.958000	0.005135
Trace-_1_5|84	851	3.565000	0.004189
Trace-_1_5|85	22	0.355000	0.016136
Trace-_1_5|86	1819	6.861000	0.003772
Trace-_1_5|87	3872	13.410000	0.003463
Trace-_1_5|88	755	3.022000	0.004003
Trace-_1_5|89	85	0.699000	0.008224
Trace-_1_5|90	1895	7.021000	0.003705
Trace-_1_5|91	425	2.068000	0.004866
Trace-_1_5|92	331	2.395000	0.007236
Trace-_1_5|93	1490	6.391000	0.004289
Trace-_1_5|94	61	0.684000	0.011213
Trace-_1_5|95	445	1.976000	0.004440
Trace-_1_5|96	163	1.292000	0.007926
Trace-_1_5|97	3843	13.861000	0.003607
Trace-_1_5|98	183	1.264000	0.006907
Trace-_1_5|99	269	1.881000	0.006993
Trace-_1_5|100	50	0.628000	0.012560
Trace-_1_5|101	179	1.382000	0.007721
Trace-_0_5|0	627	3.990000	0.006364
Trace-_0_5|1	108	0.625000	0.005787
Trace-_0_5|2	19369	50.630000	0.002614
Trace-_0_5|3	11900	31.719000	0.002665
Trace-_0_5|4	1362	4.960000	0.003642
Trace-_0_5|5	1441	5.595000	0.003883
Trace-_0_5|6	458	1.738000	0.003795
Trace-_0_5|7	1627	6.207000	0.003815
Trace-_0_5|8	9333	26.448000	0.002834
Trace-_0_5|9	10770	28.816000	0.002676
Trace-_0_5|10	1125	4.499000	0.003999
Trace-_0_5|11	8587	34.948000	0.004070
Trace-_0_5|12	2021	7.712000	0.003816
Trace-_0_5|13	3226	12.267000	0.003803
Trace-_0_5|14	20352	53.543000	0.002631
null|cache	0	0.017000	0.017000
