[INFO] - Server listening on 211.87.235.87:50051
Trace-_2_5|0	30	8.426000	0.280867
Trace-_2_5|1	96	1.135000	0.011823
Trace-_2_5|2	129	1.488000	0.011535
Trace-_2_5|3	131	1.555000	0.011870
Trace-_2_5|4	196	2.269000	0.011577
Trace-_2_5|5	47	0.580000	0.012340
Trace-_2_5|6	65	0.780000	0.012000
Trace-_2_5|7	29	0.370000	0.012759
Trace-_2_5|8	244	2.816000	0.011541
Trace-_2_5|9	73	0.871000	0.011932
Trace-_2_5|10	168	1.989000	0.011839
Trace-_2_5|11	21	0.308000	0.014667
Trace-_2_5|12	30	0.401000	0.013367
Trace-_2_5|13	5	0.106000	0.021200
Trace-_2_5|14	133	1.571000	0.011812
Trace-_2_5|15	77	0.922000	0.011974
Trace-_2_5|16	156	1.866000	0.011962
Trace-_2_5|17	6	0.117000	0.019500
Trace-_2_5|18	218	2.573000	0.011803
Trace-_2_5|19	112	1.374000	0.012268
Trace-_2_5|20	6	0.126000	0.021000
Trace-_2_5|21	43	0.557000	0.012953
Trace-_2_5|22	5	0.112000	0.022400
Trace-_2_5|23	24	0.328000	0.013667
Trace-_2_5|24	8	0.145000	0.018125
Trace-_2_5|25	7	0.133000	0.019000
Trace-_2_5|26	96	1.159000	0.012073
Trace-_2_5|27	269	3.115000	0.011580
Trace-_2_5|28	151	1.829000	0.012113
Trace-_2_5|29	196	2.307000	0.011770
Trace-_2_5|30	12	0.218000	0.018167
Trace-_2_5|31	61	0.628000	0.010295
Trace-_2_5|32	23	0.270000	0.011739
Trace-_2_5|33	66	0.865000	0.013106
Trace-_2_5|34	136	1.626000	0.011956
Trace-_2_5|35	27	0.379000	0.014037
Trace-_2_5|36	75	0.962000	0.012827
Trace-_2_5|37	125	1.497000	0.011976
Trace-_2_5|38	140	1.654000	0.011814
Trace-_2_5|39	172	2.046000	0.011895
Trace-_2_5|40	360	4.366000	0.012128
Trace-_2_5|41	138	1.700000	0.012319
Trace-_2_5|42	209	2.505000	0.011986
Trace-_2_5|43	38	0.569000	0.014974
Trace-_2_5|44	25	0.380000	0.015200
Trace-_2_5|45	64	0.824000	0.012875
Trace-_2_5|46	46	0.682000	0.014826
Trace-_2_5|47	265	3.146000	0.011872
Trace-_2_5|48	86	1.170000	0.013605
Trace-_2_5|49	45	0.615000	0.013667
Trace-_2_5|50	34	0.545000	0.016029
Trace-_2_5|51	169	2.028000	0.012000
Trace-_2_5|52	310	3.690000	0.011903
Trace-_2_5|53	63	0.913000	0.014492
Trace-_2_5|54	268	3.255000	0.012146
Trace-_2_5|55	13	0.305000	0.023462
Trace-_2_5|56	112	1.416000	0.012643
Trace-_2_5|57	106	1.399000	0.013198
Trace-_2_5|58	58	0.844000	0.014552
Trace-_2_5|59	314	3.729000	0.011876
Trace-_2_5|60	71	0.985000	0.013873
Trace-_2_5|61	26	0.493000	0.018962
Trace-_2_5|62	156	1.976000	0.012667
Trace-_2_5|63	106	1.399000	0.013198
Trace-_2_5|64	159	2.059000	0.012950
Trace-_2_5|65	136	1.749000	0.012860
Trace-_2_5|66	50	0.770000	0.015400
Trace-_2_5|67	134	1.717000	0.012813
Trace-_2_5|68	85	1.167000	0.013729
Trace-_2_5|69	177	2.271000	0.012831
Trace-_2_5|70	33	0.560000	0.016970
Trace-_2_5|71	5	0.240000	0.048000
Trace-_2_5|72	129	1.662000	0.012884
Trace-_2_5|73	119	1.573000	0.013218
Trace-_2_5|74	221	2.801000	0.012674
Trace-_2_5|75	59	0.884000	0.014983
Trace-_2_5|76	86	1.234000	0.014349
Trace-_2_5|77	17	0.317000	0.018647
Trace-_2_5|78	98	1.359000	0.013867
Trace-_2_5|79	180	2.343000	0.013017
Trace-_2_5|80	274	3.456000	0.012613
Trace-_2_5|81	39	0.665000	0.017051
Trace-_2_5|82	31	0.502000	0.016194
Trace-_2_5|83	14	0.376000	0.026857
Trace-_2_5|84	134	1.804000	0.013463
Trace-_2_5|85	34	0.615000	0.018088
Trace-_2_5|86	158	2.125000	0.013449
Trace-_2_5|87	16	0.411000	0.025687
Trace-_2_5|88	52	0.765000	0.014712
Trace-_2_5|89	46	0.781000	0.016978
Trace-_2_5|90	41	0.739000	0.018024
Trace-_2_5|91	22	0.488000	0.022182
Trace-_2_5|92	10	0.339000	0.033900
Trace-_2_5|93	7	0.300000	0.042857
Trace-_2_5|94	105	1.514000	0.014419
Trace-_2_5|95	148	2.005000	0.013547
Trace-_2_5|96	112	1.565000	0.013973
Trace-_2_5|97	78	1.182000	0.015154
Trace-_2_5|98	50	0.780000	0.015600
Trace-_2_5|99	103	1.439000	0.013971
Trace-_2_5|100	3	0.249000	0.083000
Trace-_2_5|101	97	1.287000	0.013268
Trace-_2_5|102	41	0.734000	0.017902
Trace-_2_5|103	250	3.137000	0.012548
Trace-_2_5|104	19	0.474000	0.024947
Trace-_2_5|105	219	2.877000	0.013137
Trace-_2_5|106	30	0.625000	0.020833
Trace-_2_5|107	405	5.141000	0.012694
Trace-_2_5|108	808	9.985000	0.012358
Trace-_2_5|109	40	0.879000	0.021975
Trace-_2_5|110	79	1.264000	0.016000
Trace-_2_5|111	6	0.225000	0.037500
Trace-_2_5|112	139	1.977000	0.014223
Trace-_2_5|113	224	3.011000	0.013442
Trace-_2_5|114	178	2.766000	0.015539
Trace-_2_5|115	107	1.535000	0.014346
Trace-_2_5|116	19	0.573000	0.030158
Trace-_2_5|117	13	0.407000	0.031308
Trace-_2_5|118	35	0.585000	0.016714
Trace-_2_5|119	19	0.397000	0.020895
Trace-_2_5|120	13	0.459000	0.035308
Trace-_2_5|121	29	0.675000	0.023276
Trace-_2_5|122	86	1.365000	0.015872
Trace-_2_5|123	36	0.768000	0.021333
Trace-_2_5|124	140	1.987000	0.014193
Trace-_2_5|125	5	0.318000	0.063600
Trace-_2_5|126	12	0.308000	0.025667
Trace-_2_5|127	6	0.378000	0.063000
Trace-_2_5|128	117	1.719000	0.014692
Trace-_2_5|129	68	1.147000	0.016868
Trace-_2_5|130	234	3.251000	0.013893
Trace-_2_5|131	280	3.709000	0.013246
Trace-_2_5|132	108	1.655000	0.015324
Trace-_2_5|133	59	1.000000	0.016949
Trace-_2_5|134	80	1.168000	0.014600
Trace-_2_5|135	102	1.534000	0.015039
Trace-_2_5|136	331	4.524000	0.013668
Trace-_2_5|137	258	3.467000	0.013438
Trace-_2_5|138	84	1.298000	0.015452
Trace-_2_5|139	230	3.135000	0.013630
Trace-_2_5|140	17	0.535000	0.031471
Trace-_2_5|141	267	3.598000	0.013476
Trace-_2_5|142	27	0.646000	0.023926
Trace-_2_5|143	12	0.327000	0.027250
Trace-_2_5|144	21	0.611000	0.029095
Trace-_2_5|145	5	0.426000	0.085200
Trace-_2_5|146	25	0.480000	0.019200
Trace-_2_5|147	98	1.533000	0.015643
Trace-_2_5|148	25	0.668000	0.026720
Trace-_2_5|149	174	2.498000	0.014356
Trace-_2_5|150	205	2.863000	0.013966
Trace-_2_5|151	29	0.678000	0.023379
Trace-_2_5|152	29	0.532000	0.018345
Trace-_2_5|153	106	1.661000	0.015670
Trace-_2_5|154	99	1.564000	0.015798
Trace-_2_5|155	74	1.314000	0.017757
Trace-_2_5|156	23	0.595000	0.025870
Trace-_2_5|157	310	3.946000	0.012729
Trace-_2_5|158	45	0.947000	0.021044
Trace-_2_5|159	134	1.832000	0.013672
Trace-_2_5|160	1	0.393000	0.393000
Trace-_2_5|161	113	1.663000	0.014717
Trace-_2_5|162	6	0.465000	0.077500
Trace-_2_5|163	181	2.458000	0.013580
Trace-_2_5|164	8	0.439000	0.054875
Trace-_2_5|165	133	2.022000	0.015203
Trace-_2_5|166	365	4.893000	0.013405
Trace-_2_5|167	168	2.504000	0.014905
Trace-_2_5|168	201	2.797000	0.013915
Trace-_2_5|169	47	1.028000	0.021872
Trace-_2_5|170	89	1.444000	0.016225
Trace-_2_5|171	148	2.129000	0.014385
Trace-_2_5|172	27	0.676000	0.025037
Trace-_2_5|173	109	1.617000	0.014835
Trace-_2_5|174	54	1.088000	0.020148
Trace-_2_5|175	105	1.633000	0.015552
Trace-_2_5|176	20	0.608000	0.030400
Trace-_2_5|177	61	0.960000	0.015738
Trace-_2_5|178	185	2.467000	0.013335
Trace-_2_5|179	226	3.225000	0.014270
Trace-_2_5|180	25	0.771000	0.030840
Trace-_2_5|181	48	0.796000	0.016583
Trace-_2_5|182	187	2.731000	0.014604
Trace-_2_5|183	6	0.440000	0.073333
Trace-_2_5|184	67	1.027000	0.015328
Trace-_2_5|185	173	2.294000	0.013260
Trace-_2_5|186	75	1.432000	0.019093
Trace-_2_5|187	25	0.796000	0.031840
Trace-_2_5|188	40	0.692000	0.017300
Trace-_2_5|189	69	1.088000	0.015768
Trace-_2_5|190	114	1.855000	0.016272
Trace-_2_5|191	41	0.884000	0.021561
Trace-_2_5|192	273	3.918000	0.014352
Trace-_2_5|193	104	1.786000	0.017173
Trace-_2_5|194	6	0.459000	0.076500
Trace-_2_5|195	84	1.253000	0.014917
Trace-_2_5|196	179	2.543000	0.014207
Trace-_2_5|197	92	1.616000	0.017565
Trace-_2_5|198	88	1.460000	0.016591
Trace-_2_5|199	183	2.679000	0.014639
Trace-_2_5|200	93	1.583000	0.017022
Trace-_2_5|201	259	3.581000	0.013826
Trace-_2_5|202	345	4.636000	0.013438
Trace-_2_5|203	112	2.095000	0.018705
Trace-_2_5|204	131	2.225000	0.016985
Trace-_2_5|205	30	0.775000	0.025833
Trace-_2_5|206	104	1.678000	0.016135
Trace-_2_5|207	63	1.160000	0.018413
Trace-_2_5|208	74	1.172000	0.015838
Trace-_2_5|209	162	2.394000	0.014778
Trace-_2_5|210	91	1.637000	0.017989
Trace-_2_5|211	216	3.137000	0.014523
Trace-_2_5|212	174	2.570000	0.014770
Trace-_2_5|213	326	4.442000	0.013626
Trace-_2_5|214	57	1.194000	0.020947
Trace-_2_5|215	16	0.453000	0.028313
Trace-_2_5|216	90	1.525000	0.016944
Trace-_2_5|217	67	1.076000	0.016060
Trace-_2_5|218	304	4.408000	0.014500
Trace-_2_5|219	121	1.911000	0.015793
Trace-_2_5|220	23	0.868000	0.037739
Trace-_2_5|221	36	0.689000	0.019139
Trace-_2_5|222	69	1.469000	0.021290
Trace-_2_5|223	128	1.819000	0.014211
Trace-_2_5|224	267	3.734000	0.013985
Trace-_2_5|225	9	0.542000	0.060222
Trace-_2_5|226	213	2.911000	0.013667
Trace-_2_5|227	10	0.696000	0.069600
Trace-_2_5|228	16	0.814000	0.050875
Trace-_2_5|229	269	3.840000	0.014275
Trace-_2_5|230	36	1.052000	0.029222
Trace-_2_5|231	91	1.427000	0.015681
Trace-_2_5|232	54	1.270000	0.023519
Trace-_2_5|233	28	0.605000	0.021607
Trace-_2_5|234	102	1.866000	0.018294
Trace-_2_5|235	43	0.811000	0.018860
Trace-_2_5|236	15	0.784000	0.052267
Trace-_2_5|237	91	1.387000	0.015242
Trace-_2_5|238	57	1.294000	0.022702
Trace-_2_5|239	32	0.662000	0.020688
Trace-_2_5|240	20	0.705000	0.035250
Trace-_2_5|241	5	0.334000	0.066800
Trace-_2_5|242	69	1.505000	0.021812
Trace-_2_5|243	46	1.174000	0.025522
Trace-_2_5|244	238	3.194000	0.013420
Trace-_2_5|245	192	3.033000	0.015797
Trace-_2_5|246	40	0.966000	0.024150
Trace-_2_5|247	47	0.846000	0.018000
Trace-_2_5|248	14	0.791000	0.056500
Trace-_2_5|249	32	1.106000	0.034563
Trace-_2_5|250	84	1.668000	0.019857
Trace-_2_5|251	32	1.024000	0.032000
Trace-_2_5|252	176	2.544000	0.014455
Trace-_2_5|253	118	2.105000	0.017839
Trace-_2_5|254	227	3.308000	0.014573
Trace-_2_5|255	540	6.971000	0.012909
Trace-_2_5|256	203	3.123000	0.015384
Trace-_2_5|257	108	1.669000	0.015454
Trace-_2_5|258	69	1.118000	0.016203
Trace-_2_5|259	57	0.993000	0.017421
Trace-_2_5|260	26	0.627000	0.024115
Trace-_2_5|261	21	0.537000	0.025571
Trace-_2_5|262	51	0.944000	0.018510
Trace-_2_5|263	116	1.753000	0.015112
Trace-_2_5|264	15	0.495000	0.033000
Trace-_2_5|265	70	1.174000	0.016771
Trace-_2_5|266	36	0.740000	0.020556
Trace-_2_5|267	78	1.245000	0.015962
Trace-_2_5|268	213	3.482000	0.016347
Trace-_2_5|269	10	0.399000	0.039900
Trace-_2_5|270	244	3.610000	0.014795
Trace-_2_5|271	51	0.947000	0.018569
Trace-_2_5|272	165	2.337000	0.014164
Trace-_2_5|273	23	0.584000	0.025391
Trace-_2_5|274	47	0.851000	0.018106
Trace-_2_5|275	1	0.281000	0.281000
Trace-_2_5|276	244	3.320000	0.013607
Trace-_2_5|277	69	1.245000	0.018043
Trace-_2_5|278	115	1.726000	0.015009
Trace-_2_5|279	141	2.069000	0.014674
Trace-_2_5|280	157	2.225000	0.014172
Trace-_2_5|281	65	1.148000	0.017662
Trace-_2_5|282	86	1.386000	0.016116
Trace-_2_5|283	144	2.156000	0.014972
Trace-_2_5|284	57	1.011000	0.017737
Trace-_2_5|285	7	0.372000	0.053143
Trace-_2_5|286	43	0.915000	0.021279
Trace-_2_5|287	104	1.560000	0.015000
Trace-_2_5|288	1	0.274000	0.274000
Trace-_2_5|289	19	0.573000	0.030158
Trace-_2_5|290	7	0.388000	0.055429
Trace-_2_5|291	166	2.366000	0.014253
Trace-_2_5|292	25	0.603000	0.024120
Trace-_2_5|293	12	0.472000	0.039333
Trace-_2_5|294	14	0.473000	0.033786
Trace-_2_5|295	26	0.625000	0.024038
Trace-_2_5|296	86	1.398000	0.016256
Trace-_2_5|297	235	3.171000	0.013494
Trace-_2_5|298	96	1.514000	0.015771
Trace-_2_5|299	78	1.284000	0.016462
Trace-_2_5|300	110	1.722000	0.015655
Trace-_2_5|301	28	0.691000	0.024679
Trace-_2_5|302	69	1.202000	0.017420
Trace-_2_5|303	47	0.934000	0.019872
Trace-_2_5|304	62	1.075000	0.017339
Trace-_2_5|305	18	0.522000	0.029000
Trace-_2_5|306	27	0.666000	0.024667
Trace-_2_5|307	10	0.399000	0.039900
Trace-_2_5|308	54	0.988000	0.018296
Trace-_2_5|309	29	0.692000	0.023862
Trace-_2_5|310	22	0.566000	0.025727
Trace-_2_5|311	193	2.686000	0.013917
Trace-_2_5|312	16	0.501000	0.031313
Trace-_2_5|313	113	1.736000	0.015363
Trace-_2_5|314	11	0.449000	0.040818
Trace-_2_5|315	169	2.371000	0.014030
Trace-_2_5|316	170	2.545000	0.014971
