[INFO] - Server listening on 0.0.0.0:50051
[INFO] - Trace-_0_4|2	20160	52.269000	0.002593
[INFO] - Trace-_0_4|3	22656	73.095000	0.003226
[INFO] - Trace-_0_5|10	204559	152.667000	0.000746
[INFO] - Trace-_0_5|11	210939	163.279000	0.000774
[INFO] - Trace-_0_5|12	219318	167.963000	0.000766
[INFO] - Trace-_0_5|13	226462	175.628000	0.000776
[INFO] - Trace-_0_5|14	226701	152.428000	0.000672
[INFO] - Trace-_0_5|15	238662	182.247000	0.000764
[INFO] - Trace-_0_5|16	253639	243.082000	0.000958
[INFO] - Trace-_0_5|17	276423	247.413000	0.000895
[INFO] - Trace-_0_5|18	289942	217.626000	0.000751
[INFO] - Trace-_0_5|19	294067	222.764000	0.000758
[INFO] - cached	0	0.061000	inf
[INFO] - abort: 2
[INFO] - Server listening on 0.0.0.0:50051
[INFO] - Trace-_0_4|0	160	39.803000	0.248769

[INFO] - Trace-_0_4|1	6328	108.486000	0.017144

[INFO] - Trace-_0_5|0	8852	74.863000	0.008457

[INFO] - Trace-_0_5|1	16052	72.575000	0.004521

[INFO] - Trace-_0_5|2	24431	72.850000	0.002982

[INFO] - Trace-_0_5|3	31575	71.980000	0.002280

[INFO] - Trace-_0_5|4	31814	55.289000	0.001738

[INFO] - Trace-_0_5|5	43775	90.345000	0.002064

[INFO] - Trace-_0_5|6	58752	101.935000	0.001735

[INFO] - Trace-_0_5|7	81536	130.405000	0.001599

[INFO] - Trace-_0_5|8	95055	115.005000	0.001210

[INFO] - Trace-_0_5|9	99180	99.946000	0.001008

[INFO] - cached	0	0.017000	inf

[INFO] - abort: 2
[INFO] - Server listening on 0.0.0.0:50051
Trace-_0_4|2	10160	53.305000	0.005247
Trace-_0_4|3	16328	72.084000	0.004415
Trace-_0_5|10	108852	108.302000	0.000995
Trace-_0_5|11	116052	105.420000	0.000908
Trace-_0_5|12	124431	113.806000	0.000915
Trace-_0_5|13	131575	109.915000	0.000835
Trace-_0_5|14	131814	98.579000	0.000748
[INFO] - abort: 2
